[2025-05-21T15:50:23.028+0000] {processor.py:153} INFO - Started process (PID=212) to work on /opt/airflow/dags/Datamart_Traffict_Accident.py
[2025-05-21T15:50:23.030+0000] {processor.py:640} INFO - Processing file /opt/airflow/dags/Datamart_Traffict_Accident.py for tasks to queue
[2025-05-21T15:50:23.031+0000] {logging_mixin.py:115} INFO - [2025-05-21T15:50:23.031+0000] {dagbag.py:508} INFO - Filling up the DagBag from /opt/airflow/dags/Datamart_Traffict_Accident.py
[2025-05-21T15:50:23.074+0000] {processor.py:650} INFO - DAG(s) dict_keys(['Datamart_Traffict_Accident']) retrieved from /opt/airflow/dags/Datamart_Traffict_Accident.py
[2025-05-21T15:50:23.183+0000] {logging_mixin.py:115} INFO - [2025-05-21T15:50:23.182+0000] {manager.py:508} INFO - Created Permission View: can read on DAG:Datamart_Traffict_Accident
[2025-05-21T15:50:23.194+0000] {logging_mixin.py:115} INFO - [2025-05-21T15:50:23.194+0000] {manager.py:508} INFO - Created Permission View: can delete on DAG:Datamart_Traffict_Accident
[2025-05-21T15:50:23.204+0000] {logging_mixin.py:115} INFO - [2025-05-21T15:50:23.204+0000] {manager.py:508} INFO - Created Permission View: can edit on DAG:Datamart_Traffict_Accident
[2025-05-21T15:50:23.206+0000] {logging_mixin.py:115} INFO - [2025-05-21T15:50:23.205+0000] {dag.py:2429} INFO - Sync 1 DAGs
[2025-05-21T15:50:23.216+0000] {logging_mixin.py:115} INFO - [2025-05-21T15:50:23.216+0000] {dag.py:2448} INFO - Creating ORM DAG for Datamart_Traffict_Accident
[2025-05-21T15:50:23.232+0000] {logging_mixin.py:115} INFO - [2025-05-21T15:50:23.232+0000] {dag.py:2981} INFO - Setting next_dagrun for Datamart_Traffict_Accident to 2025-05-21T15:30:00+00:00, run_after=2025-05-21T15:45:00+00:00
[2025-05-21T15:50:23.254+0000] {processor.py:161} INFO - Processing /opt/airflow/dags/Datamart_Traffict_Accident.py took 0.232 seconds
[2025-05-21T15:50:53.522+0000] {processor.py:153} INFO - Started process (PID=222) to work on /opt/airflow/dags/Datamart_Traffict_Accident.py
[2025-05-21T15:50:53.523+0000] {processor.py:640} INFO - Processing file /opt/airflow/dags/Datamart_Traffict_Accident.py for tasks to queue
[2025-05-21T15:50:53.524+0000] {logging_mixin.py:115} INFO - [2025-05-21T15:50:53.524+0000] {dagbag.py:508} INFO - Filling up the DagBag from /opt/airflow/dags/Datamart_Traffict_Accident.py
[2025-05-21T15:50:53.552+0000] {processor.py:650} INFO - DAG(s) dict_keys(['Datamart_Traffict_Accident']) retrieved from /opt/airflow/dags/Datamart_Traffict_Accident.py
[2025-05-21T15:50:53.583+0000] {logging_mixin.py:115} INFO - [2025-05-21T15:50:53.583+0000] {dag.py:2429} INFO - Sync 1 DAGs
[2025-05-21T15:50:53.605+0000] {logging_mixin.py:115} INFO - [2025-05-21T15:50:53.605+0000] {dag.py:2981} INFO - Setting next_dagrun for Datamart_Traffict_Accident to 2025-05-21T15:30:00+00:00, run_after=2025-05-21T15:45:00+00:00
[2025-05-21T15:50:53.619+0000] {processor.py:161} INFO - Processing /opt/airflow/dags/Datamart_Traffict_Accident.py took 0.100 seconds
[2025-05-21T15:51:23.806+0000] {processor.py:153} INFO - Started process (PID=232) to work on /opt/airflow/dags/Datamart_Traffict_Accident.py
[2025-05-21T15:51:23.807+0000] {processor.py:640} INFO - Processing file /opt/airflow/dags/Datamart_Traffict_Accident.py for tasks to queue
[2025-05-21T15:51:23.808+0000] {logging_mixin.py:115} INFO - [2025-05-21T15:51:23.808+0000] {dagbag.py:508} INFO - Filling up the DagBag from /opt/airflow/dags/Datamart_Traffict_Accident.py
[2025-05-21T15:51:23.844+0000] {processor.py:650} INFO - DAG(s) dict_keys(['Datamart_Traffict_Accident']) retrieved from /opt/airflow/dags/Datamart_Traffict_Accident.py
[2025-05-21T15:51:23.875+0000] {logging_mixin.py:115} INFO - [2025-05-21T15:51:23.875+0000] {dag.py:2429} INFO - Sync 1 DAGs
[2025-05-21T15:51:23.900+0000] {logging_mixin.py:115} INFO - [2025-05-21T15:51:23.899+0000] {dag.py:2981} INFO - Setting next_dagrun for Datamart_Traffict_Accident to 2025-05-21T15:30:00+00:00, run_after=2025-05-21T15:45:00+00:00
[2025-05-21T15:51:23.916+0000] {processor.py:161} INFO - Processing /opt/airflow/dags/Datamart_Traffict_Accident.py took 0.113 seconds
[2025-05-21T15:51:54.115+0000] {processor.py:153} INFO - Started process (PID=643) to work on /opt/airflow/dags/Datamart_Traffict_Accident.py
[2025-05-21T15:51:54.117+0000] {processor.py:640} INFO - Processing file /opt/airflow/dags/Datamart_Traffict_Accident.py for tasks to queue
[2025-05-21T15:51:54.118+0000] {logging_mixin.py:115} INFO - [2025-05-21T15:51:54.117+0000] {dagbag.py:508} INFO - Filling up the DagBag from /opt/airflow/dags/Datamart_Traffict_Accident.py
[2025-05-21T15:51:54.149+0000] {processor.py:650} INFO - DAG(s) dict_keys(['Datamart_Traffict_Accident']) retrieved from /opt/airflow/dags/Datamart_Traffict_Accident.py
[2025-05-21T15:51:54.215+0000] {logging_mixin.py:115} INFO - [2025-05-21T15:51:54.215+0000] {dag.py:2429} INFO - Sync 1 DAGs
[2025-05-21T15:51:54.240+0000] {logging_mixin.py:115} INFO - [2025-05-21T15:51:54.240+0000] {dag.py:2981} INFO - Setting next_dagrun for Datamart_Traffict_Accident to 2025-05-21T15:45:00+00:00, run_after=2025-05-21T16:00:00+00:00
[2025-05-21T15:51:54.253+0000] {processor.py:161} INFO - Processing /opt/airflow/dags/Datamart_Traffict_Accident.py took 0.141 seconds
[2025-05-21T15:52:24.322+0000] {processor.py:153} INFO - Started process (PID=1211) to work on /opt/airflow/dags/Datamart_Traffict_Accident.py
[2025-05-21T15:52:24.324+0000] {processor.py:640} INFO - Processing file /opt/airflow/dags/Datamart_Traffict_Accident.py for tasks to queue
[2025-05-21T15:52:24.325+0000] {logging_mixin.py:115} INFO - [2025-05-21T15:52:24.325+0000] {dagbag.py:508} INFO - Filling up the DagBag from /opt/airflow/dags/Datamart_Traffict_Accident.py
[2025-05-21T15:52:24.362+0000] {processor.py:650} INFO - DAG(s) dict_keys(['Datamart_Traffict_Accident']) retrieved from /opt/airflow/dags/Datamart_Traffict_Accident.py
[2025-05-21T15:52:24.432+0000] {logging_mixin.py:115} INFO - [2025-05-21T15:52:24.432+0000] {dag.py:2429} INFO - Sync 1 DAGs
[2025-05-21T15:52:24.464+0000] {logging_mixin.py:115} INFO - [2025-05-21T15:52:24.463+0000] {dag.py:2981} INFO - Setting next_dagrun for Datamart_Traffict_Accident to 2025-05-21T15:45:00+00:00, run_after=2025-05-21T16:00:00+00:00
[2025-05-21T15:52:24.487+0000] {processor.py:161} INFO - Processing /opt/airflow/dags/Datamart_Traffict_Accident.py took 0.168 seconds
[2025-05-21T15:52:54.697+0000] {processor.py:153} INFO - Started process (PID=1285) to work on /opt/airflow/dags/Datamart_Traffict_Accident.py
[2025-05-21T15:52:54.698+0000] {processor.py:640} INFO - Processing file /opt/airflow/dags/Datamart_Traffict_Accident.py for tasks to queue
[2025-05-21T15:52:54.699+0000] {logging_mixin.py:115} INFO - [2025-05-21T15:52:54.699+0000] {dagbag.py:508} INFO - Filling up the DagBag from /opt/airflow/dags/Datamart_Traffict_Accident.py
[2025-05-21T15:52:54.717+0000] {processor.py:650} INFO - DAG(s) dict_keys(['Datamart_Traffict_Accident']) retrieved from /opt/airflow/dags/Datamart_Traffict_Accident.py
[2025-05-21T15:52:54.747+0000] {logging_mixin.py:115} INFO - [2025-05-21T15:52:54.747+0000] {dag.py:2429} INFO - Sync 1 DAGs
[2025-05-21T15:52:54.774+0000] {logging_mixin.py:115} INFO - [2025-05-21T15:52:54.774+0000] {dag.py:2981} INFO - Setting next_dagrun for Datamart_Traffict_Accident to 2025-05-21T15:45:00+00:00, run_after=2025-05-21T16:00:00+00:00
[2025-05-21T15:52:54.789+0000] {processor.py:161} INFO - Processing /opt/airflow/dags/Datamart_Traffict_Accident.py took 0.096 seconds
[2025-05-21T15:53:25.010+0000] {processor.py:153} INFO - Started process (PID=1295) to work on /opt/airflow/dags/Datamart_Traffict_Accident.py
[2025-05-21T15:53:25.013+0000] {processor.py:640} INFO - Processing file /opt/airflow/dags/Datamart_Traffict_Accident.py for tasks to queue
[2025-05-21T15:53:25.014+0000] {logging_mixin.py:115} INFO - [2025-05-21T15:53:25.014+0000] {dagbag.py:508} INFO - Filling up the DagBag from /opt/airflow/dags/Datamart_Traffict_Accident.py
[2025-05-21T15:53:25.068+0000] {processor.py:650} INFO - DAG(s) dict_keys(['Datamart_Traffict_Accident']) retrieved from /opt/airflow/dags/Datamart_Traffict_Accident.py
[2025-05-21T15:53:25.106+0000] {logging_mixin.py:115} INFO - [2025-05-21T15:53:25.106+0000] {dag.py:2429} INFO - Sync 1 DAGs
[2025-05-21T15:53:25.134+0000] {logging_mixin.py:115} INFO - [2025-05-21T15:53:25.134+0000] {dag.py:2981} INFO - Setting next_dagrun for Datamart_Traffict_Accident to 2025-05-21T15:45:00+00:00, run_after=2025-05-21T16:00:00+00:00
[2025-05-21T15:53:25.152+0000] {processor.py:161} INFO - Processing /opt/airflow/dags/Datamart_Traffict_Accident.py took 0.149 seconds
[2025-05-21T15:53:55.353+0000] {processor.py:153} INFO - Started process (PID=1305) to work on /opt/airflow/dags/Datamart_Traffict_Accident.py
[2025-05-21T15:53:55.355+0000] {processor.py:640} INFO - Processing file /opt/airflow/dags/Datamart_Traffict_Accident.py for tasks to queue
[2025-05-21T15:53:55.358+0000] {logging_mixin.py:115} INFO - [2025-05-21T15:53:55.358+0000] {dagbag.py:508} INFO - Filling up the DagBag from /opt/airflow/dags/Datamart_Traffict_Accident.py
[2025-05-21T15:53:55.397+0000] {processor.py:650} INFO - DAG(s) dict_keys(['Datamart_Traffict_Accident']) retrieved from /opt/airflow/dags/Datamart_Traffict_Accident.py
[2025-05-21T15:53:55.432+0000] {logging_mixin.py:115} INFO - [2025-05-21T15:53:55.432+0000] {dag.py:2429} INFO - Sync 1 DAGs
[2025-05-21T15:53:55.460+0000] {logging_mixin.py:115} INFO - [2025-05-21T15:53:55.460+0000] {dag.py:2981} INFO - Setting next_dagrun for Datamart_Traffict_Accident to 2025-05-21T15:45:00+00:00, run_after=2025-05-21T16:00:00+00:00
[2025-05-21T15:53:55.479+0000] {processor.py:161} INFO - Processing /opt/airflow/dags/Datamart_Traffict_Accident.py took 0.129 seconds
[2025-05-21T15:54:25.730+0000] {processor.py:153} INFO - Started process (PID=1315) to work on /opt/airflow/dags/Datamart_Traffict_Accident.py
[2025-05-21T15:54:25.732+0000] {processor.py:640} INFO - Processing file /opt/airflow/dags/Datamart_Traffict_Accident.py for tasks to queue
[2025-05-21T15:54:25.733+0000] {logging_mixin.py:115} INFO - [2025-05-21T15:54:25.733+0000] {dagbag.py:508} INFO - Filling up the DagBag from /opt/airflow/dags/Datamart_Traffict_Accident.py
[2025-05-21T15:54:25.753+0000] {processor.py:650} INFO - DAG(s) dict_keys(['Datamart_Traffict_Accident']) retrieved from /opt/airflow/dags/Datamart_Traffict_Accident.py
[2025-05-21T15:54:25.780+0000] {logging_mixin.py:115} INFO - [2025-05-21T15:54:25.779+0000] {dag.py:2429} INFO - Sync 1 DAGs
[2025-05-21T15:54:25.802+0000] {logging_mixin.py:115} INFO - [2025-05-21T15:54:25.802+0000] {dag.py:2981} INFO - Setting next_dagrun for Datamart_Traffict_Accident to 2025-05-21T15:45:00+00:00, run_after=2025-05-21T16:00:00+00:00
[2025-05-21T15:54:25.815+0000] {processor.py:161} INFO - Processing /opt/airflow/dags/Datamart_Traffict_Accident.py took 0.089 seconds
[2025-05-21T15:54:56.099+0000] {processor.py:153} INFO - Started process (PID=1325) to work on /opt/airflow/dags/Datamart_Traffict_Accident.py
[2025-05-21T15:54:56.103+0000] {processor.py:640} INFO - Processing file /opt/airflow/dags/Datamart_Traffict_Accident.py for tasks to queue
[2025-05-21T15:54:56.106+0000] {logging_mixin.py:115} INFO - [2025-05-21T15:54:56.106+0000] {dagbag.py:508} INFO - Filling up the DagBag from /opt/airflow/dags/Datamart_Traffict_Accident.py
[2025-05-21T15:54:56.227+0000] {processor.py:650} INFO - DAG(s) dict_keys(['Datamart_Traffict_Accident']) retrieved from /opt/airflow/dags/Datamart_Traffict_Accident.py
[2025-05-21T15:54:56.273+0000] {logging_mixin.py:115} INFO - [2025-05-21T15:54:56.273+0000] {dag.py:2429} INFO - Sync 1 DAGs
[2025-05-21T15:54:56.299+0000] {logging_mixin.py:115} INFO - [2025-05-21T15:54:56.299+0000] {dag.py:2981} INFO - Setting next_dagrun for Datamart_Traffict_Accident to 2025-05-21T15:45:00+00:00, run_after=2025-05-21T16:00:00+00:00
[2025-05-21T15:54:56.325+0000] {processor.py:161} INFO - Processing /opt/airflow/dags/Datamart_Traffict_Accident.py took 0.231 seconds
