[2025-05-22T14:27:46.914+0000] {taskinstance.py:1171} INFO - Dependencies all met for <TaskInstance: Datamart_Traffict_Accident.Extract_Data scheduled__2025-05-21T15:45:00+00:00 [queued]>
[2025-05-22T14:27:46.929+0000] {taskinstance.py:1171} INFO - Dependencies all met for <TaskInstance: Datamart_Traffict_Accident.Extract_Data scheduled__2025-05-21T15:45:00+00:00 [queued]>
[2025-05-22T14:27:46.931+0000] {taskinstance.py:1368} INFO - 
--------------------------------------------------------------------------------
[2025-05-22T14:27:46.932+0000] {taskinstance.py:1369} INFO - Starting attempt 1 of 2
[2025-05-22T14:27:46.933+0000] {taskinstance.py:1370} INFO - 
--------------------------------------------------------------------------------
[2025-05-22T14:27:46.952+0000] {taskinstance.py:1389} INFO - Executing <Task(BashOperator): Extract_Data> on 2025-05-21 15:45:00+00:00
[2025-05-22T14:27:46.958+0000] {standard_task_runner.py:52} INFO - Started process 245 to run task
[2025-05-22T14:27:46.964+0000] {standard_task_runner.py:79} INFO - Running: ['***', 'tasks', 'run', 'Datamart_Traffict_Accident', 'Extract_Data', 'scheduled__2025-05-21T15:45:00+00:00', '--job-id', '7', '--raw', '--subdir', 'DAGS_FOLDER/Datamart_Traffict_Accident.py', '--cfg-path', '/tmp/tmpdlyzg4wq', '--error-file', '/tmp/tmpnrmnib4c']
[2025-05-22T14:27:46.967+0000] {standard_task_runner.py:80} INFO - Job 7: Subtask Extract_Data
[2025-05-22T14:27:47.086+0000] {task_command.py:371} INFO - Running <TaskInstance: Datamart_Traffict_Accident.Extract_Data scheduled__2025-05-21T15:45:00+00:00 [running]> on host 2262c451ca30
[2025-05-22T14:27:47.179+0000] {taskinstance.py:1583} INFO - Exporting the following env vars:
AIRFLOW_CTX_DAG_OWNER=Hisham
AIRFLOW_CTX_DAG_ID=Datamart_Traffict_Accident
AIRFLOW_CTX_TASK_ID=Extract_Data
AIRFLOW_CTX_EXECUTION_DATE=2025-05-21T15:45:00+00:00
AIRFLOW_CTX_TRY_NUMBER=1
AIRFLOW_CTX_DAG_RUN_ID=scheduled__2025-05-21T15:45:00+00:00
[2025-05-22T14:27:47.182+0000] {subprocess.py:62} INFO - Tmp dir root location: 
 /tmp
[2025-05-22T14:27:47.186+0000] {subprocess.py:74} INFO - Running command: ['/bin/bash', '-c', 'sudo -u *** python /opt/***/scripts/Extract_Datamart_Data.py']
[2025-05-22T14:27:47.200+0000] {subprocess.py:85} INFO - Output:
[2025-05-22T14:27:50.238+0000] {subprocess.py:92} INFO - WARNING: An illegal reflective access operation has occurred
[2025-05-22T14:27:50.240+0000] {subprocess.py:92} INFO - WARNING: Illegal reflective access by org.apache.spark.unsafe.Platform (file:/home/***/.local/lib/python3.7/site-packages/pyspark/jars/spark-unsafe_2.12-3.1.2.jar) to constructor java.nio.DirectByteBuffer(long,int)
[2025-05-22T14:27:50.241+0000] {subprocess.py:92} INFO - WARNING: Please consider reporting this to the maintainers of org.apache.spark.unsafe.Platform
[2025-05-22T14:27:50.241+0000] {subprocess.py:92} INFO - WARNING: Use --illegal-access=warn to enable warnings of further illegal reflective access operations
[2025-05-22T14:27:50.242+0000] {subprocess.py:92} INFO - WARNING: All illegal access operations will be denied in a future release
[2025-05-22T14:27:50.480+0000] {subprocess.py:92} INFO - :: loading settings :: url = jar:file:/home/***/.local/lib/python3.7/site-packages/pyspark/jars/ivy-2.4.0.jar!/org/apache/ivy/core/settings/ivysettings.xml
[2025-05-22T14:27:50.599+0000] {subprocess.py:92} INFO - Ivy Default Cache set to: /home/***/.ivy2/cache
[2025-05-22T14:27:50.600+0000] {subprocess.py:92} INFO - The jars for the packages stored in: /home/***/.ivy2/jars
[2025-05-22T14:27:50.605+0000] {subprocess.py:92} INFO - org.postgresql#postgresql added as a dependency
[2025-05-22T14:27:50.607+0000] {subprocess.py:92} INFO - :: resolving dependencies :: org.apache.spark#spark-submit-parent-60754a6e-131d-4bc5-bc23-fa0d129cd8c7;1.0
[2025-05-22T14:27:50.607+0000] {subprocess.py:92} INFO - 	confs: [default]
[2025-05-22T14:27:50.767+0000] {subprocess.py:92} INFO - 	found org.postgresql#postgresql;42.6.0 in central
[2025-05-22T14:27:50.828+0000] {subprocess.py:92} INFO - 	found org.checkerframework#checker-qual;3.31.0 in spark-list
[2025-05-22T14:27:50.872+0000] {subprocess.py:92} INFO - :: resolution report :: resolve 259ms :: artifacts dl 7ms
[2025-05-22T14:27:50.873+0000] {subprocess.py:92} INFO - 	:: modules in use:
[2025-05-22T14:27:50.875+0000] {subprocess.py:92} INFO - 	org.checkerframework#checker-qual;3.31.0 from spark-list in [default]
[2025-05-22T14:27:50.876+0000] {subprocess.py:92} INFO - 	org.postgresql#postgresql;42.6.0 from central in [default]
[2025-05-22T14:27:50.876+0000] {subprocess.py:92} INFO - 	---------------------------------------------------------------------
[2025-05-22T14:27:50.878+0000] {subprocess.py:92} INFO - 	|                  |            modules            ||   artifacts   |
[2025-05-22T14:27:50.878+0000] {subprocess.py:92} INFO - 	|       conf       | number| search|dwnlded|evicted|| number|dwnlded|
[2025-05-22T14:27:50.879+0000] {subprocess.py:92} INFO - 	---------------------------------------------------------------------
[2025-05-22T14:27:50.880+0000] {subprocess.py:92} INFO - 	|      default     |   2   |   0   |   0   |   0   ||   2   |   0   |
[2025-05-22T14:27:50.881+0000] {subprocess.py:92} INFO - 	---------------------------------------------------------------------
[2025-05-22T14:27:50.882+0000] {subprocess.py:92} INFO - :: retrieving :: org.apache.spark#spark-submit-parent-60754a6e-131d-4bc5-bc23-fa0d129cd8c7
[2025-05-22T14:27:50.883+0000] {subprocess.py:92} INFO - 	confs: [default]
[2025-05-22T14:27:50.888+0000] {subprocess.py:92} INFO - 	0 artifacts copied, 2 already retrieved (0kB/7ms)
[2025-05-22T14:27:51.194+0000] {subprocess.py:92} INFO - 25/05/22 14:27:51 WARN NativeCodeLoader: Unable to load native-hadoop library for your platform... using builtin-java classes where applicable
[2025-05-22T14:27:51.509+0000] {subprocess.py:92} INFO - Using Spark's default log4j profile: org/apache/spark/log4j-defaults.properties
[2025-05-22T14:27:51.510+0000] {subprocess.py:92} INFO - Setting default log level to "WARN".
[2025-05-22T14:27:51.510+0000] {subprocess.py:92} INFO - To adjust logging level use sc.setLogLevel(newLevel). For SparkR, use setLogLevel(newLevel).
[2025-05-22T14:27:52.688+0000] {subprocess.py:92} INFO - 25/05/22 14:27:52 WARN Utils: Service 'SparkUI' could not bind on port 4040. Attempting port 4041.
[2025-05-22T14:28:13.566+0000] {subprocess.py:92} INFO - [Stage 0:>                                                          (0 + 1) / 1]                                                                                [Stage 1:>                                                          (0 + 1) / 1]                                                                                [Stage 2:>                                                          (0 + 1) / 1]                                                                                Saved: /opt/***/data/roadway.csv
[2025-05-22T14:28:13.568+0000] {subprocess.py:92} INFO - Saved: /opt/***/data/crash.csv
[2025-05-22T14:28:14.037+0000] {subprocess.py:96} INFO - Command exited with return code 0
[2025-05-22T14:28:14.095+0000] {taskinstance.py:1412} INFO - Marking task as SUCCESS. dag_id=Datamart_Traffict_Accident, task_id=Extract_Data, execution_date=20250521T154500, start_date=20250522T142746, end_date=20250522T142814
[2025-05-22T14:28:14.136+0000] {local_task_job.py:156} INFO - Task exited with return code 0
[2025-05-22T14:28:14.178+0000] {local_task_job.py:279} INFO - 1 downstream tasks scheduled from follow-on schedule check
