[2025-05-22T14:34:17.220+0000] {taskinstance.py:1171} INFO - Dependencies all met for <TaskInstance: Scheduler_Traffict_Accident.Extract_Data manual__2025-05-22T14:34:16.287106+00:00 [queued]>
[2025-05-22T14:34:17.234+0000] {taskinstance.py:1171} INFO - Dependencies all met for <TaskInstance: Scheduler_Traffict_Accident.Extract_Data manual__2025-05-22T14:34:16.287106+00:00 [queued]>
[2025-05-22T14:34:17.235+0000] {taskinstance.py:1368} INFO - 
--------------------------------------------------------------------------------
[2025-05-22T14:34:17.237+0000] {taskinstance.py:1369} INFO - Starting attempt 1 of 2
[2025-05-22T14:34:17.238+0000] {taskinstance.py:1370} INFO - 
--------------------------------------------------------------------------------
[2025-05-22T14:34:17.257+0000] {taskinstance.py:1389} INFO - Executing <Task(BashOperator): Extract_Data> on 2025-05-22 14:34:16.287106+00:00
[2025-05-22T14:34:17.263+0000] {standard_task_runner.py:52} INFO - Started process 234 to run task
[2025-05-22T14:34:17.268+0000] {standard_task_runner.py:79} INFO - Running: ['***', 'tasks', 'run', 'Scheduler_Traffict_Accident', 'Extract_Data', 'manual__2025-05-22T14:34:16.287106+00:00', '--job-id', '2', '--raw', '--subdir', 'DAGS_FOLDER/Scheduler_Traffict_Accident.py', '--cfg-path', '/tmp/tmppxhv3u65', '--error-file', '/tmp/tmpbe8oz7tx']
[2025-05-22T14:34:17.270+0000] {standard_task_runner.py:80} INFO - Job 2: Subtask Extract_Data
[2025-05-22T14:34:17.355+0000] {task_command.py:371} INFO - Running <TaskInstance: Scheduler_Traffict_Accident.Extract_Data manual__2025-05-22T14:34:16.287106+00:00 [running]> on host b86084e9eb9d
[2025-05-22T14:34:17.447+0000] {taskinstance.py:1583} INFO - Exporting the following env vars:
AIRFLOW_CTX_DAG_OWNER=Hisham
AIRFLOW_CTX_DAG_ID=Scheduler_Traffict_Accident
AIRFLOW_CTX_TASK_ID=Extract_Data
AIRFLOW_CTX_EXECUTION_DATE=2025-05-22T14:34:16.287106+00:00
AIRFLOW_CTX_TRY_NUMBER=1
AIRFLOW_CTX_DAG_RUN_ID=manual__2025-05-22T14:34:16.287106+00:00
[2025-05-22T14:34:17.449+0000] {subprocess.py:62} INFO - Tmp dir root location: 
 /tmp
[2025-05-22T14:34:17.450+0000] {subprocess.py:74} INFO - Running command: ['/bin/bash', '-c', 'sudo -u *** python /opt/***/scripts/Extract_Data.py']
[2025-05-22T14:34:17.463+0000] {subprocess.py:85} INFO - Output:
[2025-05-22T14:34:19.489+0000] {subprocess.py:92} INFO - WARNING: An illegal reflective access operation has occurred
[2025-05-22T14:34:19.490+0000] {subprocess.py:92} INFO - WARNING: Illegal reflective access by org.apache.spark.unsafe.Platform (file:/home/***/.local/lib/python3.7/site-packages/pyspark/jars/spark-unsafe_2.12-3.1.2.jar) to constructor java.nio.DirectByteBuffer(long,int)
[2025-05-22T14:34:19.490+0000] {subprocess.py:92} INFO - WARNING: Please consider reporting this to the maintainers of org.apache.spark.unsafe.Platform
[2025-05-22T14:34:19.491+0000] {subprocess.py:92} INFO - WARNING: Use --illegal-access=warn to enable warnings of further illegal reflective access operations
[2025-05-22T14:34:19.492+0000] {subprocess.py:92} INFO - WARNING: All illegal access operations will be denied in a future release
[2025-05-22T14:34:19.666+0000] {subprocess.py:92} INFO - :: loading settings :: url = jar:file:/home/***/.local/lib/python3.7/site-packages/pyspark/jars/ivy-2.4.0.jar!/org/apache/ivy/core/settings/ivysettings.xml
[2025-05-22T14:34:19.756+0000] {subprocess.py:92} INFO - Ivy Default Cache set to: /home/***/.ivy2/cache
[2025-05-22T14:34:19.757+0000] {subprocess.py:92} INFO - The jars for the packages stored in: /home/***/.ivy2/jars
[2025-05-22T14:34:19.760+0000] {subprocess.py:92} INFO - org.postgresql#postgresql added as a dependency
[2025-05-22T14:34:19.761+0000] {subprocess.py:92} INFO - :: resolving dependencies :: org.apache.spark#spark-submit-parent-dcc9fced-d0c7-4ceb-8a16-650c3d0e8c2f;1.0
[2025-05-22T14:34:19.762+0000] {subprocess.py:92} INFO - 	confs: [default]
[2025-05-22T14:34:22.161+0000] {subprocess.py:92} INFO - 	found org.postgresql#postgresql;42.6.0 in central
[2025-05-22T14:34:23.281+0000] {subprocess.py:92} INFO - 	found org.checkerframework#checker-qual;3.31.0 in central
[2025-05-22T14:34:23.292+0000] {subprocess.py:92} INFO - downloading https://repo1.maven.org/maven2/org/postgresql/postgresql/42.6.0/postgresql-42.6.0.jar ...
[2025-05-22T14:34:24.595+0000] {subprocess.py:92} INFO - 	[SUCCESSFUL ] org.postgresql#postgresql;42.6.0!postgresql.jar (1302ms)
[2025-05-22T14:34:24.599+0000] {subprocess.py:92} INFO - downloading https://repo1.maven.org/maven2/org/checkerframework/checker-qual/3.31.0/checker-qual-3.31.0.jar ...
[2025-05-22T14:34:24.828+0000] {subprocess.py:92} INFO - 	[SUCCESSFUL ] org.checkerframework#checker-qual;3.31.0!checker-qual.jar (230ms)
[2025-05-22T14:34:24.829+0000] {subprocess.py:92} INFO - :: resolution report :: resolve 3530ms :: artifacts dl 1538ms
[2025-05-22T14:34:24.831+0000] {subprocess.py:92} INFO - 	:: modules in use:
[2025-05-22T14:34:24.832+0000] {subprocess.py:92} INFO - 	org.checkerframework#checker-qual;3.31.0 from central in [default]
[2025-05-22T14:34:24.833+0000] {subprocess.py:92} INFO - 	org.postgresql#postgresql;42.6.0 from central in [default]
[2025-05-22T14:34:24.834+0000] {subprocess.py:92} INFO - 	---------------------------------------------------------------------
[2025-05-22T14:34:24.835+0000] {subprocess.py:92} INFO - 	|                  |            modules            ||   artifacts   |
[2025-05-22T14:34:24.835+0000] {subprocess.py:92} INFO - 	|       conf       | number| search|dwnlded|evicted|| number|dwnlded|
[2025-05-22T14:34:24.836+0000] {subprocess.py:92} INFO - 	---------------------------------------------------------------------
[2025-05-22T14:34:24.837+0000] {subprocess.py:92} INFO - 	|      default     |   2   |   2   |   2   |   0   ||   2   |   2   |
[2025-05-22T14:34:24.838+0000] {subprocess.py:92} INFO - 	---------------------------------------------------------------------
[2025-05-22T14:34:24.840+0000] {subprocess.py:92} INFO - :: retrieving :: org.apache.spark#spark-submit-parent-dcc9fced-d0c7-4ceb-8a16-650c3d0e8c2f
[2025-05-22T14:34:24.841+0000] {subprocess.py:92} INFO - 	confs: [default]
[2025-05-22T14:34:24.847+0000] {subprocess.py:92} INFO - 	2 artifacts copied, 0 already retrieved (1274kB/13ms)
[2025-05-22T14:34:25.056+0000] {subprocess.py:92} INFO - 25/05/22 14:34:25 WARN NativeCodeLoader: Unable to load native-hadoop library for your platform... using builtin-java classes where applicable
[2025-05-22T14:34:25.327+0000] {subprocess.py:92} INFO - Using Spark's default log4j profile: org/apache/spark/log4j-defaults.properties
[2025-05-22T14:34:25.328+0000] {subprocess.py:92} INFO - Setting default log level to "WARN".
[2025-05-22T14:34:25.329+0000] {subprocess.py:92} INFO - To adjust logging level use sc.setLogLevel(newLevel). For SparkR, use setLogLevel(newLevel).
[2025-05-22T14:34:28.583+0000] {subprocess.py:92} INFO - Warning: Looks like you're using an outdated `kagglehub` version, please consider updating (latest version: 0.3.12)
[2025-05-22T14:34:29.674+0000] {subprocess.py:92} INFO - Downloading from https://www.kaggle.com/api/v1/datasets/download/oktayrdeki/traffic-accidents?dataset_version_number=1...
[2025-05-22T14:34:31.344+0000] {subprocess.py:92} INFO -   0%|          | 0.00/4.64M [00:00<?, ?B/s] 22%|██▏       | 1.00M/4.64M [00:01<00:04, 847kB/s] 43%|████▎     | 2.00M/4.64M [00:01<00:01, 1.74MB/s] 86%|████████▋ | 4.00M/4.64M [00:01<00:00, 3.72MB/s]100%|██████████| 4.64M/4.64M [00:01<00:00, 2.94MB/s]Extracting model files...
[2025-05-22T14:34:33.219+0000] {subprocess.py:92} INFO - 
[2025-05-22T14:34:33.220+0000] {subprocess.py:92} INFO - Path to dataset files: /home/***/.cache/kagglehub/datasets/oktayrdeki/traffic-accidents/versions/1
[2025-05-22T14:34:33.221+0000] {subprocess.py:92} INFO - Path to dataset files: /opt/***/data
[2025-05-22T14:34:33.700+0000] {subprocess.py:96} INFO - Command exited with return code 0
[2025-05-22T14:34:33.768+0000] {taskinstance.py:1412} INFO - Marking task as SUCCESS. dag_id=Scheduler_Traffict_Accident, task_id=Extract_Data, execution_date=20250522T143416, start_date=20250522T143417, end_date=20250522T143433
[2025-05-22T14:34:33.804+0000] {local_task_job.py:156} INFO - Task exited with return code 0
[2025-05-22T14:34:33.883+0000] {local_task_job.py:279} INFO - 1 downstream tasks scheduled from follow-on schedule check
