[2025-05-14T12:40:16.520+0000] {taskinstance.py:1171} INFO - Dependencies all met for <TaskInstance: Sales_Performance_ETL.Transform_Data manual__2025-05-14T12:30:49.276133+00:00 [queued]>
[2025-05-14T12:40:16.537+0000] {taskinstance.py:1171} INFO - Dependencies all met for <TaskInstance: Sales_Performance_ETL.Transform_Data manual__2025-05-14T12:30:49.276133+00:00 [queued]>
[2025-05-14T12:40:16.538+0000] {taskinstance.py:1368} INFO - 
--------------------------------------------------------------------------------
[2025-05-14T12:40:16.540+0000] {taskinstance.py:1369} INFO - Starting attempt 2 of 3
[2025-05-14T12:40:16.541+0000] {taskinstance.py:1370} INFO - 
--------------------------------------------------------------------------------
[2025-05-14T12:40:16.561+0000] {taskinstance.py:1389} INFO - Executing <Task(BashOperator): Transform_Data> on 2025-05-14 12:30:49.276133+00:00
[2025-05-14T12:40:16.569+0000] {standard_task_runner.py:52} INFO - Started process 2817 to run task
[2025-05-14T12:40:16.573+0000] {standard_task_runner.py:79} INFO - Running: ['***', 'tasks', 'run', 'Sales_Performance_ETL', 'Transform_Data', 'manual__2025-05-14T12:30:49.276133+00:00', '--job-id', '13', '--raw', '--subdir', 'DAGS_FOLDER/P2M3_Hisham_Audiputra_Suharto_DAG.py', '--cfg-path', '/tmp/tmpu7wbq081', '--error-file', '/tmp/tmpp90v79k6']
[2025-05-14T12:40:16.575+0000] {standard_task_runner.py:80} INFO - Job 13: Subtask Transform_Data
[2025-05-14T12:40:16.661+0000] {task_command.py:371} INFO - Running <TaskInstance: Sales_Performance_ETL.Transform_Data manual__2025-05-14T12:30:49.276133+00:00 [running]> on host 2ca7303636ab
[2025-05-14T12:40:16.771+0000] {taskinstance.py:1583} INFO - Exporting the following env vars:
AIRFLOW_CTX_DAG_OWNER=Hisham
AIRFLOW_CTX_DAG_ID=Sales_Performance_ETL
AIRFLOW_CTX_TASK_ID=Transform_Data
AIRFLOW_CTX_EXECUTION_DATE=2025-05-14T12:30:49.276133+00:00
AIRFLOW_CTX_TRY_NUMBER=2
AIRFLOW_CTX_DAG_RUN_ID=manual__2025-05-14T12:30:49.276133+00:00
[2025-05-14T12:40:16.773+0000] {subprocess.py:62} INFO - Tmp dir root location: 
 /tmp
[2025-05-14T12:40:16.775+0000] {subprocess.py:74} INFO - Running command: ['/bin/bash', '-c', 'sudo -u *** python /opt/***/scripts/Transform_Data.py']
[2025-05-14T12:40:16.789+0000] {subprocess.py:85} INFO - Output:
[2025-05-14T12:40:18.638+0000] {subprocess.py:92} INFO - WARNING: An illegal reflective access operation has occurred
[2025-05-14T12:40:18.639+0000] {subprocess.py:92} INFO - WARNING: Illegal reflective access by org.apache.spark.unsafe.Platform (file:/home/***/.local/lib/python3.7/site-packages/pyspark/jars/spark-unsafe_2.12-3.1.2.jar) to constructor java.nio.DirectByteBuffer(long,int)
[2025-05-14T12:40:18.640+0000] {subprocess.py:92} INFO - WARNING: Please consider reporting this to the maintainers of org.apache.spark.unsafe.Platform
[2025-05-14T12:40:18.641+0000] {subprocess.py:92} INFO - WARNING: Use --illegal-access=warn to enable warnings of further illegal reflective access operations
[2025-05-14T12:40:18.641+0000] {subprocess.py:92} INFO - WARNING: All illegal access operations will be denied in a future release
[2025-05-14T12:40:18.798+0000] {subprocess.py:92} INFO - :: loading settings :: url = jar:file:/home/***/.local/lib/python3.7/site-packages/pyspark/jars/ivy-2.4.0.jar!/org/apache/ivy/core/settings/ivysettings.xml
[2025-05-14T12:40:18.918+0000] {subprocess.py:92} INFO - Ivy Default Cache set to: /home/***/.ivy2/cache
[2025-05-14T12:40:18.919+0000] {subprocess.py:92} INFO - The jars for the packages stored in: /home/***/.ivy2/jars
[2025-05-14T12:40:18.923+0000] {subprocess.py:92} INFO - org.postgresql#postgresql added as a dependency
[2025-05-14T12:40:18.925+0000] {subprocess.py:92} INFO - :: resolving dependencies :: org.apache.spark#spark-submit-parent-2261541f-a480-42c9-b80a-d163989540ae;1.0
[2025-05-14T12:40:18.925+0000] {subprocess.py:92} INFO - 	confs: [default]
[2025-05-14T12:40:19.057+0000] {subprocess.py:92} INFO - 	found org.postgresql#postgresql;42.6.0 in central
[2025-05-14T12:40:19.083+0000] {subprocess.py:92} INFO - 	found org.checkerframework#checker-qual;3.31.0 in central
[2025-05-14T12:40:19.099+0000] {subprocess.py:92} INFO - :: resolution report :: resolve 171ms :: artifacts dl 3ms
[2025-05-14T12:40:19.100+0000] {subprocess.py:92} INFO - 	:: modules in use:
[2025-05-14T12:40:19.100+0000] {subprocess.py:92} INFO - 	org.checkerframework#checker-qual;3.31.0 from central in [default]
[2025-05-14T12:40:19.101+0000] {subprocess.py:92} INFO - 	org.postgresql#postgresql;42.6.0 from central in [default]
[2025-05-14T12:40:19.101+0000] {subprocess.py:92} INFO - 	---------------------------------------------------------------------
[2025-05-14T12:40:19.102+0000] {subprocess.py:92} INFO - 	|                  |            modules            ||   artifacts   |
[2025-05-14T12:40:19.103+0000] {subprocess.py:92} INFO - 	|       conf       | number| search|dwnlded|evicted|| number|dwnlded|
[2025-05-14T12:40:19.103+0000] {subprocess.py:92} INFO - 	---------------------------------------------------------------------
[2025-05-14T12:40:19.104+0000] {subprocess.py:92} INFO - 	|      default     |   2   |   0   |   0   |   0   ||   2   |   0   |
[2025-05-14T12:40:19.104+0000] {subprocess.py:92} INFO - 	---------------------------------------------------------------------
[2025-05-14T12:40:19.105+0000] {subprocess.py:92} INFO - :: retrieving :: org.apache.spark#spark-submit-parent-2261541f-a480-42c9-b80a-d163989540ae
[2025-05-14T12:40:19.105+0000] {subprocess.py:92} INFO - 	confs: [default]
[2025-05-14T12:40:19.111+0000] {subprocess.py:92} INFO - 	0 artifacts copied, 2 already retrieved (0kB/6ms)
[2025-05-14T12:40:19.329+0000] {subprocess.py:92} INFO - 25/05/14 12:40:19 WARN NativeCodeLoader: Unable to load native-hadoop library for your platform... using builtin-java classes where applicable
[2025-05-14T12:40:19.647+0000] {subprocess.py:92} INFO - Using Spark's default log4j profile: org/apache/spark/log4j-defaults.properties
[2025-05-14T12:40:19.650+0000] {subprocess.py:92} INFO - Setting default log level to "WARN".
[2025-05-14T12:40:19.650+0000] {subprocess.py:92} INFO - To adjust logging level use sc.setLogLevel(newLevel). For SparkR, use setLogLevel(newLevel).
[2025-05-14T12:40:20.623+0000] {subprocess.py:92} INFO - 25/05/14 12:40:20 WARN Utils: Service 'SparkUI' could not bind on port 4040. Attempting port 4041.
[2025-05-14T12:40:26.807+0000] {subprocess.py:92} INFO - 25/05/14 12:40:26 WARN WindowExec: No Partition Defined for Window operation! Moving all data to a single partition, this can cause serious performance degradation.
[2025-05-14T12:40:28.546+0000] {subprocess.py:92} INFO - [Stage 3:>                                                          (0 + 1) / 1]                                                                                Saved: /opt/***/data/Supplement_Sales_Weekly_Expanded_Clean.csv
[2025-05-14T12:40:29.026+0000] {subprocess.py:96} INFO - Command exited with return code 0
[2025-05-14T12:40:29.061+0000] {taskinstance.py:1412} INFO - Marking task as SUCCESS. dag_id=Sales_Performance_ETL, task_id=Transform_Data, execution_date=20250514T123049, start_date=20250514T124016, end_date=20250514T124029
[2025-05-14T12:40:29.113+0000] {local_task_job.py:156} INFO - Task exited with return code 0
[2025-05-14T12:40:29.154+0000] {local_task_job.py:279} INFO - 0 downstream tasks scheduled from follow-on schedule check
