[2025-05-14T14:50:13.949+0000] {taskinstance.py:1171} INFO - Dependencies all met for <TaskInstance: Sales_Performance_ETL.Load_Data scheduled__2025-05-14T14:45:00+00:00 [queued]>
[2025-05-14T14:50:13.961+0000] {taskinstance.py:1171} INFO - Dependencies all met for <TaskInstance: Sales_Performance_ETL.Load_Data scheduled__2025-05-14T14:45:00+00:00 [queued]>
[2025-05-14T14:50:13.961+0000] {taskinstance.py:1368} INFO - 
--------------------------------------------------------------------------------
[2025-05-14T14:50:13.963+0000] {taskinstance.py:1369} INFO - Starting attempt 1 of 2
[2025-05-14T14:50:13.963+0000] {taskinstance.py:1370} INFO - 
--------------------------------------------------------------------------------
[2025-05-14T14:50:13.978+0000] {taskinstance.py:1389} INFO - Executing <Task(BashOperator): Load_Data> on 2025-05-14 14:45:00+00:00
[2025-05-14T14:50:13.983+0000] {standard_task_runner.py:52} INFO - Started process 21064 to run task
[2025-05-14T14:50:13.987+0000] {standard_task_runner.py:79} INFO - Running: ['***', 'tasks', 'run', 'Sales_Performance_ETL', 'Load_Data', 'scheduled__2025-05-14T14:45:00+00:00', '--job-id', '92', '--raw', '--subdir', 'DAGS_FOLDER/P2M3_Hisham_Audiputra_Suharto_DAG.py', '--cfg-path', '/tmp/tmp2kuuttoa', '--error-file', '/tmp/tmp90syfmk6']
[2025-05-14T14:50:13.990+0000] {standard_task_runner.py:80} INFO - Job 92: Subtask Load_Data
[2025-05-14T14:50:14.052+0000] {task_command.py:371} INFO - Running <TaskInstance: Sales_Performance_ETL.Load_Data scheduled__2025-05-14T14:45:00+00:00 [running]> on host 2ca7303636ab
[2025-05-14T14:50:14.126+0000] {taskinstance.py:1583} INFO - Exporting the following env vars:
AIRFLOW_CTX_DAG_OWNER=Hisham
AIRFLOW_CTX_DAG_ID=Sales_Performance_ETL
AIRFLOW_CTX_TASK_ID=Load_Data
AIRFLOW_CTX_EXECUTION_DATE=2025-05-14T14:45:00+00:00
AIRFLOW_CTX_TRY_NUMBER=1
AIRFLOW_CTX_DAG_RUN_ID=scheduled__2025-05-14T14:45:00+00:00
[2025-05-14T14:50:14.127+0000] {subprocess.py:62} INFO - Tmp dir root location: 
 /tmp
[2025-05-14T14:50:14.128+0000] {subprocess.py:74} INFO - Running command: ['/bin/bash', '-c', 'sudo -u *** python /opt/***/scripts/Load_Data.py']
[2025-05-14T14:50:14.138+0000] {subprocess.py:85} INFO - Output:
[2025-05-14T14:50:15.952+0000] {subprocess.py:92} INFO - WARNING: An illegal reflective access operation has occurred
[2025-05-14T14:50:15.953+0000] {subprocess.py:92} INFO - WARNING: Illegal reflective access by org.apache.spark.unsafe.Platform (file:/home/***/.local/lib/python3.7/site-packages/pyspark/jars/spark-unsafe_2.12-3.1.2.jar) to constructor java.nio.DirectByteBuffer(long,int)
[2025-05-14T14:50:15.954+0000] {subprocess.py:92} INFO - WARNING: Please consider reporting this to the maintainers of org.apache.spark.unsafe.Platform
[2025-05-14T14:50:15.954+0000] {subprocess.py:92} INFO - WARNING: Use --illegal-access=warn to enable warnings of further illegal reflective access operations
[2025-05-14T14:50:15.955+0000] {subprocess.py:92} INFO - WARNING: All illegal access operations will be denied in a future release
[2025-05-14T14:50:16.106+0000] {subprocess.py:92} INFO - :: loading settings :: url = jar:file:/home/***/.local/lib/python3.7/site-packages/pyspark/jars/ivy-2.4.0.jar!/org/apache/ivy/core/settings/ivysettings.xml
[2025-05-14T14:50:16.178+0000] {subprocess.py:92} INFO - Ivy Default Cache set to: /home/***/.ivy2/cache
[2025-05-14T14:50:16.179+0000] {subprocess.py:92} INFO - The jars for the packages stored in: /home/***/.ivy2/jars
[2025-05-14T14:50:16.182+0000] {subprocess.py:92} INFO - org.postgresql#postgresql added as a dependency
[2025-05-14T14:50:16.183+0000] {subprocess.py:92} INFO - :: resolving dependencies :: org.apache.spark#spark-submit-parent-2acdfe85-797b-4105-b090-d7629a6b39da;1.0
[2025-05-14T14:50:16.183+0000] {subprocess.py:92} INFO - 	confs: [default]
[2025-05-14T14:50:16.266+0000] {subprocess.py:92} INFO - 	found org.postgresql#postgresql;42.6.0 in central
[2025-05-14T14:50:16.284+0000] {subprocess.py:92} INFO - 	found org.checkerframework#checker-qual;3.31.0 in central
[2025-05-14T14:50:16.298+0000] {subprocess.py:92} INFO - :: resolution report :: resolve 113ms :: artifacts dl 2ms
[2025-05-14T14:50:16.298+0000] {subprocess.py:92} INFO - 	:: modules in use:
[2025-05-14T14:50:16.299+0000] {subprocess.py:92} INFO - 	org.checkerframework#checker-qual;3.31.0 from central in [default]
[2025-05-14T14:50:16.300+0000] {subprocess.py:92} INFO - 	org.postgresql#postgresql;42.6.0 from central in [default]
[2025-05-14T14:50:16.301+0000] {subprocess.py:92} INFO - 	---------------------------------------------------------------------
[2025-05-14T14:50:16.301+0000] {subprocess.py:92} INFO - 	|                  |            modules            ||   artifacts   |
[2025-05-14T14:50:16.302+0000] {subprocess.py:92} INFO - 	|       conf       | number| search|dwnlded|evicted|| number|dwnlded|
[2025-05-14T14:50:16.303+0000] {subprocess.py:92} INFO - 	---------------------------------------------------------------------
[2025-05-14T14:50:16.303+0000] {subprocess.py:92} INFO - 	|      default     |   2   |   0   |   0   |   0   ||   2   |   0   |
[2025-05-14T14:50:16.304+0000] {subprocess.py:92} INFO - 	---------------------------------------------------------------------
[2025-05-14T14:50:16.304+0000] {subprocess.py:92} INFO - :: retrieving :: org.apache.spark#spark-submit-parent-2acdfe85-797b-4105-b090-d7629a6b39da
[2025-05-14T14:50:16.304+0000] {subprocess.py:92} INFO - 	confs: [default]
[2025-05-14T14:50:16.306+0000] {subprocess.py:92} INFO - 	0 artifacts copied, 2 already retrieved (0kB/4ms)
[2025-05-14T14:50:16.466+0000] {subprocess.py:92} INFO - 25/05/14 14:50:16 WARN NativeCodeLoader: Unable to load native-hadoop library for your platform... using builtin-java classes where applicable
[2025-05-14T14:50:16.684+0000] {subprocess.py:92} INFO - Using Spark's default log4j profile: org/apache/spark/log4j-defaults.properties
[2025-05-14T14:50:16.685+0000] {subprocess.py:92} INFO - Setting default log level to "WARN".
[2025-05-14T14:50:16.686+0000] {subprocess.py:92} INFO - To adjust logging level use sc.setLogLevel(newLevel). For SparkR, use setLogLevel(newLevel).
[2025-05-14T14:50:29.900+0000] {subprocess.py:96} INFO - Command exited with return code 0
[2025-05-14T14:50:29.945+0000] {taskinstance.py:1412} INFO - Marking task as SUCCESS. dag_id=Sales_Performance_ETL, task_id=Load_Data, execution_date=20250514T144500, start_date=20250514T145013, end_date=20250514T145029
[2025-05-14T14:50:29.988+0000] {local_task_job.py:156} INFO - Task exited with return code 0
[2025-05-14T14:50:30.016+0000] {local_task_job.py:279} INFO - 0 downstream tasks scheduled from follow-on schedule check
