[2025-05-14T14:20:13.968+0000] {taskinstance.py:1171} INFO - Dependencies all met for <TaskInstance: Sales_Performance_ETL.Load_Data scheduled__2025-05-14T14:15:00+00:00 [queued]>
[2025-05-14T14:20:13.979+0000] {taskinstance.py:1171} INFO - Dependencies all met for <TaskInstance: Sales_Performance_ETL.Load_Data scheduled__2025-05-14T14:15:00+00:00 [queued]>
[2025-05-14T14:20:13.980+0000] {taskinstance.py:1368} INFO - 
--------------------------------------------------------------------------------
[2025-05-14T14:20:13.982+0000] {taskinstance.py:1369} INFO - Starting attempt 1 of 2
[2025-05-14T14:20:13.982+0000] {taskinstance.py:1370} INFO - 
--------------------------------------------------------------------------------
[2025-05-14T14:20:13.998+0000] {taskinstance.py:1389} INFO - Executing <Task(BashOperator): Load_Data> on 2025-05-14 14:15:00+00:00
[2025-05-14T14:20:14.003+0000] {standard_task_runner.py:52} INFO - Started process 16939 to run task
[2025-05-14T14:20:14.006+0000] {standard_task_runner.py:79} INFO - Running: ['***', 'tasks', 'run', 'Sales_Performance_ETL', 'Load_Data', 'scheduled__2025-05-14T14:15:00+00:00', '--job-id', '74', '--raw', '--subdir', 'DAGS_FOLDER/P2M3_Hisham_Audiputra_Suharto_DAG.py', '--cfg-path', '/tmp/tmp4cnw_nwh', '--error-file', '/tmp/tmpdhr2cnl9']
[2025-05-14T14:20:14.007+0000] {standard_task_runner.py:80} INFO - Job 74: Subtask Load_Data
[2025-05-14T14:20:14.077+0000] {task_command.py:371} INFO - Running <TaskInstance: Sales_Performance_ETL.Load_Data scheduled__2025-05-14T14:15:00+00:00 [running]> on host 2ca7303636ab
[2025-05-14T14:20:14.159+0000] {taskinstance.py:1583} INFO - Exporting the following env vars:
AIRFLOW_CTX_DAG_OWNER=Hisham
AIRFLOW_CTX_DAG_ID=Sales_Performance_ETL
AIRFLOW_CTX_TASK_ID=Load_Data
AIRFLOW_CTX_EXECUTION_DATE=2025-05-14T14:15:00+00:00
AIRFLOW_CTX_TRY_NUMBER=1
AIRFLOW_CTX_DAG_RUN_ID=scheduled__2025-05-14T14:15:00+00:00
[2025-05-14T14:20:14.161+0000] {subprocess.py:62} INFO - Tmp dir root location: 
 /tmp
[2025-05-14T14:20:14.163+0000] {subprocess.py:74} INFO - Running command: ['/bin/bash', '-c', 'sudo -u *** python /opt/***/scripts/Load_Data.py']
[2025-05-14T14:20:14.172+0000] {subprocess.py:85} INFO - Output:
[2025-05-14T14:20:15.996+0000] {subprocess.py:92} INFO - WARNING: An illegal reflective access operation has occurred
[2025-05-14T14:20:15.997+0000] {subprocess.py:92} INFO - WARNING: Illegal reflective access by org.apache.spark.unsafe.Platform (file:/home/***/.local/lib/python3.7/site-packages/pyspark/jars/spark-unsafe_2.12-3.1.2.jar) to constructor java.nio.DirectByteBuffer(long,int)
[2025-05-14T14:20:15.997+0000] {subprocess.py:92} INFO - WARNING: Please consider reporting this to the maintainers of org.apache.spark.unsafe.Platform
[2025-05-14T14:20:15.998+0000] {subprocess.py:92} INFO - WARNING: Use --illegal-access=warn to enable warnings of further illegal reflective access operations
[2025-05-14T14:20:15.998+0000] {subprocess.py:92} INFO - WARNING: All illegal access operations will be denied in a future release
[2025-05-14T14:20:16.140+0000] {subprocess.py:92} INFO - :: loading settings :: url = jar:file:/home/***/.local/lib/python3.7/site-packages/pyspark/jars/ivy-2.4.0.jar!/org/apache/ivy/core/settings/ivysettings.xml
[2025-05-14T14:20:16.229+0000] {subprocess.py:92} INFO - Ivy Default Cache set to: /home/***/.ivy2/cache
[2025-05-14T14:20:16.230+0000] {subprocess.py:92} INFO - The jars for the packages stored in: /home/***/.ivy2/jars
[2025-05-14T14:20:16.233+0000] {subprocess.py:92} INFO - org.postgresql#postgresql added as a dependency
[2025-05-14T14:20:16.234+0000] {subprocess.py:92} INFO - :: resolving dependencies :: org.apache.spark#spark-submit-parent-a8a09436-8700-42d7-97a6-d3a69cbb5587;1.0
[2025-05-14T14:20:16.235+0000] {subprocess.py:92} INFO - 	confs: [default]
[2025-05-14T14:20:16.329+0000] {subprocess.py:92} INFO - 	found org.postgresql#postgresql;42.6.0 in central
[2025-05-14T14:20:16.355+0000] {subprocess.py:92} INFO - 	found org.checkerframework#checker-qual;3.31.0 in central
[2025-05-14T14:20:16.367+0000] {subprocess.py:92} INFO - :: resolution report :: resolve 129ms :: artifacts dl 4ms
[2025-05-14T14:20:16.368+0000] {subprocess.py:92} INFO - 	:: modules in use:
[2025-05-14T14:20:16.368+0000] {subprocess.py:92} INFO - 	org.checkerframework#checker-qual;3.31.0 from central in [default]
[2025-05-14T14:20:16.369+0000] {subprocess.py:92} INFO - 	org.postgresql#postgresql;42.6.0 from central in [default]
[2025-05-14T14:20:16.369+0000] {subprocess.py:92} INFO - 	---------------------------------------------------------------------
[2025-05-14T14:20:16.370+0000] {subprocess.py:92} INFO - 	|                  |            modules            ||   artifacts   |
[2025-05-14T14:20:16.370+0000] {subprocess.py:92} INFO - 	|       conf       | number| search|dwnlded|evicted|| number|dwnlded|
[2025-05-14T14:20:16.371+0000] {subprocess.py:92} INFO - 	---------------------------------------------------------------------
[2025-05-14T14:20:16.371+0000] {subprocess.py:92} INFO - 	|      default     |   2   |   0   |   0   |   0   ||   2   |   0   |
[2025-05-14T14:20:16.372+0000] {subprocess.py:92} INFO - 	---------------------------------------------------------------------
[2025-05-14T14:20:16.372+0000] {subprocess.py:92} INFO - :: retrieving :: org.apache.spark#spark-submit-parent-a8a09436-8700-42d7-97a6-d3a69cbb5587
[2025-05-14T14:20:16.373+0000] {subprocess.py:92} INFO - 	confs: [default]
[2025-05-14T14:20:16.374+0000] {subprocess.py:92} INFO - 	0 artifacts copied, 2 already retrieved (0kB/4ms)
[2025-05-14T14:20:16.529+0000] {subprocess.py:92} INFO - 25/05/14 14:20:16 WARN NativeCodeLoader: Unable to load native-hadoop library for your platform... using builtin-java classes where applicable
[2025-05-14T14:20:16.759+0000] {subprocess.py:92} INFO - Using Spark's default log4j profile: org/apache/spark/log4j-defaults.properties
[2025-05-14T14:20:16.760+0000] {subprocess.py:92} INFO - Setting default log level to "WARN".
[2025-05-14T14:20:16.761+0000] {subprocess.py:92} INFO - To adjust logging level use sc.setLogLevel(newLevel). For SparkR, use setLogLevel(newLevel).
[2025-05-14T14:20:32.372+0000] {subprocess.py:96} INFO - Command exited with return code 0
[2025-05-14T14:20:32.419+0000] {taskinstance.py:1412} INFO - Marking task as SUCCESS. dag_id=Sales_Performance_ETL, task_id=Load_Data, execution_date=20250514T141500, start_date=20250514T142013, end_date=20250514T142032
[2025-05-14T14:20:32.459+0000] {local_task_job.py:156} INFO - Task exited with return code 0
[2025-05-14T14:20:32.505+0000] {local_task_job.py:279} INFO - 0 downstream tasks scheduled from follow-on schedule check
