[2025-05-23T06:35:51.016+0000] {taskinstance.py:1159} INFO - Dependencies all met for dep_context=non-requeueable deps ti=<TaskInstance: Scheduler_Traffict_Accident.Extract_Data scheduled__2025-05-22T18:15:00+00:00 [queued]>
[2025-05-23T06:35:51.048+0000] {taskinstance.py:1159} INFO - Dependencies all met for dep_context=requeueable deps ti=<TaskInstance: Scheduler_Traffict_Accident.Extract_Data scheduled__2025-05-22T18:15:00+00:00 [queued]>
[2025-05-23T06:35:51.056+0000] {taskinstance.py:1361} INFO - Starting attempt 1 of 2
[2025-05-23T06:35:51.105+0000] {taskinstance.py:1382} INFO - Executing <Task(BashOperator): Extract_Data> on 2025-05-22 18:15:00+00:00
[2025-05-23T06:35:51.125+0000] {standard_task_runner.py:57} INFO - Started process 6951 to run task
[2025-05-23T06:35:51.129+0000] {standard_task_runner.py:84} INFO - Running: ['***', 'tasks', 'run', 'Scheduler_Traffict_Accident', 'Extract_Data', 'scheduled__2025-05-22T18:15:00+00:00', '--job-id', '26', '--raw', '--subdir', 'DAGS_FOLDER/Scheduler_Traffict_Accident.py', '--cfg-path', '/tmp/tmpaaf0v238']
[2025-05-23T06:35:51.149+0000] {standard_task_runner.py:85} INFO - Job 26: Subtask Extract_Data
[2025-05-23T06:35:51.317+0000] {task_command.py:416} INFO - Running <TaskInstance: Scheduler_Traffict_Accident.Extract_Data scheduled__2025-05-22T18:15:00+00:00 [running]> on host 2d3af573cb97
[2025-05-23T06:35:51.492+0000] {taskinstance.py:1662} INFO - Exporting env vars: AIRFLOW_CTX_DAG_OWNER='Hisham' AIRFLOW_CTX_DAG_ID='Scheduler_Traffict_Accident' AIRFLOW_CTX_TASK_ID='Extract_Data' AIRFLOW_CTX_EXECUTION_DATE='2025-05-22T18:15:00+00:00' AIRFLOW_CTX_TRY_NUMBER='1' AIRFLOW_CTX_DAG_RUN_ID='scheduled__2025-05-22T18:15:00+00:00'
[2025-05-23T06:35:51.502+0000] {subprocess.py:63} INFO - Tmp dir root location: /tmp
[2025-05-23T06:35:51.518+0000] {subprocess.py:75} INFO - Running command: ['/bin/bash', '-c', 'sudo -u *** python /opt/***/scripts/Extract_Data.py']
[2025-05-23T06:35:51.542+0000] {subprocess.py:86} INFO - Output:
[2025-05-23T06:35:54.457+0000] {subprocess.py:93} INFO - WARNING: An illegal reflective access operation has occurred
[2025-05-23T06:35:54.459+0000] {subprocess.py:93} INFO - WARNING: Illegal reflective access by org.apache.spark.unsafe.Platform (file:/home/***/.local/lib/python3.11/site-packages/pyspark/jars/spark-unsafe_2.12-3.1.2.jar) to constructor java.nio.DirectByteBuffer(long,int)
[2025-05-23T06:35:54.460+0000] {subprocess.py:93} INFO - WARNING: Please consider reporting this to the maintainers of org.apache.spark.unsafe.Platform
[2025-05-23T06:35:54.461+0000] {subprocess.py:93} INFO - WARNING: Use --illegal-access=warn to enable warnings of further illegal reflective access operations
[2025-05-23T06:35:54.462+0000] {subprocess.py:93} INFO - WARNING: All illegal access operations will be denied in a future release
[2025-05-23T06:35:54.707+0000] {subprocess.py:93} INFO - :: loading settings :: url = jar:file:/home/***/.local/lib/python3.11/site-packages/pyspark/jars/ivy-2.4.0.jar!/org/apache/ivy/core/settings/ivysettings.xml
[2025-05-23T06:35:54.834+0000] {subprocess.py:93} INFO - Ivy Default Cache set to: /home/***/.ivy2/cache
[2025-05-23T06:35:54.835+0000] {subprocess.py:93} INFO - The jars for the packages stored in: /home/***/.ivy2/jars
[2025-05-23T06:35:54.840+0000] {subprocess.py:93} INFO - org.postgresql#postgresql added as a dependency
[2025-05-23T06:35:54.843+0000] {subprocess.py:93} INFO - :: resolving dependencies :: org.apache.spark#spark-submit-parent-5c2376de-68e2-4168-b169-20285922e70c;1.0
[2025-05-23T06:35:54.844+0000] {subprocess.py:93} INFO - 	confs: [default]
[2025-05-23T06:35:54.976+0000] {subprocess.py:93} INFO - 	found org.postgresql#postgresql;42.6.0 in central
[2025-05-23T06:35:55.001+0000] {subprocess.py:93} INFO - 	found org.checkerframework#checker-qual;3.31.0 in central
[2025-05-23T06:35:55.017+0000] {subprocess.py:93} INFO - :: resolution report :: resolve 169ms :: artifacts dl 6ms
[2025-05-23T06:35:55.019+0000] {subprocess.py:93} INFO - 	:: modules in use:
[2025-05-23T06:35:55.026+0000] {subprocess.py:93} INFO - 	org.checkerframework#checker-qual;3.31.0 from central in [default]
[2025-05-23T06:35:55.028+0000] {subprocess.py:93} INFO - 	org.postgresql#postgresql;42.6.0 from central in [default]
[2025-05-23T06:35:55.036+0000] {subprocess.py:93} INFO - 	---------------------------------------------------------------------
[2025-05-23T06:35:55.039+0000] {subprocess.py:93} INFO - 	|                  |            modules            ||   artifacts   |
[2025-05-23T06:35:55.041+0000] {subprocess.py:93} INFO - 	|       conf       | number| search|dwnlded|evicted|| number|dwnlded|
[2025-05-23T06:35:55.043+0000] {subprocess.py:93} INFO - 	---------------------------------------------------------------------
[2025-05-23T06:35:55.044+0000] {subprocess.py:93} INFO - 	|      default     |   2   |   0   |   0   |   0   ||   2   |   0   |
[2025-05-23T06:35:55.046+0000] {subprocess.py:93} INFO - 	---------------------------------------------------------------------
[2025-05-23T06:35:55.047+0000] {subprocess.py:93} INFO - :: retrieving :: org.apache.spark#spark-submit-parent-5c2376de-68e2-4168-b169-20285922e70c
[2025-05-23T06:35:55.048+0000] {subprocess.py:93} INFO - 	confs: [default]
[2025-05-23T06:35:55.049+0000] {subprocess.py:93} INFO - 	0 artifacts copied, 2 already retrieved (0kB/18ms)
[2025-05-23T06:35:55.452+0000] {subprocess.py:93} INFO - 25/05/23 06:35:55 WARN NativeCodeLoader: Unable to load native-hadoop library for your platform... using builtin-java classes where applicable
[2025-05-23T06:35:55.939+0000] {subprocess.py:93} INFO - Using Spark's default log4j profile: org/apache/spark/log4j-defaults.properties
[2025-05-23T06:35:55.942+0000] {subprocess.py:93} INFO - Setting default log level to "WARN".
[2025-05-23T06:35:55.943+0000] {subprocess.py:93} INFO - To adjust logging level use sc.setLogLevel(newLevel). For SparkR, use setLogLevel(newLevel).
[2025-05-23T06:35:57.153+0000] {subprocess.py:93} INFO - 25/05/23 06:35:57 WARN Utils: Service 'SparkUI' could not bind on port 4040. Attempting port 4041.
[2025-05-23T06:36:04.031+0000] {subprocess.py:93} INFO - Path to dataset files: /home/***/.cache/kagglehub/datasets/oktayrdeki/traffic-accidents/versions/1
[2025-05-23T06:36:04.032+0000] {subprocess.py:93} INFO - Path to dataset files: /opt/***/data
[2025-05-23T06:36:04.684+0000] {subprocess.py:97} INFO - Command exited with return code 0
[2025-05-23T06:36:04.741+0000] {taskinstance.py:1400} INFO - Marking task as SUCCESS. dag_id=Scheduler_Traffict_Accident, task_id=Extract_Data, execution_date=20250522T181500, start_date=20250523T063551, end_date=20250523T063604
[2025-05-23T06:36:04.778+0000] {local_task_job_runner.py:228} INFO - Task exited with return code 0
[2025-05-23T06:36:04.819+0000] {taskinstance.py:2778} INFO - 1 downstream tasks scheduled from follow-on schedule check
