[2025-05-14T13:00:00.992+0000] {taskinstance.py:1171} INFO - Dependencies all met for <TaskInstance: Sales_Performance_ETL.Extract_Data scheduled__2025-05-14T12:55:00+00:00 [queued]>
[2025-05-14T13:00:01.004+0000] {taskinstance.py:1171} INFO - Dependencies all met for <TaskInstance: Sales_Performance_ETL.Extract_Data scheduled__2025-05-14T12:55:00+00:00 [queued]>
[2025-05-14T13:00:01.012+0000] {taskinstance.py:1368} INFO - 
--------------------------------------------------------------------------------
[2025-05-14T13:00:01.016+0000] {taskinstance.py:1369} INFO - Starting attempt 1 of 2
[2025-05-14T13:00:01.019+0000] {taskinstance.py:1370} INFO - 
--------------------------------------------------------------------------------
[2025-05-14T13:00:01.049+0000] {taskinstance.py:1389} INFO - Executing <Task(BashOperator): Extract_Data> on 2025-05-14 12:55:00+00:00
[2025-05-14T13:00:01.056+0000] {standard_task_runner.py:52} INFO - Started process 5698 to run task
[2025-05-14T13:00:01.063+0000] {standard_task_runner.py:79} INFO - Running: ['***', 'tasks', 'run', 'Sales_Performance_ETL', 'Extract_Data', 'scheduled__2025-05-14T12:55:00+00:00', '--job-id', '24', '--raw', '--subdir', 'DAGS_FOLDER/P2M3_Hisham_Audiputra_Suharto_DAG.py', '--cfg-path', '/tmp/tmp343sgqxg', '--error-file', '/tmp/tmpp8iv7j3b']
[2025-05-14T13:00:01.066+0000] {standard_task_runner.py:80} INFO - Job 24: Subtask Extract_Data
[2025-05-14T13:00:01.147+0000] {task_command.py:371} INFO - Running <TaskInstance: Sales_Performance_ETL.Extract_Data scheduled__2025-05-14T12:55:00+00:00 [running]> on host 2ca7303636ab
[2025-05-14T13:00:01.220+0000] {taskinstance.py:1583} INFO - Exporting the following env vars:
AIRFLOW_CTX_DAG_OWNER=Hisham
AIRFLOW_CTX_DAG_ID=Sales_Performance_ETL
AIRFLOW_CTX_TASK_ID=Extract_Data
AIRFLOW_CTX_EXECUTION_DATE=2025-05-14T12:55:00+00:00
AIRFLOW_CTX_TRY_NUMBER=1
AIRFLOW_CTX_DAG_RUN_ID=scheduled__2025-05-14T12:55:00+00:00
[2025-05-14T13:00:01.228+0000] {subprocess.py:62} INFO - Tmp dir root location: 
 /tmp
[2025-05-14T13:00:01.235+0000] {subprocess.py:74} INFO - Running command: ['/bin/bash', '-c', 'sudo -u *** python /opt/***/scripts/Extract_Data.py']
[2025-05-14T13:00:01.257+0000] {subprocess.py:85} INFO - Output:
[2025-05-14T13:00:02.289+0000] {subprocess.py:92} INFO - Warning: Looks like you're using an outdated `kagglehub` version, please consider updating (latest version: 0.3.12)
[2025-05-14T13:00:02.317+0000] {subprocess.py:92} INFO - Path to dataset files: /home/***/.cache/kagglehub/datasets/zahidmughal2343/supplement-sales-data/versions/1
[2025-05-14T13:00:02.317+0000] {subprocess.py:92} INFO - Path to dataset files: /home/***/.cache/kagglehub/datasets/zahidmughal2343/supplement-sales-data/versions/1
[2025-05-14T13:00:02.346+0000] {subprocess.py:96} INFO - Command exited with return code 0
[2025-05-14T13:00:02.401+0000] {taskinstance.py:1412} INFO - Marking task as SUCCESS. dag_id=Sales_Performance_ETL, task_id=Extract_Data, execution_date=20250514T125500, start_date=20250514T130000, end_date=20250514T130002
[2025-05-14T13:00:02.445+0000] {local_task_job.py:156} INFO - Task exited with return code 0
[2025-05-14T13:00:02.498+0000] {local_task_job.py:279} INFO - 1 downstream tasks scheduled from follow-on schedule check
