[2025-05-20T08:50:59.989+0000] {taskinstance.py:1171} INFO - Dependencies all met for <TaskInstance: Scheduler_Traffict_Accident.Extract_Data manual__2025-05-20T08:50:59.379883+00:00 [queued]>
[2025-05-20T08:51:00.010+0000] {taskinstance.py:1171} INFO - Dependencies all met for <TaskInstance: Scheduler_Traffict_Accident.Extract_Data manual__2025-05-20T08:50:59.379883+00:00 [queued]>
[2025-05-20T08:51:00.012+0000] {taskinstance.py:1368} INFO - 
--------------------------------------------------------------------------------
[2025-05-20T08:51:00.014+0000] {taskinstance.py:1369} INFO - Starting attempt 1 of 2
[2025-05-20T08:51:00.015+0000] {taskinstance.py:1370} INFO - 
--------------------------------------------------------------------------------
[2025-05-20T08:51:00.041+0000] {taskinstance.py:1389} INFO - Executing <Task(BashOperator): Extract_Data> on 2025-05-20 08:50:59.379883+00:00
[2025-05-20T08:51:00.048+0000] {standard_task_runner.py:52} INFO - Started process 228 to run task
[2025-05-20T08:51:00.051+0000] {standard_task_runner.py:79} INFO - Running: ['***', 'tasks', 'run', 'Scheduler_Traffict_Accident', 'Extract_Data', 'manual__2025-05-20T08:50:59.379883+00:00', '--job-id', '203', '--raw', '--subdir', 'DAGS_FOLDER/Scheduler_Traffict_Accident.py', '--cfg-path', '/tmp/tmp2q16sjji', '--error-file', '/tmp/tmpnv1bfzwn']
[2025-05-20T08:51:00.053+0000] {standard_task_runner.py:80} INFO - Job 203: Subtask Extract_Data
[2025-05-20T08:51:00.138+0000] {task_command.py:371} INFO - Running <TaskInstance: Scheduler_Traffict_Accident.Extract_Data manual__2025-05-20T08:50:59.379883+00:00 [running]> on host 130b90adb98a
[2025-05-20T08:51:00.226+0000] {taskinstance.py:1583} INFO - Exporting the following env vars:
AIRFLOW_CTX_DAG_OWNER=Hisham
AIRFLOW_CTX_DAG_ID=Scheduler_Traffict_Accident
AIRFLOW_CTX_TASK_ID=Extract_Data
AIRFLOW_CTX_EXECUTION_DATE=2025-05-20T08:50:59.379883+00:00
AIRFLOW_CTX_TRY_NUMBER=1
AIRFLOW_CTX_DAG_RUN_ID=manual__2025-05-20T08:50:59.379883+00:00
[2025-05-20T08:51:00.227+0000] {subprocess.py:62} INFO - Tmp dir root location: 
 /tmp
[2025-05-20T08:51:00.228+0000] {subprocess.py:74} INFO - Running command: ['/bin/bash', '-c', 'sudo -u *** python /opt/***/scripts/Extract_Data.py']
[2025-05-20T08:51:00.238+0000] {subprocess.py:85} INFO - Output:
[2025-05-20T08:51:02.432+0000] {subprocess.py:92} INFO - WARNING: An illegal reflective access operation has occurred
[2025-05-20T08:51:02.433+0000] {subprocess.py:92} INFO - WARNING: Illegal reflective access by org.apache.spark.unsafe.Platform (file:/home/***/.local/lib/python3.7/site-packages/pyspark/jars/spark-unsafe_2.12-3.1.2.jar) to constructor java.nio.DirectByteBuffer(long,int)
[2025-05-20T08:51:02.434+0000] {subprocess.py:92} INFO - WARNING: Please consider reporting this to the maintainers of org.apache.spark.unsafe.Platform
[2025-05-20T08:51:02.434+0000] {subprocess.py:92} INFO - WARNING: Use --illegal-access=warn to enable warnings of further illegal reflective access operations
[2025-05-20T08:51:02.435+0000] {subprocess.py:92} INFO - WARNING: All illegal access operations will be denied in a future release
[2025-05-20T08:51:02.603+0000] {subprocess.py:92} INFO - :: loading settings :: url = jar:file:/home/***/.local/lib/python3.7/site-packages/pyspark/jars/ivy-2.4.0.jar!/org/apache/ivy/core/settings/ivysettings.xml
[2025-05-20T08:51:02.701+0000] {subprocess.py:92} INFO - Ivy Default Cache set to: /home/***/.ivy2/cache
[2025-05-20T08:51:02.702+0000] {subprocess.py:92} INFO - The jars for the packages stored in: /home/***/.ivy2/jars
[2025-05-20T08:51:02.705+0000] {subprocess.py:92} INFO - org.postgresql#postgresql added as a dependency
[2025-05-20T08:51:02.706+0000] {subprocess.py:92} INFO - :: resolving dependencies :: org.apache.spark#spark-submit-parent-bbd714c9-c15c-4863-8695-75050c262f28;1.0
[2025-05-20T08:51:02.706+0000] {subprocess.py:92} INFO - 	confs: [default]
[2025-05-20T08:51:04.869+0000] {subprocess.py:92} INFO - 	found org.postgresql#postgresql;42.6.0 in central
[2025-05-20T08:51:05.920+0000] {subprocess.py:92} INFO - 	found org.checkerframework#checker-qual;3.31.0 in central
[2025-05-20T08:51:05.929+0000] {subprocess.py:92} INFO - downloading https://repo1.maven.org/maven2/org/postgresql/postgresql/42.6.0/postgresql-42.6.0.jar ...
[2025-05-20T08:51:07.156+0000] {subprocess.py:92} INFO - 	[SUCCESSFUL ] org.postgresql#postgresql;42.6.0!postgresql.jar (1228ms)
[2025-05-20T08:51:07.159+0000] {subprocess.py:92} INFO - downloading https://repo1.maven.org/maven2/org/checkerframework/checker-qual/3.31.0/checker-qual-3.31.0.jar ...
[2025-05-20T08:51:07.377+0000] {subprocess.py:92} INFO - 	[SUCCESSFUL ] org.checkerframework#checker-qual;3.31.0!checker-qual.jar (218ms)
[2025-05-20T08:51:07.380+0000] {subprocess.py:92} INFO - :: resolution report :: resolve 3221ms :: artifacts dl 1452ms
[2025-05-20T08:51:07.381+0000] {subprocess.py:92} INFO - 	:: modules in use:
[2025-05-20T08:51:07.382+0000] {subprocess.py:92} INFO - 	org.checkerframework#checker-qual;3.31.0 from central in [default]
[2025-05-20T08:51:07.382+0000] {subprocess.py:92} INFO - 	org.postgresql#postgresql;42.6.0 from central in [default]
[2025-05-20T08:51:07.383+0000] {subprocess.py:92} INFO - 	---------------------------------------------------------------------
[2025-05-20T08:51:07.383+0000] {subprocess.py:92} INFO - 	|                  |            modules            ||   artifacts   |
[2025-05-20T08:51:07.385+0000] {subprocess.py:92} INFO - 	|       conf       | number| search|dwnlded|evicted|| number|dwnlded|
[2025-05-20T08:51:07.386+0000] {subprocess.py:92} INFO - 	---------------------------------------------------------------------
[2025-05-20T08:51:07.387+0000] {subprocess.py:92} INFO - 	|      default     |   2   |   2   |   2   |   0   ||   2   |   2   |
[2025-05-20T08:51:07.387+0000] {subprocess.py:92} INFO - 	---------------------------------------------------------------------
[2025-05-20T08:51:07.388+0000] {subprocess.py:92} INFO - :: retrieving :: org.apache.spark#spark-submit-parent-bbd714c9-c15c-4863-8695-75050c262f28
[2025-05-20T08:51:07.389+0000] {subprocess.py:92} INFO - 	confs: [default]
[2025-05-20T08:51:07.391+0000] {subprocess.py:92} INFO - 	2 artifacts copied, 0 already retrieved (1274kB/7ms)
[2025-05-20T08:51:07.613+0000] {subprocess.py:92} INFO - 25/05/20 08:51:07 WARN NativeCodeLoader: Unable to load native-hadoop library for your platform... using builtin-java classes where applicable
[2025-05-20T08:51:07.869+0000] {subprocess.py:92} INFO - Using Spark's default log4j profile: org/apache/spark/log4j-defaults.properties
[2025-05-20T08:51:07.870+0000] {subprocess.py:92} INFO - Setting default log level to "WARN".
[2025-05-20T08:51:07.870+0000] {subprocess.py:92} INFO - To adjust logging level use sc.setLogLevel(newLevel). For SparkR, use setLogLevel(newLevel).
[2025-05-20T08:51:10.776+0000] {subprocess.py:92} INFO - Warning: Looks like you're using an outdated `kagglehub` version, please consider updating (latest version: 0.3.12)
[2025-05-20T08:51:11.778+0000] {subprocess.py:92} INFO - Downloading from https://www.kaggle.com/api/v1/datasets/download/oktayrdeki/traffic-accidents?dataset_version_number=1...
[2025-05-20T08:51:12.577+0000] {subprocess.py:92} INFO -   0%|          | 0.00/4.64M [00:00<?, ?B/s] 22%|██▏       | 1.00M/4.64M [00:00<00:01, 2.29MB/s] 43%|████▎     | 2.00M/4.64M [00:00<00:00, 3.95MB/s] 86%|████████▋ | 4.00M/4.64M [00:00<00:00, 7.29MB/s]100%|██████████| 4.64M/4.64M [00:00<00:00, 6.16MB/s]Extracting model files...
[2025-05-20T08:51:14.416+0000] {subprocess.py:92} INFO - 
[2025-05-20T08:51:14.417+0000] {subprocess.py:92} INFO - Path to dataset files: /home/***/.cache/kagglehub/datasets/oktayrdeki/traffic-accidents/versions/1
[2025-05-20T08:51:14.418+0000] {subprocess.py:92} INFO - Path to dataset files: /opt/***/data
[2025-05-20T08:51:14.859+0000] {subprocess.py:96} INFO - Command exited with return code 0
[2025-05-20T08:51:14.892+0000] {taskinstance.py:1412} INFO - Marking task as SUCCESS. dag_id=Scheduler_Traffict_Accident, task_id=Extract_Data, execution_date=20250520T085059, start_date=20250520T085059, end_date=20250520T085114
[2025-05-20T08:51:14.948+0000] {local_task_job.py:156} INFO - Task exited with return code 0
[2025-05-20T08:51:15.009+0000] {local_task_job.py:279} INFO - 1 downstream tasks scheduled from follow-on schedule check
