[2025-05-20T08:57:08.417+0000] {taskinstance.py:1171} INFO - Dependencies all met for <TaskInstance: Scheduler_Traffict_Accident.Extract_Data manual__2025-05-20T08:57:06.837834+00:00 [queued]>
[2025-05-20T08:57:08.430+0000] {taskinstance.py:1171} INFO - Dependencies all met for <TaskInstance: Scheduler_Traffict_Accident.Extract_Data manual__2025-05-20T08:57:06.837834+00:00 [queued]>
[2025-05-20T08:57:08.431+0000] {taskinstance.py:1368} INFO - 
--------------------------------------------------------------------------------
[2025-05-20T08:57:08.432+0000] {taskinstance.py:1369} INFO - Starting attempt 1 of 2
[2025-05-20T08:57:08.433+0000] {taskinstance.py:1370} INFO - 
--------------------------------------------------------------------------------
[2025-05-20T08:57:08.447+0000] {taskinstance.py:1389} INFO - Executing <Task(BashOperator): Extract_Data> on 2025-05-20 08:57:06.837834+00:00
[2025-05-20T08:57:08.453+0000] {standard_task_runner.py:52} INFO - Started process 243 to run task
[2025-05-20T08:57:08.456+0000] {standard_task_runner.py:79} INFO - Running: ['***', 'tasks', 'run', 'Scheduler_Traffict_Accident', 'Extract_Data', 'manual__2025-05-20T08:57:06.837834+00:00', '--job-id', '3', '--raw', '--subdir', 'DAGS_FOLDER/Scheduler_Traffict_Accident.py', '--cfg-path', '/tmp/tmpbj9__8z4', '--error-file', '/tmp/tmpbq92i1b7']
[2025-05-20T08:57:08.458+0000] {standard_task_runner.py:80} INFO - Job 3: Subtask Extract_Data
[2025-05-20T08:57:08.526+0000] {task_command.py:371} INFO - Running <TaskInstance: Scheduler_Traffict_Accident.Extract_Data manual__2025-05-20T08:57:06.837834+00:00 [running]> on host f11a4c0b6787
[2025-05-20T08:57:08.606+0000] {taskinstance.py:1583} INFO - Exporting the following env vars:
AIRFLOW_CTX_DAG_OWNER=Hisham
AIRFLOW_CTX_DAG_ID=Scheduler_Traffict_Accident
AIRFLOW_CTX_TASK_ID=Extract_Data
AIRFLOW_CTX_EXECUTION_DATE=2025-05-20T08:57:06.837834+00:00
AIRFLOW_CTX_TRY_NUMBER=1
AIRFLOW_CTX_DAG_RUN_ID=manual__2025-05-20T08:57:06.837834+00:00
[2025-05-20T08:57:08.607+0000] {subprocess.py:62} INFO - Tmp dir root location: 
 /tmp
[2025-05-20T08:57:08.609+0000] {subprocess.py:74} INFO - Running command: ['/bin/bash', '-c', 'sudo -u *** python /opt/***/scripts/Extract_Data.py']
[2025-05-20T08:57:08.617+0000] {subprocess.py:85} INFO - Output:
[2025-05-20T08:57:10.261+0000] {subprocess.py:92} INFO - WARNING: An illegal reflective access operation has occurred
[2025-05-20T08:57:10.261+0000] {subprocess.py:92} INFO - WARNING: Illegal reflective access by org.apache.spark.unsafe.Platform (file:/home/***/.local/lib/python3.7/site-packages/pyspark/jars/spark-unsafe_2.12-3.1.2.jar) to constructor java.nio.DirectByteBuffer(long,int)
[2025-05-20T08:57:10.262+0000] {subprocess.py:92} INFO - WARNING: Please consider reporting this to the maintainers of org.apache.spark.unsafe.Platform
[2025-05-20T08:57:10.262+0000] {subprocess.py:92} INFO - WARNING: Use --illegal-access=warn to enable warnings of further illegal reflective access operations
[2025-05-20T08:57:10.263+0000] {subprocess.py:92} INFO - WARNING: All illegal access operations will be denied in a future release
[2025-05-20T08:57:10.420+0000] {subprocess.py:92} INFO - :: loading settings :: url = jar:file:/home/***/.local/lib/python3.7/site-packages/pyspark/jars/ivy-2.4.0.jar!/org/apache/ivy/core/settings/ivysettings.xml
[2025-05-20T08:57:10.488+0000] {subprocess.py:92} INFO - Ivy Default Cache set to: /home/***/.ivy2/cache
[2025-05-20T08:57:10.488+0000] {subprocess.py:92} INFO - The jars for the packages stored in: /home/***/.ivy2/jars
[2025-05-20T08:57:10.491+0000] {subprocess.py:92} INFO - org.postgresql#postgresql added as a dependency
[2025-05-20T08:57:10.492+0000] {subprocess.py:92} INFO - :: resolving dependencies :: org.apache.spark#spark-submit-parent-8d412406-a371-48f4-8faf-744be0bf7071;1.0
[2025-05-20T08:57:10.493+0000] {subprocess.py:92} INFO - 	confs: [default]
[2025-05-20T08:57:12.510+0000] {subprocess.py:92} INFO - 	found org.postgresql#postgresql;42.6.0 in central
[2025-05-20T08:57:13.582+0000] {subprocess.py:92} INFO - 	found org.checkerframework#checker-qual;3.31.0 in central
[2025-05-20T08:57:13.596+0000] {subprocess.py:92} INFO - downloading https://repo1.maven.org/maven2/org/postgresql/postgresql/42.6.0/postgresql-42.6.0.jar ...
[2025-05-20T08:57:14.533+0000] {local_task_job.py:84} ERROR - Received SIGTERM. Terminating subprocesses
[2025-05-20T08:57:14.539+0000] {process_utils.py:129} INFO - Sending Signals.SIGTERM to group 243. PIDs of all processes in the group: [246, 247, 291, 243]
[2025-05-20T08:57:14.540+0000] {process_utils.py:80} INFO - Sending the signal Signals.SIGTERM to group 243
[2025-05-20T08:57:14.540+0000] {taskinstance.py:1553} ERROR - Received SIGTERM. Terminating subprocesses.
[2025-05-20T08:57:14.542+0000] {subprocess.py:103} INFO - Sending SIGTERM signal to process group
[2025-05-20T08:57:14.562+0000] {taskinstance.py:1902} ERROR - Task failed with exception
Traceback (most recent call last):
  File "/home/airflow/.local/lib/python3.7/site-packages/airflow/operators/bash.py", line 191, in execute
    cwd=self.cwd,
  File "/home/airflow/.local/lib/python3.7/site-packages/airflow/hooks/subprocess.py", line 90, in run_command
    for raw_line in iter(self.sub_process.stdout.readline, b''):
  File "/home/airflow/.local/lib/python3.7/site-packages/airflow/models/taskinstance.py", line 1555, in signal_handler
    raise AirflowException("Task received SIGTERM signal")
airflow.exceptions.AirflowException: Task received SIGTERM signal
[2025-05-20T08:57:14.567+0000] {taskinstance.py:1412} INFO - Marking task as UP_FOR_RETRY. dag_id=Scheduler_Traffict_Accident, task_id=Extract_Data, execution_date=20250520T085706, start_date=20250520T085708, end_date=20250520T085714
[2025-05-20T08:57:14.580+0000] {standard_task_runner.py:97} ERROR - Failed to execute job 3 for task Extract_Data (Task received SIGTERM signal; 243)
[2025-05-20T08:57:14.594+0000] {process_utils.py:75} INFO - Process psutil.Process(pid=246, status='terminated', started='08:57:07') (246) terminated with exit code None
[2025-05-20T08:57:14.595+0000] {process_utils.py:75} INFO - Process psutil.Process(pid=247, status='terminated', started='08:57:07') (247) terminated with exit code None
[2025-05-20T08:57:14.597+0000] {process_utils.py:75} INFO - Process psutil.Process(pid=291, status='terminated', started='08:57:08') (291) terminated with exit code None
[2025-05-20T08:57:14.598+0000] {process_utils.py:75} INFO - Process psutil.Process(pid=243, status='terminated', exitcode=1, started='08:57:07') (243) terminated with exit code 1
[2025-05-20T08:57:14.599+0000] {local_task_job.py:156} INFO - Task exited with return code 143
[2025-05-20T08:57:14.636+0000] {local_task_job.py:279} INFO - 0 downstream tasks scheduled from follow-on schedule check
