[2025-05-22T18:00:00.338+0000] {taskinstance.py:1159} INFO - Dependencies all met for dep_context=non-requeueable deps ti=<TaskInstance: Scheduler_Traffict_Accident.Extract_Data scheduled__2025-05-22T17:45:00+00:00 [queued]>
[2025-05-22T18:00:00.351+0000] {taskinstance.py:1159} INFO - Dependencies all met for dep_context=requeueable deps ti=<TaskInstance: Scheduler_Traffict_Accident.Extract_Data scheduled__2025-05-22T17:45:00+00:00 [queued]>
[2025-05-22T18:00:00.356+0000] {taskinstance.py:1361} INFO - Starting attempt 1 of 2
[2025-05-22T18:00:00.370+0000] {taskinstance.py:1382} INFO - Executing <Task(BashOperator): Extract_Data> on 2025-05-22 17:45:00+00:00
[2025-05-22T18:00:00.375+0000] {standard_task_runner.py:57} INFO - Started process 2666 to run task
[2025-05-22T18:00:00.378+0000] {standard_task_runner.py:84} INFO - Running: ['***', 'tasks', 'run', 'Scheduler_Traffict_Accident', 'Extract_Data', 'scheduled__2025-05-22T17:45:00+00:00', '--job-id', '11', '--raw', '--subdir', 'DAGS_FOLDER/Scheduler_Traffict_Accident.py', '--cfg-path', '/tmp/tmpwrb9liir']
[2025-05-22T18:00:00.382+0000] {standard_task_runner.py:85} INFO - Job 11: Subtask Extract_Data
[2025-05-22T18:00:00.432+0000] {task_command.py:416} INFO - Running <TaskInstance: Scheduler_Traffict_Accident.Extract_Data scheduled__2025-05-22T17:45:00+00:00 [running]> on host 2d3af573cb97
[2025-05-22T18:00:00.502+0000] {taskinstance.py:1662} INFO - Exporting env vars: AIRFLOW_CTX_DAG_OWNER='Hisham' AIRFLOW_CTX_DAG_ID='Scheduler_Traffict_Accident' AIRFLOW_CTX_TASK_ID='Extract_Data' AIRFLOW_CTX_EXECUTION_DATE='2025-05-22T17:45:00+00:00' AIRFLOW_CTX_TRY_NUMBER='1' AIRFLOW_CTX_DAG_RUN_ID='scheduled__2025-05-22T17:45:00+00:00'
[2025-05-22T18:00:00.504+0000] {subprocess.py:63} INFO - Tmp dir root location: /tmp
[2025-05-22T18:00:00.505+0000] {subprocess.py:75} INFO - Running command: ['/bin/bash', '-c', 'sudo -u *** python /opt/***/scripts/Extract_Data.py']
[2025-05-22T18:00:00.514+0000] {subprocess.py:86} INFO - Output:
[2025-05-22T18:00:02.417+0000] {subprocess.py:93} INFO - WARNING: An illegal reflective access operation has occurred
[2025-05-22T18:00:02.418+0000] {subprocess.py:93} INFO - WARNING: Illegal reflective access by org.apache.spark.unsafe.Platform (file:/home/***/.local/lib/python3.11/site-packages/pyspark/jars/spark-unsafe_2.12-3.1.2.jar) to constructor java.nio.DirectByteBuffer(long,int)
[2025-05-22T18:00:02.420+0000] {subprocess.py:93} INFO - WARNING: Please consider reporting this to the maintainers of org.apache.spark.unsafe.Platform
[2025-05-22T18:00:02.421+0000] {subprocess.py:93} INFO - WARNING: Use --illegal-access=warn to enable warnings of further illegal reflective access operations
[2025-05-22T18:00:02.421+0000] {subprocess.py:93} INFO - WARNING: All illegal access operations will be denied in a future release
[2025-05-22T18:00:02.547+0000] {subprocess.py:93} INFO - :: loading settings :: url = jar:file:/home/***/.local/lib/python3.11/site-packages/pyspark/jars/ivy-2.4.0.jar!/org/apache/ivy/core/settings/ivysettings.xml
[2025-05-22T18:00:02.609+0000] {subprocess.py:93} INFO - Ivy Default Cache set to: /home/***/.ivy2/cache
[2025-05-22T18:00:02.610+0000] {subprocess.py:93} INFO - The jars for the packages stored in: /home/***/.ivy2/jars
[2025-05-22T18:00:02.613+0000] {subprocess.py:93} INFO - org.postgresql#postgresql added as a dependency
[2025-05-22T18:00:02.614+0000] {subprocess.py:93} INFO - :: resolving dependencies :: org.apache.spark#spark-submit-parent-b67b29fd-de93-4aef-8f2f-b34121c389a8;1.0
[2025-05-22T18:00:02.614+0000] {subprocess.py:93} INFO - 	confs: [default]
[2025-05-22T18:00:02.700+0000] {subprocess.py:93} INFO - 	found org.postgresql#postgresql;42.6.0 in central
[2025-05-22T18:00:02.717+0000] {subprocess.py:93} INFO - 	found org.checkerframework#checker-qual;3.31.0 in central
[2025-05-22T18:00:02.728+0000] {subprocess.py:93} INFO - :: resolution report :: resolve 111ms :: artifacts dl 4ms
[2025-05-22T18:00:02.729+0000] {subprocess.py:93} INFO - 	:: modules in use:
[2025-05-22T18:00:02.730+0000] {subprocess.py:93} INFO - 	org.checkerframework#checker-qual;3.31.0 from central in [default]
[2025-05-22T18:00:02.731+0000] {subprocess.py:93} INFO - 	org.postgresql#postgresql;42.6.0 from central in [default]
[2025-05-22T18:00:02.731+0000] {subprocess.py:93} INFO - 	---------------------------------------------------------------------
[2025-05-22T18:00:02.732+0000] {subprocess.py:93} INFO - 	|                  |            modules            ||   artifacts   |
[2025-05-22T18:00:02.733+0000] {subprocess.py:93} INFO - 	|       conf       | number| search|dwnlded|evicted|| number|dwnlded|
[2025-05-22T18:00:02.734+0000] {subprocess.py:93} INFO - 	---------------------------------------------------------------------
[2025-05-22T18:00:02.734+0000] {subprocess.py:93} INFO - 	|      default     |   2   |   0   |   0   |   0   ||   2   |   0   |
[2025-05-22T18:00:02.735+0000] {subprocess.py:93} INFO - 	---------------------------------------------------------------------
[2025-05-22T18:00:02.736+0000] {subprocess.py:93} INFO - :: retrieving :: org.apache.spark#spark-submit-parent-b67b29fd-de93-4aef-8f2f-b34121c389a8
[2025-05-22T18:00:02.737+0000] {subprocess.py:93} INFO - 	confs: [default]
[2025-05-22T18:00:02.737+0000] {subprocess.py:93} INFO - 	0 artifacts copied, 2 already retrieved (0kB/4ms)
[2025-05-22T18:00:02.895+0000] {subprocess.py:93} INFO - 25/05/22 18:00:02 WARN NativeCodeLoader: Unable to load native-hadoop library for your platform... using builtin-java classes where applicable
[2025-05-22T18:00:03.114+0000] {subprocess.py:93} INFO - Using Spark's default log4j profile: org/apache/spark/log4j-defaults.properties
[2025-05-22T18:00:03.114+0000] {subprocess.py:93} INFO - Setting default log level to "WARN".
[2025-05-22T18:00:03.115+0000] {subprocess.py:93} INFO - To adjust logging level use sc.setLogLevel(newLevel). For SparkR, use setLogLevel(newLevel).
[2025-05-22T18:00:06.954+0000] {subprocess.py:93} INFO - Path to dataset files: /home/***/.cache/kagglehub/datasets/oktayrdeki/traffic-accidents/versions/1
[2025-05-22T18:00:06.954+0000] {subprocess.py:93} INFO - Path to dataset files: /opt/***/data
[2025-05-22T18:00:07.440+0000] {subprocess.py:97} INFO - Command exited with return code 0
[2025-05-22T18:00:07.471+0000] {taskinstance.py:1400} INFO - Marking task as SUCCESS. dag_id=Scheduler_Traffict_Accident, task_id=Extract_Data, execution_date=20250522T174500, start_date=20250522T180000, end_date=20250522T180007
[2025-05-22T18:00:07.519+0000] {local_task_job_runner.py:228} INFO - Task exited with return code 0
[2025-05-22T18:00:07.557+0000] {taskinstance.py:2778} INFO - 1 downstream tasks scheduled from follow-on schedule check
