[2025-05-20T15:00:00.806+0000] {taskinstance.py:1171} INFO - Dependencies all met for <TaskInstance: Scheduler_Traffict_Accident.Extract_Data scheduled__2025-05-20T14:45:00+00:00 [queued]>
[2025-05-20T15:00:00.826+0000] {taskinstance.py:1171} INFO - Dependencies all met for <TaskInstance: Scheduler_Traffict_Accident.Extract_Data scheduled__2025-05-20T14:45:00+00:00 [queued]>
[2025-05-20T15:00:00.827+0000] {taskinstance.py:1368} INFO - 
--------------------------------------------------------------------------------
[2025-05-20T15:00:00.828+0000] {taskinstance.py:1369} INFO - Starting attempt 1 of 2
[2025-05-20T15:00:00.829+0000] {taskinstance.py:1370} INFO - 
--------------------------------------------------------------------------------
[2025-05-20T15:00:00.848+0000] {taskinstance.py:1389} INFO - Executing <Task(BashOperator): Extract_Data> on 2025-05-20 14:45:00+00:00
[2025-05-20T15:00:00.854+0000] {standard_task_runner.py:52} INFO - Started process 1346 to run task
[2025-05-20T15:00:00.858+0000] {standard_task_runner.py:79} INFO - Running: ['***', 'tasks', 'run', 'Scheduler_Traffict_Accident', 'Extract_Data', 'scheduled__2025-05-20T14:45:00+00:00', '--job-id', '6', '--raw', '--subdir', 'DAGS_FOLDER/Scheduler_Traffict_Accident.py', '--cfg-path', '/tmp/tmpbyr2l2qm', '--error-file', '/tmp/tmp3vkw35t4']
[2025-05-20T15:00:00.860+0000] {standard_task_runner.py:80} INFO - Job 6: Subtask Extract_Data
[2025-05-20T15:00:00.951+0000] {task_command.py:371} INFO - Running <TaskInstance: Scheduler_Traffict_Accident.Extract_Data scheduled__2025-05-20T14:45:00+00:00 [running]> on host 240265f9b255
[2025-05-20T15:00:01.055+0000] {taskinstance.py:1583} INFO - Exporting the following env vars:
AIRFLOW_CTX_DAG_OWNER=Hisham
AIRFLOW_CTX_DAG_ID=Scheduler_Traffict_Accident
AIRFLOW_CTX_TASK_ID=Extract_Data
AIRFLOW_CTX_EXECUTION_DATE=2025-05-20T14:45:00+00:00
AIRFLOW_CTX_TRY_NUMBER=1
AIRFLOW_CTX_DAG_RUN_ID=scheduled__2025-05-20T14:45:00+00:00
[2025-05-20T15:00:01.057+0000] {subprocess.py:62} INFO - Tmp dir root location: 
 /tmp
[2025-05-20T15:00:01.059+0000] {subprocess.py:74} INFO - Running command: ['/bin/bash', '-c', 'sudo -u *** python /opt/***/scripts/Extract_Data.py']
[2025-05-20T15:00:01.072+0000] {subprocess.py:85} INFO - Output:
[2025-05-20T15:00:02.670+0000] {subprocess.py:92} INFO - WARNING: An illegal reflective access operation has occurred
[2025-05-20T15:00:02.671+0000] {subprocess.py:92} INFO - WARNING: Illegal reflective access by org.apache.spark.unsafe.Platform (file:/home/***/.local/lib/python3.7/site-packages/pyspark/jars/spark-unsafe_2.12-3.1.2.jar) to constructor java.nio.DirectByteBuffer(long,int)
[2025-05-20T15:00:02.672+0000] {subprocess.py:92} INFO - WARNING: Please consider reporting this to the maintainers of org.apache.spark.unsafe.Platform
[2025-05-20T15:00:02.672+0000] {subprocess.py:92} INFO - WARNING: Use --illegal-access=warn to enable warnings of further illegal reflective access operations
[2025-05-20T15:00:02.673+0000] {subprocess.py:92} INFO - WARNING: All illegal access operations will be denied in a future release
[2025-05-20T15:00:02.802+0000] {subprocess.py:92} INFO - :: loading settings :: url = jar:file:/home/***/.local/lib/python3.7/site-packages/pyspark/jars/ivy-2.4.0.jar!/org/apache/ivy/core/settings/ivysettings.xml
[2025-05-20T15:00:02.866+0000] {subprocess.py:92} INFO - Ivy Default Cache set to: /home/***/.ivy2/cache
[2025-05-20T15:00:02.867+0000] {subprocess.py:92} INFO - The jars for the packages stored in: /home/***/.ivy2/jars
[2025-05-20T15:00:02.869+0000] {subprocess.py:92} INFO - org.postgresql#postgresql added as a dependency
[2025-05-20T15:00:02.870+0000] {subprocess.py:92} INFO - :: resolving dependencies :: org.apache.spark#spark-submit-parent-902a75eb-bec7-461c-a341-c73d5afd306a;1.0
[2025-05-20T15:00:02.871+0000] {subprocess.py:92} INFO - 	confs: [default]
[2025-05-20T15:00:02.957+0000] {subprocess.py:92} INFO - 	found org.postgresql#postgresql;42.6.0 in central
[2025-05-20T15:00:02.976+0000] {subprocess.py:92} INFO - 	found org.checkerframework#checker-qual;3.31.0 in central
[2025-05-20T15:00:02.990+0000] {subprocess.py:92} INFO - :: resolution report :: resolve 115ms :: artifacts dl 4ms
[2025-05-20T15:00:02.991+0000] {subprocess.py:92} INFO - 	:: modules in use:
[2025-05-20T15:00:02.991+0000] {subprocess.py:92} INFO - 	org.checkerframework#checker-qual;3.31.0 from central in [default]
[2025-05-20T15:00:02.992+0000] {subprocess.py:92} INFO - 	org.postgresql#postgresql;42.6.0 from central in [default]
[2025-05-20T15:00:02.993+0000] {subprocess.py:92} INFO - 	---------------------------------------------------------------------
[2025-05-20T15:00:02.994+0000] {subprocess.py:92} INFO - 	|                  |            modules            ||   artifacts   |
[2025-05-20T15:00:02.994+0000] {subprocess.py:92} INFO - 	|       conf       | number| search|dwnlded|evicted|| number|dwnlded|
[2025-05-20T15:00:02.995+0000] {subprocess.py:92} INFO - 	---------------------------------------------------------------------
[2025-05-20T15:00:02.996+0000] {subprocess.py:92} INFO - 	|      default     |   2   |   0   |   0   |   0   ||   2   |   0   |
[2025-05-20T15:00:02.996+0000] {subprocess.py:92} INFO - 	---------------------------------------------------------------------
[2025-05-20T15:00:02.997+0000] {subprocess.py:92} INFO - :: retrieving :: org.apache.spark#spark-submit-parent-902a75eb-bec7-461c-a341-c73d5afd306a
[2025-05-20T15:00:02.997+0000] {subprocess.py:92} INFO - 	confs: [default]
[2025-05-20T15:00:02.998+0000] {subprocess.py:92} INFO - 	0 artifacts copied, 2 already retrieved (0kB/6ms)
[2025-05-20T15:00:03.163+0000] {subprocess.py:92} INFO - 25/05/20 15:00:03 WARN NativeCodeLoader: Unable to load native-hadoop library for your platform... using builtin-java classes where applicable
[2025-05-20T15:00:03.385+0000] {subprocess.py:92} INFO - Using Spark's default log4j profile: org/apache/spark/log4j-defaults.properties
[2025-05-20T15:00:03.386+0000] {subprocess.py:92} INFO - Setting default log level to "WARN".
[2025-05-20T15:00:03.388+0000] {subprocess.py:92} INFO - To adjust logging level use sc.setLogLevel(newLevel). For SparkR, use setLogLevel(newLevel).
[2025-05-20T15:00:05.806+0000] {subprocess.py:92} INFO - Warning: Looks like you're using an outdated `kagglehub` version, please consider updating (latest version: 0.3.12)
[2025-05-20T15:00:06.789+0000] {subprocess.py:92} INFO - Path to dataset files: /home/***/.cache/kagglehub/datasets/oktayrdeki/traffic-accidents/versions/1
[2025-05-20T15:00:06.790+0000] {subprocess.py:92} INFO - Path to dataset files: /opt/***/data
[2025-05-20T15:00:07.268+0000] {subprocess.py:96} INFO - Command exited with return code 0
[2025-05-20T15:00:07.319+0000] {taskinstance.py:1412} INFO - Marking task as SUCCESS. dag_id=Scheduler_Traffict_Accident, task_id=Extract_Data, execution_date=20250520T144500, start_date=20250520T150000, end_date=20250520T150007
[2025-05-20T15:00:07.385+0000] {local_task_job.py:156} INFO - Task exited with return code 0
[2025-05-20T15:00:07.440+0000] {local_task_job.py:279} INFO - 1 downstream tasks scheduled from follow-on schedule check
