[2025-05-14T17:29:37.834+0000] {taskinstance.py:1171} INFO - Dependencies all met for <TaskInstance: Sales_Performance_ETL.Transform_Data scheduled__2025-05-14T17:20:00+00:00 [queued]>
[2025-05-14T17:29:37.862+0000] {taskinstance.py:1171} INFO - Dependencies all met for <TaskInstance: Sales_Performance_ETL.Transform_Data scheduled__2025-05-14T17:20:00+00:00 [queued]>
[2025-05-14T17:29:37.863+0000] {taskinstance.py:1368} INFO - 
--------------------------------------------------------------------------------
[2025-05-14T17:29:37.864+0000] {taskinstance.py:1369} INFO - Starting attempt 1 of 2
[2025-05-14T17:29:37.864+0000] {taskinstance.py:1370} INFO - 
--------------------------------------------------------------------------------
[2025-05-14T17:29:37.894+0000] {taskinstance.py:1389} INFO - Executing <Task(BashOperator): Transform_Data> on 2025-05-14 17:20:00+00:00
[2025-05-14T17:29:37.910+0000] {standard_task_runner.py:52} INFO - Started process 39181 to run task
[2025-05-14T17:29:37.917+0000] {standard_task_runner.py:79} INFO - Running: ['***', 'tasks', 'run', 'Sales_Performance_ETL', 'Transform_Data', 'scheduled__2025-05-14T17:20:00+00:00', '--job-id', '174', '--raw', '--subdir', 'DAGS_FOLDER/P2M3_Hisham_Audiputra_Suharto_DAG.py', '--cfg-path', '/tmp/tmp3s1af1of', '--error-file', '/tmp/tmpdhw1z61j']
[2025-05-14T17:29:37.919+0000] {standard_task_runner.py:80} INFO - Job 174: Subtask Transform_Data
[2025-05-14T17:29:38.102+0000] {task_command.py:371} INFO - Running <TaskInstance: Sales_Performance_ETL.Transform_Data scheduled__2025-05-14T17:20:00+00:00 [running]> on host 2ca7303636ab
[2025-05-14T17:29:38.221+0000] {taskinstance.py:1583} INFO - Exporting the following env vars:
AIRFLOW_CTX_DAG_OWNER=Hisham
AIRFLOW_CTX_DAG_ID=Sales_Performance_ETL
AIRFLOW_CTX_TASK_ID=Transform_Data
AIRFLOW_CTX_EXECUTION_DATE=2025-05-14T17:20:00+00:00
AIRFLOW_CTX_TRY_NUMBER=1
AIRFLOW_CTX_DAG_RUN_ID=scheduled__2025-05-14T17:20:00+00:00
[2025-05-14T17:29:38.223+0000] {subprocess.py:62} INFO - Tmp dir root location: 
 /tmp
[2025-05-14T17:29:38.225+0000] {subprocess.py:74} INFO - Running command: ['/bin/bash', '-c', 'sudo -u *** python /opt/***/scripts/Transform_Data.py']
[2025-05-14T17:29:38.236+0000] {subprocess.py:85} INFO - Output:
[2025-05-14T17:29:41.092+0000] {subprocess.py:92} INFO - WARNING: An illegal reflective access operation has occurred
[2025-05-14T17:29:41.095+0000] {subprocess.py:92} INFO - WARNING: Illegal reflective access by org.apache.spark.unsafe.Platform (file:/home/***/.local/lib/python3.7/site-packages/pyspark/jars/spark-unsafe_2.12-3.1.2.jar) to constructor java.nio.DirectByteBuffer(long,int)
[2025-05-14T17:29:41.097+0000] {subprocess.py:92} INFO - WARNING: Please consider reporting this to the maintainers of org.apache.spark.unsafe.Platform
[2025-05-14T17:29:41.098+0000] {subprocess.py:92} INFO - WARNING: Use --illegal-access=warn to enable warnings of further illegal reflective access operations
[2025-05-14T17:29:41.098+0000] {subprocess.py:92} INFO - WARNING: All illegal access operations will be denied in a future release
[2025-05-14T17:29:41.282+0000] {subprocess.py:92} INFO - :: loading settings :: url = jar:file:/home/***/.local/lib/python3.7/site-packages/pyspark/jars/ivy-2.4.0.jar!/org/apache/ivy/core/settings/ivysettings.xml
[2025-05-14T17:29:41.371+0000] {subprocess.py:92} INFO - Ivy Default Cache set to: /home/***/.ivy2/cache
[2025-05-14T17:29:41.372+0000] {subprocess.py:92} INFO - The jars for the packages stored in: /home/***/.ivy2/jars
[2025-05-14T17:29:41.377+0000] {subprocess.py:92} INFO - org.postgresql#postgresql added as a dependency
[2025-05-14T17:29:41.378+0000] {subprocess.py:92} INFO - :: resolving dependencies :: org.apache.spark#spark-submit-parent-f07ad2f9-fa72-4470-bd70-5f4f9ca9d2fd;1.0
[2025-05-14T17:29:41.379+0000] {subprocess.py:92} INFO - 	confs: [default]
[2025-05-14T17:29:41.494+0000] {subprocess.py:92} INFO - 	found org.postgresql#postgresql;42.6.0 in central
[2025-05-14T17:29:41.522+0000] {subprocess.py:92} INFO - 	found org.checkerframework#checker-qual;3.31.0 in central
[2025-05-14T17:29:41.543+0000] {subprocess.py:92} INFO - :: resolution report :: resolve 156ms :: artifacts dl 7ms
[2025-05-14T17:29:41.544+0000] {subprocess.py:92} INFO - 	:: modules in use:
[2025-05-14T17:29:41.544+0000] {subprocess.py:92} INFO - 	org.checkerframework#checker-qual;3.31.0 from central in [default]
[2025-05-14T17:29:41.545+0000] {subprocess.py:92} INFO - 	org.postgresql#postgresql;42.6.0 from central in [default]
[2025-05-14T17:29:41.547+0000] {subprocess.py:92} INFO - 	---------------------------------------------------------------------
[2025-05-14T17:29:41.548+0000] {subprocess.py:92} INFO - 	|                  |            modules            ||   artifacts   |
[2025-05-14T17:29:41.549+0000] {subprocess.py:92} INFO - 	|       conf       | number| search|dwnlded|evicted|| number|dwnlded|
[2025-05-14T17:29:41.549+0000] {subprocess.py:92} INFO - 	---------------------------------------------------------------------
[2025-05-14T17:29:41.550+0000] {subprocess.py:92} INFO - 	|      default     |   2   |   0   |   0   |   0   ||   2   |   0   |
[2025-05-14T17:29:41.551+0000] {subprocess.py:92} INFO - 	---------------------------------------------------------------------
[2025-05-14T17:29:41.551+0000] {subprocess.py:92} INFO - :: retrieving :: org.apache.spark#spark-submit-parent-f07ad2f9-fa72-4470-bd70-5f4f9ca9d2fd
[2025-05-14T17:29:41.552+0000] {subprocess.py:92} INFO - 	confs: [default]
[2025-05-14T17:29:41.554+0000] {subprocess.py:92} INFO - 	0 artifacts copied, 2 already retrieved (0kB/6ms)
[2025-05-14T17:29:41.884+0000] {subprocess.py:92} INFO - 25/05/14 17:29:41 WARN NativeCodeLoader: Unable to load native-hadoop library for your platform... using builtin-java classes where applicable
[2025-05-14T17:29:42.484+0000] {subprocess.py:92} INFO - Using Spark's default log4j profile: org/apache/spark/log4j-defaults.properties
[2025-05-14T17:29:42.485+0000] {subprocess.py:92} INFO - Setting default log level to "WARN".
[2025-05-14T17:29:42.486+0000] {subprocess.py:92} INFO - To adjust logging level use sc.setLogLevel(newLevel). For SparkR, use setLogLevel(newLevel).
