[2025-05-14T13:25:01.339+0000] {taskinstance.py:1171} INFO - Dependencies all met for <TaskInstance: Sales_Performance_ETL.Extract_Data scheduled__2025-05-14T13:20:00+00:00 [queued]>
[2025-05-14T13:25:01.359+0000] {taskinstance.py:1171} INFO - Dependencies all met for <TaskInstance: Sales_Performance_ETL.Extract_Data scheduled__2025-05-14T13:20:00+00:00 [queued]>
[2025-05-14T13:25:01.364+0000] {taskinstance.py:1368} INFO - 
--------------------------------------------------------------------------------
[2025-05-14T13:25:01.368+0000] {taskinstance.py:1369} INFO - Starting attempt 1 of 2
[2025-05-14T13:25:01.371+0000] {taskinstance.py:1370} INFO - 
--------------------------------------------------------------------------------
[2025-05-14T13:25:01.400+0000] {taskinstance.py:1389} INFO - Executing <Task(BashOperator): Extract_Data> on 2025-05-14 13:20:00+00:00
[2025-05-14T13:25:01.411+0000] {standard_task_runner.py:52} INFO - Started process 9123 to run task
[2025-05-14T13:25:01.416+0000] {standard_task_runner.py:79} INFO - Running: ['***', 'tasks', 'run', 'Sales_Performance_ETL', 'Extract_Data', 'scheduled__2025-05-14T13:20:00+00:00', '--job-id', '39', '--raw', '--subdir', 'DAGS_FOLDER/P2M3_Hisham_Audiputra_Suharto_DAG.py', '--cfg-path', '/tmp/tmp702gkap5', '--error-file', '/tmp/tmpl8g13xox']
[2025-05-14T13:25:01.419+0000] {standard_task_runner.py:80} INFO - Job 39: Subtask Extract_Data
[2025-05-14T13:25:01.508+0000] {task_command.py:371} INFO - Running <TaskInstance: Sales_Performance_ETL.Extract_Data scheduled__2025-05-14T13:20:00+00:00 [running]> on host 2ca7303636ab
[2025-05-14T13:25:01.599+0000] {taskinstance.py:1583} INFO - Exporting the following env vars:
AIRFLOW_CTX_DAG_OWNER=Hisham
AIRFLOW_CTX_DAG_ID=Sales_Performance_ETL
AIRFLOW_CTX_TASK_ID=Extract_Data
AIRFLOW_CTX_EXECUTION_DATE=2025-05-14T13:20:00+00:00
AIRFLOW_CTX_TRY_NUMBER=1
AIRFLOW_CTX_DAG_RUN_ID=scheduled__2025-05-14T13:20:00+00:00
[2025-05-14T13:25:01.601+0000] {subprocess.py:62} INFO - Tmp dir root location: 
 /tmp
[2025-05-14T13:25:01.605+0000] {subprocess.py:74} INFO - Running command: ['/bin/bash', '-c', 'sudo -u *** python /opt/***/scripts/Extract_Data.py']
[2025-05-14T13:25:01.617+0000] {subprocess.py:85} INFO - Output:
[2025-05-14T13:25:02.643+0000] {subprocess.py:92} INFO - Warning: Looks like you're using an outdated `kagglehub` version, please consider updating (latest version: 0.3.12)
[2025-05-14T13:25:02.702+0000] {subprocess.py:92} INFO - Path to dataset files: /home/***/.cache/kagglehub/datasets/zahidmughal2343/supplement-sales-data/versions/1
[2025-05-14T13:25:02.704+0000] {subprocess.py:92} INFO - Path to dataset files: /home/***/.cache/kagglehub/datasets/zahidmughal2343/supplement-sales-data/versions/1
[2025-05-14T13:25:02.731+0000] {subprocess.py:96} INFO - Command exited with return code 0
[2025-05-14T13:25:02.770+0000] {taskinstance.py:1412} INFO - Marking task as SUCCESS. dag_id=Sales_Performance_ETL, task_id=Extract_Data, execution_date=20250514T132000, start_date=20250514T132501, end_date=20250514T132502
[2025-05-14T13:25:02.798+0000] {local_task_job.py:156} INFO - Task exited with return code 0
[2025-05-14T13:25:02.855+0000] {local_task_job.py:279} INFO - 1 downstream tasks scheduled from follow-on schedule check
