[2025-05-23T06:35:51.050+0000] {taskinstance.py:1159} INFO - Dependencies all met for dep_context=non-requeueable deps ti=<TaskInstance: Scheduler_Traffict_Accident.Extract_Data scheduled__2025-05-22T17:30:00+00:00 [queued]>
[2025-05-23T06:35:51.086+0000] {taskinstance.py:1159} INFO - Dependencies all met for dep_context=requeueable deps ti=<TaskInstance: Scheduler_Traffict_Accident.Extract_Data scheduled__2025-05-22T17:30:00+00:00 [queued]>
[2025-05-23T06:35:51.097+0000] {taskinstance.py:1361} INFO - Starting attempt 2 of 2
[2025-05-23T06:35:51.176+0000] {taskinstance.py:1382} INFO - Executing <Task(BashOperator): Extract_Data> on 2025-05-22 17:30:00+00:00
[2025-05-23T06:35:51.196+0000] {standard_task_runner.py:57} INFO - Started process 6952 to run task
[2025-05-23T06:35:51.207+0000] {standard_task_runner.py:84} INFO - Running: ['***', 'tasks', 'run', 'Scheduler_Traffict_Accident', 'Extract_Data', 'scheduled__2025-05-22T17:30:00+00:00', '--job-id', '27', '--raw', '--subdir', 'DAGS_FOLDER/Scheduler_Traffict_Accident.py', '--cfg-path', '/tmp/tmp4ntpz7ur']
[2025-05-23T06:35:51.229+0000] {standard_task_runner.py:85} INFO - Job 27: Subtask Extract_Data
[2025-05-23T06:35:51.387+0000] {task_command.py:416} INFO - Running <TaskInstance: Scheduler_Traffict_Accident.Extract_Data scheduled__2025-05-22T17:30:00+00:00 [running]> on host 2d3af573cb97
[2025-05-23T06:35:51.557+0000] {taskinstance.py:1662} INFO - Exporting env vars: AIRFLOW_CTX_DAG_OWNER='Hisham' AIRFLOW_CTX_DAG_ID='Scheduler_Traffict_Accident' AIRFLOW_CTX_TASK_ID='Extract_Data' AIRFLOW_CTX_EXECUTION_DATE='2025-05-22T17:30:00+00:00' AIRFLOW_CTX_TRY_NUMBER='2' AIRFLOW_CTX_DAG_RUN_ID='scheduled__2025-05-22T17:30:00+00:00'
[2025-05-23T06:35:51.572+0000] {subprocess.py:63} INFO - Tmp dir root location: /tmp
[2025-05-23T06:35:51.583+0000] {subprocess.py:75} INFO - Running command: ['/bin/bash', '-c', 'sudo -u *** python /opt/***/scripts/Extract_Data.py']
[2025-05-23T06:35:51.615+0000] {subprocess.py:86} INFO - Output:
[2025-05-23T06:35:54.594+0000] {subprocess.py:93} INFO - WARNING: An illegal reflective access operation has occurred
[2025-05-23T06:35:54.596+0000] {subprocess.py:93} INFO - WARNING: Illegal reflective access by org.apache.spark.unsafe.Platform (file:/home/***/.local/lib/python3.11/site-packages/pyspark/jars/spark-unsafe_2.12-3.1.2.jar) to constructor java.nio.DirectByteBuffer(long,int)
[2025-05-23T06:35:54.597+0000] {subprocess.py:93} INFO - WARNING: Please consider reporting this to the maintainers of org.apache.spark.unsafe.Platform
[2025-05-23T06:35:54.599+0000] {subprocess.py:93} INFO - WARNING: Use --illegal-access=warn to enable warnings of further illegal reflective access operations
[2025-05-23T06:35:54.600+0000] {subprocess.py:93} INFO - WARNING: All illegal access operations will be denied in a future release
[2025-05-23T06:35:54.836+0000] {subprocess.py:93} INFO - :: loading settings :: url = jar:file:/home/***/.local/lib/python3.11/site-packages/pyspark/jars/ivy-2.4.0.jar!/org/apache/ivy/core/settings/ivysettings.xml
[2025-05-23T06:35:54.943+0000] {subprocess.py:93} INFO - Ivy Default Cache set to: /home/***/.ivy2/cache
[2025-05-23T06:35:54.944+0000] {subprocess.py:93} INFO - The jars for the packages stored in: /home/***/.ivy2/jars
[2025-05-23T06:35:54.950+0000] {subprocess.py:93} INFO - org.postgresql#postgresql added as a dependency
[2025-05-23T06:35:54.951+0000] {subprocess.py:93} INFO - :: resolving dependencies :: org.apache.spark#spark-submit-parent-6ddf5b92-26ba-4a92-baea-1ac1dcee1dbe;1.0
[2025-05-23T06:35:54.953+0000] {subprocess.py:93} INFO - 	confs: [default]
[2025-05-23T06:35:55.093+0000] {subprocess.py:93} INFO - 	found org.postgresql#postgresql;42.6.0 in central
[2025-05-23T06:35:55.130+0000] {subprocess.py:93} INFO - 	found org.checkerframework#checker-qual;3.31.0 in central
[2025-05-23T06:35:55.150+0000] {subprocess.py:93} INFO - :: resolution report :: resolve 193ms :: artifacts dl 6ms
[2025-05-23T06:35:55.154+0000] {subprocess.py:93} INFO - 	:: modules in use:
[2025-05-23T06:35:55.155+0000] {subprocess.py:93} INFO - 	org.checkerframework#checker-qual;3.31.0 from central in [default]
[2025-05-23T06:35:55.155+0000] {subprocess.py:93} INFO - 	org.postgresql#postgresql;42.6.0 from central in [default]
[2025-05-23T06:35:55.156+0000] {subprocess.py:93} INFO - 	---------------------------------------------------------------------
[2025-05-23T06:35:55.156+0000] {subprocess.py:93} INFO - 	|                  |            modules            ||   artifacts   |
[2025-05-23T06:35:55.157+0000] {subprocess.py:93} INFO - 	|       conf       | number| search|dwnlded|evicted|| number|dwnlded|
[2025-05-23T06:35:55.157+0000] {subprocess.py:93} INFO - 	---------------------------------------------------------------------
[2025-05-23T06:35:55.158+0000] {subprocess.py:93} INFO - 	|      default     |   2   |   0   |   0   |   0   ||   2   |   0   |
[2025-05-23T06:35:55.158+0000] {subprocess.py:93} INFO - 	---------------------------------------------------------------------
[2025-05-23T06:35:55.158+0000] {subprocess.py:93} INFO - :: retrieving :: org.apache.spark#spark-submit-parent-6ddf5b92-26ba-4a92-baea-1ac1dcee1dbe
[2025-05-23T06:35:55.159+0000] {subprocess.py:93} INFO - 	confs: [default]
[2025-05-23T06:35:55.160+0000] {subprocess.py:93} INFO - 	0 artifacts copied, 2 already retrieved (0kB/6ms)
[2025-05-23T06:35:55.417+0000] {subprocess.py:93} INFO - 25/05/23 06:35:55 WARN NativeCodeLoader: Unable to load native-hadoop library for your platform... using builtin-java classes where applicable
[2025-05-23T06:35:55.776+0000] {subprocess.py:93} INFO - Using Spark's default log4j profile: org/apache/spark/log4j-defaults.properties
[2025-05-23T06:35:55.777+0000] {subprocess.py:93} INFO - Setting default log level to "WARN".
[2025-05-23T06:35:55.778+0000] {subprocess.py:93} INFO - To adjust logging level use sc.setLogLevel(newLevel). For SparkR, use setLogLevel(newLevel).
[2025-05-23T06:36:04.031+0000] {subprocess.py:93} INFO - Path to dataset files: /home/***/.cache/kagglehub/datasets/oktayrdeki/traffic-accidents/versions/1
[2025-05-23T06:36:04.032+0000] {subprocess.py:93} INFO - Path to dataset files: /opt/***/data
[2025-05-23T06:36:04.681+0000] {subprocess.py:97} INFO - Command exited with return code 0
[2025-05-23T06:36:04.735+0000] {taskinstance.py:1400} INFO - Marking task as SUCCESS. dag_id=Scheduler_Traffict_Accident, task_id=Extract_Data, execution_date=20250522T173000, start_date=20250523T063551, end_date=20250523T063604
[2025-05-23T06:36:04.783+0000] {local_task_job_runner.py:228} INFO - Task exited with return code 0
[2025-05-23T06:36:04.823+0000] {taskinstance.py:2778} INFO - 1 downstream tasks scheduled from follow-on schedule check
