[2025-05-14T14:40:03.795+0000] {taskinstance.py:1171} INFO - Dependencies all met for <TaskInstance: Sales_Performance_ETL.Transform_Data scheduled__2025-05-14T14:35:00+00:00 [queued]>
[2025-05-14T14:40:03.807+0000] {taskinstance.py:1171} INFO - Dependencies all met for <TaskInstance: Sales_Performance_ETL.Transform_Data scheduled__2025-05-14T14:35:00+00:00 [queued]>
[2025-05-14T14:40:03.808+0000] {taskinstance.py:1368} INFO - 
--------------------------------------------------------------------------------
[2025-05-14T14:40:03.810+0000] {taskinstance.py:1369} INFO - Starting attempt 1 of 2
[2025-05-14T14:40:03.810+0000] {taskinstance.py:1370} INFO - 
--------------------------------------------------------------------------------
[2025-05-14T14:40:03.825+0000] {taskinstance.py:1389} INFO - Executing <Task(BashOperator): Transform_Data> on 2025-05-14 14:35:00+00:00
[2025-05-14T14:40:03.831+0000] {standard_task_runner.py:52} INFO - Started process 19419 to run task
[2025-05-14T14:40:03.834+0000] {standard_task_runner.py:79} INFO - Running: ['***', 'tasks', 'run', 'Sales_Performance_ETL', 'Transform_Data', 'scheduled__2025-05-14T14:35:00+00:00', '--job-id', '85', '--raw', '--subdir', 'DAGS_FOLDER/P2M3_Hisham_Audiputra_Suharto_DAG.py', '--cfg-path', '/tmp/tmpzfgae277', '--error-file', '/tmp/tmptnv0ih9i']
[2025-05-14T14:40:03.835+0000] {standard_task_runner.py:80} INFO - Job 85: Subtask Transform_Data
[2025-05-14T14:40:03.900+0000] {task_command.py:371} INFO - Running <TaskInstance: Sales_Performance_ETL.Transform_Data scheduled__2025-05-14T14:35:00+00:00 [running]> on host 2ca7303636ab
[2025-05-14T14:40:03.972+0000] {taskinstance.py:1583} INFO - Exporting the following env vars:
AIRFLOW_CTX_DAG_OWNER=Hisham
AIRFLOW_CTX_DAG_ID=Sales_Performance_ETL
AIRFLOW_CTX_TASK_ID=Transform_Data
AIRFLOW_CTX_EXECUTION_DATE=2025-05-14T14:35:00+00:00
AIRFLOW_CTX_TRY_NUMBER=1
AIRFLOW_CTX_DAG_RUN_ID=scheduled__2025-05-14T14:35:00+00:00
[2025-05-14T14:40:03.973+0000] {subprocess.py:62} INFO - Tmp dir root location: 
 /tmp
[2025-05-14T14:40:03.974+0000] {subprocess.py:74} INFO - Running command: ['/bin/bash', '-c', 'sudo -u *** python /opt/***/scripts/Transform_Data.py']
[2025-05-14T14:40:03.984+0000] {subprocess.py:85} INFO - Output:
[2025-05-14T14:40:05.490+0000] {subprocess.py:92} INFO - WARNING: An illegal reflective access operation has occurred
[2025-05-14T14:40:05.490+0000] {subprocess.py:92} INFO - WARNING: Illegal reflective access by org.apache.spark.unsafe.Platform (file:/home/***/.local/lib/python3.7/site-packages/pyspark/jars/spark-unsafe_2.12-3.1.2.jar) to constructor java.nio.DirectByteBuffer(long,int)
[2025-05-14T14:40:05.491+0000] {subprocess.py:92} INFO - WARNING: Please consider reporting this to the maintainers of org.apache.spark.unsafe.Platform
[2025-05-14T14:40:05.492+0000] {subprocess.py:92} INFO - WARNING: Use --illegal-access=warn to enable warnings of further illegal reflective access operations
[2025-05-14T14:40:05.492+0000] {subprocess.py:92} INFO - WARNING: All illegal access operations will be denied in a future release
[2025-05-14T14:40:05.626+0000] {subprocess.py:92} INFO - :: loading settings :: url = jar:file:/home/***/.local/lib/python3.7/site-packages/pyspark/jars/ivy-2.4.0.jar!/org/apache/ivy/core/settings/ivysettings.xml
[2025-05-14T14:40:05.699+0000] {subprocess.py:92} INFO - Ivy Default Cache set to: /home/***/.ivy2/cache
[2025-05-14T14:40:05.700+0000] {subprocess.py:92} INFO - The jars for the packages stored in: /home/***/.ivy2/jars
[2025-05-14T14:40:05.706+0000] {subprocess.py:92} INFO - org.postgresql#postgresql added as a dependency
[2025-05-14T14:40:05.707+0000] {subprocess.py:92} INFO - :: resolving dependencies :: org.apache.spark#spark-submit-parent-5a76257c-06fd-4de4-894e-c537bc929aef;1.0
[2025-05-14T14:40:05.711+0000] {subprocess.py:92} INFO - 	confs: [default]
[2025-05-14T14:40:05.801+0000] {subprocess.py:92} INFO - 	found org.postgresql#postgresql;42.6.0 in central
[2025-05-14T14:40:05.820+0000] {subprocess.py:92} INFO - 	found org.checkerframework#checker-qual;3.31.0 in central
[2025-05-14T14:40:05.833+0000] {subprocess.py:92} INFO - :: resolution report :: resolve 123ms :: artifacts dl 3ms
[2025-05-14T14:40:05.834+0000] {subprocess.py:92} INFO - 	:: modules in use:
[2025-05-14T14:40:05.834+0000] {subprocess.py:92} INFO - 	org.checkerframework#checker-qual;3.31.0 from central in [default]
[2025-05-14T14:40:05.835+0000] {subprocess.py:92} INFO - 	org.postgresql#postgresql;42.6.0 from central in [default]
[2025-05-14T14:40:05.835+0000] {subprocess.py:92} INFO - 	---------------------------------------------------------------------
[2025-05-14T14:40:05.836+0000] {subprocess.py:92} INFO - 	|                  |            modules            ||   artifacts   |
[2025-05-14T14:40:05.836+0000] {subprocess.py:92} INFO - 	|       conf       | number| search|dwnlded|evicted|| number|dwnlded|
[2025-05-14T14:40:05.837+0000] {subprocess.py:92} INFO - 	---------------------------------------------------------------------
[2025-05-14T14:40:05.837+0000] {subprocess.py:92} INFO - 	|      default     |   2   |   0   |   0   |   0   ||   2   |   0   |
[2025-05-14T14:40:05.838+0000] {subprocess.py:92} INFO - 	---------------------------------------------------------------------
[2025-05-14T14:40:05.838+0000] {subprocess.py:92} INFO - :: retrieving :: org.apache.spark#spark-submit-parent-5a76257c-06fd-4de4-894e-c537bc929aef
[2025-05-14T14:40:05.838+0000] {subprocess.py:92} INFO - 	confs: [default]
[2025-05-14T14:40:05.843+0000] {subprocess.py:92} INFO - 	0 artifacts copied, 2 already retrieved (0kB/6ms)
[2025-05-14T14:40:06.016+0000] {subprocess.py:92} INFO - 25/05/14 14:40:06 WARN NativeCodeLoader: Unable to load native-hadoop library for your platform... using builtin-java classes where applicable
[2025-05-14T14:40:06.238+0000] {subprocess.py:92} INFO - Using Spark's default log4j profile: org/apache/spark/log4j-defaults.properties
[2025-05-14T14:40:06.238+0000] {subprocess.py:92} INFO - Setting default log level to "WARN".
[2025-05-14T14:40:06.239+0000] {subprocess.py:92} INFO - To adjust logging level use sc.setLogLevel(newLevel). For SparkR, use setLogLevel(newLevel).
[2025-05-14T14:40:11.492+0000] {subprocess.py:92} INFO - 25/05/14 14:40:11 WARN WindowExec: No Partition Defined for Window operation! Moving all data to a single partition, this can cause serious performance degradation.
[2025-05-14T14:40:13.060+0000] {subprocess.py:92} INFO - [Stage 3:>                                                          (0 + 1) / 1]                                                                                Saved: /opt/***/data/Supplement_Sales_Weekly_Expanded_Clean.csv
[2025-05-14T14:40:13.496+0000] {subprocess.py:96} INFO - Command exited with return code 0
[2025-05-14T14:40:13.542+0000] {taskinstance.py:1412} INFO - Marking task as SUCCESS. dag_id=Sales_Performance_ETL, task_id=Transform_Data, execution_date=20250514T143500, start_date=20250514T144003, end_date=20250514T144013
[2025-05-14T14:40:13.581+0000] {local_task_job.py:156} INFO - Task exited with return code 0
[2025-05-14T14:40:13.619+0000] {local_task_job.py:279} INFO - 1 downstream tasks scheduled from follow-on schedule check
