[2025-05-14T15:30:13.208+0000] {taskinstance.py:1171} INFO - Dependencies all met for <TaskInstance: Sales_Performance_ETL.Load_Data scheduled__2025-05-14T15:25:00+00:00 [queued]>
[2025-05-14T15:30:13.219+0000] {taskinstance.py:1171} INFO - Dependencies all met for <TaskInstance: Sales_Performance_ETL.Load_Data scheduled__2025-05-14T15:25:00+00:00 [queued]>
[2025-05-14T15:30:13.223+0000] {taskinstance.py:1368} INFO - 
--------------------------------------------------------------------------------
[2025-05-14T15:30:13.224+0000] {taskinstance.py:1369} INFO - Starting attempt 1 of 2
[2025-05-14T15:30:13.225+0000] {taskinstance.py:1370} INFO - 
--------------------------------------------------------------------------------
[2025-05-14T15:30:13.239+0000] {taskinstance.py:1389} INFO - Executing <Task(BashOperator): Load_Data> on 2025-05-14 15:25:00+00:00
[2025-05-14T15:30:13.244+0000] {standard_task_runner.py:52} INFO - Started process 26560 to run task
[2025-05-14T15:30:13.247+0000] {standard_task_runner.py:79} INFO - Running: ['***', 'tasks', 'run', 'Sales_Performance_ETL', 'Load_Data', 'scheduled__2025-05-14T15:25:00+00:00', '--job-id', '116', '--raw', '--subdir', 'DAGS_FOLDER/P2M3_Hisham_Audiputra_Suharto_DAG.py', '--cfg-path', '/tmp/tmprc29jqt9', '--error-file', '/tmp/tmp__w2l3fy']
[2025-05-14T15:30:13.249+0000] {standard_task_runner.py:80} INFO - Job 116: Subtask Load_Data
[2025-05-14T15:30:13.317+0000] {task_command.py:371} INFO - Running <TaskInstance: Sales_Performance_ETL.Load_Data scheduled__2025-05-14T15:25:00+00:00 [running]> on host 2ca7303636ab
[2025-05-14T15:30:13.402+0000] {taskinstance.py:1583} INFO - Exporting the following env vars:
AIRFLOW_CTX_DAG_OWNER=Hisham
AIRFLOW_CTX_DAG_ID=Sales_Performance_ETL
AIRFLOW_CTX_TASK_ID=Load_Data
AIRFLOW_CTX_EXECUTION_DATE=2025-05-14T15:25:00+00:00
AIRFLOW_CTX_TRY_NUMBER=1
AIRFLOW_CTX_DAG_RUN_ID=scheduled__2025-05-14T15:25:00+00:00
[2025-05-14T15:30:13.403+0000] {subprocess.py:62} INFO - Tmp dir root location: 
 /tmp
[2025-05-14T15:30:13.405+0000] {subprocess.py:74} INFO - Running command: ['/bin/bash', '-c', 'sudo -u *** python /opt/***/scripts/Load_Data.py']
[2025-05-14T15:30:13.416+0000] {subprocess.py:85} INFO - Output:
[2025-05-14T15:30:15.165+0000] {subprocess.py:92} INFO - WARNING: An illegal reflective access operation has occurred
[2025-05-14T15:30:15.165+0000] {subprocess.py:92} INFO - WARNING: Illegal reflective access by org.apache.spark.unsafe.Platform (file:/home/***/.local/lib/python3.7/site-packages/pyspark/jars/spark-unsafe_2.12-3.1.2.jar) to constructor java.nio.DirectByteBuffer(long,int)
[2025-05-14T15:30:15.166+0000] {subprocess.py:92} INFO - WARNING: Please consider reporting this to the maintainers of org.apache.spark.unsafe.Platform
[2025-05-14T15:30:15.167+0000] {subprocess.py:92} INFO - WARNING: Use --illegal-access=warn to enable warnings of further illegal reflective access operations
[2025-05-14T15:30:15.167+0000] {subprocess.py:92} INFO - WARNING: All illegal access operations will be denied in a future release
[2025-05-14T15:30:15.297+0000] {subprocess.py:92} INFO - :: loading settings :: url = jar:file:/home/***/.local/lib/python3.7/site-packages/pyspark/jars/ivy-2.4.0.jar!/org/apache/ivy/core/settings/ivysettings.xml
[2025-05-14T15:30:15.362+0000] {subprocess.py:92} INFO - Ivy Default Cache set to: /home/***/.ivy2/cache
[2025-05-14T15:30:15.363+0000] {subprocess.py:92} INFO - The jars for the packages stored in: /home/***/.ivy2/jars
[2025-05-14T15:30:15.366+0000] {subprocess.py:92} INFO - org.postgresql#postgresql added as a dependency
[2025-05-14T15:30:15.367+0000] {subprocess.py:92} INFO - :: resolving dependencies :: org.apache.spark#spark-submit-parent-918b64d7-e686-4f51-ae72-d462dfd91f7e;1.0
[2025-05-14T15:30:15.368+0000] {subprocess.py:92} INFO - 	confs: [default]
[2025-05-14T15:30:15.446+0000] {subprocess.py:92} INFO - 	found org.postgresql#postgresql;42.6.0 in central
[2025-05-14T15:30:15.471+0000] {subprocess.py:92} INFO - 	found org.checkerframework#checker-qual;3.31.0 in central
[2025-05-14T15:30:15.485+0000] {subprocess.py:92} INFO - :: resolution report :: resolve 112ms :: artifacts dl 5ms
[2025-05-14T15:30:15.486+0000] {subprocess.py:92} INFO - 	:: modules in use:
[2025-05-14T15:30:15.487+0000] {subprocess.py:92} INFO - 	org.checkerframework#checker-qual;3.31.0 from central in [default]
[2025-05-14T15:30:15.488+0000] {subprocess.py:92} INFO - 	org.postgresql#postgresql;42.6.0 from central in [default]
[2025-05-14T15:30:15.488+0000] {subprocess.py:92} INFO - 	---------------------------------------------------------------------
[2025-05-14T15:30:15.489+0000] {subprocess.py:92} INFO - 	|                  |            modules            ||   artifacts   |
[2025-05-14T15:30:15.490+0000] {subprocess.py:92} INFO - 	|       conf       | number| search|dwnlded|evicted|| number|dwnlded|
[2025-05-14T15:30:15.490+0000] {subprocess.py:92} INFO - 	---------------------------------------------------------------------
[2025-05-14T15:30:15.491+0000] {subprocess.py:92} INFO - 	|      default     |   2   |   0   |   0   |   0   ||   2   |   0   |
[2025-05-14T15:30:15.491+0000] {subprocess.py:92} INFO - 	---------------------------------------------------------------------
[2025-05-14T15:30:15.492+0000] {subprocess.py:92} INFO - :: retrieving :: org.apache.spark#spark-submit-parent-918b64d7-e686-4f51-ae72-d462dfd91f7e
[2025-05-14T15:30:15.493+0000] {subprocess.py:92} INFO - 	confs: [default]
[2025-05-14T15:30:15.493+0000] {subprocess.py:92} INFO - 	0 artifacts copied, 2 already retrieved (0kB/4ms)
[2025-05-14T15:30:15.663+0000] {subprocess.py:92} INFO - 25/05/14 15:30:15 WARN NativeCodeLoader: Unable to load native-hadoop library for your platform... using builtin-java classes where applicable
[2025-05-14T15:30:15.880+0000] {subprocess.py:92} INFO - Using Spark's default log4j profile: org/apache/spark/log4j-defaults.properties
[2025-05-14T15:30:15.881+0000] {subprocess.py:92} INFO - Setting default log level to "WARN".
[2025-05-14T15:30:15.882+0000] {subprocess.py:92} INFO - To adjust logging level use sc.setLogLevel(newLevel). For SparkR, use setLogLevel(newLevel).
[2025-05-14T15:30:26.522+0000] {subprocess.py:96} INFO - Command exited with return code 0
[2025-05-14T15:30:26.568+0000] {taskinstance.py:1412} INFO - Marking task as SUCCESS. dag_id=Sales_Performance_ETL, task_id=Load_Data, execution_date=20250514T152500, start_date=20250514T153013, end_date=20250514T153026
[2025-05-14T15:30:26.626+0000] {local_task_job.py:156} INFO - Task exited with return code 0
[2025-05-14T15:30:26.669+0000] {local_task_job.py:279} INFO - 0 downstream tasks scheduled from follow-on schedule check
