[2025-05-20T09:02:11.006+0000] {taskinstance.py:1171} INFO - Dependencies all met for <TaskInstance: Scheduler_Traffict_Accident.Extract_Data manual__2025-05-20T09:02:10.302342+00:00 [queued]>
[2025-05-20T09:02:11.016+0000] {taskinstance.py:1171} INFO - Dependencies all met for <TaskInstance: Scheduler_Traffict_Accident.Extract_Data manual__2025-05-20T09:02:10.302342+00:00 [queued]>
[2025-05-20T09:02:11.017+0000] {taskinstance.py:1368} INFO - 
--------------------------------------------------------------------------------
[2025-05-20T09:02:11.018+0000] {taskinstance.py:1369} INFO - Starting attempt 1 of 2
[2025-05-20T09:02:11.018+0000] {taskinstance.py:1370} INFO - 
--------------------------------------------------------------------------------
[2025-05-20T09:02:11.034+0000] {taskinstance.py:1389} INFO - Executing <Task(BashOperator): Extract_Data> on 2025-05-20 09:02:10.302342+00:00
[2025-05-20T09:02:11.039+0000] {standard_task_runner.py:52} INFO - Started process 225 to run task
[2025-05-20T09:02:11.043+0000] {standard_task_runner.py:79} INFO - Running: ['***', 'tasks', 'run', 'Scheduler_Traffict_Accident', 'Extract_Data', 'manual__2025-05-20T09:02:10.302342+00:00', '--job-id', '3', '--raw', '--subdir', 'DAGS_FOLDER/Scheduler_Traffict_Accident.py', '--cfg-path', '/tmp/tmpmapu6hc9', '--error-file', '/tmp/tmpltty1u_x']
[2025-05-20T09:02:11.045+0000] {standard_task_runner.py:80} INFO - Job 3: Subtask Extract_Data
[2025-05-20T09:02:11.122+0000] {task_command.py:371} INFO - Running <TaskInstance: Scheduler_Traffict_Accident.Extract_Data manual__2025-05-20T09:02:10.302342+00:00 [running]> on host 6c958a96284c
[2025-05-20T09:02:11.200+0000] {taskinstance.py:1583} INFO - Exporting the following env vars:
AIRFLOW_CTX_DAG_OWNER=Hisham
AIRFLOW_CTX_DAG_ID=Scheduler_Traffict_Accident
AIRFLOW_CTX_TASK_ID=Extract_Data
AIRFLOW_CTX_EXECUTION_DATE=2025-05-20T09:02:10.302342+00:00
AIRFLOW_CTX_TRY_NUMBER=1
AIRFLOW_CTX_DAG_RUN_ID=manual__2025-05-20T09:02:10.302342+00:00
[2025-05-20T09:02:11.201+0000] {subprocess.py:62} INFO - Tmp dir root location: 
 /tmp
[2025-05-20T09:02:11.202+0000] {subprocess.py:74} INFO - Running command: ['/bin/bash', '-c', 'sudo -u *** python /opt/***/scripts/Extract_Data.py']
[2025-05-20T09:02:11.211+0000] {subprocess.py:85} INFO - Output:
[2025-05-20T09:02:12.996+0000] {subprocess.py:92} INFO - WARNING: An illegal reflective access operation has occurred
[2025-05-20T09:02:12.997+0000] {subprocess.py:92} INFO - WARNING: Illegal reflective access by org.apache.spark.unsafe.Platform (file:/home/***/.local/lib/python3.7/site-packages/pyspark/jars/spark-unsafe_2.12-3.1.2.jar) to constructor java.nio.DirectByteBuffer(long,int)
[2025-05-20T09:02:12.998+0000] {subprocess.py:92} INFO - WARNING: Please consider reporting this to the maintainers of org.apache.spark.unsafe.Platform
[2025-05-20T09:02:12.999+0000] {subprocess.py:92} INFO - WARNING: Use --illegal-access=warn to enable warnings of further illegal reflective access operations
[2025-05-20T09:02:12.999+0000] {subprocess.py:92} INFO - WARNING: All illegal access operations will be denied in a future release
[2025-05-20T09:02:13.142+0000] {subprocess.py:92} INFO - :: loading settings :: url = jar:file:/home/***/.local/lib/python3.7/site-packages/pyspark/jars/ivy-2.4.0.jar!/org/apache/ivy/core/settings/ivysettings.xml
[2025-05-20T09:02:13.213+0000] {subprocess.py:92} INFO - Ivy Default Cache set to: /home/***/.ivy2/cache
[2025-05-20T09:02:13.214+0000] {subprocess.py:92} INFO - The jars for the packages stored in: /home/***/.ivy2/jars
[2025-05-20T09:02:13.217+0000] {subprocess.py:92} INFO - org.postgresql#postgresql added as a dependency
[2025-05-20T09:02:13.218+0000] {subprocess.py:92} INFO - :: resolving dependencies :: org.apache.spark#spark-submit-parent-dbdd4e4c-d03c-4328-920f-66c51af10d88;1.0
[2025-05-20T09:02:13.219+0000] {subprocess.py:92} INFO - 	confs: [default]
[2025-05-20T09:02:15.302+0000] {subprocess.py:92} INFO - 	found org.postgresql#postgresql;42.6.0 in central
[2025-05-20T09:02:16.338+0000] {subprocess.py:92} INFO - 	found org.checkerframework#checker-qual;3.31.0 in central
[2025-05-20T09:02:16.347+0000] {subprocess.py:92} INFO - downloading https://repo1.maven.org/maven2/org/postgresql/postgresql/42.6.0/postgresql-42.6.0.jar ...
[2025-05-20T09:02:17.496+0000] {subprocess.py:92} INFO - 	[SUCCESSFUL ] org.postgresql#postgresql;42.6.0!postgresql.jar (1150ms)
[2025-05-20T09:02:17.499+0000] {subprocess.py:92} INFO - downloading https://repo1.maven.org/maven2/org/checkerframework/checker-qual/3.31.0/checker-qual-3.31.0.jar ...
[2025-05-20T09:02:17.726+0000] {subprocess.py:92} INFO - 	[SUCCESSFUL ] org.checkerframework#checker-qual;3.31.0!checker-qual.jar (228ms)
[2025-05-20T09:02:17.727+0000] {subprocess.py:92} INFO - :: resolution report :: resolve 3126ms :: artifacts dl 1382ms
[2025-05-20T09:02:17.727+0000] {subprocess.py:92} INFO - 	:: modules in use:
[2025-05-20T09:02:17.728+0000] {subprocess.py:92} INFO - 	org.checkerframework#checker-qual;3.31.0 from central in [default]
[2025-05-20T09:02:17.729+0000] {subprocess.py:92} INFO - 	org.postgresql#postgresql;42.6.0 from central in [default]
[2025-05-20T09:02:17.730+0000] {subprocess.py:92} INFO - 	---------------------------------------------------------------------
[2025-05-20T09:02:17.730+0000] {subprocess.py:92} INFO - 	|                  |            modules            ||   artifacts   |
[2025-05-20T09:02:17.731+0000] {subprocess.py:92} INFO - 	|       conf       | number| search|dwnlded|evicted|| number|dwnlded|
[2025-05-20T09:02:17.731+0000] {subprocess.py:92} INFO - 	---------------------------------------------------------------------
[2025-05-20T09:02:17.732+0000] {subprocess.py:92} INFO - 	|      default     |   2   |   2   |   2   |   0   ||   2   |   2   |
[2025-05-20T09:02:17.732+0000] {subprocess.py:92} INFO - 	---------------------------------------------------------------------
[2025-05-20T09:02:17.733+0000] {subprocess.py:92} INFO - :: retrieving :: org.apache.spark#spark-submit-parent-dbdd4e4c-d03c-4328-920f-66c51af10d88
[2025-05-20T09:02:17.734+0000] {subprocess.py:92} INFO - 	confs: [default]
[2025-05-20T09:02:17.742+0000] {subprocess.py:92} INFO - 	2 artifacts copied, 0 already retrieved (1274kB/12ms)
[2025-05-20T09:02:17.904+0000] {subprocess.py:92} INFO - 25/05/20 09:02:17 WARN NativeCodeLoader: Unable to load native-hadoop library for your platform... using builtin-java classes where applicable
[2025-05-20T09:02:18.139+0000] {subprocess.py:92} INFO - Using Spark's default log4j profile: org/apache/spark/log4j-defaults.properties
[2025-05-20T09:02:18.140+0000] {subprocess.py:92} INFO - Setting default log level to "WARN".
[2025-05-20T09:02:18.140+0000] {subprocess.py:92} INFO - To adjust logging level use sc.setLogLevel(newLevel). For SparkR, use setLogLevel(newLevel).
[2025-05-20T09:02:20.765+0000] {subprocess.py:92} INFO - Warning: Looks like you're using an outdated `kagglehub` version, please consider updating (latest version: 0.3.12)
[2025-05-20T09:02:21.716+0000] {subprocess.py:92} INFO - Downloading from https://www.kaggle.com/api/v1/datasets/download/oktayrdeki/traffic-accidents?dataset_version_number=1...
[2025-05-20T09:02:23.372+0000] {subprocess.py:92} INFO -   0%|          | 0.00/4.64M [00:00<?, ?B/s] 22%|██▏       | 1.00M/4.64M [00:01<00:04, 881kB/s] 43%|████▎     | 2.00M/4.64M [00:01<00:01, 1.77MB/s] 65%|██████▍   | 3.00M/4.64M [00:01<00:00, 2.71MB/s]100%|██████████| 4.64M/4.64M [00:01<00:00, 4.60MB/s]100%|██████████| 4.64M/4.64M [00:01<00:00, 2.97MB/s]Extracting model files...
[2025-05-20T09:02:25.035+0000] {subprocess.py:92} INFO - 
[2025-05-20T09:02:25.054+0000] {subprocess.py:92} INFO - Path to dataset files: /home/***/.cache/kagglehub/datasets/oktayrdeki/traffic-accidents/versions/1
[2025-05-20T09:02:25.055+0000] {subprocess.py:92} INFO - Path to dataset files: /opt/***/data
[2025-05-20T09:02:25.496+0000] {subprocess.py:96} INFO - Command exited with return code 0
[2025-05-20T09:02:25.531+0000] {taskinstance.py:1412} INFO - Marking task as SUCCESS. dag_id=Scheduler_Traffict_Accident, task_id=Extract_Data, execution_date=20250520T090210, start_date=20250520T090211, end_date=20250520T090225
[2025-05-20T09:02:25.576+0000] {local_task_job.py:156} INFO - Task exited with return code 0
[2025-05-20T09:02:25.613+0000] {local_task_job.py:279} INFO - 1 downstream tasks scheduled from follow-on schedule check
