[2025-05-14T05:06:30.718+0000] {taskinstance.py:1171} INFO - Dependencies all met for <TaskInstance: Sales_Performance_ETL.Extract_Data scheduled__2025-05-14T05:00:00+00:00 [queued]>
[2025-05-14T05:06:30.730+0000] {taskinstance.py:1171} INFO - Dependencies all met for <TaskInstance: Sales_Performance_ETL.Extract_Data scheduled__2025-05-14T05:00:00+00:00 [queued]>
[2025-05-14T05:06:30.731+0000] {taskinstance.py:1368} INFO - 
--------------------------------------------------------------------------------
[2025-05-14T05:06:30.732+0000] {taskinstance.py:1369} INFO - Starting attempt 1 of 2
[2025-05-14T05:06:30.732+0000] {taskinstance.py:1370} INFO - 
--------------------------------------------------------------------------------
[2025-05-14T05:06:30.749+0000] {taskinstance.py:1389} INFO - Executing <Task(BashOperator): Extract_Data> on 2025-05-14 05:00:00+00:00
[2025-05-14T05:06:30.756+0000] {standard_task_runner.py:52} INFO - Started process 278 to run task
[2025-05-14T05:06:30.760+0000] {standard_task_runner.py:79} INFO - Running: ['***', 'tasks', 'run', 'Sales_Performance_ETL', 'Extract_Data', 'scheduled__2025-05-14T05:00:00+00:00', '--job-id', '2', '--raw', '--subdir', 'DAGS_FOLDER/P2M3_Hisham_Audiputra_Suharto_DAG.py', '--cfg-path', '/tmp/tmp6js6iuqq', '--error-file', '/tmp/tmp064htm7z']
[2025-05-14T05:06:30.762+0000] {standard_task_runner.py:80} INFO - Job 2: Subtask Extract_Data
[2025-05-14T05:06:30.849+0000] {task_command.py:371} INFO - Running <TaskInstance: Sales_Performance_ETL.Extract_Data scheduled__2025-05-14T05:00:00+00:00 [running]> on host b8bc3fc6a668
[2025-05-14T05:06:30.973+0000] {taskinstance.py:1583} INFO - Exporting the following env vars:
AIRFLOW_CTX_DAG_OWNER=Hisham
AIRFLOW_CTX_DAG_ID=Sales_Performance_ETL
AIRFLOW_CTX_TASK_ID=Extract_Data
AIRFLOW_CTX_EXECUTION_DATE=2025-05-14T05:00:00+00:00
AIRFLOW_CTX_TRY_NUMBER=1
AIRFLOW_CTX_DAG_RUN_ID=scheduled__2025-05-14T05:00:00+00:00
[2025-05-14T05:06:30.975+0000] {subprocess.py:62} INFO - Tmp dir root location: 
 /tmp
[2025-05-14T05:06:30.977+0000] {subprocess.py:74} INFO - Running command: ['/bin/bash', '-c', 'sudo -u *** python /opt/***/scripts/Extract_Data.py']
[2025-05-14T05:06:30.992+0000] {subprocess.py:85} INFO - Output:
[2025-05-14T05:06:31.165+0000] {subprocess.py:92} INFO - Traceback (most recent call last):
[2025-05-14T05:06:31.165+0000] {subprocess.py:92} INFO -   File "/opt/***/scripts/Extract_Data.py", line 1, in <module>
[2025-05-14T05:06:31.166+0000] {subprocess.py:92} INFO -     import kagglehub
[2025-05-14T05:06:31.167+0000] {subprocess.py:92} INFO - ModuleNotFoundError: No module named 'kagglehub'
[2025-05-14T05:06:31.168+0000] {subprocess.py:96} INFO - Command exited with return code 1
[2025-05-14T05:06:31.187+0000] {taskinstance.py:1902} ERROR - Task failed with exception
Traceback (most recent call last):
  File "/home/airflow/.local/lib/python3.7/site-packages/airflow/operators/bash.py", line 197, in execute
    f'Bash command failed. The command returned a non-zero exit code {result.exit_code}.'
airflow.exceptions.AirflowException: Bash command failed. The command returned a non-zero exit code 1.
[2025-05-14T05:06:31.192+0000] {taskinstance.py:1412} INFO - Marking task as UP_FOR_RETRY. dag_id=Sales_Performance_ETL, task_id=Extract_Data, execution_date=20250514T050000, start_date=20250514T050630, end_date=20250514T050631
[2025-05-14T05:06:31.210+0000] {standard_task_runner.py:97} ERROR - Failed to execute job 2 for task Extract_Data (Bash command failed. The command returned a non-zero exit code 1.; 278)
[2025-05-14T05:06:31.255+0000] {local_task_job.py:156} INFO - Task exited with return code 1
[2025-05-14T05:06:31.331+0000] {local_task_job.py:279} INFO - 0 downstream tasks scheduled from follow-on schedule check
[2025-05-14T05:08:36.251+0000] {taskinstance.py:1171} INFO - Dependencies all met for <TaskInstance: Sales_Performance_ETL.Extract_Data scheduled__2025-05-14T05:00:00+00:00 [queued]>
[2025-05-14T05:08:36.262+0000] {taskinstance.py:1171} INFO - Dependencies all met for <TaskInstance: Sales_Performance_ETL.Extract_Data scheduled__2025-05-14T05:00:00+00:00 [queued]>
[2025-05-14T05:08:36.263+0000] {taskinstance.py:1368} INFO - 
--------------------------------------------------------------------------------
[2025-05-14T05:08:36.263+0000] {taskinstance.py:1369} INFO - Starting attempt 1 of 2
[2025-05-14T05:08:36.264+0000] {taskinstance.py:1370} INFO - 
--------------------------------------------------------------------------------
[2025-05-14T05:08:36.282+0000] {taskinstance.py:1389} INFO - Executing <Task(BashOperator): Extract_Data> on 2025-05-14 05:00:00+00:00
[2025-05-14T05:08:36.288+0000] {standard_task_runner.py:52} INFO - Started process 274 to run task
[2025-05-14T05:08:36.292+0000] {standard_task_runner.py:79} INFO - Running: ['***', 'tasks', 'run', 'Sales_Performance_ETL', 'Extract_Data', 'scheduled__2025-05-14T05:00:00+00:00', '--job-id', '2', '--raw', '--subdir', 'DAGS_FOLDER/P2M3_Hisham_Audiputra_Suharto_DAG.py', '--cfg-path', '/tmp/tmp_hg1n_41', '--error-file', '/tmp/tmphph96oto']
[2025-05-14T05:08:36.294+0000] {standard_task_runner.py:80} INFO - Job 2: Subtask Extract_Data
[2025-05-14T05:08:36.384+0000] {task_command.py:371} INFO - Running <TaskInstance: Sales_Performance_ETL.Extract_Data scheduled__2025-05-14T05:00:00+00:00 [running]> on host b1413198b60a
[2025-05-14T05:08:36.474+0000] {taskinstance.py:1583} INFO - Exporting the following env vars:
AIRFLOW_CTX_DAG_OWNER=Hisham
AIRFLOW_CTX_DAG_ID=Sales_Performance_ETL
AIRFLOW_CTX_TASK_ID=Extract_Data
AIRFLOW_CTX_EXECUTION_DATE=2025-05-14T05:00:00+00:00
AIRFLOW_CTX_TRY_NUMBER=1
AIRFLOW_CTX_DAG_RUN_ID=scheduled__2025-05-14T05:00:00+00:00
[2025-05-14T05:08:36.476+0000] {subprocess.py:62} INFO - Tmp dir root location: 
 /tmp
[2025-05-14T05:08:36.477+0000] {subprocess.py:74} INFO - Running command: ['/bin/bash', '-c', 'sudo -u *** python /opt/***/scripts/Extract_Data.py']
[2025-05-14T05:08:36.487+0000] {subprocess.py:85} INFO - Output:
[2025-05-14T05:08:36.570+0000] {subprocess.py:92} INFO - Traceback (most recent call last):
[2025-05-14T05:08:36.571+0000] {subprocess.py:92} INFO -   File "/opt/***/scripts/Extract_Data.py", line 1, in <module>
[2025-05-14T05:08:36.572+0000] {subprocess.py:92} INFO -     import kagglehub
[2025-05-14T05:08:36.572+0000] {subprocess.py:92} INFO - ModuleNotFoundError: No module named 'kagglehub'
[2025-05-14T05:08:36.573+0000] {subprocess.py:96} INFO - Command exited with return code 1
[2025-05-14T05:08:36.588+0000] {taskinstance.py:1902} ERROR - Task failed with exception
Traceback (most recent call last):
  File "/home/airflow/.local/lib/python3.7/site-packages/airflow/operators/bash.py", line 197, in execute
    f'Bash command failed. The command returned a non-zero exit code {result.exit_code}.'
airflow.exceptions.AirflowException: Bash command failed. The command returned a non-zero exit code 1.
[2025-05-14T05:08:36.593+0000] {taskinstance.py:1412} INFO - Marking task as UP_FOR_RETRY. dag_id=Sales_Performance_ETL, task_id=Extract_Data, execution_date=20250514T050000, start_date=20250514T050836, end_date=20250514T050836
[2025-05-14T05:08:36.606+0000] {standard_task_runner.py:97} ERROR - Failed to execute job 2 for task Extract_Data (Bash command failed. The command returned a non-zero exit code 1.; 274)
[2025-05-14T05:08:36.627+0000] {local_task_job.py:156} INFO - Task exited with return code 1
[2025-05-14T05:08:36.680+0000] {local_task_job.py:279} INFO - 0 downstream tasks scheduled from follow-on schedule check
