[2025-05-14T12:30:53.430+0000] {taskinstance.py:1171} INFO - Dependencies all met for <TaskInstance: Sales_Performance_ETL.Transform_Data scheduled__2025-05-14T12:25:00+00:00 [queued]>
[2025-05-14T12:30:53.445+0000] {taskinstance.py:1171} INFO - Dependencies all met for <TaskInstance: Sales_Performance_ETL.Transform_Data scheduled__2025-05-14T12:25:00+00:00 [queued]>
[2025-05-14T12:30:53.445+0000] {taskinstance.py:1368} INFO - 
--------------------------------------------------------------------------------
[2025-05-14T12:30:53.446+0000] {taskinstance.py:1369} INFO - Starting attempt 1 of 2
[2025-05-14T12:30:53.446+0000] {taskinstance.py:1370} INFO - 
--------------------------------------------------------------------------------
[2025-05-14T12:30:53.464+0000] {taskinstance.py:1389} INFO - Executing <Task(BashOperator): Transform_Data> on 2025-05-14 12:25:00+00:00
[2025-05-14T12:30:53.469+0000] {standard_task_runner.py:52} INFO - Started process 1046 to run task
[2025-05-14T12:30:53.472+0000] {standard_task_runner.py:79} INFO - Running: ['***', 'tasks', 'run', 'Sales_Performance_ETL', 'Transform_Data', 'scheduled__2025-05-14T12:25:00+00:00', '--job-id', '4', '--raw', '--subdir', 'DAGS_FOLDER/P2M3_Hisham_Audiputra_Suharto_DAG.py', '--cfg-path', '/tmp/tmp0d_ix7cv', '--error-file', '/tmp/tmpgn7x4l7r']
[2025-05-14T12:30:53.474+0000] {standard_task_runner.py:80} INFO - Job 4: Subtask Transform_Data
[2025-05-14T12:30:53.548+0000] {task_command.py:371} INFO - Running <TaskInstance: Sales_Performance_ETL.Transform_Data scheduled__2025-05-14T12:25:00+00:00 [running]> on host 2ca7303636ab
[2025-05-14T12:30:53.632+0000] {taskinstance.py:1583} INFO - Exporting the following env vars:
AIRFLOW_CTX_DAG_OWNER=Hisham
AIRFLOW_CTX_DAG_ID=Sales_Performance_ETL
AIRFLOW_CTX_TASK_ID=Transform_Data
AIRFLOW_CTX_EXECUTION_DATE=2025-05-14T12:25:00+00:00
AIRFLOW_CTX_TRY_NUMBER=1
AIRFLOW_CTX_DAG_RUN_ID=scheduled__2025-05-14T12:25:00+00:00
[2025-05-14T12:30:53.633+0000] {subprocess.py:62} INFO - Tmp dir root location: 
 /tmp
[2025-05-14T12:30:53.634+0000] {subprocess.py:74} INFO - Running command: ['/bin/bash', '-c', 'sudo -u *** python /opt/***/scripts/Transform_Data.py']
[2025-05-14T12:30:53.646+0000] {subprocess.py:85} INFO - Output:
[2025-05-14T12:30:56.121+0000] {subprocess.py:92} INFO - WARNING: An illegal reflective access operation has occurred
[2025-05-14T12:30:56.122+0000] {subprocess.py:92} INFO - WARNING: Illegal reflective access by org.apache.spark.unsafe.Platform (file:/home/***/.local/lib/python3.7/site-packages/pyspark/jars/spark-unsafe_2.12-3.1.2.jar) to constructor java.nio.DirectByteBuffer(long,int)
[2025-05-14T12:30:56.122+0000] {subprocess.py:92} INFO - WARNING: Please consider reporting this to the maintainers of org.apache.spark.unsafe.Platform
[2025-05-14T12:30:56.123+0000] {subprocess.py:92} INFO - WARNING: Use --illegal-access=warn to enable warnings of further illegal reflective access operations
[2025-05-14T12:30:56.123+0000] {subprocess.py:92} INFO - WARNING: All illegal access operations will be denied in a future release
[2025-05-14T12:30:56.355+0000] {subprocess.py:92} INFO - :: loading settings :: url = jar:file:/home/***/.local/lib/python3.7/site-packages/pyspark/jars/ivy-2.4.0.jar!/org/apache/ivy/core/settings/ivysettings.xml
[2025-05-14T12:30:56.471+0000] {subprocess.py:92} INFO - Ivy Default Cache set to: /home/***/.ivy2/cache
[2025-05-14T12:30:56.472+0000] {subprocess.py:92} INFO - The jars for the packages stored in: /home/***/.ivy2/jars
[2025-05-14T12:30:56.476+0000] {subprocess.py:92} INFO - org.postgresql#postgresql added as a dependency
[2025-05-14T12:30:56.477+0000] {subprocess.py:92} INFO - :: resolving dependencies :: org.apache.spark#spark-submit-parent-a402bb5d-f3fd-407f-8dec-9ec43933d79f;1.0
[2025-05-14T12:30:56.478+0000] {subprocess.py:92} INFO - 	confs: [default]
[2025-05-14T12:30:58.714+0000] {subprocess.py:92} INFO - 	found org.postgresql#postgresql;42.6.0 in central
[2025-05-14T12:30:59.758+0000] {subprocess.py:92} INFO - 	found org.checkerframework#checker-qual;3.31.0 in central
[2025-05-14T12:30:59.766+0000] {subprocess.py:92} INFO - downloading https://repo1.maven.org/maven2/org/postgresql/postgresql/42.6.0/postgresql-42.6.0.jar ...
[2025-05-14T12:31:00.973+0000] {subprocess.py:92} INFO - 	[SUCCESSFUL ] org.postgresql#postgresql;42.6.0!postgresql.jar (1208ms)
[2025-05-14T12:31:00.975+0000] {subprocess.py:92} INFO - downloading https://repo1.maven.org/maven2/org/checkerframework/checker-qual/3.31.0/checker-qual-3.31.0.jar ...
[2025-05-14T12:31:01.206+0000] {subprocess.py:92} INFO - 	[SUCCESSFUL ] org.checkerframework#checker-qual;3.31.0!checker-qual.jar (231ms)
[2025-05-14T12:31:01.207+0000] {subprocess.py:92} INFO - :: resolution report :: resolve 3287ms :: artifacts dl 1442ms
[2025-05-14T12:31:01.208+0000] {subprocess.py:92} INFO - 	:: modules in use:
[2025-05-14T12:31:01.209+0000] {subprocess.py:92} INFO - 	org.checkerframework#checker-qual;3.31.0 from central in [default]
[2025-05-14T12:31:01.210+0000] {subprocess.py:92} INFO - 	org.postgresql#postgresql;42.6.0 from central in [default]
[2025-05-14T12:31:01.210+0000] {subprocess.py:92} INFO - 	---------------------------------------------------------------------
[2025-05-14T12:31:01.211+0000] {subprocess.py:92} INFO - 	|                  |            modules            ||   artifacts   |
[2025-05-14T12:31:01.212+0000] {subprocess.py:92} INFO - 	|       conf       | number| search|dwnlded|evicted|| number|dwnlded|
[2025-05-14T12:31:01.212+0000] {subprocess.py:92} INFO - 	---------------------------------------------------------------------
[2025-05-14T12:31:01.213+0000] {subprocess.py:92} INFO - 	|      default     |   2   |   2   |   2   |   0   ||   2   |   2   |
[2025-05-14T12:31:01.214+0000] {subprocess.py:92} INFO - 	---------------------------------------------------------------------
[2025-05-14T12:31:01.215+0000] {subprocess.py:92} INFO - :: retrieving :: org.apache.spark#spark-submit-parent-a402bb5d-f3fd-407f-8dec-9ec43933d79f
[2025-05-14T12:31:01.215+0000] {subprocess.py:92} INFO - 	confs: [default]
[2025-05-14T12:31:01.220+0000] {subprocess.py:92} INFO - 	2 artifacts copied, 0 already retrieved (1274kB/10ms)
[2025-05-14T12:31:01.476+0000] {subprocess.py:92} INFO - 25/05/14 12:31:01 WARN NativeCodeLoader: Unable to load native-hadoop library for your platform... using builtin-java classes where applicable
[2025-05-14T12:31:01.784+0000] {subprocess.py:92} INFO - Using Spark's default log4j profile: org/apache/spark/log4j-defaults.properties
[2025-05-14T12:31:01.785+0000] {subprocess.py:92} INFO - Setting default log level to "WARN".
[2025-05-14T12:31:01.786+0000] {subprocess.py:92} INFO - To adjust logging level use sc.setLogLevel(newLevel). For SparkR, use setLogLevel(newLevel).
[2025-05-14T12:31:09.452+0000] {subprocess.py:92} INFO - 25/05/14 12:31:09 WARN WindowExec: No Partition Defined for Window operation! Moving all data to a single partition, this can cause serious performance degradation.
[2025-05-14T12:31:11.307+0000] {subprocess.py:92} INFO - [Stage 3:>                                                          (0 + 1) / 1]                                                                                Saved: /opt/***/data/Supplement_Sales_Weekly_Expanded_Clean.csv
[2025-05-14T12:31:11.797+0000] {subprocess.py:96} INFO - Command exited with return code 0
[2025-05-14T12:31:11.830+0000] {taskinstance.py:1412} INFO - Marking task as SUCCESS. dag_id=Sales_Performance_ETL, task_id=Transform_Data, execution_date=20250514T122500, start_date=20250514T123053, end_date=20250514T123111
[2025-05-14T12:31:11.877+0000] {local_task_job.py:156} INFO - Task exited with return code 0
[2025-05-14T12:31:11.914+0000] {local_task_job.py:279} INFO - 1 downstream tasks scheduled from follow-on schedule check
