[2025-05-22T16:24:35.589+0000] {taskinstance.py:1159} INFO - Dependencies all met for dep_context=non-requeueable deps ti=<TaskInstance: Datamart_Traffict_Accident.Extract_Datamart_Data scheduled__2025-05-22T16:00:00+00:00 [queued]>
[2025-05-22T16:24:35.601+0000] {taskinstance.py:1159} INFO - Dependencies all met for dep_context=requeueable deps ti=<TaskInstance: Datamart_Traffict_Accident.Extract_Datamart_Data scheduled__2025-05-22T16:00:00+00:00 [queued]>
[2025-05-22T16:24:35.603+0000] {taskinstance.py:1361} INFO - Starting attempt 3 of 4
[2025-05-22T16:24:35.617+0000] {taskinstance.py:1382} INFO - Executing <Task(BashOperator): Extract_Datamart_Data> on 2025-05-22 16:00:00+00:00
[2025-05-22T16:24:35.622+0000] {standard_task_runner.py:57} INFO - Started process 1520 to run task
[2025-05-22T16:24:35.625+0000] {standard_task_runner.py:84} INFO - Running: ['***', 'tasks', 'run', 'Datamart_Traffict_Accident', 'Extract_Datamart_Data', 'scheduled__2025-05-22T16:00:00+00:00', '--job-id', '8', '--raw', '--subdir', 'DAGS_FOLDER/Datamart_Traffict_Accident.py', '--cfg-path', '/tmp/tmpdyn58rv1']
[2025-05-22T16:24:35.628+0000] {standard_task_runner.py:85} INFO - Job 8: Subtask Extract_Datamart_Data
[2025-05-22T16:24:35.689+0000] {task_command.py:416} INFO - Running <TaskInstance: Datamart_Traffict_Accident.Extract_Datamart_Data scheduled__2025-05-22T16:00:00+00:00 [running]> on host 37de2a8083a6
[2025-05-22T16:24:35.761+0000] {taskinstance.py:1662} INFO - Exporting env vars: AIRFLOW_CTX_DAG_OWNER='Hisham' AIRFLOW_CTX_DAG_ID='Datamart_Traffict_Accident' AIRFLOW_CTX_TASK_ID='Extract_Datamart_Data' AIRFLOW_CTX_EXECUTION_DATE='2025-05-22T16:00:00+00:00' AIRFLOW_CTX_TRY_NUMBER='3' AIRFLOW_CTX_DAG_RUN_ID='scheduled__2025-05-22T16:00:00+00:00'
[2025-05-22T16:24:35.763+0000] {subprocess.py:63} INFO - Tmp dir root location: /tmp
[2025-05-22T16:24:35.764+0000] {subprocess.py:75} INFO - Running command: ['/bin/bash', '-c', 'sudo -u *** python /opt/***/scripts/Extract_Datamart_Data.py']
[2025-05-22T16:24:35.773+0000] {subprocess.py:86} INFO - Output:
[2025-05-22T16:24:37.459+0000] {subprocess.py:93} INFO - WARNING: An illegal reflective access operation has occurred
[2025-05-22T16:24:37.460+0000] {subprocess.py:93} INFO - WARNING: Illegal reflective access by org.apache.spark.unsafe.Platform (file:/home/***/.local/lib/python3.11/site-packages/pyspark/jars/spark-unsafe_2.12-3.1.2.jar) to constructor java.nio.DirectByteBuffer(long,int)
[2025-05-22T16:24:37.461+0000] {subprocess.py:93} INFO - WARNING: Please consider reporting this to the maintainers of org.apache.spark.unsafe.Platform
[2025-05-22T16:24:37.462+0000] {subprocess.py:93} INFO - WARNING: Use --illegal-access=warn to enable warnings of further illegal reflective access operations
[2025-05-22T16:24:37.462+0000] {subprocess.py:93} INFO - WARNING: All illegal access operations will be denied in a future release
[2025-05-22T16:24:37.611+0000] {subprocess.py:93} INFO - :: loading settings :: url = jar:file:/home/***/.local/lib/python3.11/site-packages/pyspark/jars/ivy-2.4.0.jar!/org/apache/ivy/core/settings/ivysettings.xml
[2025-05-22T16:24:37.708+0000] {subprocess.py:93} INFO - Ivy Default Cache set to: /home/***/.ivy2/cache
[2025-05-22T16:24:37.710+0000] {subprocess.py:93} INFO - The jars for the packages stored in: /home/***/.ivy2/jars
[2025-05-22T16:24:37.713+0000] {subprocess.py:93} INFO - org.postgresql#postgresql added as a dependency
[2025-05-22T16:24:37.714+0000] {subprocess.py:93} INFO - :: resolving dependencies :: org.apache.spark#spark-submit-parent-79fff10c-0479-4406-9c16-53e129adec55;1.0
[2025-05-22T16:24:37.715+0000] {subprocess.py:93} INFO - 	confs: [default]
[2025-05-22T16:24:37.859+0000] {subprocess.py:93} INFO - 	found org.postgresql#postgresql;42.6.0 in central
[2025-05-22T16:24:37.884+0000] {subprocess.py:93} INFO - 	found org.checkerframework#checker-qual;3.31.0 in central
[2025-05-22T16:24:37.899+0000] {subprocess.py:93} INFO - :: resolution report :: resolve 180ms :: artifacts dl 5ms
[2025-05-22T16:24:37.900+0000] {subprocess.py:93} INFO - 	:: modules in use:
[2025-05-22T16:24:37.901+0000] {subprocess.py:93} INFO - 	org.checkerframework#checker-qual;3.31.0 from central in [default]
[2025-05-22T16:24:37.901+0000] {subprocess.py:93} INFO - 	org.postgresql#postgresql;42.6.0 from central in [default]
[2025-05-22T16:24:37.902+0000] {subprocess.py:93} INFO - 	---------------------------------------------------------------------
[2025-05-22T16:24:37.902+0000] {subprocess.py:93} INFO - 	|                  |            modules            ||   artifacts   |
[2025-05-22T16:24:37.903+0000] {subprocess.py:93} INFO - 	|       conf       | number| search|dwnlded|evicted|| number|dwnlded|
[2025-05-22T16:24:37.903+0000] {subprocess.py:93} INFO - 	---------------------------------------------------------------------
[2025-05-22T16:24:37.904+0000] {subprocess.py:93} INFO - 	|      default     |   2   |   0   |   0   |   0   ||   2   |   0   |
[2025-05-22T16:24:37.904+0000] {subprocess.py:93} INFO - 	---------------------------------------------------------------------
[2025-05-22T16:24:37.905+0000] {subprocess.py:93} INFO - :: retrieving :: org.apache.spark#spark-submit-parent-79fff10c-0479-4406-9c16-53e129adec55
[2025-05-22T16:24:37.906+0000] {subprocess.py:93} INFO - 	confs: [default]
[2025-05-22T16:24:37.908+0000] {subprocess.py:93} INFO - 	0 artifacts copied, 2 already retrieved (0kB/4ms)
[2025-05-22T16:24:38.131+0000] {subprocess.py:93} INFO - 25/05/22 16:24:38 WARN NativeCodeLoader: Unable to load native-hadoop library for your platform... using builtin-java classes where applicable
[2025-05-22T16:24:38.412+0000] {subprocess.py:93} INFO - Using Spark's default log4j profile: org/apache/spark/log4j-defaults.properties
[2025-05-22T16:24:38.413+0000] {subprocess.py:93} INFO - Setting default log level to "WARN".
[2025-05-22T16:24:38.414+0000] {subprocess.py:93} INFO - To adjust logging level use sc.setLogLevel(newLevel). For SparkR, use setLogLevel(newLevel).
[2025-05-22T16:24:56.736+0000] {subprocess.py:93} INFO - [Stage 0:>                                                          (0 + 1) / 1]                                                                                [Stage 1:>                                                          (0 + 1) / 1]                                                                                [Stage 2:>                                                          (0 + 1) / 1]                                                                                Saved: /opt/***/data/roadway.csv
[2025-05-22T16:24:56.736+0000] {subprocess.py:93} INFO - Saved: /opt/***/data/crash.csv
[2025-05-22T16:24:57.235+0000] {subprocess.py:97} INFO - Command exited with return code 0
[2025-05-22T16:24:57.283+0000] {taskinstance.py:1400} INFO - Marking task as SUCCESS. dag_id=Datamart_Traffict_Accident, task_id=Extract_Datamart_Data, execution_date=20250522T160000, start_date=20250522T162435, end_date=20250522T162457
[2025-05-22T16:24:57.328+0000] {local_task_job_runner.py:228} INFO - Task exited with return code 0
[2025-05-22T16:24:57.360+0000] {taskinstance.py:2778} INFO - 1 downstream tasks scheduled from follow-on schedule check
