[2025-05-14T13:20:12.756+0000] {taskinstance.py:1171} INFO - Dependencies all met for <TaskInstance: Sales_Performance_ETL.Load_Data scheduled__2025-05-14T13:15:00+00:00 [queued]>
[2025-05-14T13:20:12.770+0000] {taskinstance.py:1171} INFO - Dependencies all met for <TaskInstance: Sales_Performance_ETL.Load_Data scheduled__2025-05-14T13:15:00+00:00 [queued]>
[2025-05-14T13:20:12.771+0000] {taskinstance.py:1368} INFO - 
--------------------------------------------------------------------------------
[2025-05-14T13:20:12.772+0000] {taskinstance.py:1369} INFO - Starting attempt 1 of 2
[2025-05-14T13:20:12.773+0000] {taskinstance.py:1370} INFO - 
--------------------------------------------------------------------------------
[2025-05-14T13:20:12.787+0000] {taskinstance.py:1389} INFO - Executing <Task(BashOperator): Load_Data> on 2025-05-14 13:15:00+00:00
[2025-05-14T13:20:12.792+0000] {standard_task_runner.py:52} INFO - Started process 8724 to run task
[2025-05-14T13:20:12.797+0000] {standard_task_runner.py:79} INFO - Running: ['***', 'tasks', 'run', 'Sales_Performance_ETL', 'Load_Data', 'scheduled__2025-05-14T13:15:00+00:00', '--job-id', '38', '--raw', '--subdir', 'DAGS_FOLDER/P2M3_Hisham_Audiputra_Suharto_DAG.py', '--cfg-path', '/tmp/tmp5j2krxci', '--error-file', '/tmp/tmp06jvht_m']
[2025-05-14T13:20:12.799+0000] {standard_task_runner.py:80} INFO - Job 38: Subtask Load_Data
[2025-05-14T13:20:12.865+0000] {task_command.py:371} INFO - Running <TaskInstance: Sales_Performance_ETL.Load_Data scheduled__2025-05-14T13:15:00+00:00 [running]> on host 2ca7303636ab
[2025-05-14T13:20:12.945+0000] {taskinstance.py:1583} INFO - Exporting the following env vars:
AIRFLOW_CTX_DAG_OWNER=Hisham
AIRFLOW_CTX_DAG_ID=Sales_Performance_ETL
AIRFLOW_CTX_TASK_ID=Load_Data
AIRFLOW_CTX_EXECUTION_DATE=2025-05-14T13:15:00+00:00
AIRFLOW_CTX_TRY_NUMBER=1
AIRFLOW_CTX_DAG_RUN_ID=scheduled__2025-05-14T13:15:00+00:00
[2025-05-14T13:20:12.947+0000] {subprocess.py:62} INFO - Tmp dir root location: 
 /tmp
[2025-05-14T13:20:12.948+0000] {subprocess.py:74} INFO - Running command: ['/bin/bash', '-c', 'sudo -u *** python /opt/***/scripts/Load_Data.py']
[2025-05-14T13:20:12.958+0000] {subprocess.py:85} INFO - Output:
[2025-05-14T13:20:14.673+0000] {subprocess.py:92} INFO - WARNING: An illegal reflective access operation has occurred
[2025-05-14T13:20:14.674+0000] {subprocess.py:92} INFO - WARNING: Illegal reflective access by org.apache.spark.unsafe.Platform (file:/home/***/.local/lib/python3.7/site-packages/pyspark/jars/spark-unsafe_2.12-3.1.2.jar) to constructor java.nio.DirectByteBuffer(long,int)
[2025-05-14T13:20:14.675+0000] {subprocess.py:92} INFO - WARNING: Please consider reporting this to the maintainers of org.apache.spark.unsafe.Platform
[2025-05-14T13:20:14.675+0000] {subprocess.py:92} INFO - WARNING: Use --illegal-access=warn to enable warnings of further illegal reflective access operations
[2025-05-14T13:20:14.676+0000] {subprocess.py:92} INFO - WARNING: All illegal access operations will be denied in a future release
[2025-05-14T13:20:14.819+0000] {subprocess.py:92} INFO - :: loading settings :: url = jar:file:/home/***/.local/lib/python3.7/site-packages/pyspark/jars/ivy-2.4.0.jar!/org/apache/ivy/core/settings/ivysettings.xml
[2025-05-14T13:20:14.894+0000] {subprocess.py:92} INFO - Ivy Default Cache set to: /home/***/.ivy2/cache
[2025-05-14T13:20:14.895+0000] {subprocess.py:92} INFO - The jars for the packages stored in: /home/***/.ivy2/jars
[2025-05-14T13:20:14.898+0000] {subprocess.py:92} INFO - org.postgresql#postgresql added as a dependency
[2025-05-14T13:20:14.902+0000] {subprocess.py:92} INFO - :: resolving dependencies :: org.apache.spark#spark-submit-parent-6194131e-3265-47d9-aa8b-509db2d175a1;1.0
[2025-05-14T13:20:14.903+0000] {subprocess.py:92} INFO - 	confs: [default]
[2025-05-14T13:20:15.007+0000] {subprocess.py:92} INFO - 	found org.postgresql#postgresql;42.6.0 in central
[2025-05-14T13:20:15.027+0000] {subprocess.py:92} INFO - 	found org.checkerframework#checker-qual;3.31.0 in central
[2025-05-14T13:20:15.041+0000] {subprocess.py:92} INFO - :: resolution report :: resolve 136ms :: artifacts dl 4ms
[2025-05-14T13:20:15.042+0000] {subprocess.py:92} INFO - 	:: modules in use:
[2025-05-14T13:20:15.043+0000] {subprocess.py:92} INFO - 	org.checkerframework#checker-qual;3.31.0 from central in [default]
[2025-05-14T13:20:15.043+0000] {subprocess.py:92} INFO - 	org.postgresql#postgresql;42.6.0 from central in [default]
[2025-05-14T13:20:15.044+0000] {subprocess.py:92} INFO - 	---------------------------------------------------------------------
[2025-05-14T13:20:15.044+0000] {subprocess.py:92} INFO - 	|                  |            modules            ||   artifacts   |
[2025-05-14T13:20:15.045+0000] {subprocess.py:92} INFO - 	|       conf       | number| search|dwnlded|evicted|| number|dwnlded|
[2025-05-14T13:20:15.045+0000] {subprocess.py:92} INFO - 	---------------------------------------------------------------------
[2025-05-14T13:20:15.046+0000] {subprocess.py:92} INFO - 	|      default     |   2   |   0   |   0   |   0   ||   2   |   0   |
[2025-05-14T13:20:15.047+0000] {subprocess.py:92} INFO - 	---------------------------------------------------------------------
[2025-05-14T13:20:15.047+0000] {subprocess.py:92} INFO - :: retrieving :: org.apache.spark#spark-submit-parent-6194131e-3265-47d9-aa8b-509db2d175a1
[2025-05-14T13:20:15.048+0000] {subprocess.py:92} INFO - 	confs: [default]
[2025-05-14T13:20:15.049+0000] {subprocess.py:92} INFO - 	0 artifacts copied, 2 already retrieved (0kB/4ms)
[2025-05-14T13:20:15.207+0000] {subprocess.py:92} INFO - 25/05/14 13:20:15 WARN NativeCodeLoader: Unable to load native-hadoop library for your platform... using builtin-java classes where applicable
[2025-05-14T13:20:15.442+0000] {subprocess.py:92} INFO - Using Spark's default log4j profile: org/apache/spark/log4j-defaults.properties
[2025-05-14T13:20:15.443+0000] {subprocess.py:92} INFO - Setting default log level to "WARN".
[2025-05-14T13:20:15.444+0000] {subprocess.py:92} INFO - To adjust logging level use sc.setLogLevel(newLevel). For SparkR, use setLogLevel(newLevel).
[2025-05-14T13:20:36.390+0000] {subprocess.py:96} INFO - Command exited with return code 0
[2025-05-14T13:20:36.435+0000] {taskinstance.py:1412} INFO - Marking task as SUCCESS. dag_id=Sales_Performance_ETL, task_id=Load_Data, execution_date=20250514T131500, start_date=20250514T132012, end_date=20250514T132036
[2025-05-14T13:20:36.474+0000] {local_task_job.py:156} INFO - Task exited with return code 0
[2025-05-14T13:20:36.509+0000] {local_task_job.py:279} INFO - 0 downstream tasks scheduled from follow-on schedule check
