[2025-05-22T17:51:18.084+0000] {taskinstance.py:1159} INFO - Dependencies all met for dep_context=non-requeueable deps ti=<TaskInstance: Scheduler_Traffict_Accident.Extract_Data manual__2025-05-22T17:51:17.656168+00:00 [queued]>
[2025-05-22T17:51:18.093+0000] {taskinstance.py:1159} INFO - Dependencies all met for dep_context=requeueable deps ti=<TaskInstance: Scheduler_Traffict_Accident.Extract_Data manual__2025-05-22T17:51:17.656168+00:00 [queued]>
[2025-05-22T17:51:18.094+0000] {taskinstance.py:1361} INFO - Starting attempt 1 of 2
[2025-05-22T17:51:18.109+0000] {taskinstance.py:1382} INFO - Executing <Task(BashOperator): Extract_Data> on 2025-05-22 17:51:17.656168+00:00
[2025-05-22T17:51:18.115+0000] {standard_task_runner.py:57} INFO - Started process 244 to run task
[2025-05-22T17:51:18.120+0000] {standard_task_runner.py:84} INFO - Running: ['***', 'tasks', 'run', 'Scheduler_Traffict_Accident', 'Extract_Data', 'manual__2025-05-22T17:51:17.656168+00:00', '--job-id', '2', '--raw', '--subdir', 'DAGS_FOLDER/Scheduler_Traffict_Accident.py', '--cfg-path', '/tmp/tmp92u3srjh']
[2025-05-22T17:51:18.125+0000] {standard_task_runner.py:85} INFO - Job 2: Subtask Extract_Data
[2025-05-22T17:51:18.180+0000] {task_command.py:416} INFO - Running <TaskInstance: Scheduler_Traffict_Accident.Extract_Data manual__2025-05-22T17:51:17.656168+00:00 [running]> on host 2d3af573cb97
[2025-05-22T17:51:18.250+0000] {taskinstance.py:1662} INFO - Exporting env vars: AIRFLOW_CTX_DAG_OWNER='Hisham' AIRFLOW_CTX_DAG_ID='Scheduler_Traffict_Accident' AIRFLOW_CTX_TASK_ID='Extract_Data' AIRFLOW_CTX_EXECUTION_DATE='2025-05-22T17:51:17.656168+00:00' AIRFLOW_CTX_TRY_NUMBER='1' AIRFLOW_CTX_DAG_RUN_ID='manual__2025-05-22T17:51:17.656168+00:00'
[2025-05-22T17:51:18.252+0000] {subprocess.py:63} INFO - Tmp dir root location: /tmp
[2025-05-22T17:51:18.253+0000] {subprocess.py:75} INFO - Running command: ['/bin/bash', '-c', 'sudo -u *** python /opt/***/scripts/Extract_Data.py']
[2025-05-22T17:51:18.261+0000] {subprocess.py:86} INFO - Output:
[2025-05-22T17:51:20.945+0000] {subprocess.py:93} INFO - WARNING: An illegal reflective access operation has occurred
[2025-05-22T17:51:20.946+0000] {subprocess.py:93} INFO - WARNING: Illegal reflective access by org.apache.spark.unsafe.Platform (file:/home/***/.local/lib/python3.11/site-packages/pyspark/jars/spark-unsafe_2.12-3.1.2.jar) to constructor java.nio.DirectByteBuffer(long,int)
[2025-05-22T17:51:20.947+0000] {subprocess.py:93} INFO - WARNING: Please consider reporting this to the maintainers of org.apache.spark.unsafe.Platform
[2025-05-22T17:51:20.947+0000] {subprocess.py:93} INFO - WARNING: Use --illegal-access=warn to enable warnings of further illegal reflective access operations
[2025-05-22T17:51:20.948+0000] {subprocess.py:93} INFO - WARNING: All illegal access operations will be denied in a future release
[2025-05-22T17:51:21.131+0000] {subprocess.py:93} INFO - :: loading settings :: url = jar:file:/home/***/.local/lib/python3.11/site-packages/pyspark/jars/ivy-2.4.0.jar!/org/apache/ivy/core/settings/ivysettings.xml
[2025-05-22T17:51:21.237+0000] {subprocess.py:93} INFO - Ivy Default Cache set to: /home/***/.ivy2/cache
[2025-05-22T17:51:21.237+0000] {subprocess.py:93} INFO - The jars for the packages stored in: /home/***/.ivy2/jars
[2025-05-22T17:51:21.240+0000] {subprocess.py:93} INFO - org.postgresql#postgresql added as a dependency
[2025-05-22T17:51:21.241+0000] {subprocess.py:93} INFO - :: resolving dependencies :: org.apache.spark#spark-submit-parent-43000e92-8222-4954-a6ab-87376a710cbe;1.0
[2025-05-22T17:51:21.242+0000] {subprocess.py:93} INFO - 	confs: [default]
[2025-05-22T17:51:23.751+0000] {subprocess.py:93} INFO - 	found org.postgresql#postgresql;42.6.0 in central
[2025-05-22T17:51:25.006+0000] {subprocess.py:93} INFO - 	found org.checkerframework#checker-qual;3.31.0 in central
[2025-05-22T17:51:25.013+0000] {subprocess.py:93} INFO - downloading https://repo1.maven.org/maven2/org/postgresql/postgresql/42.6.0/postgresql-42.6.0.jar ...
[2025-05-22T17:51:26.468+0000] {subprocess.py:93} INFO - 	[SUCCESSFUL ] org.postgresql#postgresql;42.6.0!postgresql.jar (1455ms)
[2025-05-22T17:51:26.470+0000] {subprocess.py:93} INFO - downloading https://repo1.maven.org/maven2/org/checkerframework/checker-qual/3.31.0/checker-qual-3.31.0.jar ...
[2025-05-22T17:51:26.733+0000] {subprocess.py:93} INFO - 	[SUCCESSFUL ] org.checkerframework#checker-qual;3.31.0!checker-qual.jar (264ms)
[2025-05-22T17:51:26.735+0000] {subprocess.py:93} INFO - :: resolution report :: resolve 3770ms :: artifacts dl 1724ms
[2025-05-22T17:51:26.737+0000] {subprocess.py:93} INFO - 	:: modules in use:
[2025-05-22T17:51:26.738+0000] {subprocess.py:93} INFO - 	org.checkerframework#checker-qual;3.31.0 from central in [default]
[2025-05-22T17:51:26.739+0000] {subprocess.py:93} INFO - 	org.postgresql#postgresql;42.6.0 from central in [default]
[2025-05-22T17:51:26.741+0000] {subprocess.py:93} INFO - 	---------------------------------------------------------------------
[2025-05-22T17:51:26.742+0000] {subprocess.py:93} INFO - 	|                  |            modules            ||   artifacts   |
[2025-05-22T17:51:26.744+0000] {subprocess.py:93} INFO - 	|       conf       | number| search|dwnlded|evicted|| number|dwnlded|
[2025-05-22T17:51:26.745+0000] {subprocess.py:93} INFO - 	---------------------------------------------------------------------
[2025-05-22T17:51:26.746+0000] {subprocess.py:93} INFO - 	|      default     |   2   |   2   |   2   |   0   ||   2   |   2   |
[2025-05-22T17:51:26.747+0000] {subprocess.py:93} INFO - 	---------------------------------------------------------------------
[2025-05-22T17:51:26.748+0000] {subprocess.py:93} INFO - :: retrieving :: org.apache.spark#spark-submit-parent-43000e92-8222-4954-a6ab-87376a710cbe
[2025-05-22T17:51:26.750+0000] {subprocess.py:93} INFO - 	confs: [default]
[2025-05-22T17:51:26.760+0000] {subprocess.py:93} INFO - 	2 artifacts copied, 0 already retrieved (1274kB/17ms)
[2025-05-22T17:51:27.002+0000] {subprocess.py:93} INFO - 25/05/22 17:51:27 WARN NativeCodeLoader: Unable to load native-hadoop library for your platform... using builtin-java classes where applicable
[2025-05-22T17:51:27.289+0000] {subprocess.py:93} INFO - Using Spark's default log4j profile: org/apache/spark/log4j-defaults.properties
[2025-05-22T17:51:27.290+0000] {subprocess.py:93} INFO - Setting default log level to "WARN".
[2025-05-22T17:51:27.291+0000] {subprocess.py:93} INFO - To adjust logging level use sc.setLogLevel(newLevel). For SparkR, use setLogLevel(newLevel).
[2025-05-22T17:51:31.370+0000] {subprocess.py:93} INFO - Downloading from https://www.kaggle.com/api/v1/datasets/download/oktayrdeki/traffic-accidents?dataset_version_number=1...
[2025-05-22T17:51:32.114+0000] {subprocess.py:93} INFO -   0%|          | 0.00/4.64M [00:00<?, ?B/s] 22%|██▏       | 1.00M/4.64M [00:00<00:01, 2.39MB/s] 65%|██████▍   | 3.00M/4.64M [00:00<00:00, 6.12MB/s]100%|██████████| 4.64M/4.64M [00:00<00:00, 8.07MB/s]100%|██████████| 4.64M/4.64M [00:00<00:00, 6.67MB/s]
[2025-05-22T17:51:32.117+0000] {subprocess.py:93} INFO - Extracting files...
[2025-05-22T17:51:33.085+0000] {subprocess.py:93} INFO - Path to dataset files: /home/***/.cache/kagglehub/datasets/oktayrdeki/traffic-accidents/versions/1
[2025-05-22T17:51:33.086+0000] {subprocess.py:93} INFO - Path to dataset files: /opt/***/data
[2025-05-22T17:51:33.606+0000] {subprocess.py:97} INFO - Command exited with return code 0
[2025-05-22T17:51:33.644+0000] {taskinstance.py:1400} INFO - Marking task as SUCCESS. dag_id=Scheduler_Traffict_Accident, task_id=Extract_Data, execution_date=20250522T175117, start_date=20250522T175118, end_date=20250522T175133
[2025-05-22T17:51:33.676+0000] {local_task_job_runner.py:228} INFO - Task exited with return code 0
[2025-05-22T17:51:33.705+0000] {taskinstance.py:2778} INFO - 1 downstream tasks scheduled from follow-on schedule check
