[2025-05-20T09:19:13.930+0000] {taskinstance.py:1171} INFO - Dependencies all met for <TaskInstance: Scheduler_Traffict_Accident.Extract_Data scheduled__2025-05-20T09:00:00+00:00 [queued]>
[2025-05-20T09:19:13.942+0000] {taskinstance.py:1171} INFO - Dependencies all met for <TaskInstance: Scheduler_Traffict_Accident.Extract_Data scheduled__2025-05-20T09:00:00+00:00 [queued]>
[2025-05-20T09:19:13.944+0000] {taskinstance.py:1368} INFO - 
--------------------------------------------------------------------------------
[2025-05-20T09:19:13.948+0000] {taskinstance.py:1369} INFO - Starting attempt 1 of 2
[2025-05-20T09:19:13.949+0000] {taskinstance.py:1370} INFO - 
--------------------------------------------------------------------------------
[2025-05-20T09:19:13.964+0000] {taskinstance.py:1389} INFO - Executing <Task(BashOperator): Extract_Data> on 2025-05-20 09:00:00+00:00
[2025-05-20T09:19:13.969+0000] {standard_task_runner.py:52} INFO - Started process 243 to run task
[2025-05-20T09:19:13.973+0000] {standard_task_runner.py:79} INFO - Running: ['***', 'tasks', 'run', 'Scheduler_Traffict_Accident', 'Extract_Data', 'scheduled__2025-05-20T09:00:00+00:00', '--job-id', '3', '--raw', '--subdir', 'DAGS_FOLDER/Scheduler_Traffict_Accident.py', '--cfg-path', '/tmp/tmpp5tf6ogn', '--error-file', '/tmp/tmplersg02s']
[2025-05-20T09:19:13.975+0000] {standard_task_runner.py:80} INFO - Job 3: Subtask Extract_Data
[2025-05-20T09:19:14.044+0000] {task_command.py:371} INFO - Running <TaskInstance: Scheduler_Traffict_Accident.Extract_Data scheduled__2025-05-20T09:00:00+00:00 [running]> on host c69637dbbf82
[2025-05-20T09:19:14.115+0000] {taskinstance.py:1583} INFO - Exporting the following env vars:
AIRFLOW_CTX_DAG_OWNER=Hisham
AIRFLOW_CTX_DAG_ID=Scheduler_Traffict_Accident
AIRFLOW_CTX_TASK_ID=Extract_Data
AIRFLOW_CTX_EXECUTION_DATE=2025-05-20T09:00:00+00:00
AIRFLOW_CTX_TRY_NUMBER=1
AIRFLOW_CTX_DAG_RUN_ID=scheduled__2025-05-20T09:00:00+00:00
[2025-05-20T09:19:14.117+0000] {subprocess.py:62} INFO - Tmp dir root location: 
 /tmp
[2025-05-20T09:19:14.119+0000] {subprocess.py:74} INFO - Running command: ['/bin/bash', '-c', 'sudo -u *** python /opt/***/scripts/Extract_Data.py']
[2025-05-20T09:19:14.128+0000] {subprocess.py:85} INFO - Output:
[2025-05-20T09:19:15.712+0000] {subprocess.py:92} INFO - WARNING: An illegal reflective access operation has occurred
[2025-05-20T09:19:15.713+0000] {subprocess.py:92} INFO - WARNING: Illegal reflective access by org.apache.spark.unsafe.Platform (file:/home/***/.local/lib/python3.7/site-packages/pyspark/jars/spark-unsafe_2.12-3.1.2.jar) to constructor java.nio.DirectByteBuffer(long,int)
[2025-05-20T09:19:15.714+0000] {subprocess.py:92} INFO - WARNING: Please consider reporting this to the maintainers of org.apache.spark.unsafe.Platform
[2025-05-20T09:19:15.715+0000] {subprocess.py:92} INFO - WARNING: Use --illegal-access=warn to enable warnings of further illegal reflective access operations
[2025-05-20T09:19:15.716+0000] {subprocess.py:92} INFO - WARNING: All illegal access operations will be denied in a future release
[2025-05-20T09:19:15.853+0000] {subprocess.py:92} INFO - :: loading settings :: url = jar:file:/home/***/.local/lib/python3.7/site-packages/pyspark/jars/ivy-2.4.0.jar!/org/apache/ivy/core/settings/ivysettings.xml
[2025-05-20T09:19:15.920+0000] {subprocess.py:92} INFO - Ivy Default Cache set to: /home/***/.ivy2/cache
[2025-05-20T09:19:15.921+0000] {subprocess.py:92} INFO - The jars for the packages stored in: /home/***/.ivy2/jars
[2025-05-20T09:19:15.924+0000] {subprocess.py:92} INFO - org.postgresql#postgresql added as a dependency
[2025-05-20T09:19:15.925+0000] {subprocess.py:92} INFO - :: resolving dependencies :: org.apache.spark#spark-submit-parent-18adbe04-1705-4d6a-8e7e-c28ed0c4e141;1.0
[2025-05-20T09:19:15.926+0000] {subprocess.py:92} INFO - 	confs: [default]
[2025-05-20T09:19:17.994+0000] {subprocess.py:92} INFO - 	found org.postgresql#postgresql;42.6.0 in central
[2025-05-20T09:19:19.047+0000] {subprocess.py:92} INFO - 	found org.checkerframework#checker-qual;3.31.0 in central
[2025-05-20T09:19:19.054+0000] {subprocess.py:92} INFO - downloading https://repo1.maven.org/maven2/org/postgresql/postgresql/42.6.0/postgresql-42.6.0.jar ...
[2025-05-20T09:19:20.247+0000] {subprocess.py:92} INFO - 	[SUCCESSFUL ] org.postgresql#postgresql;42.6.0!postgresql.jar (1192ms)
[2025-05-20T09:19:20.250+0000] {subprocess.py:92} INFO - downloading https://repo1.maven.org/maven2/org/checkerframework/checker-qual/3.31.0/checker-qual-3.31.0.jar ...
[2025-05-20T09:19:20.476+0000] {subprocess.py:92} INFO - 	[SUCCESSFUL ] org.checkerframework#checker-qual;3.31.0!checker-qual.jar (227ms)
[2025-05-20T09:19:20.477+0000] {subprocess.py:92} INFO - :: resolution report :: resolve 3128ms :: artifacts dl 1423ms
[2025-05-20T09:19:20.478+0000] {subprocess.py:92} INFO - 	:: modules in use:
[2025-05-20T09:19:20.479+0000] {subprocess.py:92} INFO - 	org.checkerframework#checker-qual;3.31.0 from central in [default]
[2025-05-20T09:19:20.480+0000] {subprocess.py:92} INFO - 	org.postgresql#postgresql;42.6.0 from central in [default]
[2025-05-20T09:19:20.481+0000] {subprocess.py:92} INFO - 	---------------------------------------------------------------------
[2025-05-20T09:19:20.482+0000] {subprocess.py:92} INFO - 	|                  |            modules            ||   artifacts   |
[2025-05-20T09:19:20.482+0000] {subprocess.py:92} INFO - 	|       conf       | number| search|dwnlded|evicted|| number|dwnlded|
[2025-05-20T09:19:20.483+0000] {subprocess.py:92} INFO - 	---------------------------------------------------------------------
[2025-05-20T09:19:20.484+0000] {subprocess.py:92} INFO - 	|      default     |   2   |   2   |   2   |   0   ||   2   |   2   |
[2025-05-20T09:19:20.485+0000] {subprocess.py:92} INFO - 	---------------------------------------------------------------------
[2025-05-20T09:19:20.485+0000] {subprocess.py:92} INFO - :: retrieving :: org.apache.spark#spark-submit-parent-18adbe04-1705-4d6a-8e7e-c28ed0c4e141
[2025-05-20T09:19:20.486+0000] {subprocess.py:92} INFO - 	confs: [default]
[2025-05-20T09:19:20.490+0000] {subprocess.py:92} INFO - 	2 artifacts copied, 0 already retrieved (1274kB/7ms)
[2025-05-20T09:19:20.687+0000] {subprocess.py:92} INFO - 25/05/20 09:19:20 WARN NativeCodeLoader: Unable to load native-hadoop library for your platform... using builtin-java classes where applicable
[2025-05-20T09:19:20.904+0000] {subprocess.py:92} INFO - Using Spark's default log4j profile: org/apache/spark/log4j-defaults.properties
[2025-05-20T09:19:20.905+0000] {subprocess.py:92} INFO - Setting default log level to "WARN".
[2025-05-20T09:19:20.906+0000] {subprocess.py:92} INFO - To adjust logging level use sc.setLogLevel(newLevel). For SparkR, use setLogLevel(newLevel).
[2025-05-20T09:19:23.227+0000] {subprocess.py:92} INFO - Warning: Looks like you're using an outdated `kagglehub` version, please consider updating (latest version: 0.3.12)
[2025-05-20T09:19:24.188+0000] {subprocess.py:92} INFO - Downloading from https://www.kaggle.com/api/v1/datasets/download/oktayrdeki/traffic-accidents?dataset_version_number=1...
[2025-05-20T09:19:25.809+0000] {subprocess.py:92} INFO -   0%|          | 0.00/4.64M [00:00<?, ?B/s] 22%|██▏       | 1.00M/4.64M [00:01<00:04, 884kB/s] 43%|████▎     | 2.00M/4.64M [00:01<00:01, 1.77MB/s] 65%|██████▍   | 3.00M/4.64M [00:01<00:00, 2.81MB/s]100%|██████████| 4.64M/4.64M [00:01<00:00, 4.74MB/s]100%|██████████| 4.64M/4.64M [00:01<00:00, 3.03MB/s]Extracting model files...
[2025-05-20T09:19:27.869+0000] {subprocess.py:92} INFO - 
[2025-05-20T09:19:27.871+0000] {subprocess.py:92} INFO - Path to dataset files: /home/***/.cache/kagglehub/datasets/oktayrdeki/traffic-accidents/versions/1
[2025-05-20T09:19:27.872+0000] {subprocess.py:92} INFO - Path to dataset files: /opt/***/data
[2025-05-20T09:19:28.310+0000] {subprocess.py:96} INFO - Command exited with return code 0
[2025-05-20T09:19:28.342+0000] {taskinstance.py:1412} INFO - Marking task as SUCCESS. dag_id=Scheduler_Traffict_Accident, task_id=Extract_Data, execution_date=20250520T090000, start_date=20250520T091913, end_date=20250520T091928
[2025-05-20T09:19:28.362+0000] {local_task_job.py:156} INFO - Task exited with return code 0
[2025-05-20T09:19:28.398+0000] {local_task_job.py:279} INFO - 1 downstream tasks scheduled from follow-on schedule check
