[2025-05-21T15:52:14.124+0000] {taskinstance.py:1171} INFO - Dependencies all met for <TaskInstance: Datamart_Traffict_Accident.Load_Data manual__2025-05-21T15:51:23.766092+00:00 [queued]>
[2025-05-21T15:52:14.142+0000] {taskinstance.py:1171} INFO - Dependencies all met for <TaskInstance: Datamart_Traffict_Accident.Load_Data manual__2025-05-21T15:51:23.766092+00:00 [queued]>
[2025-05-21T15:52:14.142+0000] {taskinstance.py:1368} INFO - 
--------------------------------------------------------------------------------
[2025-05-21T15:52:14.143+0000] {taskinstance.py:1369} INFO - Starting attempt 1 of 2
[2025-05-21T15:52:14.144+0000] {taskinstance.py:1370} INFO - 
--------------------------------------------------------------------------------
[2025-05-21T15:52:14.165+0000] {taskinstance.py:1389} INFO - Executing <Task(BashOperator): Load_Data> on 2025-05-21 15:51:23.766092+00:00
[2025-05-21T15:52:14.170+0000] {standard_task_runner.py:52} INFO - Started process 975 to run task
[2025-05-21T15:52:14.173+0000] {standard_task_runner.py:79} INFO - Running: ['***', 'tasks', 'run', 'Datamart_Traffict_Accident', 'Load_Data', 'manual__2025-05-21T15:51:23.766092+00:00', '--job-id', '5', '--raw', '--subdir', 'DAGS_FOLDER/Datamart_Traffict_Accident.py', '--cfg-path', '/tmp/tmpht9bizjl', '--error-file', '/tmp/tmp_o03akbi']
[2025-05-21T15:52:14.175+0000] {standard_task_runner.py:80} INFO - Job 5: Subtask Load_Data
[2025-05-21T15:52:14.247+0000] {task_command.py:371} INFO - Running <TaskInstance: Datamart_Traffict_Accident.Load_Data manual__2025-05-21T15:51:23.766092+00:00 [running]> on host 2262c451ca30
[2025-05-21T15:52:14.352+0000] {taskinstance.py:1583} INFO - Exporting the following env vars:
AIRFLOW_CTX_DAG_OWNER=Hisham
AIRFLOW_CTX_DAG_ID=Datamart_Traffict_Accident
AIRFLOW_CTX_TASK_ID=Load_Data
AIRFLOW_CTX_EXECUTION_DATE=2025-05-21T15:51:23.766092+00:00
AIRFLOW_CTX_TRY_NUMBER=1
AIRFLOW_CTX_DAG_RUN_ID=manual__2025-05-21T15:51:23.766092+00:00
[2025-05-21T15:52:14.363+0000] {subprocess.py:62} INFO - Tmp dir root location: 
 /tmp
[2025-05-21T15:52:14.365+0000] {subprocess.py:74} INFO - Running command: ['/bin/bash', '-c', 'sudo -u *** python /opt/***/scripts/Load_Datamart_Data.py']
[2025-05-21T15:52:14.376+0000] {subprocess.py:85} INFO - Output:
[2025-05-21T15:52:15.988+0000] {subprocess.py:92} INFO - WARNING: An illegal reflective access operation has occurred
[2025-05-21T15:52:15.988+0000] {subprocess.py:92} INFO - WARNING: Illegal reflective access by org.apache.spark.unsafe.Platform (file:/home/***/.local/lib/python3.7/site-packages/pyspark/jars/spark-unsafe_2.12-3.1.2.jar) to constructor java.nio.DirectByteBuffer(long,int)
[2025-05-21T15:52:15.989+0000] {subprocess.py:92} INFO - WARNING: Please consider reporting this to the maintainers of org.apache.spark.unsafe.Platform
[2025-05-21T15:52:15.990+0000] {subprocess.py:92} INFO - WARNING: Use --illegal-access=warn to enable warnings of further illegal reflective access operations
[2025-05-21T15:52:15.991+0000] {subprocess.py:92} INFO - WARNING: All illegal access operations will be denied in a future release
[2025-05-21T15:52:16.160+0000] {subprocess.py:92} INFO - :: loading settings :: url = jar:file:/home/***/.local/lib/python3.7/site-packages/pyspark/jars/ivy-2.4.0.jar!/org/apache/ivy/core/settings/ivysettings.xml
[2025-05-21T15:52:16.245+0000] {subprocess.py:92} INFO - Ivy Default Cache set to: /home/***/.ivy2/cache
[2025-05-21T15:52:16.246+0000] {subprocess.py:92} INFO - The jars for the packages stored in: /home/***/.ivy2/jars
[2025-05-21T15:52:16.249+0000] {subprocess.py:92} INFO - org.postgresql#postgresql added as a dependency
[2025-05-21T15:52:16.250+0000] {subprocess.py:92} INFO - :: resolving dependencies :: org.apache.spark#spark-submit-parent-fa76131d-dbd8-481f-9d7f-f46e77147e59;1.0
[2025-05-21T15:52:16.250+0000] {subprocess.py:92} INFO - 	confs: [default]
[2025-05-21T15:52:16.353+0000] {subprocess.py:92} INFO - 	found org.postgresql#postgresql;42.6.0 in central
[2025-05-21T15:52:16.379+0000] {subprocess.py:92} INFO - 	found org.checkerframework#checker-qual;3.31.0 in central
[2025-05-21T15:52:16.394+0000] {subprocess.py:92} INFO - :: resolution report :: resolve 141ms :: artifacts dl 4ms
[2025-05-21T15:52:16.395+0000] {subprocess.py:92} INFO - 	:: modules in use:
[2025-05-21T15:52:16.396+0000] {subprocess.py:92} INFO - 	org.checkerframework#checker-qual;3.31.0 from central in [default]
[2025-05-21T15:52:16.396+0000] {subprocess.py:92} INFO - 	org.postgresql#postgresql;42.6.0 from central in [default]
[2025-05-21T15:52:16.397+0000] {subprocess.py:92} INFO - 	---------------------------------------------------------------------
[2025-05-21T15:52:16.397+0000] {subprocess.py:92} INFO - 	|                  |            modules            ||   artifacts   |
[2025-05-21T15:52:16.398+0000] {subprocess.py:92} INFO - 	|       conf       | number| search|dwnlded|evicted|| number|dwnlded|
[2025-05-21T15:52:16.399+0000] {subprocess.py:92} INFO - 	---------------------------------------------------------------------
[2025-05-21T15:52:16.400+0000] {subprocess.py:92} INFO - 	|      default     |   2   |   0   |   0   |   0   ||   2   |   0   |
[2025-05-21T15:52:16.401+0000] {subprocess.py:92} INFO - 	---------------------------------------------------------------------
[2025-05-21T15:52:16.401+0000] {subprocess.py:92} INFO - :: retrieving :: org.apache.spark#spark-submit-parent-fa76131d-dbd8-481f-9d7f-f46e77147e59
[2025-05-21T15:52:16.402+0000] {subprocess.py:92} INFO - 	confs: [default]
[2025-05-21T15:52:16.403+0000] {subprocess.py:92} INFO - 	0 artifacts copied, 2 already retrieved (0kB/5ms)
[2025-05-21T15:52:16.592+0000] {subprocess.py:92} INFO - 25/05/21 15:52:16 WARN NativeCodeLoader: Unable to load native-hadoop library for your platform... using builtin-java classes where applicable
[2025-05-21T15:52:16.832+0000] {subprocess.py:92} INFO - Using Spark's default log4j profile: org/apache/spark/log4j-defaults.properties
[2025-05-21T15:52:16.833+0000] {subprocess.py:92} INFO - Setting default log level to "WARN".
[2025-05-21T15:52:16.834+0000] {subprocess.py:92} INFO - To adjust logging level use sc.setLogLevel(newLevel). For SparkR, use setLogLevel(newLevel).
[2025-05-21T15:52:25.619+0000] {subprocess.py:92} INFO - [Stage 4:>                                                          (0 + 1) / 1]                                                                                Saved: /opt/***/data/crash_time.csv
[2025-05-21T15:52:25.620+0000] {subprocess.py:92} INFO - Saved: /opt/***/data/crash_factors.csv
[2025-05-21T15:52:26.142+0000] {subprocess.py:96} INFO - Command exited with return code 0
[2025-05-21T15:52:26.195+0000] {taskinstance.py:1412} INFO - Marking task as SUCCESS. dag_id=Datamart_Traffict_Accident, task_id=Load_Data, execution_date=20250521T155123, start_date=20250521T155214, end_date=20250521T155226
[2025-05-21T15:52:26.265+0000] {local_task_job.py:156} INFO - Task exited with return code 0
[2025-05-21T15:52:26.307+0000] {local_task_job.py:279} INFO - 0 downstream tasks scheduled from follow-on schedule check
