[2025-05-20T08:50:09.309+0000] {processor.py:153} INFO - Started process (PID=211) to work on /opt/airflow/dags/Scheduler_Traffict_Accident.py
[2025-05-20T08:50:09.311+0000] {processor.py:640} INFO - Processing file /opt/airflow/dags/Scheduler_Traffict_Accident.py for tasks to queue
[2025-05-20T08:50:09.312+0000] {logging_mixin.py:115} INFO - [2025-05-20T08:50:09.312+0000] {dagbag.py:508} INFO - Filling up the DagBag from /opt/airflow/dags/Scheduler_Traffict_Accident.py
[2025-05-20T08:50:09.348+0000] {processor.py:650} INFO - DAG(s) dict_keys(['Scheduler_Traffict_Accident']) retrieved from /opt/airflow/dags/Scheduler_Traffict_Accident.py
[2025-05-20T08:50:09.436+0000] {logging_mixin.py:115} INFO - [2025-05-20T08:50:09.436+0000] {manager.py:508} INFO - Created Permission View: can read on DAG:Scheduler_Traffict_Accident
[2025-05-20T08:50:09.447+0000] {logging_mixin.py:115} INFO - [2025-05-20T08:50:09.447+0000] {manager.py:508} INFO - Created Permission View: can delete on DAG:Scheduler_Traffict_Accident
[2025-05-20T08:50:09.456+0000] {logging_mixin.py:115} INFO - [2025-05-20T08:50:09.456+0000] {manager.py:508} INFO - Created Permission View: can edit on DAG:Scheduler_Traffict_Accident
[2025-05-20T08:50:09.457+0000] {logging_mixin.py:115} INFO - [2025-05-20T08:50:09.457+0000] {dag.py:2429} INFO - Sync 1 DAGs
[2025-05-20T08:50:09.468+0000] {logging_mixin.py:115} INFO - [2025-05-20T08:50:09.467+0000] {dag.py:2448} INFO - Creating ORM DAG for Scheduler_Traffict_Accident
[2025-05-20T08:50:09.485+0000] {logging_mixin.py:115} INFO - [2025-05-20T08:50:09.485+0000] {dag.py:2981} INFO - Setting next_dagrun for Scheduler_Traffict_Accident to 2025-05-20T08:45:00+00:00, run_after=2025-05-20T08:50:00+00:00
[2025-05-20T08:50:09.503+0000] {processor.py:161} INFO - Processing /opt/airflow/dags/Scheduler_Traffict_Accident.py took 0.197 seconds
[2025-05-20T08:50:39.680+0000] {processor.py:153} INFO - Started process (PID=220) to work on /opt/airflow/dags/Scheduler_Traffict_Accident.py
[2025-05-20T08:50:39.682+0000] {processor.py:640} INFO - Processing file /opt/airflow/dags/Scheduler_Traffict_Accident.py for tasks to queue
[2025-05-20T08:50:39.683+0000] {logging_mixin.py:115} INFO - [2025-05-20T08:50:39.682+0000] {dagbag.py:508} INFO - Filling up the DagBag from /opt/airflow/dags/Scheduler_Traffict_Accident.py
[2025-05-20T08:50:39.710+0000] {processor.py:650} INFO - DAG(s) dict_keys(['Scheduler_Traffict_Accident']) retrieved from /opt/airflow/dags/Scheduler_Traffict_Accident.py
[2025-05-20T08:50:39.737+0000] {logging_mixin.py:115} INFO - [2025-05-20T08:50:39.737+0000] {dag.py:2429} INFO - Sync 1 DAGs
[2025-05-20T08:50:39.773+0000] {logging_mixin.py:115} INFO - [2025-05-20T08:50:39.773+0000] {dag.py:2981} INFO - Setting next_dagrun for Scheduler_Traffict_Accident to 2025-05-20T08:45:00+00:00, run_after=2025-05-20T08:50:00+00:00
[2025-05-20T08:50:39.811+0000] {processor.py:161} INFO - Processing /opt/airflow/dags/Scheduler_Traffict_Accident.py took 0.134 seconds
[2025-05-20T08:51:10.007+0000] {processor.py:153} INFO - Started process (PID=490) to work on /opt/airflow/dags/Scheduler_Traffict_Accident.py
[2025-05-20T08:51:10.009+0000] {processor.py:640} INFO - Processing file /opt/airflow/dags/Scheduler_Traffict_Accident.py for tasks to queue
[2025-05-20T08:51:10.011+0000] {logging_mixin.py:115} INFO - [2025-05-20T08:51:10.010+0000] {dagbag.py:508} INFO - Filling up the DagBag from /opt/airflow/dags/Scheduler_Traffict_Accident.py
[2025-05-20T08:51:10.041+0000] {processor.py:650} INFO - DAG(s) dict_keys(['Scheduler_Traffict_Accident']) retrieved from /opt/airflow/dags/Scheduler_Traffict_Accident.py
[2025-05-20T08:51:10.078+0000] {logging_mixin.py:115} INFO - [2025-05-20T08:51:10.077+0000] {dag.py:2429} INFO - Sync 1 DAGs
[2025-05-20T08:51:10.107+0000] {logging_mixin.py:115} INFO - [2025-05-20T08:51:10.106+0000] {dag.py:2981} INFO - Setting next_dagrun for Scheduler_Traffict_Accident to 2025-05-20T08:50:00+00:00, run_after=2025-05-20T08:55:00+00:00
[2025-05-20T08:51:10.126+0000] {processor.py:161} INFO - Processing /opt/airflow/dags/Scheduler_Traffict_Accident.py took 0.122 seconds
[2025-05-20T08:51:40.286+0000] {processor.py:153} INFO - Started process (PID=869) to work on /opt/airflow/dags/Scheduler_Traffict_Accident.py
[2025-05-20T08:51:40.299+0000] {processor.py:640} INFO - Processing file /opt/airflow/dags/Scheduler_Traffict_Accident.py for tasks to queue
[2025-05-20T08:51:40.300+0000] {logging_mixin.py:115} INFO - [2025-05-20T08:51:40.300+0000] {dagbag.py:508} INFO - Filling up the DagBag from /opt/airflow/dags/Scheduler_Traffict_Accident.py
[2025-05-20T08:51:40.323+0000] {processor.py:650} INFO - DAG(s) dict_keys(['Scheduler_Traffict_Accident']) retrieved from /opt/airflow/dags/Scheduler_Traffict_Accident.py
[2025-05-20T08:51:40.348+0000] {logging_mixin.py:115} INFO - [2025-05-20T08:51:40.348+0000] {dag.py:2429} INFO - Sync 1 DAGs
[2025-05-20T08:51:40.373+0000] {logging_mixin.py:115} INFO - [2025-05-20T08:51:40.372+0000] {dag.py:2981} INFO - Setting next_dagrun for Scheduler_Traffict_Accident to 2025-05-20T08:50:00+00:00, run_after=2025-05-20T08:55:00+00:00
[2025-05-20T08:51:40.385+0000] {processor.py:161} INFO - Processing /opt/airflow/dags/Scheduler_Traffict_Accident.py took 0.103 seconds
[2025-05-20T08:52:10.489+0000] {processor.py:153} INFO - Started process (PID=874) to work on /opt/airflow/dags/Scheduler_Traffict_Accident.py
[2025-05-20T08:52:10.491+0000] {processor.py:640} INFO - Processing file /opt/airflow/dags/Scheduler_Traffict_Accident.py for tasks to queue
[2025-05-20T08:52:10.493+0000] {logging_mixin.py:115} INFO - [2025-05-20T08:52:10.493+0000] {dagbag.py:508} INFO - Filling up the DagBag from /opt/airflow/dags/Scheduler_Traffict_Accident.py
[2025-05-20T08:52:10.552+0000] {processor.py:650} INFO - DAG(s) dict_keys(['Scheduler_Traffict_Accident']) retrieved from /opt/airflow/dags/Scheduler_Traffict_Accident.py
[2025-05-20T08:52:10.596+0000] {logging_mixin.py:115} INFO - [2025-05-20T08:52:10.596+0000] {dag.py:2429} INFO - Sync 1 DAGs
[2025-05-20T08:52:10.621+0000] {logging_mixin.py:115} INFO - [2025-05-20T08:52:10.621+0000] {dag.py:2981} INFO - Setting next_dagrun for Scheduler_Traffict_Accident to 2025-05-20T08:50:00+00:00, run_after=2025-05-20T08:55:00+00:00
[2025-05-20T08:52:10.638+0000] {processor.py:161} INFO - Processing /opt/airflow/dags/Scheduler_Traffict_Accident.py took 0.154 seconds
[2025-05-20T08:52:40.734+0000] {processor.py:153} INFO - Started process (PID=879) to work on /opt/airflow/dags/Scheduler_Traffict_Accident.py
[2025-05-20T08:52:40.736+0000] {processor.py:640} INFO - Processing file /opt/airflow/dags/Scheduler_Traffict_Accident.py for tasks to queue
[2025-05-20T08:52:40.738+0000] {logging_mixin.py:115} INFO - [2025-05-20T08:52:40.738+0000] {dagbag.py:508} INFO - Filling up the DagBag from /opt/airflow/dags/Scheduler_Traffict_Accident.py
[2025-05-20T08:52:40.792+0000] {processor.py:650} INFO - DAG(s) dict_keys(['Scheduler_Traffict_Accident']) retrieved from /opt/airflow/dags/Scheduler_Traffict_Accident.py
[2025-05-20T08:52:40.821+0000] {logging_mixin.py:115} INFO - [2025-05-20T08:52:40.821+0000] {dag.py:2429} INFO - Sync 1 DAGs
[2025-05-20T08:52:40.858+0000] {logging_mixin.py:115} INFO - [2025-05-20T08:52:40.858+0000] {dag.py:2981} INFO - Setting next_dagrun for Scheduler_Traffict_Accident to 2025-05-20T08:50:00+00:00, run_after=2025-05-20T08:55:00+00:00
[2025-05-20T08:52:40.879+0000] {processor.py:161} INFO - Processing /opt/airflow/dags/Scheduler_Traffict_Accident.py took 0.148 seconds
[2025-05-20T08:53:10.995+0000] {processor.py:153} INFO - Started process (PID=884) to work on /opt/airflow/dags/Scheduler_Traffict_Accident.py
[2025-05-20T08:53:10.996+0000] {processor.py:640} INFO - Processing file /opt/airflow/dags/Scheduler_Traffict_Accident.py for tasks to queue
[2025-05-20T08:53:10.997+0000] {logging_mixin.py:115} INFO - [2025-05-20T08:53:10.997+0000] {dagbag.py:508} INFO - Filling up the DagBag from /opt/airflow/dags/Scheduler_Traffict_Accident.py
[2025-05-20T08:53:11.015+0000] {processor.py:650} INFO - DAG(s) dict_keys(['Scheduler_Traffict_Accident']) retrieved from /opt/airflow/dags/Scheduler_Traffict_Accident.py
[2025-05-20T08:53:11.040+0000] {logging_mixin.py:115} INFO - [2025-05-20T08:53:11.040+0000] {dag.py:2429} INFO - Sync 1 DAGs
[2025-05-20T08:53:11.063+0000] {logging_mixin.py:115} INFO - [2025-05-20T08:53:11.063+0000] {dag.py:2981} INFO - Setting next_dagrun for Scheduler_Traffict_Accident to 2025-05-20T08:50:00+00:00, run_after=2025-05-20T08:55:00+00:00
[2025-05-20T08:53:11.080+0000] {processor.py:161} INFO - Processing /opt/airflow/dags/Scheduler_Traffict_Accident.py took 0.088 seconds
[2025-05-20T08:56:18.512+0000] {processor.py:153} INFO - Started process (PID=231) to work on /opt/airflow/dags/Scheduler_Traffict_Accident.py
[2025-05-20T08:56:18.515+0000] {processor.py:640} INFO - Processing file /opt/airflow/dags/Scheduler_Traffict_Accident.py for tasks to queue
[2025-05-20T08:56:18.517+0000] {logging_mixin.py:115} INFO - [2025-05-20T08:56:18.517+0000] {dagbag.py:508} INFO - Filling up the DagBag from /opt/airflow/dags/Scheduler_Traffict_Accident.py
[2025-05-20T08:56:18.568+0000] {processor.py:650} INFO - DAG(s) dict_keys(['Scheduler_Traffict_Accident']) retrieved from /opt/airflow/dags/Scheduler_Traffict_Accident.py
[2025-05-20T08:56:18.650+0000] {logging_mixin.py:115} INFO - [2025-05-20T08:56:18.650+0000] {manager.py:508} INFO - Created Permission View: can delete on DAG:Scheduler_Traffict_Accident
[2025-05-20T08:56:18.659+0000] {logging_mixin.py:115} INFO - [2025-05-20T08:56:18.659+0000] {manager.py:508} INFO - Created Permission View: can read on DAG:Scheduler_Traffict_Accident
[2025-05-20T08:56:18.666+0000] {logging_mixin.py:115} INFO - [2025-05-20T08:56:18.666+0000] {manager.py:508} INFO - Created Permission View: can edit on DAG:Scheduler_Traffict_Accident
[2025-05-20T08:56:18.667+0000] {logging_mixin.py:115} INFO - [2025-05-20T08:56:18.667+0000] {dag.py:2429} INFO - Sync 1 DAGs
[2025-05-20T08:56:18.674+0000] {logging_mixin.py:115} INFO - [2025-05-20T08:56:18.674+0000] {dag.py:2448} INFO - Creating ORM DAG for Scheduler_Traffict_Accident
[2025-05-20T08:56:18.688+0000] {logging_mixin.py:115} INFO - [2025-05-20T08:56:18.688+0000] {dag.py:2981} INFO - Setting next_dagrun for Scheduler_Traffict_Accident to 2025-05-20T08:30:00+00:00, run_after=2025-05-20T08:45:00+00:00
[2025-05-20T08:56:18.709+0000] {processor.py:161} INFO - Processing /opt/airflow/dags/Scheduler_Traffict_Accident.py took 0.202 seconds
[2025-05-20T08:56:48.880+0000] {processor.py:153} INFO - Started process (PID=236) to work on /opt/airflow/dags/Scheduler_Traffict_Accident.py
[2025-05-20T08:56:48.882+0000] {processor.py:640} INFO - Processing file /opt/airflow/dags/Scheduler_Traffict_Accident.py for tasks to queue
[2025-05-20T08:56:48.882+0000] {logging_mixin.py:115} INFO - [2025-05-20T08:56:48.882+0000] {dagbag.py:508} INFO - Filling up the DagBag from /opt/airflow/dags/Scheduler_Traffict_Accident.py
[2025-05-20T08:56:48.902+0000] {processor.py:650} INFO - DAG(s) dict_keys(['Scheduler_Traffict_Accident']) retrieved from /opt/airflow/dags/Scheduler_Traffict_Accident.py
[2025-05-20T08:56:48.930+0000] {logging_mixin.py:115} INFO - [2025-05-20T08:56:48.930+0000] {dag.py:2429} INFO - Sync 1 DAGs
[2025-05-20T08:56:48.954+0000] {logging_mixin.py:115} INFO - [2025-05-20T08:56:48.953+0000] {dag.py:2981} INFO - Setting next_dagrun for Scheduler_Traffict_Accident to 2025-05-20T08:30:00+00:00, run_after=2025-05-20T08:45:00+00:00
[2025-05-20T08:56:48.969+0000] {processor.py:161} INFO - Processing /opt/airflow/dags/Scheduler_Traffict_Accident.py took 0.091 seconds
[2025-05-20T09:01:21.898+0000] {processor.py:153} INFO - Started process (PID=212) to work on /opt/airflow/dags/Scheduler_Traffict_Accident.py
[2025-05-20T09:01:21.899+0000] {processor.py:640} INFO - Processing file /opt/airflow/dags/Scheduler_Traffict_Accident.py for tasks to queue
[2025-05-20T09:01:21.900+0000] {logging_mixin.py:115} INFO - [2025-05-20T09:01:21.900+0000] {dagbag.py:508} INFO - Filling up the DagBag from /opt/airflow/dags/Scheduler_Traffict_Accident.py
[2025-05-20T09:01:21.917+0000] {processor.py:650} INFO - DAG(s) dict_keys(['Scheduler_Traffict_Accident']) retrieved from /opt/airflow/dags/Scheduler_Traffict_Accident.py
[2025-05-20T09:01:22.028+0000] {logging_mixin.py:115} INFO - [2025-05-20T09:01:22.028+0000] {manager.py:508} INFO - Created Permission View: can edit on DAG:Scheduler_Traffict_Accident
[2025-05-20T09:01:22.041+0000] {logging_mixin.py:115} INFO - [2025-05-20T09:01:22.041+0000] {manager.py:508} INFO - Created Permission View: can read on DAG:Scheduler_Traffict_Accident
[2025-05-20T09:01:22.051+0000] {logging_mixin.py:115} INFO - [2025-05-20T09:01:22.050+0000] {manager.py:508} INFO - Created Permission View: can delete on DAG:Scheduler_Traffict_Accident
[2025-05-20T09:01:22.051+0000] {logging_mixin.py:115} INFO - [2025-05-20T09:01:22.051+0000] {dag.py:2429} INFO - Sync 1 DAGs
[2025-05-20T09:01:22.060+0000] {logging_mixin.py:115} INFO - [2025-05-20T09:01:22.060+0000] {dag.py:2448} INFO - Creating ORM DAG for Scheduler_Traffict_Accident
[2025-05-20T09:01:22.074+0000] {logging_mixin.py:115} INFO - [2025-05-20T09:01:22.074+0000] {dag.py:2981} INFO - Setting next_dagrun for Scheduler_Traffict_Accident to 2025-05-20T08:45:00+00:00, run_after=2025-05-20T09:00:00+00:00
[2025-05-20T09:01:22.093+0000] {processor.py:161} INFO - Processing /opt/airflow/dags/Scheduler_Traffict_Accident.py took 0.199 seconds
[2025-05-20T09:01:52.258+0000] {processor.py:153} INFO - Started process (PID=217) to work on /opt/airflow/dags/Scheduler_Traffict_Accident.py
[2025-05-20T09:01:52.260+0000] {processor.py:640} INFO - Processing file /opt/airflow/dags/Scheduler_Traffict_Accident.py for tasks to queue
[2025-05-20T09:01:52.261+0000] {logging_mixin.py:115} INFO - [2025-05-20T09:01:52.261+0000] {dagbag.py:508} INFO - Filling up the DagBag from /opt/airflow/dags/Scheduler_Traffict_Accident.py
[2025-05-20T09:01:52.308+0000] {processor.py:650} INFO - DAG(s) dict_keys(['Scheduler_Traffict_Accident']) retrieved from /opt/airflow/dags/Scheduler_Traffict_Accident.py
[2025-05-20T09:01:52.343+0000] {logging_mixin.py:115} INFO - [2025-05-20T09:01:52.342+0000] {dag.py:2429} INFO - Sync 1 DAGs
[2025-05-20T09:01:52.379+0000] {logging_mixin.py:115} INFO - [2025-05-20T09:01:52.378+0000] {dag.py:2981} INFO - Setting next_dagrun for Scheduler_Traffict_Accident to 2025-05-20T08:45:00+00:00, run_after=2025-05-20T09:00:00+00:00
[2025-05-20T09:01:52.405+0000] {processor.py:161} INFO - Processing /opt/airflow/dags/Scheduler_Traffict_Accident.py took 0.150 seconds
[2025-05-20T09:02:22.606+0000] {processor.py:153} INFO - Started process (PID=495) to work on /opt/airflow/dags/Scheduler_Traffict_Accident.py
[2025-05-20T09:02:22.611+0000] {processor.py:640} INFO - Processing file /opt/airflow/dags/Scheduler_Traffict_Accident.py for tasks to queue
[2025-05-20T09:02:22.613+0000] {logging_mixin.py:115} INFO - [2025-05-20T09:02:22.613+0000] {dagbag.py:508} INFO - Filling up the DagBag from /opt/airflow/dags/Scheduler_Traffict_Accident.py
[2025-05-20T09:02:22.639+0000] {processor.py:650} INFO - DAG(s) dict_keys(['Scheduler_Traffict_Accident']) retrieved from /opt/airflow/dags/Scheduler_Traffict_Accident.py
[2025-05-20T09:02:22.670+0000] {logging_mixin.py:115} INFO - [2025-05-20T09:02:22.669+0000] {dag.py:2429} INFO - Sync 1 DAGs
[2025-05-20T09:02:22.704+0000] {logging_mixin.py:115} INFO - [2025-05-20T09:02:22.703+0000] {dag.py:2981} INFO - Setting next_dagrun for Scheduler_Traffict_Accident to 2025-05-20T09:00:00+00:00, run_after=2025-05-20T09:15:00+00:00
[2025-05-20T09:02:22.729+0000] {processor.py:161} INFO - Processing /opt/airflow/dags/Scheduler_Traffict_Accident.py took 0.127 seconds
[2025-05-20T09:02:52.872+0000] {processor.py:153} INFO - Started process (PID=1056) to work on /opt/airflow/dags/Scheduler_Traffict_Accident.py
[2025-05-20T09:02:52.873+0000] {processor.py:640} INFO - Processing file /opt/airflow/dags/Scheduler_Traffict_Accident.py for tasks to queue
[2025-05-20T09:02:52.873+0000] {logging_mixin.py:115} INFO - [2025-05-20T09:02:52.873+0000] {dagbag.py:508} INFO - Filling up the DagBag from /opt/airflow/dags/Scheduler_Traffict_Accident.py
[2025-05-20T09:02:52.898+0000] {processor.py:650} INFO - DAG(s) dict_keys(['Scheduler_Traffict_Accident']) retrieved from /opt/airflow/dags/Scheduler_Traffict_Accident.py
[2025-05-20T09:02:52.924+0000] {logging_mixin.py:115} INFO - [2025-05-20T09:02:52.924+0000] {dag.py:2429} INFO - Sync 1 DAGs
[2025-05-20T09:02:52.962+0000] {logging_mixin.py:115} INFO - [2025-05-20T09:02:52.961+0000] {dag.py:2981} INFO - Setting next_dagrun for Scheduler_Traffict_Accident to 2025-05-20T09:00:00+00:00, run_after=2025-05-20T09:15:00+00:00
[2025-05-20T09:02:53.005+0000] {processor.py:161} INFO - Processing /opt/airflow/dags/Scheduler_Traffict_Accident.py took 0.136 seconds
[2025-05-20T09:03:23.173+0000] {processor.py:153} INFO - Started process (PID=1328) to work on /opt/airflow/dags/Scheduler_Traffict_Accident.py
[2025-05-20T09:03:23.175+0000] {processor.py:640} INFO - Processing file /opt/airflow/dags/Scheduler_Traffict_Accident.py for tasks to queue
[2025-05-20T09:03:23.177+0000] {logging_mixin.py:115} INFO - [2025-05-20T09:03:23.176+0000] {dagbag.py:508} INFO - Filling up the DagBag from /opt/airflow/dags/Scheduler_Traffict_Accident.py
[2025-05-20T09:03:23.209+0000] {processor.py:650} INFO - DAG(s) dict_keys(['Scheduler_Traffict_Accident']) retrieved from /opt/airflow/dags/Scheduler_Traffict_Accident.py
[2025-05-20T09:03:23.244+0000] {logging_mixin.py:115} INFO - [2025-05-20T09:03:23.244+0000] {dag.py:2429} INFO - Sync 1 DAGs
[2025-05-20T09:03:23.272+0000] {logging_mixin.py:115} INFO - [2025-05-20T09:03:23.272+0000] {dag.py:2981} INFO - Setting next_dagrun for Scheduler_Traffict_Accident to 2025-05-20T09:00:00+00:00, run_after=2025-05-20T09:15:00+00:00
[2025-05-20T09:03:23.288+0000] {processor.py:161} INFO - Processing /opt/airflow/dags/Scheduler_Traffict_Accident.py took 0.118 seconds
[2025-05-20T09:03:53.360+0000] {processor.py:153} INFO - Started process (PID=1390) to work on /opt/airflow/dags/Scheduler_Traffict_Accident.py
[2025-05-20T09:03:53.362+0000] {processor.py:640} INFO - Processing file /opt/airflow/dags/Scheduler_Traffict_Accident.py for tasks to queue
[2025-05-20T09:03:53.364+0000] {logging_mixin.py:115} INFO - [2025-05-20T09:03:53.363+0000] {dagbag.py:508} INFO - Filling up the DagBag from /opt/airflow/dags/Scheduler_Traffict_Accident.py
[2025-05-20T09:03:53.411+0000] {processor.py:650} INFO - DAG(s) dict_keys(['Scheduler_Traffict_Accident']) retrieved from /opt/airflow/dags/Scheduler_Traffict_Accident.py
[2025-05-20T09:03:53.438+0000] {logging_mixin.py:115} INFO - [2025-05-20T09:03:53.438+0000] {dag.py:2429} INFO - Sync 1 DAGs
[2025-05-20T09:03:53.460+0000] {logging_mixin.py:115} INFO - [2025-05-20T09:03:53.460+0000] {dag.py:2981} INFO - Setting next_dagrun for Scheduler_Traffict_Accident to 2025-05-20T09:00:00+00:00, run_after=2025-05-20T09:15:00+00:00
[2025-05-20T09:03:53.477+0000] {processor.py:161} INFO - Processing /opt/airflow/dags/Scheduler_Traffict_Accident.py took 0.122 seconds
[2025-05-20T09:04:23.656+0000] {processor.py:153} INFO - Started process (PID=1395) to work on /opt/airflow/dags/Scheduler_Traffict_Accident.py
[2025-05-20T09:04:23.657+0000] {processor.py:640} INFO - Processing file /opt/airflow/dags/Scheduler_Traffict_Accident.py for tasks to queue
[2025-05-20T09:04:23.658+0000] {logging_mixin.py:115} INFO - [2025-05-20T09:04:23.658+0000] {dagbag.py:508} INFO - Filling up the DagBag from /opt/airflow/dags/Scheduler_Traffict_Accident.py
[2025-05-20T09:04:23.689+0000] {processor.py:650} INFO - DAG(s) dict_keys(['Scheduler_Traffict_Accident']) retrieved from /opt/airflow/dags/Scheduler_Traffict_Accident.py
[2025-05-20T09:04:23.723+0000] {logging_mixin.py:115} INFO - [2025-05-20T09:04:23.723+0000] {dag.py:2429} INFO - Sync 1 DAGs
[2025-05-20T09:04:23.746+0000] {logging_mixin.py:115} INFO - [2025-05-20T09:04:23.746+0000] {dag.py:2981} INFO - Setting next_dagrun for Scheduler_Traffict_Accident to 2025-05-20T09:00:00+00:00, run_after=2025-05-20T09:15:00+00:00
[2025-05-20T09:04:23.763+0000] {processor.py:161} INFO - Processing /opt/airflow/dags/Scheduler_Traffict_Accident.py took 0.110 seconds
[2025-05-20T09:04:53.907+0000] {processor.py:153} INFO - Started process (PID=1400) to work on /opt/airflow/dags/Scheduler_Traffict_Accident.py
[2025-05-20T09:04:53.909+0000] {processor.py:640} INFO - Processing file /opt/airflow/dags/Scheduler_Traffict_Accident.py for tasks to queue
[2025-05-20T09:04:53.911+0000] {logging_mixin.py:115} INFO - [2025-05-20T09:04:53.911+0000] {dagbag.py:508} INFO - Filling up the DagBag from /opt/airflow/dags/Scheduler_Traffict_Accident.py
[2025-05-20T09:04:53.942+0000] {processor.py:650} INFO - DAG(s) dict_keys(['Scheduler_Traffict_Accident']) retrieved from /opt/airflow/dags/Scheduler_Traffict_Accident.py
[2025-05-20T09:04:53.980+0000] {logging_mixin.py:115} INFO - [2025-05-20T09:04:53.980+0000] {dag.py:2429} INFO - Sync 1 DAGs
[2025-05-20T09:04:54.012+0000] {logging_mixin.py:115} INFO - [2025-05-20T09:04:54.012+0000] {dag.py:2981} INFO - Setting next_dagrun for Scheduler_Traffict_Accident to 2025-05-20T09:00:00+00:00, run_after=2025-05-20T09:15:00+00:00
[2025-05-20T09:04:54.033+0000] {processor.py:161} INFO - Processing /opt/airflow/dags/Scheduler_Traffict_Accident.py took 0.131 seconds
[2025-05-20T09:05:24.166+0000] {processor.py:153} INFO - Started process (PID=1405) to work on /opt/airflow/dags/Scheduler_Traffict_Accident.py
[2025-05-20T09:05:24.168+0000] {processor.py:640} INFO - Processing file /opt/airflow/dags/Scheduler_Traffict_Accident.py for tasks to queue
[2025-05-20T09:05:24.169+0000] {logging_mixin.py:115} INFO - [2025-05-20T09:05:24.169+0000] {dagbag.py:508} INFO - Filling up the DagBag from /opt/airflow/dags/Scheduler_Traffict_Accident.py
[2025-05-20T09:05:24.193+0000] {processor.py:650} INFO - DAG(s) dict_keys(['Scheduler_Traffict_Accident']) retrieved from /opt/airflow/dags/Scheduler_Traffict_Accident.py
[2025-05-20T09:05:24.219+0000] {logging_mixin.py:115} INFO - [2025-05-20T09:05:24.219+0000] {dag.py:2429} INFO - Sync 1 DAGs
[2025-05-20T09:05:24.246+0000] {logging_mixin.py:115} INFO - [2025-05-20T09:05:24.246+0000] {dag.py:2981} INFO - Setting next_dagrun for Scheduler_Traffict_Accident to 2025-05-20T09:00:00+00:00, run_after=2025-05-20T09:15:00+00:00
[2025-05-20T09:05:24.262+0000] {processor.py:161} INFO - Processing /opt/airflow/dags/Scheduler_Traffict_Accident.py took 0.100 seconds
[2025-05-20T09:05:54.415+0000] {processor.py:153} INFO - Started process (PID=1410) to work on /opt/airflow/dags/Scheduler_Traffict_Accident.py
[2025-05-20T09:05:54.416+0000] {processor.py:640} INFO - Processing file /opt/airflow/dags/Scheduler_Traffict_Accident.py for tasks to queue
[2025-05-20T09:05:54.417+0000] {logging_mixin.py:115} INFO - [2025-05-20T09:05:54.417+0000] {dagbag.py:508} INFO - Filling up the DagBag from /opt/airflow/dags/Scheduler_Traffict_Accident.py
[2025-05-20T09:05:54.437+0000] {processor.py:650} INFO - DAG(s) dict_keys(['Scheduler_Traffict_Accident']) retrieved from /opt/airflow/dags/Scheduler_Traffict_Accident.py
[2025-05-20T09:05:54.461+0000] {logging_mixin.py:115} INFO - [2025-05-20T09:05:54.461+0000] {dag.py:2429} INFO - Sync 1 DAGs
[2025-05-20T09:05:54.485+0000] {logging_mixin.py:115} INFO - [2025-05-20T09:05:54.484+0000] {dag.py:2981} INFO - Setting next_dagrun for Scheduler_Traffict_Accident to 2025-05-20T09:00:00+00:00, run_after=2025-05-20T09:15:00+00:00
[2025-05-20T09:05:54.500+0000] {processor.py:161} INFO - Processing /opt/airflow/dags/Scheduler_Traffict_Accident.py took 0.089 seconds
[2025-05-20T09:06:24.683+0000] {processor.py:153} INFO - Started process (PID=1415) to work on /opt/airflow/dags/Scheduler_Traffict_Accident.py
[2025-05-20T09:06:24.684+0000] {processor.py:640} INFO - Processing file /opt/airflow/dags/Scheduler_Traffict_Accident.py for tasks to queue
[2025-05-20T09:06:24.686+0000] {logging_mixin.py:115} INFO - [2025-05-20T09:06:24.685+0000] {dagbag.py:508} INFO - Filling up the DagBag from /opt/airflow/dags/Scheduler_Traffict_Accident.py
[2025-05-20T09:06:24.705+0000] {processor.py:650} INFO - DAG(s) dict_keys(['Scheduler_Traffict_Accident']) retrieved from /opt/airflow/dags/Scheduler_Traffict_Accident.py
[2025-05-20T09:06:24.729+0000] {logging_mixin.py:115} INFO - [2025-05-20T09:06:24.729+0000] {dag.py:2429} INFO - Sync 1 DAGs
[2025-05-20T09:06:24.752+0000] {logging_mixin.py:115} INFO - [2025-05-20T09:06:24.752+0000] {dag.py:2981} INFO - Setting next_dagrun for Scheduler_Traffict_Accident to 2025-05-20T09:00:00+00:00, run_after=2025-05-20T09:15:00+00:00
[2025-05-20T09:06:24.768+0000] {processor.py:161} INFO - Processing /opt/airflow/dags/Scheduler_Traffict_Accident.py took 0.088 seconds
[2025-05-20T09:06:54.896+0000] {processor.py:153} INFO - Started process (PID=1420) to work on /opt/airflow/dags/Scheduler_Traffict_Accident.py
[2025-05-20T09:06:54.898+0000] {processor.py:640} INFO - Processing file /opt/airflow/dags/Scheduler_Traffict_Accident.py for tasks to queue
[2025-05-20T09:06:54.900+0000] {logging_mixin.py:115} INFO - [2025-05-20T09:06:54.900+0000] {dagbag.py:508} INFO - Filling up the DagBag from /opt/airflow/dags/Scheduler_Traffict_Accident.py
[2025-05-20T09:06:54.964+0000] {processor.py:650} INFO - DAG(s) dict_keys(['Scheduler_Traffict_Accident']) retrieved from /opt/airflow/dags/Scheduler_Traffict_Accident.py
[2025-05-20T09:06:54.998+0000] {logging_mixin.py:115} INFO - [2025-05-20T09:06:54.998+0000] {dag.py:2429} INFO - Sync 1 DAGs
[2025-05-20T09:06:55.024+0000] {logging_mixin.py:115} INFO - [2025-05-20T09:06:55.024+0000] {dag.py:2981} INFO - Setting next_dagrun for Scheduler_Traffict_Accident to 2025-05-20T09:00:00+00:00, run_after=2025-05-20T09:15:00+00:00
[2025-05-20T09:06:55.040+0000] {processor.py:161} INFO - Processing /opt/airflow/dags/Scheduler_Traffict_Accident.py took 0.151 seconds
[2025-05-20T09:07:25.188+0000] {processor.py:153} INFO - Started process (PID=1425) to work on /opt/airflow/dags/Scheduler_Traffict_Accident.py
[2025-05-20T09:07:25.191+0000] {processor.py:640} INFO - Processing file /opt/airflow/dags/Scheduler_Traffict_Accident.py for tasks to queue
[2025-05-20T09:07:25.192+0000] {logging_mixin.py:115} INFO - [2025-05-20T09:07:25.192+0000] {dagbag.py:508} INFO - Filling up the DagBag from /opt/airflow/dags/Scheduler_Traffict_Accident.py
[2025-05-20T09:07:25.240+0000] {processor.py:650} INFO - DAG(s) dict_keys(['Scheduler_Traffict_Accident']) retrieved from /opt/airflow/dags/Scheduler_Traffict_Accident.py
[2025-05-20T09:07:25.283+0000] {logging_mixin.py:115} INFO - [2025-05-20T09:07:25.283+0000] {dag.py:2429} INFO - Sync 1 DAGs
[2025-05-20T09:07:25.307+0000] {logging_mixin.py:115} INFO - [2025-05-20T09:07:25.307+0000] {dag.py:2981} INFO - Setting next_dagrun for Scheduler_Traffict_Accident to 2025-05-20T09:00:00+00:00, run_after=2025-05-20T09:15:00+00:00
[2025-05-20T09:07:25.322+0000] {processor.py:161} INFO - Processing /opt/airflow/dags/Scheduler_Traffict_Accident.py took 0.139 seconds
[2025-05-20T09:07:55.409+0000] {processor.py:153} INFO - Started process (PID=1430) to work on /opt/airflow/dags/Scheduler_Traffict_Accident.py
[2025-05-20T09:07:55.410+0000] {processor.py:640} INFO - Processing file /opt/airflow/dags/Scheduler_Traffict_Accident.py for tasks to queue
[2025-05-20T09:07:55.412+0000] {logging_mixin.py:115} INFO - [2025-05-20T09:07:55.412+0000] {dagbag.py:508} INFO - Filling up the DagBag from /opt/airflow/dags/Scheduler_Traffict_Accident.py
[2025-05-20T09:07:55.439+0000] {processor.py:650} INFO - DAG(s) dict_keys(['Scheduler_Traffict_Accident']) retrieved from /opt/airflow/dags/Scheduler_Traffict_Accident.py
[2025-05-20T09:07:55.465+0000] {logging_mixin.py:115} INFO - [2025-05-20T09:07:55.465+0000] {dag.py:2429} INFO - Sync 1 DAGs
[2025-05-20T09:07:55.490+0000] {logging_mixin.py:115} INFO - [2025-05-20T09:07:55.490+0000] {dag.py:2981} INFO - Setting next_dagrun for Scheduler_Traffict_Accident to 2025-05-20T09:00:00+00:00, run_after=2025-05-20T09:15:00+00:00
[2025-05-20T09:07:55.504+0000] {processor.py:161} INFO - Processing /opt/airflow/dags/Scheduler_Traffict_Accident.py took 0.098 seconds
[2025-05-20T09:08:25.696+0000] {processor.py:153} INFO - Started process (PID=1435) to work on /opt/airflow/dags/Scheduler_Traffict_Accident.py
[2025-05-20T09:08:25.698+0000] {processor.py:640} INFO - Processing file /opt/airflow/dags/Scheduler_Traffict_Accident.py for tasks to queue
[2025-05-20T09:08:25.699+0000] {logging_mixin.py:115} INFO - [2025-05-20T09:08:25.699+0000] {dagbag.py:508} INFO - Filling up the DagBag from /opt/airflow/dags/Scheduler_Traffict_Accident.py
[2025-05-20T09:08:25.734+0000] {processor.py:650} INFO - DAG(s) dict_keys(['Scheduler_Traffict_Accident']) retrieved from /opt/airflow/dags/Scheduler_Traffict_Accident.py
[2025-05-20T09:08:25.770+0000] {logging_mixin.py:115} INFO - [2025-05-20T09:08:25.770+0000] {dag.py:2429} INFO - Sync 1 DAGs
[2025-05-20T09:08:25.793+0000] {logging_mixin.py:115} INFO - [2025-05-20T09:08:25.793+0000] {dag.py:2981} INFO - Setting next_dagrun for Scheduler_Traffict_Accident to 2025-05-20T09:00:00+00:00, run_after=2025-05-20T09:15:00+00:00
[2025-05-20T09:08:25.807+0000] {processor.py:161} INFO - Processing /opt/airflow/dags/Scheduler_Traffict_Accident.py took 0.114 seconds
[2025-05-20T09:18:16.912+0000] {processor.py:153} INFO - Started process (PID=231) to work on /opt/airflow/dags/Scheduler_Traffict_Accident.py
[2025-05-20T09:18:16.913+0000] {processor.py:640} INFO - Processing file /opt/airflow/dags/Scheduler_Traffict_Accident.py for tasks to queue
[2025-05-20T09:18:16.914+0000] {logging_mixin.py:115} INFO - [2025-05-20T09:18:16.914+0000] {dagbag.py:508} INFO - Filling up the DagBag from /opt/airflow/dags/Scheduler_Traffict_Accident.py
[2025-05-20T09:18:16.942+0000] {processor.py:650} INFO - DAG(s) dict_keys(['Scheduler_Traffict_Accident']) retrieved from /opt/airflow/dags/Scheduler_Traffict_Accident.py
[2025-05-20T09:18:17.027+0000] {logging_mixin.py:115} INFO - [2025-05-20T09:18:17.027+0000] {manager.py:508} INFO - Created Permission View: can read on DAG:Scheduler_Traffict_Accident
[2025-05-20T09:18:17.038+0000] {logging_mixin.py:115} INFO - [2025-05-20T09:18:17.038+0000] {manager.py:508} INFO - Created Permission View: can delete on DAG:Scheduler_Traffict_Accident
[2025-05-20T09:18:17.045+0000] {logging_mixin.py:115} INFO - [2025-05-20T09:18:17.044+0000] {manager.py:508} INFO - Created Permission View: can edit on DAG:Scheduler_Traffict_Accident
[2025-05-20T09:18:17.045+0000] {logging_mixin.py:115} INFO - [2025-05-20T09:18:17.045+0000] {dag.py:2429} INFO - Sync 1 DAGs
[2025-05-20T09:18:17.053+0000] {logging_mixin.py:115} INFO - [2025-05-20T09:18:17.053+0000] {dag.py:2448} INFO - Creating ORM DAG for Scheduler_Traffict_Accident
[2025-05-20T09:18:17.068+0000] {logging_mixin.py:115} INFO - [2025-05-20T09:18:17.067+0000] {dag.py:2981} INFO - Setting next_dagrun for Scheduler_Traffict_Accident to 2025-05-20T09:00:00+00:00, run_after=2025-05-20T09:15:00+00:00
[2025-05-20T09:18:17.083+0000] {processor.py:161} INFO - Processing /opt/airflow/dags/Scheduler_Traffict_Accident.py took 0.176 seconds
[2025-05-20T09:18:47.243+0000] {processor.py:153} INFO - Started process (PID=236) to work on /opt/airflow/dags/Scheduler_Traffict_Accident.py
[2025-05-20T09:18:47.244+0000] {processor.py:640} INFO - Processing file /opt/airflow/dags/Scheduler_Traffict_Accident.py for tasks to queue
[2025-05-20T09:18:47.245+0000] {logging_mixin.py:115} INFO - [2025-05-20T09:18:47.245+0000] {dagbag.py:508} INFO - Filling up the DagBag from /opt/airflow/dags/Scheduler_Traffict_Accident.py
[2025-05-20T09:18:47.276+0000] {processor.py:650} INFO - DAG(s) dict_keys(['Scheduler_Traffict_Accident']) retrieved from /opt/airflow/dags/Scheduler_Traffict_Accident.py
[2025-05-20T09:18:47.319+0000] {logging_mixin.py:115} INFO - [2025-05-20T09:18:47.319+0000] {dag.py:2429} INFO - Sync 1 DAGs
[2025-05-20T09:18:47.349+0000] {logging_mixin.py:115} INFO - [2025-05-20T09:18:47.348+0000] {dag.py:2981} INFO - Setting next_dagrun for Scheduler_Traffict_Accident to 2025-05-20T09:00:00+00:00, run_after=2025-05-20T09:15:00+00:00
[2025-05-20T09:18:47.366+0000] {processor.py:161} INFO - Processing /opt/airflow/dags/Scheduler_Traffict_Accident.py took 0.128 seconds
[2025-05-20T09:19:17.476+0000] {processor.py:153} INFO - Started process (PID=414) to work on /opt/airflow/dags/Scheduler_Traffict_Accident.py
[2025-05-20T09:19:17.478+0000] {processor.py:640} INFO - Processing file /opt/airflow/dags/Scheduler_Traffict_Accident.py for tasks to queue
[2025-05-20T09:19:17.481+0000] {logging_mixin.py:115} INFO - [2025-05-20T09:19:17.480+0000] {dagbag.py:508} INFO - Filling up the DagBag from /opt/airflow/dags/Scheduler_Traffict_Accident.py
[2025-05-20T09:19:17.552+0000] {processor.py:650} INFO - DAG(s) dict_keys(['Scheduler_Traffict_Accident']) retrieved from /opt/airflow/dags/Scheduler_Traffict_Accident.py
[2025-05-20T09:19:17.600+0000] {logging_mixin.py:115} INFO - [2025-05-20T09:19:17.599+0000] {dag.py:2429} INFO - Sync 1 DAGs
[2025-05-20T09:19:17.631+0000] {logging_mixin.py:115} INFO - [2025-05-20T09:19:17.630+0000] {dag.py:2981} INFO - Setting next_dagrun for Scheduler_Traffict_Accident to 2025-05-20T09:15:00+00:00, run_after=2025-05-20T09:30:00+00:00
[2025-05-20T09:19:17.648+0000] {processor.py:161} INFO - Processing /opt/airflow/dags/Scheduler_Traffict_Accident.py took 0.180 seconds
[2025-05-20T09:19:47.718+0000] {processor.py:153} INFO - Started process (PID=919) to work on /opt/airflow/dags/Scheduler_Traffict_Accident.py
[2025-05-20T09:19:47.720+0000] {processor.py:640} INFO - Processing file /opt/airflow/dags/Scheduler_Traffict_Accident.py for tasks to queue
[2025-05-20T09:19:47.721+0000] {logging_mixin.py:115} INFO - [2025-05-20T09:19:47.720+0000] {dagbag.py:508} INFO - Filling up the DagBag from /opt/airflow/dags/Scheduler_Traffict_Accident.py
[2025-05-20T09:19:47.742+0000] {processor.py:650} INFO - DAG(s) dict_keys(['Scheduler_Traffict_Accident']) retrieved from /opt/airflow/dags/Scheduler_Traffict_Accident.py
[2025-05-20T09:19:47.768+0000] {logging_mixin.py:115} INFO - [2025-05-20T09:19:47.768+0000] {dag.py:2429} INFO - Sync 1 DAGs
[2025-05-20T09:19:47.792+0000] {logging_mixin.py:115} INFO - [2025-05-20T09:19:47.792+0000] {dag.py:2981} INFO - Setting next_dagrun for Scheduler_Traffict_Accident to 2025-05-20T09:15:00+00:00, run_after=2025-05-20T09:30:00+00:00
[2025-05-20T09:19:47.821+0000] {processor.py:161} INFO - Processing /opt/airflow/dags/Scheduler_Traffict_Accident.py took 0.109 seconds
[2025-05-20T09:20:17.954+0000] {processor.py:153} INFO - Started process (PID=1321) to work on /opt/airflow/dags/Scheduler_Traffict_Accident.py
[2025-05-20T09:20:17.955+0000] {processor.py:640} INFO - Processing file /opt/airflow/dags/Scheduler_Traffict_Accident.py for tasks to queue
[2025-05-20T09:20:17.956+0000] {logging_mixin.py:115} INFO - [2025-05-20T09:20:17.956+0000] {dagbag.py:508} INFO - Filling up the DagBag from /opt/airflow/dags/Scheduler_Traffict_Accident.py
[2025-05-20T09:20:17.977+0000] {processor.py:650} INFO - DAG(s) dict_keys(['Scheduler_Traffict_Accident']) retrieved from /opt/airflow/dags/Scheduler_Traffict_Accident.py
[2025-05-20T09:20:18.005+0000] {logging_mixin.py:115} INFO - [2025-05-20T09:20:18.005+0000] {dag.py:2429} INFO - Sync 1 DAGs
[2025-05-20T09:20:18.032+0000] {logging_mixin.py:115} INFO - [2025-05-20T09:20:18.032+0000] {dag.py:2981} INFO - Setting next_dagrun for Scheduler_Traffict_Accident to 2025-05-20T09:15:00+00:00, run_after=2025-05-20T09:30:00+00:00
[2025-05-20T09:20:18.050+0000] {processor.py:161} INFO - Processing /opt/airflow/dags/Scheduler_Traffict_Accident.py took 0.100 seconds
[2025-05-20T09:20:48.160+0000] {processor.py:153} INFO - Started process (PID=1412) to work on /opt/airflow/dags/Scheduler_Traffict_Accident.py
[2025-05-20T09:20:48.161+0000] {processor.py:640} INFO - Processing file /opt/airflow/dags/Scheduler_Traffict_Accident.py for tasks to queue
[2025-05-20T09:20:48.162+0000] {logging_mixin.py:115} INFO - [2025-05-20T09:20:48.162+0000] {dagbag.py:508} INFO - Filling up the DagBag from /opt/airflow/dags/Scheduler_Traffict_Accident.py
[2025-05-20T09:20:48.193+0000] {processor.py:650} INFO - DAG(s) dict_keys(['Scheduler_Traffict_Accident']) retrieved from /opt/airflow/dags/Scheduler_Traffict_Accident.py
[2025-05-20T09:20:48.220+0000] {logging_mixin.py:115} INFO - [2025-05-20T09:20:48.220+0000] {dag.py:2429} INFO - Sync 1 DAGs
[2025-05-20T09:20:48.246+0000] {logging_mixin.py:115} INFO - [2025-05-20T09:20:48.245+0000] {dag.py:2981} INFO - Setting next_dagrun for Scheduler_Traffict_Accident to 2025-05-20T09:15:00+00:00, run_after=2025-05-20T09:30:00+00:00
[2025-05-20T09:20:48.262+0000] {processor.py:161} INFO - Processing /opt/airflow/dags/Scheduler_Traffict_Accident.py took 0.108 seconds
[2025-05-20T09:21:18.388+0000] {processor.py:153} INFO - Started process (PID=1417) to work on /opt/airflow/dags/Scheduler_Traffict_Accident.py
[2025-05-20T09:21:18.390+0000] {processor.py:640} INFO - Processing file /opt/airflow/dags/Scheduler_Traffict_Accident.py for tasks to queue
[2025-05-20T09:21:18.392+0000] {logging_mixin.py:115} INFO - [2025-05-20T09:21:18.391+0000] {dagbag.py:508} INFO - Filling up the DagBag from /opt/airflow/dags/Scheduler_Traffict_Accident.py
[2025-05-20T09:21:18.420+0000] {processor.py:650} INFO - DAG(s) dict_keys(['Scheduler_Traffict_Accident']) retrieved from /opt/airflow/dags/Scheduler_Traffict_Accident.py
[2025-05-20T09:21:18.450+0000] {logging_mixin.py:115} INFO - [2025-05-20T09:21:18.450+0000] {dag.py:2429} INFO - Sync 1 DAGs
[2025-05-20T09:21:18.486+0000] {logging_mixin.py:115} INFO - [2025-05-20T09:21:18.486+0000] {dag.py:2981} INFO - Setting next_dagrun for Scheduler_Traffict_Accident to 2025-05-20T09:15:00+00:00, run_after=2025-05-20T09:30:00+00:00
[2025-05-20T09:21:18.514+0000] {processor.py:161} INFO - Processing /opt/airflow/dags/Scheduler_Traffict_Accident.py took 0.131 seconds
[2025-05-20T14:46:56.946+0000] {processor.py:153} INFO - Started process (PID=212) to work on /opt/airflow/dags/Scheduler_Traffict_Accident.py
[2025-05-20T14:46:56.948+0000] {processor.py:640} INFO - Processing file /opt/airflow/dags/Scheduler_Traffict_Accident.py for tasks to queue
[2025-05-20T14:46:56.950+0000] {logging_mixin.py:115} INFO - [2025-05-20T14:46:56.949+0000] {dagbag.py:508} INFO - Filling up the DagBag from /opt/airflow/dags/Scheduler_Traffict_Accident.py
[2025-05-20T14:46:57.001+0000] {processor.py:650} INFO - DAG(s) dict_keys(['Scheduler_Traffict_Accident']) retrieved from /opt/airflow/dags/Scheduler_Traffict_Accident.py
[2025-05-20T14:46:57.101+0000] {logging_mixin.py:115} INFO - [2025-05-20T14:46:57.101+0000] {manager.py:508} INFO - Created Permission View: can read on DAG:Scheduler_Traffict_Accident
[2025-05-20T14:46:57.110+0000] {logging_mixin.py:115} INFO - [2025-05-20T14:46:57.110+0000] {manager.py:508} INFO - Created Permission View: can delete on DAG:Scheduler_Traffict_Accident
[2025-05-20T14:46:57.116+0000] {logging_mixin.py:115} INFO - [2025-05-20T14:46:57.116+0000] {manager.py:508} INFO - Created Permission View: can edit on DAG:Scheduler_Traffict_Accident
[2025-05-20T14:46:57.117+0000] {logging_mixin.py:115} INFO - [2025-05-20T14:46:57.116+0000] {dag.py:2429} INFO - Sync 1 DAGs
[2025-05-20T14:46:57.129+0000] {logging_mixin.py:115} INFO - [2025-05-20T14:46:57.128+0000] {dag.py:2448} INFO - Creating ORM DAG for Scheduler_Traffict_Accident
[2025-05-20T14:46:57.152+0000] {logging_mixin.py:115} INFO - [2025-05-20T14:46:57.151+0000] {dag.py:2981} INFO - Setting next_dagrun for Scheduler_Traffict_Accident to 2025-05-20T14:30:00+00:00, run_after=2025-05-20T14:45:00+00:00
[2025-05-20T14:46:57.171+0000] {processor.py:161} INFO - Processing /opt/airflow/dags/Scheduler_Traffict_Accident.py took 0.231 seconds
[2025-05-20T14:47:27.378+0000] {processor.py:153} INFO - Started process (PID=217) to work on /opt/airflow/dags/Scheduler_Traffict_Accident.py
[2025-05-20T14:47:27.379+0000] {processor.py:640} INFO - Processing file /opt/airflow/dags/Scheduler_Traffict_Accident.py for tasks to queue
[2025-05-20T14:47:27.380+0000] {logging_mixin.py:115} INFO - [2025-05-20T14:47:27.380+0000] {dagbag.py:508} INFO - Filling up the DagBag from /opt/airflow/dags/Scheduler_Traffict_Accident.py
[2025-05-20T14:47:27.401+0000] {processor.py:650} INFO - DAG(s) dict_keys(['Scheduler_Traffict_Accident']) retrieved from /opt/airflow/dags/Scheduler_Traffict_Accident.py
[2025-05-20T14:47:27.425+0000] {logging_mixin.py:115} INFO - [2025-05-20T14:47:27.424+0000] {dag.py:2429} INFO - Sync 1 DAGs
[2025-05-20T14:47:27.448+0000] {logging_mixin.py:115} INFO - [2025-05-20T14:47:27.448+0000] {dag.py:2981} INFO - Setting next_dagrun for Scheduler_Traffict_Accident to 2025-05-20T14:30:00+00:00, run_after=2025-05-20T14:45:00+00:00
[2025-05-20T14:47:27.465+0000] {processor.py:161} INFO - Processing /opt/airflow/dags/Scheduler_Traffict_Accident.py took 0.091 seconds
[2025-05-20T14:47:57.549+0000] {processor.py:153} INFO - Started process (PID=381) to work on /opt/airflow/dags/Scheduler_Traffict_Accident.py
[2025-05-20T14:47:57.551+0000] {processor.py:640} INFO - Processing file /opt/airflow/dags/Scheduler_Traffict_Accident.py for tasks to queue
[2025-05-20T14:47:57.552+0000] {logging_mixin.py:115} INFO - [2025-05-20T14:47:57.552+0000] {dagbag.py:508} INFO - Filling up the DagBag from /opt/airflow/dags/Scheduler_Traffict_Accident.py
[2025-05-20T14:47:57.596+0000] {processor.py:650} INFO - DAG(s) dict_keys(['Scheduler_Traffict_Accident']) retrieved from /opt/airflow/dags/Scheduler_Traffict_Accident.py
[2025-05-20T14:47:57.624+0000] {logging_mixin.py:115} INFO - [2025-05-20T14:47:57.624+0000] {dag.py:2429} INFO - Sync 1 DAGs
[2025-05-20T14:47:57.652+0000] {logging_mixin.py:115} INFO - [2025-05-20T14:47:57.651+0000] {dag.py:2981} INFO - Setting next_dagrun for Scheduler_Traffict_Accident to 2025-05-20T14:45:00+00:00, run_after=2025-05-20T15:00:00+00:00
[2025-05-20T14:47:57.665+0000] {processor.py:161} INFO - Processing /opt/airflow/dags/Scheduler_Traffict_Accident.py took 0.120 seconds
[2025-05-20T14:48:27.773+0000] {processor.py:153} INFO - Started process (PID=810) to work on /opt/airflow/dags/Scheduler_Traffict_Accident.py
[2025-05-20T14:48:27.776+0000] {processor.py:640} INFO - Processing file /opt/airflow/dags/Scheduler_Traffict_Accident.py for tasks to queue
[2025-05-20T14:48:27.776+0000] {logging_mixin.py:115} INFO - [2025-05-20T14:48:27.776+0000] {dagbag.py:508} INFO - Filling up the DagBag from /opt/airflow/dags/Scheduler_Traffict_Accident.py
[2025-05-20T14:48:27.810+0000] {processor.py:650} INFO - DAG(s) dict_keys(['Scheduler_Traffict_Accident']) retrieved from /opt/airflow/dags/Scheduler_Traffict_Accident.py
[2025-05-20T14:48:27.842+0000] {logging_mixin.py:115} INFO - [2025-05-20T14:48:27.842+0000] {dag.py:2429} INFO - Sync 1 DAGs
[2025-05-20T14:48:27.871+0000] {logging_mixin.py:115} INFO - [2025-05-20T14:48:27.870+0000] {dag.py:2981} INFO - Setting next_dagrun for Scheduler_Traffict_Accident to 2025-05-20T14:45:00+00:00, run_after=2025-05-20T15:00:00+00:00
[2025-05-20T14:48:27.896+0000] {processor.py:161} INFO - Processing /opt/airflow/dags/Scheduler_Traffict_Accident.py took 0.126 seconds
[2025-05-20T14:48:58.018+0000] {processor.py:153} INFO - Started process (PID=1235) to work on /opt/airflow/dags/Scheduler_Traffict_Accident.py
[2025-05-20T14:48:58.021+0000] {processor.py:640} INFO - Processing file /opt/airflow/dags/Scheduler_Traffict_Accident.py for tasks to queue
[2025-05-20T14:48:58.023+0000] {logging_mixin.py:115} INFO - [2025-05-20T14:48:58.023+0000] {dagbag.py:508} INFO - Filling up the DagBag from /opt/airflow/dags/Scheduler_Traffict_Accident.py
[2025-05-20T14:48:58.086+0000] {processor.py:650} INFO - DAG(s) dict_keys(['Scheduler_Traffict_Accident']) retrieved from /opt/airflow/dags/Scheduler_Traffict_Accident.py
[2025-05-20T14:48:58.144+0000] {logging_mixin.py:115} INFO - [2025-05-20T14:48:58.143+0000] {dag.py:2429} INFO - Sync 1 DAGs
[2025-05-20T14:48:58.187+0000] {logging_mixin.py:115} INFO - [2025-05-20T14:48:58.186+0000] {dag.py:2981} INFO - Setting next_dagrun for Scheduler_Traffict_Accident to 2025-05-20T14:45:00+00:00, run_after=2025-05-20T15:00:00+00:00
[2025-05-20T14:48:58.208+0000] {processor.py:161} INFO - Processing /opt/airflow/dags/Scheduler_Traffict_Accident.py took 0.197 seconds
[2025-05-20T14:49:28.290+0000] {processor.py:153} INFO - Started process (PID=1240) to work on /opt/airflow/dags/Scheduler_Traffict_Accident.py
[2025-05-20T14:49:28.292+0000] {processor.py:640} INFO - Processing file /opt/airflow/dags/Scheduler_Traffict_Accident.py for tasks to queue
[2025-05-20T14:49:28.294+0000] {logging_mixin.py:115} INFO - [2025-05-20T14:49:28.294+0000] {dagbag.py:508} INFO - Filling up the DagBag from /opt/airflow/dags/Scheduler_Traffict_Accident.py
[2025-05-20T14:49:28.349+0000] {processor.py:650} INFO - DAG(s) dict_keys(['Scheduler_Traffict_Accident']) retrieved from /opt/airflow/dags/Scheduler_Traffict_Accident.py
[2025-05-20T14:49:28.389+0000] {logging_mixin.py:115} INFO - [2025-05-20T14:49:28.389+0000] {dag.py:2429} INFO - Sync 1 DAGs
[2025-05-20T14:49:28.412+0000] {logging_mixin.py:115} INFO - [2025-05-20T14:49:28.412+0000] {dag.py:2981} INFO - Setting next_dagrun for Scheduler_Traffict_Accident to 2025-05-20T14:45:00+00:00, run_after=2025-05-20T15:00:00+00:00
[2025-05-20T14:49:28.425+0000] {processor.py:161} INFO - Processing /opt/airflow/dags/Scheduler_Traffict_Accident.py took 0.140 seconds
[2025-05-20T14:49:58.602+0000] {processor.py:153} INFO - Started process (PID=1245) to work on /opt/airflow/dags/Scheduler_Traffict_Accident.py
[2025-05-20T14:49:58.604+0000] {processor.py:640} INFO - Processing file /opt/airflow/dags/Scheduler_Traffict_Accident.py for tasks to queue
[2025-05-20T14:49:58.604+0000] {logging_mixin.py:115} INFO - [2025-05-20T14:49:58.604+0000] {dagbag.py:508} INFO - Filling up the DagBag from /opt/airflow/dags/Scheduler_Traffict_Accident.py
[2025-05-20T14:49:58.623+0000] {processor.py:650} INFO - DAG(s) dict_keys(['Scheduler_Traffict_Accident']) retrieved from /opt/airflow/dags/Scheduler_Traffict_Accident.py
[2025-05-20T14:49:58.650+0000] {logging_mixin.py:115} INFO - [2025-05-20T14:49:58.650+0000] {dag.py:2429} INFO - Sync 1 DAGs
[2025-05-20T14:49:58.675+0000] {logging_mixin.py:115} INFO - [2025-05-20T14:49:58.675+0000] {dag.py:2981} INFO - Setting next_dagrun for Scheduler_Traffict_Accident to 2025-05-20T14:45:00+00:00, run_after=2025-05-20T15:00:00+00:00
[2025-05-20T14:49:58.690+0000] {processor.py:161} INFO - Processing /opt/airflow/dags/Scheduler_Traffict_Accident.py took 0.091 seconds
[2025-05-20T14:50:28.835+0000] {processor.py:153} INFO - Started process (PID=1250) to work on /opt/airflow/dags/Scheduler_Traffict_Accident.py
[2025-05-20T14:50:28.837+0000] {processor.py:640} INFO - Processing file /opt/airflow/dags/Scheduler_Traffict_Accident.py for tasks to queue
[2025-05-20T14:50:28.838+0000] {logging_mixin.py:115} INFO - [2025-05-20T14:50:28.838+0000] {dagbag.py:508} INFO - Filling up the DagBag from /opt/airflow/dags/Scheduler_Traffict_Accident.py
[2025-05-20T14:50:28.866+0000] {processor.py:650} INFO - DAG(s) dict_keys(['Scheduler_Traffict_Accident']) retrieved from /opt/airflow/dags/Scheduler_Traffict_Accident.py
[2025-05-20T14:50:28.896+0000] {logging_mixin.py:115} INFO - [2025-05-20T14:50:28.896+0000] {dag.py:2429} INFO - Sync 1 DAGs
[2025-05-20T14:50:28.926+0000] {logging_mixin.py:115} INFO - [2025-05-20T14:50:28.926+0000] {dag.py:2981} INFO - Setting next_dagrun for Scheduler_Traffict_Accident to 2025-05-20T14:45:00+00:00, run_after=2025-05-20T15:00:00+00:00
[2025-05-20T14:50:28.943+0000] {processor.py:161} INFO - Processing /opt/airflow/dags/Scheduler_Traffict_Accident.py took 0.113 seconds
[2025-05-20T14:50:59.111+0000] {processor.py:153} INFO - Started process (PID=1255) to work on /opt/airflow/dags/Scheduler_Traffict_Accident.py
[2025-05-20T14:50:59.112+0000] {processor.py:640} INFO - Processing file /opt/airflow/dags/Scheduler_Traffict_Accident.py for tasks to queue
[2025-05-20T14:50:59.114+0000] {logging_mixin.py:115} INFO - [2025-05-20T14:50:59.114+0000] {dagbag.py:508} INFO - Filling up the DagBag from /opt/airflow/dags/Scheduler_Traffict_Accident.py
[2025-05-20T14:50:59.143+0000] {processor.py:650} INFO - DAG(s) dict_keys(['Scheduler_Traffict_Accident']) retrieved from /opt/airflow/dags/Scheduler_Traffict_Accident.py
[2025-05-20T14:50:59.171+0000] {logging_mixin.py:115} INFO - [2025-05-20T14:50:59.171+0000] {dag.py:2429} INFO - Sync 1 DAGs
[2025-05-20T14:50:59.207+0000] {logging_mixin.py:115} INFO - [2025-05-20T14:50:59.207+0000] {dag.py:2981} INFO - Setting next_dagrun for Scheduler_Traffict_Accident to 2025-05-20T14:45:00+00:00, run_after=2025-05-20T15:00:00+00:00
[2025-05-20T14:50:59.229+0000] {processor.py:161} INFO - Processing /opt/airflow/dags/Scheduler_Traffict_Accident.py took 0.123 seconds
[2025-05-20T14:51:29.392+0000] {processor.py:153} INFO - Started process (PID=1260) to work on /opt/airflow/dags/Scheduler_Traffict_Accident.py
[2025-05-20T14:51:29.397+0000] {processor.py:640} INFO - Processing file /opt/airflow/dags/Scheduler_Traffict_Accident.py for tasks to queue
[2025-05-20T14:51:29.399+0000] {logging_mixin.py:115} INFO - [2025-05-20T14:51:29.399+0000] {dagbag.py:508} INFO - Filling up the DagBag from /opt/airflow/dags/Scheduler_Traffict_Accident.py
[2025-05-20T14:51:29.443+0000] {processor.py:650} INFO - DAG(s) dict_keys(['Scheduler_Traffict_Accident']) retrieved from /opt/airflow/dags/Scheduler_Traffict_Accident.py
[2025-05-20T14:51:29.479+0000] {logging_mixin.py:115} INFO - [2025-05-20T14:51:29.479+0000] {dag.py:2429} INFO - Sync 1 DAGs
[2025-05-20T14:51:29.522+0000] {logging_mixin.py:115} INFO - [2025-05-20T14:51:29.521+0000] {dag.py:2981} INFO - Setting next_dagrun for Scheduler_Traffict_Accident to 2025-05-20T14:45:00+00:00, run_after=2025-05-20T15:00:00+00:00
[2025-05-20T14:51:29.553+0000] {processor.py:161} INFO - Processing /opt/airflow/dags/Scheduler_Traffict_Accident.py took 0.166 seconds
[2025-05-20T14:51:59.650+0000] {processor.py:153} INFO - Started process (PID=1265) to work on /opt/airflow/dags/Scheduler_Traffict_Accident.py
[2025-05-20T14:51:59.651+0000] {processor.py:640} INFO - Processing file /opt/airflow/dags/Scheduler_Traffict_Accident.py for tasks to queue
[2025-05-20T14:51:59.652+0000] {logging_mixin.py:115} INFO - [2025-05-20T14:51:59.652+0000] {dagbag.py:508} INFO - Filling up the DagBag from /opt/airflow/dags/Scheduler_Traffict_Accident.py
[2025-05-20T14:51:59.677+0000] {processor.py:650} INFO - DAG(s) dict_keys(['Scheduler_Traffict_Accident']) retrieved from /opt/airflow/dags/Scheduler_Traffict_Accident.py
[2025-05-20T14:51:59.703+0000] {logging_mixin.py:115} INFO - [2025-05-20T14:51:59.703+0000] {dag.py:2429} INFO - Sync 1 DAGs
[2025-05-20T14:51:59.730+0000] {logging_mixin.py:115} INFO - [2025-05-20T14:51:59.729+0000] {dag.py:2981} INFO - Setting next_dagrun for Scheduler_Traffict_Accident to 2025-05-20T14:45:00+00:00, run_after=2025-05-20T15:00:00+00:00
[2025-05-20T14:51:59.750+0000] {processor.py:161} INFO - Processing /opt/airflow/dags/Scheduler_Traffict_Accident.py took 0.104 seconds
[2025-05-20T14:52:29.916+0000] {processor.py:153} INFO - Started process (PID=1270) to work on /opt/airflow/dags/Scheduler_Traffict_Accident.py
[2025-05-20T14:52:29.918+0000] {processor.py:640} INFO - Processing file /opt/airflow/dags/Scheduler_Traffict_Accident.py for tasks to queue
[2025-05-20T14:52:29.919+0000] {logging_mixin.py:115} INFO - [2025-05-20T14:52:29.919+0000] {dagbag.py:508} INFO - Filling up the DagBag from /opt/airflow/dags/Scheduler_Traffict_Accident.py
[2025-05-20T14:52:29.954+0000] {processor.py:650} INFO - DAG(s) dict_keys(['Scheduler_Traffict_Accident']) retrieved from /opt/airflow/dags/Scheduler_Traffict_Accident.py
[2025-05-20T14:52:30.001+0000] {logging_mixin.py:115} INFO - [2025-05-20T14:52:30.000+0000] {dag.py:2429} INFO - Sync 1 DAGs
[2025-05-20T14:52:30.032+0000] {logging_mixin.py:115} INFO - [2025-05-20T14:52:30.032+0000] {dag.py:2981} INFO - Setting next_dagrun for Scheduler_Traffict_Accident to 2025-05-20T14:45:00+00:00, run_after=2025-05-20T15:00:00+00:00
[2025-05-20T14:52:30.049+0000] {processor.py:161} INFO - Processing /opt/airflow/dags/Scheduler_Traffict_Accident.py took 0.137 seconds
[2025-05-20T14:53:00.167+0000] {processor.py:153} INFO - Started process (PID=1275) to work on /opt/airflow/dags/Scheduler_Traffict_Accident.py
[2025-05-20T14:53:00.168+0000] {processor.py:640} INFO - Processing file /opt/airflow/dags/Scheduler_Traffict_Accident.py for tasks to queue
[2025-05-20T14:53:00.170+0000] {logging_mixin.py:115} INFO - [2025-05-20T14:53:00.169+0000] {dagbag.py:508} INFO - Filling up the DagBag from /opt/airflow/dags/Scheduler_Traffict_Accident.py
[2025-05-20T14:53:00.196+0000] {processor.py:650} INFO - DAG(s) dict_keys(['Scheduler_Traffict_Accident']) retrieved from /opt/airflow/dags/Scheduler_Traffict_Accident.py
[2025-05-20T14:53:00.220+0000] {logging_mixin.py:115} INFO - [2025-05-20T14:53:00.220+0000] {dag.py:2429} INFO - Sync 1 DAGs
[2025-05-20T14:53:00.242+0000] {logging_mixin.py:115} INFO - [2025-05-20T14:53:00.242+0000] {dag.py:2981} INFO - Setting next_dagrun for Scheduler_Traffict_Accident to 2025-05-20T14:45:00+00:00, run_after=2025-05-20T15:00:00+00:00
[2025-05-20T14:53:00.255+0000] {processor.py:161} INFO - Processing /opt/airflow/dags/Scheduler_Traffict_Accident.py took 0.093 seconds
[2025-05-20T14:53:30.467+0000] {processor.py:153} INFO - Started process (PID=1280) to work on /opt/airflow/dags/Scheduler_Traffict_Accident.py
[2025-05-20T14:53:30.469+0000] {processor.py:640} INFO - Processing file /opt/airflow/dags/Scheduler_Traffict_Accident.py for tasks to queue
[2025-05-20T14:53:30.470+0000] {logging_mixin.py:115} INFO - [2025-05-20T14:53:30.470+0000] {dagbag.py:508} INFO - Filling up the DagBag from /opt/airflow/dags/Scheduler_Traffict_Accident.py
[2025-05-20T14:53:30.501+0000] {processor.py:650} INFO - DAG(s) dict_keys(['Scheduler_Traffict_Accident']) retrieved from /opt/airflow/dags/Scheduler_Traffict_Accident.py
[2025-05-20T14:53:30.538+0000] {logging_mixin.py:115} INFO - [2025-05-20T14:53:30.537+0000] {dag.py:2429} INFO - Sync 1 DAGs
[2025-05-20T14:53:30.567+0000] {logging_mixin.py:115} INFO - [2025-05-20T14:53:30.567+0000] {dag.py:2981} INFO - Setting next_dagrun for Scheduler_Traffict_Accident to 2025-05-20T14:45:00+00:00, run_after=2025-05-20T15:00:00+00:00
[2025-05-20T14:53:30.583+0000] {processor.py:161} INFO - Processing /opt/airflow/dags/Scheduler_Traffict_Accident.py took 0.121 seconds
[2025-05-20T14:54:00.689+0000] {processor.py:153} INFO - Started process (PID=1285) to work on /opt/airflow/dags/Scheduler_Traffict_Accident.py
[2025-05-20T14:54:00.690+0000] {processor.py:640} INFO - Processing file /opt/airflow/dags/Scheduler_Traffict_Accident.py for tasks to queue
[2025-05-20T14:54:00.692+0000] {logging_mixin.py:115} INFO - [2025-05-20T14:54:00.692+0000] {dagbag.py:508} INFO - Filling up the DagBag from /opt/airflow/dags/Scheduler_Traffict_Accident.py
[2025-05-20T14:54:00.732+0000] {processor.py:650} INFO - DAG(s) dict_keys(['Scheduler_Traffict_Accident']) retrieved from /opt/airflow/dags/Scheduler_Traffict_Accident.py
[2025-05-20T14:54:00.775+0000] {logging_mixin.py:115} INFO - [2025-05-20T14:54:00.775+0000] {dag.py:2429} INFO - Sync 1 DAGs
[2025-05-20T14:54:00.802+0000] {logging_mixin.py:115} INFO - [2025-05-20T14:54:00.801+0000] {dag.py:2981} INFO - Setting next_dagrun for Scheduler_Traffict_Accident to 2025-05-20T14:45:00+00:00, run_after=2025-05-20T15:00:00+00:00
[2025-05-20T14:54:00.819+0000] {processor.py:161} INFO - Processing /opt/airflow/dags/Scheduler_Traffict_Accident.py took 0.136 seconds
[2025-05-20T14:54:30.940+0000] {processor.py:153} INFO - Started process (PID=1290) to work on /opt/airflow/dags/Scheduler_Traffict_Accident.py
[2025-05-20T14:54:30.944+0000] {processor.py:640} INFO - Processing file /opt/airflow/dags/Scheduler_Traffict_Accident.py for tasks to queue
[2025-05-20T14:54:30.945+0000] {logging_mixin.py:115} INFO - [2025-05-20T14:54:30.945+0000] {dagbag.py:508} INFO - Filling up the DagBag from /opt/airflow/dags/Scheduler_Traffict_Accident.py
[2025-05-20T14:54:30.973+0000] {processor.py:650} INFO - DAG(s) dict_keys(['Scheduler_Traffict_Accident']) retrieved from /opt/airflow/dags/Scheduler_Traffict_Accident.py
[2025-05-20T14:54:30.998+0000] {logging_mixin.py:115} INFO - [2025-05-20T14:54:30.998+0000] {dag.py:2429} INFO - Sync 1 DAGs
[2025-05-20T14:54:31.022+0000] {logging_mixin.py:115} INFO - [2025-05-20T14:54:31.022+0000] {dag.py:2981} INFO - Setting next_dagrun for Scheduler_Traffict_Accident to 2025-05-20T14:45:00+00:00, run_after=2025-05-20T15:00:00+00:00
[2025-05-20T14:54:31.040+0000] {processor.py:161} INFO - Processing /opt/airflow/dags/Scheduler_Traffict_Accident.py took 0.103 seconds
[2025-05-20T14:55:01.152+0000] {processor.py:153} INFO - Started process (PID=1295) to work on /opt/airflow/dags/Scheduler_Traffict_Accident.py
[2025-05-20T14:55:01.154+0000] {processor.py:640} INFO - Processing file /opt/airflow/dags/Scheduler_Traffict_Accident.py for tasks to queue
[2025-05-20T14:55:01.156+0000] {logging_mixin.py:115} INFO - [2025-05-20T14:55:01.155+0000] {dagbag.py:508} INFO - Filling up the DagBag from /opt/airflow/dags/Scheduler_Traffict_Accident.py
[2025-05-20T14:55:01.206+0000] {processor.py:650} INFO - DAG(s) dict_keys(['Scheduler_Traffict_Accident']) retrieved from /opt/airflow/dags/Scheduler_Traffict_Accident.py
[2025-05-20T14:55:01.250+0000] {logging_mixin.py:115} INFO - [2025-05-20T14:55:01.250+0000] {dag.py:2429} INFO - Sync 1 DAGs
[2025-05-20T14:55:01.275+0000] {logging_mixin.py:115} INFO - [2025-05-20T14:55:01.275+0000] {dag.py:2981} INFO - Setting next_dagrun for Scheduler_Traffict_Accident to 2025-05-20T14:45:00+00:00, run_after=2025-05-20T15:00:00+00:00
[2025-05-20T14:55:01.292+0000] {processor.py:161} INFO - Processing /opt/airflow/dags/Scheduler_Traffict_Accident.py took 0.146 seconds
[2025-05-20T14:55:31.373+0000] {processor.py:153} INFO - Started process (PID=1300) to work on /opt/airflow/dags/Scheduler_Traffict_Accident.py
[2025-05-20T14:55:31.375+0000] {processor.py:640} INFO - Processing file /opt/airflow/dags/Scheduler_Traffict_Accident.py for tasks to queue
[2025-05-20T14:55:31.377+0000] {logging_mixin.py:115} INFO - [2025-05-20T14:55:31.377+0000] {dagbag.py:508} INFO - Filling up the DagBag from /opt/airflow/dags/Scheduler_Traffict_Accident.py
[2025-05-20T14:55:31.404+0000] {processor.py:650} INFO - DAG(s) dict_keys(['Scheduler_Traffict_Accident']) retrieved from /opt/airflow/dags/Scheduler_Traffict_Accident.py
[2025-05-20T14:55:31.439+0000] {logging_mixin.py:115} INFO - [2025-05-20T14:55:31.439+0000] {dag.py:2429} INFO - Sync 1 DAGs
[2025-05-20T14:55:31.473+0000] {logging_mixin.py:115} INFO - [2025-05-20T14:55:31.473+0000] {dag.py:2981} INFO - Setting next_dagrun for Scheduler_Traffict_Accident to 2025-05-20T14:45:00+00:00, run_after=2025-05-20T15:00:00+00:00
[2025-05-20T14:55:31.489+0000] {processor.py:161} INFO - Processing /opt/airflow/dags/Scheduler_Traffict_Accident.py took 0.122 seconds
[2025-05-20T14:56:01.630+0000] {processor.py:153} INFO - Started process (PID=1305) to work on /opt/airflow/dags/Scheduler_Traffict_Accident.py
[2025-05-20T14:56:01.631+0000] {processor.py:640} INFO - Processing file /opt/airflow/dags/Scheduler_Traffict_Accident.py for tasks to queue
[2025-05-20T14:56:01.633+0000] {logging_mixin.py:115} INFO - [2025-05-20T14:56:01.632+0000] {dagbag.py:508} INFO - Filling up the DagBag from /opt/airflow/dags/Scheduler_Traffict_Accident.py
[2025-05-20T14:56:01.661+0000] {processor.py:650} INFO - DAG(s) dict_keys(['Scheduler_Traffict_Accident']) retrieved from /opt/airflow/dags/Scheduler_Traffict_Accident.py
[2025-05-20T14:56:01.690+0000] {logging_mixin.py:115} INFO - [2025-05-20T14:56:01.690+0000] {dag.py:2429} INFO - Sync 1 DAGs
[2025-05-20T14:56:01.714+0000] {logging_mixin.py:115} INFO - [2025-05-20T14:56:01.714+0000] {dag.py:2981} INFO - Setting next_dagrun for Scheduler_Traffict_Accident to 2025-05-20T14:45:00+00:00, run_after=2025-05-20T15:00:00+00:00
[2025-05-20T14:56:01.728+0000] {processor.py:161} INFO - Processing /opt/airflow/dags/Scheduler_Traffict_Accident.py took 0.102 seconds
[2025-05-20T14:56:31.849+0000] {processor.py:153} INFO - Started process (PID=1310) to work on /opt/airflow/dags/Scheduler_Traffict_Accident.py
[2025-05-20T14:56:31.851+0000] {processor.py:640} INFO - Processing file /opt/airflow/dags/Scheduler_Traffict_Accident.py for tasks to queue
[2025-05-20T14:56:31.853+0000] {logging_mixin.py:115} INFO - [2025-05-20T14:56:31.852+0000] {dagbag.py:508} INFO - Filling up the DagBag from /opt/airflow/dags/Scheduler_Traffict_Accident.py
[2025-05-20T14:56:31.891+0000] {processor.py:650} INFO - DAG(s) dict_keys(['Scheduler_Traffict_Accident']) retrieved from /opt/airflow/dags/Scheduler_Traffict_Accident.py
[2025-05-20T14:56:31.920+0000] {logging_mixin.py:115} INFO - [2025-05-20T14:56:31.920+0000] {dag.py:2429} INFO - Sync 1 DAGs
[2025-05-20T14:56:31.948+0000] {logging_mixin.py:115} INFO - [2025-05-20T14:56:31.948+0000] {dag.py:2981} INFO - Setting next_dagrun for Scheduler_Traffict_Accident to 2025-05-20T14:45:00+00:00, run_after=2025-05-20T15:00:00+00:00
[2025-05-20T14:56:31.982+0000] {processor.py:161} INFO - Processing /opt/airflow/dags/Scheduler_Traffict_Accident.py took 0.139 seconds
[2025-05-20T14:57:02.158+0000] {processor.py:153} INFO - Started process (PID=1315) to work on /opt/airflow/dags/Scheduler_Traffict_Accident.py
[2025-05-20T14:57:02.159+0000] {processor.py:640} INFO - Processing file /opt/airflow/dags/Scheduler_Traffict_Accident.py for tasks to queue
[2025-05-20T14:57:02.161+0000] {logging_mixin.py:115} INFO - [2025-05-20T14:57:02.161+0000] {dagbag.py:508} INFO - Filling up the DagBag from /opt/airflow/dags/Scheduler_Traffict_Accident.py
[2025-05-20T14:57:02.190+0000] {processor.py:650} INFO - DAG(s) dict_keys(['Scheduler_Traffict_Accident']) retrieved from /opt/airflow/dags/Scheduler_Traffict_Accident.py
[2025-05-20T14:57:02.220+0000] {logging_mixin.py:115} INFO - [2025-05-20T14:57:02.220+0000] {dag.py:2429} INFO - Sync 1 DAGs
[2025-05-20T14:57:02.242+0000] {logging_mixin.py:115} INFO - [2025-05-20T14:57:02.242+0000] {dag.py:2981} INFO - Setting next_dagrun for Scheduler_Traffict_Accident to 2025-05-20T14:45:00+00:00, run_after=2025-05-20T15:00:00+00:00
[2025-05-20T14:57:02.257+0000] {processor.py:161} INFO - Processing /opt/airflow/dags/Scheduler_Traffict_Accident.py took 0.105 seconds
[2025-05-20T14:57:32.431+0000] {processor.py:153} INFO - Started process (PID=1320) to work on /opt/airflow/dags/Scheduler_Traffict_Accident.py
[2025-05-20T14:57:32.434+0000] {processor.py:640} INFO - Processing file /opt/airflow/dags/Scheduler_Traffict_Accident.py for tasks to queue
[2025-05-20T14:57:32.436+0000] {logging_mixin.py:115} INFO - [2025-05-20T14:57:32.436+0000] {dagbag.py:508} INFO - Filling up the DagBag from /opt/airflow/dags/Scheduler_Traffict_Accident.py
[2025-05-20T14:57:32.481+0000] {processor.py:650} INFO - DAG(s) dict_keys(['Scheduler_Traffict_Accident']) retrieved from /opt/airflow/dags/Scheduler_Traffict_Accident.py
[2025-05-20T14:57:32.518+0000] {logging_mixin.py:115} INFO - [2025-05-20T14:57:32.518+0000] {dag.py:2429} INFO - Sync 1 DAGs
[2025-05-20T14:57:32.543+0000] {logging_mixin.py:115} INFO - [2025-05-20T14:57:32.543+0000] {dag.py:2981} INFO - Setting next_dagrun for Scheduler_Traffict_Accident to 2025-05-20T14:45:00+00:00, run_after=2025-05-20T15:00:00+00:00
[2025-05-20T14:57:32.564+0000] {processor.py:161} INFO - Processing /opt/airflow/dags/Scheduler_Traffict_Accident.py took 0.138 seconds
[2025-05-20T14:58:02.659+0000] {processor.py:153} INFO - Started process (PID=1325) to work on /opt/airflow/dags/Scheduler_Traffict_Accident.py
[2025-05-20T14:58:02.661+0000] {processor.py:640} INFO - Processing file /opt/airflow/dags/Scheduler_Traffict_Accident.py for tasks to queue
[2025-05-20T14:58:02.662+0000] {logging_mixin.py:115} INFO - [2025-05-20T14:58:02.662+0000] {dagbag.py:508} INFO - Filling up the DagBag from /opt/airflow/dags/Scheduler_Traffict_Accident.py
[2025-05-20T14:58:02.695+0000] {processor.py:650} INFO - DAG(s) dict_keys(['Scheduler_Traffict_Accident']) retrieved from /opt/airflow/dags/Scheduler_Traffict_Accident.py
[2025-05-20T14:58:02.721+0000] {logging_mixin.py:115} INFO - [2025-05-20T14:58:02.721+0000] {dag.py:2429} INFO - Sync 1 DAGs
[2025-05-20T14:58:02.744+0000] {logging_mixin.py:115} INFO - [2025-05-20T14:58:02.744+0000] {dag.py:2981} INFO - Setting next_dagrun for Scheduler_Traffict_Accident to 2025-05-20T14:45:00+00:00, run_after=2025-05-20T15:00:00+00:00
[2025-05-20T14:58:02.759+0000] {processor.py:161} INFO - Processing /opt/airflow/dags/Scheduler_Traffict_Accident.py took 0.107 seconds
[2025-05-20T14:58:32.911+0000] {processor.py:153} INFO - Started process (PID=1330) to work on /opt/airflow/dags/Scheduler_Traffict_Accident.py
[2025-05-20T14:58:32.913+0000] {processor.py:640} INFO - Processing file /opt/airflow/dags/Scheduler_Traffict_Accident.py for tasks to queue
[2025-05-20T14:58:32.914+0000] {logging_mixin.py:115} INFO - [2025-05-20T14:58:32.914+0000] {dagbag.py:508} INFO - Filling up the DagBag from /opt/airflow/dags/Scheduler_Traffict_Accident.py
[2025-05-20T14:58:32.949+0000] {processor.py:650} INFO - DAG(s) dict_keys(['Scheduler_Traffict_Accident']) retrieved from /opt/airflow/dags/Scheduler_Traffict_Accident.py
[2025-05-20T14:58:32.986+0000] {logging_mixin.py:115} INFO - [2025-05-20T14:58:32.985+0000] {dag.py:2429} INFO - Sync 1 DAGs
[2025-05-20T14:58:33.017+0000] {logging_mixin.py:115} INFO - [2025-05-20T14:58:33.017+0000] {dag.py:2981} INFO - Setting next_dagrun for Scheduler_Traffict_Accident to 2025-05-20T14:45:00+00:00, run_after=2025-05-20T15:00:00+00:00
[2025-05-20T14:58:33.040+0000] {processor.py:161} INFO - Processing /opt/airflow/dags/Scheduler_Traffict_Accident.py took 0.133 seconds
[2025-05-20T14:59:03.173+0000] {processor.py:153} INFO - Started process (PID=1335) to work on /opt/airflow/dags/Scheduler_Traffict_Accident.py
[2025-05-20T14:59:03.174+0000] {processor.py:640} INFO - Processing file /opt/airflow/dags/Scheduler_Traffict_Accident.py for tasks to queue
[2025-05-20T14:59:03.176+0000] {logging_mixin.py:115} INFO - [2025-05-20T14:59:03.175+0000] {dagbag.py:508} INFO - Filling up the DagBag from /opt/airflow/dags/Scheduler_Traffict_Accident.py
[2025-05-20T14:59:03.195+0000] {processor.py:650} INFO - DAG(s) dict_keys(['Scheduler_Traffict_Accident']) retrieved from /opt/airflow/dags/Scheduler_Traffict_Accident.py
[2025-05-20T14:59:03.221+0000] {logging_mixin.py:115} INFO - [2025-05-20T14:59:03.221+0000] {dag.py:2429} INFO - Sync 1 DAGs
[2025-05-20T14:59:03.246+0000] {logging_mixin.py:115} INFO - [2025-05-20T14:59:03.246+0000] {dag.py:2981} INFO - Setting next_dagrun for Scheduler_Traffict_Accident to 2025-05-20T14:45:00+00:00, run_after=2025-05-20T15:00:00+00:00
[2025-05-20T14:59:03.259+0000] {processor.py:161} INFO - Processing /opt/airflow/dags/Scheduler_Traffict_Accident.py took 0.091 seconds
[2025-05-20T14:59:33.468+0000] {processor.py:153} INFO - Started process (PID=1340) to work on /opt/airflow/dags/Scheduler_Traffict_Accident.py
[2025-05-20T14:59:33.470+0000] {processor.py:640} INFO - Processing file /opt/airflow/dags/Scheduler_Traffict_Accident.py for tasks to queue
[2025-05-20T14:59:33.471+0000] {logging_mixin.py:115} INFO - [2025-05-20T14:59:33.471+0000] {dagbag.py:508} INFO - Filling up the DagBag from /opt/airflow/dags/Scheduler_Traffict_Accident.py
[2025-05-20T14:59:33.503+0000] {processor.py:650} INFO - DAG(s) dict_keys(['Scheduler_Traffict_Accident']) retrieved from /opt/airflow/dags/Scheduler_Traffict_Accident.py
[2025-05-20T14:59:33.528+0000] {logging_mixin.py:115} INFO - [2025-05-20T14:59:33.528+0000] {dag.py:2429} INFO - Sync 1 DAGs
[2025-05-20T14:59:33.551+0000] {logging_mixin.py:115} INFO - [2025-05-20T14:59:33.551+0000] {dag.py:2981} INFO - Setting next_dagrun for Scheduler_Traffict_Accident to 2025-05-20T14:45:00+00:00, run_after=2025-05-20T15:00:00+00:00
[2025-05-20T14:59:33.567+0000] {processor.py:161} INFO - Processing /opt/airflow/dags/Scheduler_Traffict_Accident.py took 0.103 seconds
[2025-05-20T15:00:03.658+0000] {processor.py:153} INFO - Started process (PID=1435) to work on /opt/airflow/dags/Scheduler_Traffict_Accident.py
[2025-05-20T15:00:03.659+0000] {processor.py:640} INFO - Processing file /opt/airflow/dags/Scheduler_Traffict_Accident.py for tasks to queue
[2025-05-20T15:00:03.660+0000] {logging_mixin.py:115} INFO - [2025-05-20T15:00:03.660+0000] {dagbag.py:508} INFO - Filling up the DagBag from /opt/airflow/dags/Scheduler_Traffict_Accident.py
[2025-05-20T15:00:03.680+0000] {processor.py:650} INFO - DAG(s) dict_keys(['Scheduler_Traffict_Accident']) retrieved from /opt/airflow/dags/Scheduler_Traffict_Accident.py
[2025-05-20T15:00:03.712+0000] {logging_mixin.py:115} INFO - [2025-05-20T15:00:03.712+0000] {dag.py:2429} INFO - Sync 1 DAGs
[2025-05-20T15:00:03.736+0000] {logging_mixin.py:115} INFO - [2025-05-20T15:00:03.736+0000] {dag.py:2981} INFO - Setting next_dagrun for Scheduler_Traffict_Accident to 2025-05-20T15:00:00+00:00, run_after=2025-05-20T15:15:00+00:00
[2025-05-20T15:00:03.753+0000] {processor.py:161} INFO - Processing /opt/airflow/dags/Scheduler_Traffict_Accident.py took 0.100 seconds
[2025-05-20T15:00:33.899+0000] {processor.py:153} INFO - Started process (PID=2126) to work on /opt/airflow/dags/Scheduler_Traffict_Accident.py
[2025-05-20T15:00:33.902+0000] {processor.py:640} INFO - Processing file /opt/airflow/dags/Scheduler_Traffict_Accident.py for tasks to queue
[2025-05-20T15:00:33.903+0000] {logging_mixin.py:115} INFO - [2025-05-20T15:00:33.903+0000] {dagbag.py:508} INFO - Filling up the DagBag from /opt/airflow/dags/Scheduler_Traffict_Accident.py
[2025-05-20T15:00:33.931+0000] {processor.py:650} INFO - DAG(s) dict_keys(['Scheduler_Traffict_Accident']) retrieved from /opt/airflow/dags/Scheduler_Traffict_Accident.py
[2025-05-20T15:00:33.962+0000] {logging_mixin.py:115} INFO - [2025-05-20T15:00:33.962+0000] {dag.py:2429} INFO - Sync 1 DAGs
[2025-05-20T15:00:33.991+0000] {logging_mixin.py:115} INFO - [2025-05-20T15:00:33.990+0000] {dag.py:2981} INFO - Setting next_dagrun for Scheduler_Traffict_Accident to 2025-05-20T15:00:00+00:00, run_after=2025-05-20T15:15:00+00:00
[2025-05-20T15:00:34.009+0000] {processor.py:161} INFO - Processing /opt/airflow/dags/Scheduler_Traffict_Accident.py took 0.115 seconds
[2025-05-20T15:01:04.198+0000] {processor.py:153} INFO - Started process (PID=2256) to work on /opt/airflow/dags/Scheduler_Traffict_Accident.py
[2025-05-20T15:01:04.200+0000] {processor.py:640} INFO - Processing file /opt/airflow/dags/Scheduler_Traffict_Accident.py for tasks to queue
[2025-05-20T15:01:04.201+0000] {logging_mixin.py:115} INFO - [2025-05-20T15:01:04.201+0000] {dagbag.py:508} INFO - Filling up the DagBag from /opt/airflow/dags/Scheduler_Traffict_Accident.py
[2025-05-20T15:01:04.232+0000] {processor.py:650} INFO - DAG(s) dict_keys(['Scheduler_Traffict_Accident']) retrieved from /opt/airflow/dags/Scheduler_Traffict_Accident.py
[2025-05-20T15:01:04.261+0000] {logging_mixin.py:115} INFO - [2025-05-20T15:01:04.261+0000] {dag.py:2429} INFO - Sync 1 DAGs
[2025-05-20T15:01:04.288+0000] {logging_mixin.py:115} INFO - [2025-05-20T15:01:04.288+0000] {dag.py:2981} INFO - Setting next_dagrun for Scheduler_Traffict_Accident to 2025-05-20T15:00:00+00:00, run_after=2025-05-20T15:15:00+00:00
[2025-05-20T15:01:04.303+0000] {processor.py:161} INFO - Processing /opt/airflow/dags/Scheduler_Traffict_Accident.py took 0.108 seconds
[2025-05-20T15:01:34.372+0000] {processor.py:153} INFO - Started process (PID=2261) to work on /opt/airflow/dags/Scheduler_Traffict_Accident.py
[2025-05-20T15:01:34.373+0000] {processor.py:640} INFO - Processing file /opt/airflow/dags/Scheduler_Traffict_Accident.py for tasks to queue
[2025-05-20T15:01:34.375+0000] {logging_mixin.py:115} INFO - [2025-05-20T15:01:34.375+0000] {dagbag.py:508} INFO - Filling up the DagBag from /opt/airflow/dags/Scheduler_Traffict_Accident.py
[2025-05-20T15:01:34.407+0000] {processor.py:650} INFO - DAG(s) dict_keys(['Scheduler_Traffict_Accident']) retrieved from /opt/airflow/dags/Scheduler_Traffict_Accident.py
[2025-05-20T15:01:34.443+0000] {logging_mixin.py:115} INFO - [2025-05-20T15:01:34.443+0000] {dag.py:2429} INFO - Sync 1 DAGs
[2025-05-20T15:01:34.475+0000] {logging_mixin.py:115} INFO - [2025-05-20T15:01:34.475+0000] {dag.py:2981} INFO - Setting next_dagrun for Scheduler_Traffict_Accident to 2025-05-20T15:00:00+00:00, run_after=2025-05-20T15:15:00+00:00
[2025-05-20T15:01:34.491+0000] {processor.py:161} INFO - Processing /opt/airflow/dags/Scheduler_Traffict_Accident.py took 0.126 seconds
[2025-05-20T15:02:04.695+0000] {processor.py:153} INFO - Started process (PID=2266) to work on /opt/airflow/dags/Scheduler_Traffict_Accident.py
[2025-05-20T15:02:04.697+0000] {processor.py:640} INFO - Processing file /opt/airflow/dags/Scheduler_Traffict_Accident.py for tasks to queue
[2025-05-20T15:02:04.699+0000] {logging_mixin.py:115} INFO - [2025-05-20T15:02:04.699+0000] {dagbag.py:508} INFO - Filling up the DagBag from /opt/airflow/dags/Scheduler_Traffict_Accident.py
[2025-05-20T15:02:04.725+0000] {processor.py:650} INFO - DAG(s) dict_keys(['Scheduler_Traffict_Accident']) retrieved from /opt/airflow/dags/Scheduler_Traffict_Accident.py
[2025-05-20T15:02:04.762+0000] {logging_mixin.py:115} INFO - [2025-05-20T15:02:04.762+0000] {dag.py:2429} INFO - Sync 1 DAGs
[2025-05-20T15:02:04.790+0000] {logging_mixin.py:115} INFO - [2025-05-20T15:02:04.790+0000] {dag.py:2981} INFO - Setting next_dagrun for Scheduler_Traffict_Accident to 2025-05-20T15:00:00+00:00, run_after=2025-05-20T15:15:00+00:00
[2025-05-20T15:02:04.806+0000] {processor.py:161} INFO - Processing /opt/airflow/dags/Scheduler_Traffict_Accident.py took 0.115 seconds
[2025-05-20T15:02:34.855+0000] {processor.py:153} INFO - Started process (PID=2271) to work on /opt/airflow/dags/Scheduler_Traffict_Accident.py
[2025-05-20T15:02:34.856+0000] {processor.py:640} INFO - Processing file /opt/airflow/dags/Scheduler_Traffict_Accident.py for tasks to queue
[2025-05-20T15:02:34.857+0000] {logging_mixin.py:115} INFO - [2025-05-20T15:02:34.857+0000] {dagbag.py:508} INFO - Filling up the DagBag from /opt/airflow/dags/Scheduler_Traffict_Accident.py
[2025-05-20T15:02:34.899+0000] {processor.py:650} INFO - DAG(s) dict_keys(['Scheduler_Traffict_Accident']) retrieved from /opt/airflow/dags/Scheduler_Traffict_Accident.py
[2025-05-20T15:02:34.923+0000] {logging_mixin.py:115} INFO - [2025-05-20T15:02:34.923+0000] {dag.py:2429} INFO - Sync 1 DAGs
[2025-05-20T15:02:34.946+0000] {logging_mixin.py:115} INFO - [2025-05-20T15:02:34.945+0000] {dag.py:2981} INFO - Setting next_dagrun for Scheduler_Traffict_Accident to 2025-05-20T15:00:00+00:00, run_after=2025-05-20T15:15:00+00:00
[2025-05-20T15:02:34.957+0000] {processor.py:161} INFO - Processing /opt/airflow/dags/Scheduler_Traffict_Accident.py took 0.105 seconds
[2025-05-20T15:03:05.033+0000] {processor.py:153} INFO - Started process (PID=2276) to work on /opt/airflow/dags/Scheduler_Traffict_Accident.py
[2025-05-20T15:03:05.035+0000] {processor.py:640} INFO - Processing file /opt/airflow/dags/Scheduler_Traffict_Accident.py for tasks to queue
[2025-05-20T15:03:05.036+0000] {logging_mixin.py:115} INFO - [2025-05-20T15:03:05.036+0000] {dagbag.py:508} INFO - Filling up the DagBag from /opt/airflow/dags/Scheduler_Traffict_Accident.py
[2025-05-20T15:03:05.059+0000] {processor.py:650} INFO - DAG(s) dict_keys(['Scheduler_Traffict_Accident']) retrieved from /opt/airflow/dags/Scheduler_Traffict_Accident.py
[2025-05-20T15:03:05.085+0000] {logging_mixin.py:115} INFO - [2025-05-20T15:03:05.085+0000] {dag.py:2429} INFO - Sync 1 DAGs
[2025-05-20T15:03:05.108+0000] {logging_mixin.py:115} INFO - [2025-05-20T15:03:05.107+0000] {dag.py:2981} INFO - Setting next_dagrun for Scheduler_Traffict_Accident to 2025-05-20T15:00:00+00:00, run_after=2025-05-20T15:15:00+00:00
[2025-05-20T15:03:05.124+0000] {processor.py:161} INFO - Processing /opt/airflow/dags/Scheduler_Traffict_Accident.py took 0.096 seconds
[2025-05-20T15:03:35.367+0000] {processor.py:153} INFO - Started process (PID=2281) to work on /opt/airflow/dags/Scheduler_Traffict_Accident.py
[2025-05-20T15:03:35.369+0000] {processor.py:640} INFO - Processing file /opt/airflow/dags/Scheduler_Traffict_Accident.py for tasks to queue
[2025-05-20T15:03:35.371+0000] {logging_mixin.py:115} INFO - [2025-05-20T15:03:35.371+0000] {dagbag.py:508} INFO - Filling up the DagBag from /opt/airflow/dags/Scheduler_Traffict_Accident.py
[2025-05-20T15:03:35.415+0000] {processor.py:650} INFO - DAG(s) dict_keys(['Scheduler_Traffict_Accident']) retrieved from /opt/airflow/dags/Scheduler_Traffict_Accident.py
[2025-05-20T15:03:35.441+0000] {logging_mixin.py:115} INFO - [2025-05-20T15:03:35.441+0000] {dag.py:2429} INFO - Sync 1 DAGs
[2025-05-20T15:03:35.464+0000] {logging_mixin.py:115} INFO - [2025-05-20T15:03:35.464+0000] {dag.py:2981} INFO - Setting next_dagrun for Scheduler_Traffict_Accident to 2025-05-20T15:00:00+00:00, run_after=2025-05-20T15:15:00+00:00
[2025-05-20T15:03:35.481+0000] {processor.py:161} INFO - Processing /opt/airflow/dags/Scheduler_Traffict_Accident.py took 0.120 seconds
[2025-05-20T15:04:05.663+0000] {processor.py:153} INFO - Started process (PID=2286) to work on /opt/airflow/dags/Scheduler_Traffict_Accident.py
[2025-05-20T15:04:05.664+0000] {processor.py:640} INFO - Processing file /opt/airflow/dags/Scheduler_Traffict_Accident.py for tasks to queue
[2025-05-20T15:04:05.665+0000] {logging_mixin.py:115} INFO - [2025-05-20T15:04:05.665+0000] {dagbag.py:508} INFO - Filling up the DagBag from /opt/airflow/dags/Scheduler_Traffict_Accident.py
[2025-05-20T15:04:05.690+0000] {processor.py:650} INFO - DAG(s) dict_keys(['Scheduler_Traffict_Accident']) retrieved from /opt/airflow/dags/Scheduler_Traffict_Accident.py
[2025-05-20T15:04:05.714+0000] {logging_mixin.py:115} INFO - [2025-05-20T15:04:05.714+0000] {dag.py:2429} INFO - Sync 1 DAGs
[2025-05-20T15:04:05.736+0000] {logging_mixin.py:115} INFO - [2025-05-20T15:04:05.736+0000] {dag.py:2981} INFO - Setting next_dagrun for Scheduler_Traffict_Accident to 2025-05-20T15:00:00+00:00, run_after=2025-05-20T15:15:00+00:00
[2025-05-20T15:04:05.749+0000] {processor.py:161} INFO - Processing /opt/airflow/dags/Scheduler_Traffict_Accident.py took 0.089 seconds
[2025-05-20T15:04:35.805+0000] {processor.py:153} INFO - Started process (PID=2291) to work on /opt/airflow/dags/Scheduler_Traffict_Accident.py
[2025-05-20T15:04:35.806+0000] {processor.py:640} INFO - Processing file /opt/airflow/dags/Scheduler_Traffict_Accident.py for tasks to queue
[2025-05-20T15:04:35.807+0000] {logging_mixin.py:115} INFO - [2025-05-20T15:04:35.807+0000] {dagbag.py:508} INFO - Filling up the DagBag from /opt/airflow/dags/Scheduler_Traffict_Accident.py
[2025-05-20T15:04:35.823+0000] {processor.py:650} INFO - DAG(s) dict_keys(['Scheduler_Traffict_Accident']) retrieved from /opt/airflow/dags/Scheduler_Traffict_Accident.py
[2025-05-20T15:04:35.847+0000] {logging_mixin.py:115} INFO - [2025-05-20T15:04:35.847+0000] {dag.py:2429} INFO - Sync 1 DAGs
[2025-05-20T15:04:35.872+0000] {logging_mixin.py:115} INFO - [2025-05-20T15:04:35.872+0000] {dag.py:2981} INFO - Setting next_dagrun for Scheduler_Traffict_Accident to 2025-05-20T15:00:00+00:00, run_after=2025-05-20T15:15:00+00:00
[2025-05-20T15:04:35.885+0000] {processor.py:161} INFO - Processing /opt/airflow/dags/Scheduler_Traffict_Accident.py took 0.083 seconds
[2025-05-20T15:05:06.037+0000] {processor.py:153} INFO - Started process (PID=2296) to work on /opt/airflow/dags/Scheduler_Traffict_Accident.py
[2025-05-20T15:05:06.039+0000] {processor.py:640} INFO - Processing file /opt/airflow/dags/Scheduler_Traffict_Accident.py for tasks to queue
[2025-05-20T15:05:06.040+0000] {logging_mixin.py:115} INFO - [2025-05-20T15:05:06.040+0000] {dagbag.py:508} INFO - Filling up the DagBag from /opt/airflow/dags/Scheduler_Traffict_Accident.py
[2025-05-20T15:05:06.072+0000] {processor.py:650} INFO - DAG(s) dict_keys(['Scheduler_Traffict_Accident']) retrieved from /opt/airflow/dags/Scheduler_Traffict_Accident.py
[2025-05-20T15:05:06.103+0000] {logging_mixin.py:115} INFO - [2025-05-20T15:05:06.103+0000] {dag.py:2429} INFO - Sync 1 DAGs
[2025-05-20T15:05:06.127+0000] {logging_mixin.py:115} INFO - [2025-05-20T15:05:06.127+0000] {dag.py:2981} INFO - Setting next_dagrun for Scheduler_Traffict_Accident to 2025-05-20T15:00:00+00:00, run_after=2025-05-20T15:15:00+00:00
[2025-05-20T15:05:06.145+0000] {processor.py:161} INFO - Processing /opt/airflow/dags/Scheduler_Traffict_Accident.py took 0.113 seconds
[2025-05-20T15:05:36.296+0000] {processor.py:153} INFO - Started process (PID=2301) to work on /opt/airflow/dags/Scheduler_Traffict_Accident.py
[2025-05-20T15:05:36.298+0000] {processor.py:640} INFO - Processing file /opt/airflow/dags/Scheduler_Traffict_Accident.py for tasks to queue
[2025-05-20T15:05:36.299+0000] {logging_mixin.py:115} INFO - [2025-05-20T15:05:36.299+0000] {dagbag.py:508} INFO - Filling up the DagBag from /opt/airflow/dags/Scheduler_Traffict_Accident.py
[2025-05-20T15:05:36.344+0000] {processor.py:650} INFO - DAG(s) dict_keys(['Scheduler_Traffict_Accident']) retrieved from /opt/airflow/dags/Scheduler_Traffict_Accident.py
[2025-05-20T15:05:36.370+0000] {logging_mixin.py:115} INFO - [2025-05-20T15:05:36.370+0000] {dag.py:2429} INFO - Sync 1 DAGs
[2025-05-20T15:05:36.392+0000] {logging_mixin.py:115} INFO - [2025-05-20T15:05:36.392+0000] {dag.py:2981} INFO - Setting next_dagrun for Scheduler_Traffict_Accident to 2025-05-20T15:00:00+00:00, run_after=2025-05-20T15:15:00+00:00
[2025-05-20T15:05:36.407+0000] {processor.py:161} INFO - Processing /opt/airflow/dags/Scheduler_Traffict_Accident.py took 0.114 seconds
[2025-05-20T15:06:06.529+0000] {processor.py:153} INFO - Started process (PID=2306) to work on /opt/airflow/dags/Scheduler_Traffict_Accident.py
[2025-05-20T15:06:06.531+0000] {processor.py:640} INFO - Processing file /opt/airflow/dags/Scheduler_Traffict_Accident.py for tasks to queue
[2025-05-20T15:06:06.531+0000] {logging_mixin.py:115} INFO - [2025-05-20T15:06:06.531+0000] {dagbag.py:508} INFO - Filling up the DagBag from /opt/airflow/dags/Scheduler_Traffict_Accident.py
[2025-05-20T15:06:06.552+0000] {processor.py:650} INFO - DAG(s) dict_keys(['Scheduler_Traffict_Accident']) retrieved from /opt/airflow/dags/Scheduler_Traffict_Accident.py
[2025-05-20T15:06:06.580+0000] {logging_mixin.py:115} INFO - [2025-05-20T15:06:06.580+0000] {dag.py:2429} INFO - Sync 1 DAGs
[2025-05-20T15:06:06.607+0000] {logging_mixin.py:115} INFO - [2025-05-20T15:06:06.606+0000] {dag.py:2981} INFO - Setting next_dagrun for Scheduler_Traffict_Accident to 2025-05-20T15:00:00+00:00, run_after=2025-05-20T15:15:00+00:00
[2025-05-20T15:06:06.624+0000] {processor.py:161} INFO - Processing /opt/airflow/dags/Scheduler_Traffict_Accident.py took 0.097 seconds
[2025-05-20T15:06:36.779+0000] {processor.py:153} INFO - Started process (PID=2311) to work on /opt/airflow/dags/Scheduler_Traffict_Accident.py
[2025-05-20T15:06:36.784+0000] {processor.py:640} INFO - Processing file /opt/airflow/dags/Scheduler_Traffict_Accident.py for tasks to queue
[2025-05-20T15:06:36.787+0000] {logging_mixin.py:115} INFO - [2025-05-20T15:06:36.786+0000] {dagbag.py:508} INFO - Filling up the DagBag from /opt/airflow/dags/Scheduler_Traffict_Accident.py
[2025-05-20T15:06:36.836+0000] {processor.py:650} INFO - DAG(s) dict_keys(['Scheduler_Traffict_Accident']) retrieved from /opt/airflow/dags/Scheduler_Traffict_Accident.py
[2025-05-20T15:06:36.881+0000] {logging_mixin.py:115} INFO - [2025-05-20T15:06:36.880+0000] {dag.py:2429} INFO - Sync 1 DAGs
[2025-05-20T15:06:36.917+0000] {logging_mixin.py:115} INFO - [2025-05-20T15:06:36.917+0000] {dag.py:2981} INFO - Setting next_dagrun for Scheduler_Traffict_Accident to 2025-05-20T15:00:00+00:00, run_after=2025-05-20T15:15:00+00:00
[2025-05-20T15:06:36.931+0000] {processor.py:161} INFO - Processing /opt/airflow/dags/Scheduler_Traffict_Accident.py took 0.157 seconds
