[2025-05-14T14:05:02.881+0000] {taskinstance.py:1171} INFO - Dependencies all met for <TaskInstance: Sales_Performance_ETL.Transform_Data scheduled__2025-05-14T14:00:00+00:00 [queued]>
[2025-05-14T14:05:02.892+0000] {taskinstance.py:1171} INFO - Dependencies all met for <TaskInstance: Sales_Performance_ETL.Transform_Data scheduled__2025-05-14T14:00:00+00:00 [queued]>
[2025-05-14T14:05:02.893+0000] {taskinstance.py:1368} INFO - 
--------------------------------------------------------------------------------
[2025-05-14T14:05:02.895+0000] {taskinstance.py:1369} INFO - Starting attempt 1 of 2
[2025-05-14T14:05:02.896+0000] {taskinstance.py:1370} INFO - 
--------------------------------------------------------------------------------
[2025-05-14T14:05:02.910+0000] {taskinstance.py:1389} INFO - Executing <Task(BashOperator): Transform_Data> on 2025-05-14 14:00:00+00:00
[2025-05-14T14:05:02.916+0000] {standard_task_runner.py:52} INFO - Started process 14622 to run task
[2025-05-14T14:05:02.919+0000] {standard_task_runner.py:79} INFO - Running: ['***', 'tasks', 'run', 'Sales_Performance_ETL', 'Transform_Data', 'scheduled__2025-05-14T14:00:00+00:00', '--job-id', '64', '--raw', '--subdir', 'DAGS_FOLDER/P2M3_Hisham_Audiputra_Suharto_DAG.py', '--cfg-path', '/tmp/tmp9vwq_4hz', '--error-file', '/tmp/tmpr0nb6ka1']
[2025-05-14T14:05:02.921+0000] {standard_task_runner.py:80} INFO - Job 64: Subtask Transform_Data
[2025-05-14T14:05:02.985+0000] {task_command.py:371} INFO - Running <TaskInstance: Sales_Performance_ETL.Transform_Data scheduled__2025-05-14T14:00:00+00:00 [running]> on host 2ca7303636ab
[2025-05-14T14:05:03.054+0000] {taskinstance.py:1583} INFO - Exporting the following env vars:
AIRFLOW_CTX_DAG_OWNER=Hisham
AIRFLOW_CTX_DAG_ID=Sales_Performance_ETL
AIRFLOW_CTX_TASK_ID=Transform_Data
AIRFLOW_CTX_EXECUTION_DATE=2025-05-14T14:00:00+00:00
AIRFLOW_CTX_TRY_NUMBER=1
AIRFLOW_CTX_DAG_RUN_ID=scheduled__2025-05-14T14:00:00+00:00
[2025-05-14T14:05:03.056+0000] {subprocess.py:62} INFO - Tmp dir root location: 
 /tmp
[2025-05-14T14:05:03.058+0000] {subprocess.py:74} INFO - Running command: ['/bin/bash', '-c', 'sudo -u *** python /opt/***/scripts/Transform_Data.py']
[2025-05-14T14:05:03.067+0000] {subprocess.py:85} INFO - Output:
[2025-05-14T14:05:04.570+0000] {subprocess.py:92} INFO - WARNING: An illegal reflective access operation has occurred
[2025-05-14T14:05:04.571+0000] {subprocess.py:92} INFO - WARNING: Illegal reflective access by org.apache.spark.unsafe.Platform (file:/home/***/.local/lib/python3.7/site-packages/pyspark/jars/spark-unsafe_2.12-3.1.2.jar) to constructor java.nio.DirectByteBuffer(long,int)
[2025-05-14T14:05:04.571+0000] {subprocess.py:92} INFO - WARNING: Please consider reporting this to the maintainers of org.apache.spark.unsafe.Platform
[2025-05-14T14:05:04.572+0000] {subprocess.py:92} INFO - WARNING: Use --illegal-access=warn to enable warnings of further illegal reflective access operations
[2025-05-14T14:05:04.572+0000] {subprocess.py:92} INFO - WARNING: All illegal access operations will be denied in a future release
[2025-05-14T14:05:04.710+0000] {subprocess.py:92} INFO - :: loading settings :: url = jar:file:/home/***/.local/lib/python3.7/site-packages/pyspark/jars/ivy-2.4.0.jar!/org/apache/ivy/core/settings/ivysettings.xml
[2025-05-14T14:05:04.774+0000] {subprocess.py:92} INFO - Ivy Default Cache set to: /home/***/.ivy2/cache
[2025-05-14T14:05:04.775+0000] {subprocess.py:92} INFO - The jars for the packages stored in: /home/***/.ivy2/jars
[2025-05-14T14:05:04.778+0000] {subprocess.py:92} INFO - org.postgresql#postgresql added as a dependency
[2025-05-14T14:05:04.779+0000] {subprocess.py:92} INFO - :: resolving dependencies :: org.apache.spark#spark-submit-parent-2f0b67e2-226b-42f0-be72-33e605776701;1.0
[2025-05-14T14:05:04.780+0000] {subprocess.py:92} INFO - 	confs: [default]
[2025-05-14T14:05:04.869+0000] {subprocess.py:92} INFO - 	found org.postgresql#postgresql;42.6.0 in central
[2025-05-14T14:05:04.898+0000] {subprocess.py:92} INFO - 	found org.checkerframework#checker-qual;3.31.0 in central
[2025-05-14T14:05:04.913+0000] {subprocess.py:92} INFO - :: resolution report :: resolve 128ms :: artifacts dl 6ms
[2025-05-14T14:05:04.914+0000] {subprocess.py:92} INFO - 	:: modules in use:
[2025-05-14T14:05:04.915+0000] {subprocess.py:92} INFO - 	org.checkerframework#checker-qual;3.31.0 from central in [default]
[2025-05-14T14:05:04.916+0000] {subprocess.py:92} INFO - 	org.postgresql#postgresql;42.6.0 from central in [default]
[2025-05-14T14:05:04.917+0000] {subprocess.py:92} INFO - 	---------------------------------------------------------------------
[2025-05-14T14:05:04.917+0000] {subprocess.py:92} INFO - 	|                  |            modules            ||   artifacts   |
[2025-05-14T14:05:04.918+0000] {subprocess.py:92} INFO - 	|       conf       | number| search|dwnlded|evicted|| number|dwnlded|
[2025-05-14T14:05:04.918+0000] {subprocess.py:92} INFO - 	---------------------------------------------------------------------
[2025-05-14T14:05:04.919+0000] {subprocess.py:92} INFO - 	|      default     |   2   |   0   |   0   |   0   ||   2   |   0   |
[2025-05-14T14:05:04.919+0000] {subprocess.py:92} INFO - 	---------------------------------------------------------------------
[2025-05-14T14:05:04.920+0000] {subprocess.py:92} INFO - :: retrieving :: org.apache.spark#spark-submit-parent-2f0b67e2-226b-42f0-be72-33e605776701
[2025-05-14T14:05:04.921+0000] {subprocess.py:92} INFO - 	confs: [default]
[2025-05-14T14:05:04.921+0000] {subprocess.py:92} INFO - 	0 artifacts copied, 2 already retrieved (0kB/5ms)
[2025-05-14T14:05:05.096+0000] {subprocess.py:92} INFO - 25/05/14 14:05:05 WARN NativeCodeLoader: Unable to load native-hadoop library for your platform... using builtin-java classes where applicable
[2025-05-14T14:05:05.304+0000] {subprocess.py:92} INFO - Using Spark's default log4j profile: org/apache/spark/log4j-defaults.properties
[2025-05-14T14:05:05.305+0000] {subprocess.py:92} INFO - Setting default log level to "WARN".
[2025-05-14T14:05:05.305+0000] {subprocess.py:92} INFO - To adjust logging level use sc.setLogLevel(newLevel). For SparkR, use setLogLevel(newLevel).
[2025-05-14T14:05:10.402+0000] {subprocess.py:92} INFO - 25/05/14 14:05:10 WARN WindowExec: No Partition Defined for Window operation! Moving all data to a single partition, this can cause serious performance degradation.
[2025-05-14T14:05:11.867+0000] {subprocess.py:92} INFO - [Stage 3:>                                                          (0 + 1) / 1]                                                                                Saved: /opt/***/data/Supplement_Sales_Weekly_Expanded_Clean.csv
[2025-05-14T14:05:12.318+0000] {subprocess.py:96} INFO - Command exited with return code 0
[2025-05-14T14:05:12.371+0000] {taskinstance.py:1412} INFO - Marking task as SUCCESS. dag_id=Sales_Performance_ETL, task_id=Transform_Data, execution_date=20250514T140000, start_date=20250514T140502, end_date=20250514T140512
[2025-05-14T14:05:12.419+0000] {local_task_job.py:156} INFO - Task exited with return code 0
[2025-05-14T14:05:12.474+0000] {local_task_job.py:279} INFO - 1 downstream tasks scheduled from follow-on schedule check
