[2025-05-22T16:10:13.197+0000] {taskinstance.py:1159} INFO - Dependencies all met for dep_context=non-requeueable deps ti=<TaskInstance: Scheduler_Traffict_Accident.Extract_Data scheduled__2025-05-22T15:45:00+00:00 [queued]>
[2025-05-22T16:10:13.210+0000] {taskinstance.py:1159} INFO - Dependencies all met for dep_context=requeueable deps ti=<TaskInstance: Scheduler_Traffict_Accident.Extract_Data scheduled__2025-05-22T15:45:00+00:00 [queued]>
[2025-05-22T16:10:13.211+0000] {taskinstance.py:1361} INFO - Starting attempt 2 of 3
[2025-05-22T16:10:13.230+0000] {taskinstance.py:1382} INFO - Executing <Task(BashOperator): Extract_Data> on 2025-05-22 15:45:00+00:00
[2025-05-22T16:10:13.238+0000] {standard_task_runner.py:57} INFO - Started process 2481 to run task
[2025-05-22T16:10:13.246+0000] {standard_task_runner.py:84} INFO - Running: ['***', 'tasks', 'run', 'Scheduler_Traffict_Accident', 'Extract_Data', 'scheduled__2025-05-22T15:45:00+00:00', '--job-id', '10', '--raw', '--subdir', 'DAGS_FOLDER/Scheduler_Traffict_Accident.py', '--cfg-path', '/tmp/tmp_f28jd1_']
[2025-05-22T16:10:13.249+0000] {standard_task_runner.py:85} INFO - Job 10: Subtask Extract_Data
[2025-05-22T16:10:13.312+0000] {task_command.py:416} INFO - Running <TaskInstance: Scheduler_Traffict_Accident.Extract_Data scheduled__2025-05-22T15:45:00+00:00 [running]> on host 1f18d06af689
[2025-05-22T16:10:13.408+0000] {taskinstance.py:1662} INFO - Exporting env vars: AIRFLOW_CTX_DAG_OWNER='Hisham' AIRFLOW_CTX_DAG_ID='Scheduler_Traffict_Accident' AIRFLOW_CTX_TASK_ID='Extract_Data' AIRFLOW_CTX_EXECUTION_DATE='2025-05-22T15:45:00+00:00' AIRFLOW_CTX_TRY_NUMBER='2' AIRFLOW_CTX_DAG_RUN_ID='scheduled__2025-05-22T15:45:00+00:00'
[2025-05-22T16:10:13.411+0000] {subprocess.py:63} INFO - Tmp dir root location: /tmp
[2025-05-22T16:10:13.413+0000] {subprocess.py:75} INFO - Running command: ['/bin/bash', '-c', 'sudo -u *** python /opt/***/scripts/Extract_Data.py']
[2025-05-22T16:10:13.429+0000] {subprocess.py:86} INFO - Output:
[2025-05-22T16:10:15.711+0000] {subprocess.py:93} INFO - WARNING: An illegal reflective access operation has occurred
[2025-05-22T16:10:15.712+0000] {subprocess.py:93} INFO - WARNING: Illegal reflective access by org.apache.spark.unsafe.Platform (file:/home/***/.local/lib/python3.11/site-packages/pyspark/jars/spark-unsafe_2.12-3.1.2.jar) to constructor java.nio.DirectByteBuffer(long,int)
[2025-05-22T16:10:15.712+0000] {subprocess.py:93} INFO - WARNING: Please consider reporting this to the maintainers of org.apache.spark.unsafe.Platform
[2025-05-22T16:10:15.713+0000] {subprocess.py:93} INFO - WARNING: Use --illegal-access=warn to enable warnings of further illegal reflective access operations
[2025-05-22T16:10:15.713+0000] {subprocess.py:93} INFO - WARNING: All illegal access operations will be denied in a future release
[2025-05-22T16:10:15.874+0000] {subprocess.py:93} INFO - :: loading settings :: url = jar:file:/home/***/.local/lib/python3.11/site-packages/pyspark/jars/ivy-2.4.0.jar!/org/apache/ivy/core/settings/ivysettings.xml
[2025-05-22T16:10:15.962+0000] {subprocess.py:93} INFO - Ivy Default Cache set to: /home/***/.ivy2/cache
[2025-05-22T16:10:15.963+0000] {subprocess.py:93} INFO - The jars for the packages stored in: /home/***/.ivy2/jars
[2025-05-22T16:10:15.966+0000] {subprocess.py:93} INFO - org.postgresql#postgresql added as a dependency
[2025-05-22T16:10:15.967+0000] {subprocess.py:93} INFO - :: resolving dependencies :: org.apache.spark#spark-submit-parent-be0501f4-87f1-4140-a6c1-02d0e2b74657;1.0
[2025-05-22T16:10:15.969+0000] {subprocess.py:93} INFO - 	confs: [default]
[2025-05-22T16:10:16.081+0000] {subprocess.py:93} INFO - 	found org.postgresql#postgresql;42.6.0 in central
[2025-05-22T16:10:16.111+0000] {subprocess.py:93} INFO - 	found org.checkerframework#checker-qual;3.31.0 in central
[2025-05-22T16:10:16.125+0000] {subprocess.py:93} INFO - :: resolution report :: resolve 152ms :: artifacts dl 6ms
[2025-05-22T16:10:16.126+0000] {subprocess.py:93} INFO - 	:: modules in use:
[2025-05-22T16:10:16.127+0000] {subprocess.py:93} INFO - 	org.checkerframework#checker-qual;3.31.0 from central in [default]
[2025-05-22T16:10:16.128+0000] {subprocess.py:93} INFO - 	org.postgresql#postgresql;42.6.0 from central in [default]
[2025-05-22T16:10:16.129+0000] {subprocess.py:93} INFO - 	---------------------------------------------------------------------
[2025-05-22T16:10:16.129+0000] {subprocess.py:93} INFO - 	|                  |            modules            ||   artifacts   |
[2025-05-22T16:10:16.130+0000] {subprocess.py:93} INFO - 	|       conf       | number| search|dwnlded|evicted|| number|dwnlded|
[2025-05-22T16:10:16.131+0000] {subprocess.py:93} INFO - 	---------------------------------------------------------------------
[2025-05-22T16:10:16.131+0000] {subprocess.py:93} INFO - 	|      default     |   2   |   0   |   0   |   0   ||   2   |   0   |
[2025-05-22T16:10:16.132+0000] {subprocess.py:93} INFO - 	---------------------------------------------------------------------
[2025-05-22T16:10:16.132+0000] {subprocess.py:93} INFO - :: retrieving :: org.apache.spark#spark-submit-parent-be0501f4-87f1-4140-a6c1-02d0e2b74657
[2025-05-22T16:10:16.133+0000] {subprocess.py:93} INFO - 	confs: [default]
[2025-05-22T16:10:16.134+0000] {subprocess.py:93} INFO - 	0 artifacts copied, 2 already retrieved (0kB/5ms)
[2025-05-22T16:10:16.330+0000] {subprocess.py:93} INFO - 25/05/22 16:10:16 WARN NativeCodeLoader: Unable to load native-hadoop library for your platform... using builtin-java classes where applicable
[2025-05-22T16:10:16.585+0000] {subprocess.py:93} INFO - Using Spark's default log4j profile: org/apache/spark/log4j-defaults.properties
[2025-05-22T16:10:16.585+0000] {subprocess.py:93} INFO - Setting default log level to "WARN".
[2025-05-22T16:10:16.586+0000] {subprocess.py:93} INFO - To adjust logging level use sc.setLogLevel(newLevel). For SparkR, use setLogLevel(newLevel).
[2025-05-22T16:10:20.710+0000] {subprocess.py:93} INFO - Path to dataset files: /home/***/.cache/kagglehub/datasets/oktayrdeki/traffic-accidents/versions/1
[2025-05-22T16:10:20.711+0000] {subprocess.py:93} INFO - Path to dataset files: /opt/***/data
[2025-05-22T16:10:21.267+0000] {subprocess.py:97} INFO - Command exited with return code 0
[2025-05-22T16:10:21.312+0000] {taskinstance.py:1400} INFO - Marking task as SUCCESS. dag_id=Scheduler_Traffict_Accident, task_id=Extract_Data, execution_date=20250522T154500, start_date=20250522T161013, end_date=20250522T161021
[2025-05-22T16:10:21.370+0000] {local_task_job_runner.py:228} INFO - Task exited with return code 0
[2025-05-22T16:10:21.415+0000] {taskinstance.py:2778} INFO - 1 downstream tasks scheduled from follow-on schedule check
