[2025-05-22T16:00:00.813+0000] {taskinstance.py:1159} INFO - Dependencies all met for dep_context=non-requeueable deps ti=<TaskInstance: Scheduler_Traffict_Accident.Extract_Data scheduled__2025-05-22T15:45:00+00:00 [queued]>
[2025-05-22T16:00:00.825+0000] {taskinstance.py:1159} INFO - Dependencies all met for dep_context=requeueable deps ti=<TaskInstance: Scheduler_Traffict_Accident.Extract_Data scheduled__2025-05-22T15:45:00+00:00 [queued]>
[2025-05-22T16:00:00.826+0000] {taskinstance.py:1361} INFO - Starting attempt 1 of 2
[2025-05-22T16:00:00.844+0000] {taskinstance.py:1382} INFO - Executing <Task(BashOperator): Extract_Data> on 2025-05-22 15:45:00+00:00
[2025-05-22T16:00:00.851+0000] {standard_task_runner.py:57} INFO - Started process 615 to run task
[2025-05-22T16:00:00.857+0000] {standard_task_runner.py:84} INFO - Running: ['***', 'tasks', 'run', 'Scheduler_Traffict_Accident', 'Extract_Data', 'scheduled__2025-05-22T15:45:00+00:00', '--job-id', '5', '--raw', '--subdir', 'DAGS_FOLDER/Scheduler_Traffict_Accident.py', '--cfg-path', '/tmp/tmphcy0f2dq']
[2025-05-22T16:00:00.861+0000] {standard_task_runner.py:85} INFO - Job 5: Subtask Extract_Data
[2025-05-22T16:00:00.929+0000] {task_command.py:416} INFO - Running <TaskInstance: Scheduler_Traffict_Accident.Extract_Data scheduled__2025-05-22T15:45:00+00:00 [running]> on host 1f18d06af689
[2025-05-22T16:00:01.027+0000] {taskinstance.py:1662} INFO - Exporting env vars: AIRFLOW_CTX_DAG_OWNER='Hisham' AIRFLOW_CTX_DAG_ID='Scheduler_Traffict_Accident' AIRFLOW_CTX_TASK_ID='Extract_Data' AIRFLOW_CTX_EXECUTION_DATE='2025-05-22T15:45:00+00:00' AIRFLOW_CTX_TRY_NUMBER='1' AIRFLOW_CTX_DAG_RUN_ID='scheduled__2025-05-22T15:45:00+00:00'
[2025-05-22T16:00:01.029+0000] {subprocess.py:63} INFO - Tmp dir root location: /tmp
[2025-05-22T16:00:01.030+0000] {subprocess.py:75} INFO - Running command: ['/bin/bash', '-c', 'sudo -u *** python /opt/***/scripts/Extract_Data.py']
[2025-05-22T16:00:01.043+0000] {subprocess.py:86} INFO - Output:
[2025-05-22T16:00:03.376+0000] {subprocess.py:93} INFO - WARNING: An illegal reflective access operation has occurred
[2025-05-22T16:00:03.377+0000] {subprocess.py:93} INFO - WARNING: Illegal reflective access by org.apache.spark.unsafe.Platform (file:/home/***/.local/lib/python3.11/site-packages/pyspark/jars/spark-unsafe_2.12-3.1.2.jar) to constructor java.nio.DirectByteBuffer(long,int)
[2025-05-22T16:00:03.378+0000] {subprocess.py:93} INFO - WARNING: Please consider reporting this to the maintainers of org.apache.spark.unsafe.Platform
[2025-05-22T16:00:03.379+0000] {subprocess.py:93} INFO - WARNING: Use --illegal-access=warn to enable warnings of further illegal reflective access operations
[2025-05-22T16:00:03.379+0000] {subprocess.py:93} INFO - WARNING: All illegal access operations will be denied in a future release
[2025-05-22T16:00:03.584+0000] {subprocess.py:93} INFO - :: loading settings :: url = jar:file:/home/***/.local/lib/python3.11/site-packages/pyspark/jars/ivy-2.4.0.jar!/org/apache/ivy/core/settings/ivysettings.xml
[2025-05-22T16:00:03.683+0000] {subprocess.py:93} INFO - Ivy Default Cache set to: /home/***/.ivy2/cache
[2025-05-22T16:00:03.684+0000] {subprocess.py:93} INFO - The jars for the packages stored in: /home/***/.ivy2/jars
[2025-05-22T16:00:03.691+0000] {subprocess.py:93} INFO - org.postgresql#postgresql added as a dependency
[2025-05-22T16:00:03.693+0000] {subprocess.py:93} INFO - :: resolving dependencies :: org.apache.spark#spark-submit-parent-2465a1c8-bc2d-432c-8657-3f8a4b0433f1;1.0
[2025-05-22T16:00:03.694+0000] {subprocess.py:93} INFO - 	confs: [default]
[2025-05-22T16:00:03.830+0000] {subprocess.py:93} INFO - 	found org.postgresql#postgresql;42.6.0 in central
[2025-05-22T16:00:03.864+0000] {subprocess.py:93} INFO - 	found org.checkerframework#checker-qual;3.31.0 in central
[2025-05-22T16:00:03.885+0000] {subprocess.py:93} INFO - :: resolution report :: resolve 186ms :: artifacts dl 6ms
[2025-05-22T16:00:03.886+0000] {subprocess.py:93} INFO - 	:: modules in use:
[2025-05-22T16:00:03.887+0000] {subprocess.py:93} INFO - 	org.checkerframework#checker-qual;3.31.0 from central in [default]
[2025-05-22T16:00:03.888+0000] {subprocess.py:93} INFO - 	org.postgresql#postgresql;42.6.0 from central in [default]
[2025-05-22T16:00:03.889+0000] {subprocess.py:93} INFO - 	---------------------------------------------------------------------
[2025-05-22T16:00:03.890+0000] {subprocess.py:93} INFO - 	|                  |            modules            ||   artifacts   |
[2025-05-22T16:00:03.891+0000] {subprocess.py:93} INFO - 	|       conf       | number| search|dwnlded|evicted|| number|dwnlded|
[2025-05-22T16:00:03.892+0000] {subprocess.py:93} INFO - 	---------------------------------------------------------------------
[2025-05-22T16:00:03.893+0000] {subprocess.py:93} INFO - 	|      default     |   2   |   0   |   0   |   0   ||   2   |   0   |
[2025-05-22T16:00:03.893+0000] {subprocess.py:93} INFO - 	---------------------------------------------------------------------
[2025-05-22T16:00:03.894+0000] {subprocess.py:93} INFO - :: retrieving :: org.apache.spark#spark-submit-parent-2465a1c8-bc2d-432c-8657-3f8a4b0433f1
[2025-05-22T16:00:03.895+0000] {subprocess.py:93} INFO - 	confs: [default]
[2025-05-22T16:00:03.897+0000] {subprocess.py:93} INFO - 	0 artifacts copied, 2 already retrieved (0kB/6ms)
[2025-05-22T16:00:04.129+0000] {subprocess.py:93} INFO - 25/05/22 16:00:04 WARN NativeCodeLoader: Unable to load native-hadoop library for your platform... using builtin-java classes where applicable
[2025-05-22T16:00:04.430+0000] {subprocess.py:93} INFO - Using Spark's default log4j profile: org/apache/spark/log4j-defaults.properties
[2025-05-22T16:00:04.430+0000] {subprocess.py:93} INFO - Setting default log level to "WARN".
[2025-05-22T16:00:04.431+0000] {subprocess.py:93} INFO - To adjust logging level use sc.setLogLevel(newLevel). For SparkR, use setLogLevel(newLevel).
[2025-05-22T16:00:05.321+0000] {subprocess.py:93} INFO - 25/05/22 16:00:05 WARN Utils: Service 'SparkUI' could not bind on port 4040. Attempting port 4041.
[2025-05-22T16:00:08.422+0000] {subprocess.py:93} INFO - Path to dataset files: /home/***/.cache/kagglehub/datasets/oktayrdeki/traffic-accidents/versions/1
[2025-05-22T16:00:08.424+0000] {subprocess.py:93} INFO - Path to dataset files: /opt/***/data
[2025-05-22T16:00:08.968+0000] {subprocess.py:97} INFO - Command exited with return code 0
[2025-05-22T16:00:09.005+0000] {taskinstance.py:1400} INFO - Marking task as SUCCESS. dag_id=Scheduler_Traffict_Accident, task_id=Extract_Data, execution_date=20250522T154500, start_date=20250522T160000, end_date=20250522T160009
[2025-05-22T16:00:09.062+0000] {local_task_job_runner.py:228} INFO - Task exited with return code 0
[2025-05-22T16:00:09.116+0000] {taskinstance.py:2778} INFO - 1 downstream tasks scheduled from follow-on schedule check
