[2025-05-22T14:27:46.967+0000] {taskinstance.py:1171} INFO - Dependencies all met for <TaskInstance: Datamart_Traffict_Accident.Extract_Data scheduled__2025-05-22T14:00:00+00:00 [queued]>
[2025-05-22T14:27:46.984+0000] {taskinstance.py:1171} INFO - Dependencies all met for <TaskInstance: Datamart_Traffict_Accident.Extract_Data scheduled__2025-05-22T14:00:00+00:00 [queued]>
[2025-05-22T14:27:46.984+0000] {taskinstance.py:1368} INFO - 
--------------------------------------------------------------------------------
[2025-05-22T14:27:46.985+0000] {taskinstance.py:1369} INFO - Starting attempt 1 of 2
[2025-05-22T14:27:46.986+0000] {taskinstance.py:1370} INFO - 
--------------------------------------------------------------------------------
[2025-05-22T14:27:47.004+0000] {taskinstance.py:1389} INFO - Executing <Task(BashOperator): Extract_Data> on 2025-05-22 14:00:00+00:00
[2025-05-22T14:27:47.011+0000] {standard_task_runner.py:52} INFO - Started process 246 to run task
[2025-05-22T14:27:47.020+0000] {standard_task_runner.py:79} INFO - Running: ['***', 'tasks', 'run', 'Datamart_Traffict_Accident', 'Extract_Data', 'scheduled__2025-05-22T14:00:00+00:00', '--job-id', '9', '--raw', '--subdir', 'DAGS_FOLDER/Datamart_Traffict_Accident.py', '--cfg-path', '/tmp/tmpedxont01', '--error-file', '/tmp/tmpkiyaadfa']
[2025-05-22T14:27:47.022+0000] {standard_task_runner.py:80} INFO - Job 9: Subtask Extract_Data
[2025-05-22T14:27:47.146+0000] {task_command.py:371} INFO - Running <TaskInstance: Datamart_Traffict_Accident.Extract_Data scheduled__2025-05-22T14:00:00+00:00 [running]> on host 2262c451ca30
[2025-05-22T14:27:47.245+0000] {taskinstance.py:1583} INFO - Exporting the following env vars:
AIRFLOW_CTX_DAG_OWNER=Hisham
AIRFLOW_CTX_DAG_ID=Datamart_Traffict_Accident
AIRFLOW_CTX_TASK_ID=Extract_Data
AIRFLOW_CTX_EXECUTION_DATE=2025-05-22T14:00:00+00:00
AIRFLOW_CTX_TRY_NUMBER=1
AIRFLOW_CTX_DAG_RUN_ID=scheduled__2025-05-22T14:00:00+00:00
[2025-05-22T14:27:47.248+0000] {subprocess.py:62} INFO - Tmp dir root location: 
 /tmp
[2025-05-22T14:27:47.250+0000] {subprocess.py:74} INFO - Running command: ['/bin/bash', '-c', 'sudo -u *** python /opt/***/scripts/Extract_Datamart_Data.py']
[2025-05-22T14:27:47.268+0000] {subprocess.py:85} INFO - Output:
[2025-05-22T14:27:50.239+0000] {subprocess.py:92} INFO - WARNING: An illegal reflective access operation has occurred
[2025-05-22T14:27:50.241+0000] {subprocess.py:92} INFO - WARNING: Illegal reflective access by org.apache.spark.unsafe.Platform (file:/home/***/.local/lib/python3.7/site-packages/pyspark/jars/spark-unsafe_2.12-3.1.2.jar) to constructor java.nio.DirectByteBuffer(long,int)
[2025-05-22T14:27:50.241+0000] {subprocess.py:92} INFO - WARNING: Please consider reporting this to the maintainers of org.apache.spark.unsafe.Platform
[2025-05-22T14:27:50.242+0000] {subprocess.py:92} INFO - WARNING: Use --illegal-access=warn to enable warnings of further illegal reflective access operations
[2025-05-22T14:27:50.242+0000] {subprocess.py:92} INFO - WARNING: All illegal access operations will be denied in a future release
[2025-05-22T14:27:50.480+0000] {subprocess.py:92} INFO - :: loading settings :: url = jar:file:/home/***/.local/lib/python3.7/site-packages/pyspark/jars/ivy-2.4.0.jar!/org/apache/ivy/core/settings/ivysettings.xml
[2025-05-22T14:27:50.598+0000] {subprocess.py:92} INFO - Ivy Default Cache set to: /home/***/.ivy2/cache
[2025-05-22T14:27:50.598+0000] {subprocess.py:92} INFO - The jars for the packages stored in: /home/***/.ivy2/jars
[2025-05-22T14:27:50.606+0000] {subprocess.py:92} INFO - org.postgresql#postgresql added as a dependency
[2025-05-22T14:27:50.607+0000] {subprocess.py:92} INFO - :: resolving dependencies :: org.apache.spark#spark-submit-parent-20f71159-a159-4773-b443-d41ba1472e05;1.0
[2025-05-22T14:27:50.608+0000] {subprocess.py:92} INFO - 	confs: [default]
[2025-05-22T14:27:50.767+0000] {subprocess.py:92} INFO - 	found org.postgresql#postgresql;42.6.0 in central
[2025-05-22T14:27:50.808+0000] {subprocess.py:92} INFO - 	found org.checkerframework#checker-qual;3.31.0 in central
[2025-05-22T14:27:50.861+0000] {subprocess.py:92} INFO - :: resolution report :: resolve 233ms :: artifacts dl 13ms
[2025-05-22T14:27:50.861+0000] {subprocess.py:92} INFO - 	:: modules in use:
[2025-05-22T14:27:50.862+0000] {subprocess.py:92} INFO - 	org.checkerframework#checker-qual;3.31.0 from central in [default]
[2025-05-22T14:27:50.862+0000] {subprocess.py:92} INFO - 	org.postgresql#postgresql;42.6.0 from central in [default]
[2025-05-22T14:27:50.863+0000] {subprocess.py:92} INFO - 	---------------------------------------------------------------------
[2025-05-22T14:27:50.864+0000] {subprocess.py:92} INFO - 	|                  |            modules            ||   artifacts   |
[2025-05-22T14:27:50.864+0000] {subprocess.py:92} INFO - 	|       conf       | number| search|dwnlded|evicted|| number|dwnlded|
[2025-05-22T14:27:50.865+0000] {subprocess.py:92} INFO - 	---------------------------------------------------------------------
[2025-05-22T14:27:50.866+0000] {subprocess.py:92} INFO - 	|      default     |   2   |   0   |   0   |   0   ||   2   |   0   |
[2025-05-22T14:27:50.866+0000] {subprocess.py:92} INFO - 	---------------------------------------------------------------------
[2025-05-22T14:27:50.868+0000] {subprocess.py:92} INFO - :: retrieving :: org.apache.spark#spark-submit-parent-20f71159-a159-4773-b443-d41ba1472e05
[2025-05-22T14:27:50.870+0000] {subprocess.py:92} INFO - 	confs: [default]
[2025-05-22T14:27:50.879+0000] {subprocess.py:92} INFO - 	0 artifacts copied, 2 already retrieved (0kB/10ms)
[2025-05-22T14:27:51.194+0000] {subprocess.py:92} INFO - 25/05/22 14:27:51 WARN NativeCodeLoader: Unable to load native-hadoop library for your platform... using builtin-java classes where applicable
[2025-05-22T14:27:51.521+0000] {subprocess.py:92} INFO - Using Spark's default log4j profile: org/apache/spark/log4j-defaults.properties
[2025-05-22T14:27:51.521+0000] {subprocess.py:92} INFO - Setting default log level to "WARN".
[2025-05-22T14:27:51.522+0000] {subprocess.py:92} INFO - To adjust logging level use sc.setLogLevel(newLevel). For SparkR, use setLogLevel(newLevel).
[2025-05-22T14:28:01.807+0000] {subprocess.py:92} INFO - [Stage 0:>                                                          (0 + 1) / 1]                                                                                25/05/22 14:28:01 ERROR FileFormatWriter: Aborting job 813aae55-1b3e-4e4c-8a54-760859091d06.
[2025-05-22T14:28:01.808+0000] {subprocess.py:92} INFO - java.io.FileNotFoundException: File file:/opt/***/data/tmp_date_csv/_temporary/0 does not exist
[2025-05-22T14:28:01.809+0000] {subprocess.py:92} INFO - 	at org.apache.hadoop.fs.RawLocalFileSystem.listStatus(RawLocalFileSystem.java:489)
[2025-05-22T14:28:01.809+0000] {subprocess.py:92} INFO - 	at org.apache.hadoop.fs.FileSystem.listStatus(FileSystem.java:1868)
[2025-05-22T14:28:01.810+0000] {subprocess.py:92} INFO - 	at org.apache.hadoop.fs.FileSystem.listStatus(FileSystem.java:1910)
[2025-05-22T14:28:01.810+0000] {subprocess.py:92} INFO - 	at org.apache.hadoop.fs.ChecksumFileSystem.listStatus(ChecksumFileSystem.java:678)
[2025-05-22T14:28:01.810+0000] {subprocess.py:92} INFO - 	at org.apache.hadoop.fs.FileSystem.listStatus(FileSystem.java:1868)
[2025-05-22T14:28:01.811+0000] {subprocess.py:92} INFO - 	at org.apache.hadoop.fs.FileSystem.listStatus(FileSystem.java:1910)
[2025-05-22T14:28:01.811+0000] {subprocess.py:92} INFO - 	at org.apache.hadoop.mapreduce.lib.output.FileOutputCommitter.getAllCommittedTaskPaths(FileOutputCommitter.java:332)
[2025-05-22T14:28:01.811+0000] {subprocess.py:92} INFO - 	at org.apache.hadoop.mapreduce.lib.output.FileOutputCommitter.commitJobInternal(FileOutputCommitter.java:402)
[2025-05-22T14:28:01.812+0000] {subprocess.py:92} INFO - 	at org.apache.hadoop.mapreduce.lib.output.FileOutputCommitter.commitJob(FileOutputCommitter.java:375)
[2025-05-22T14:28:01.813+0000] {subprocess.py:92} INFO - 	at org.apache.spark.internal.io.HadoopMapReduceCommitProtocol.commitJob(HadoopMapReduceCommitProtocol.scala:182)
[2025-05-22T14:28:01.813+0000] {subprocess.py:92} INFO - 	at org.apache.spark.sql.execution.datasources.FileFormatWriter$.write(FileFormatWriter.scala:220)
[2025-05-22T14:28:01.814+0000] {subprocess.py:92} INFO - 	at org.apache.spark.sql.execution.datasources.InsertIntoHadoopFsRelationCommand.run(InsertIntoHadoopFsRelationCommand.scala:188)
[2025-05-22T14:28:01.815+0000] {subprocess.py:92} INFO - 	at org.apache.spark.sql.execution.command.DataWritingCommandExec.sideEffectResult$lzycompute(commands.scala:108)
[2025-05-22T14:28:01.815+0000] {subprocess.py:92} INFO - 	at org.apache.spark.sql.execution.command.DataWritingCommandExec.sideEffectResult(commands.scala:106)
[2025-05-22T14:28:01.815+0000] {subprocess.py:92} INFO - 	at org.apache.spark.sql.execution.command.DataWritingCommandExec.doExecute(commands.scala:131)
[2025-05-22T14:28:01.816+0000] {subprocess.py:92} INFO - 	at org.apache.spark.sql.execution.SparkPlan.$anonfun$execute$1(SparkPlan.scala:180)
[2025-05-22T14:28:01.816+0000] {subprocess.py:92} INFO - 	at org.apache.spark.sql.execution.SparkPlan.$anonfun$executeQuery$1(SparkPlan.scala:218)
[2025-05-22T14:28:01.816+0000] {subprocess.py:92} INFO - 	at org.apache.spark.rdd.RDDOperationScope$.withScope(RDDOperationScope.scala:151)
[2025-05-22T14:28:01.816+0000] {subprocess.py:92} INFO - 	at org.apache.spark.sql.execution.SparkPlan.executeQuery(SparkPlan.scala:215)
[2025-05-22T14:28:01.817+0000] {subprocess.py:92} INFO - 	at org.apache.spark.sql.execution.SparkPlan.execute(SparkPlan.scala:176)
[2025-05-22T14:28:01.817+0000] {subprocess.py:92} INFO - 	at org.apache.spark.sql.execution.QueryExecution.toRdd$lzycompute(QueryExecution.scala:132)
[2025-05-22T14:28:01.817+0000] {subprocess.py:92} INFO - 	at org.apache.spark.sql.execution.QueryExecution.toRdd(QueryExecution.scala:131)
[2025-05-22T14:28:01.818+0000] {subprocess.py:92} INFO - 	at org.apache.spark.sql.DataFrameWriter.$anonfun$runCommand$1(DataFrameWriter.scala:989)
[2025-05-22T14:28:01.818+0000] {subprocess.py:92} INFO - 	at org.apache.spark.sql.execution.SQLExecution$.$anonfun$withNewExecutionId$5(SQLExecution.scala:103)
[2025-05-22T14:28:01.819+0000] {subprocess.py:92} INFO - 	at org.apache.spark.sql.execution.SQLExecution$.withSQLConfPropagated(SQLExecution.scala:163)
[2025-05-22T14:28:01.819+0000] {subprocess.py:92} INFO - 	at org.apache.spark.sql.execution.SQLExecution$.$anonfun$withNewExecutionId$1(SQLExecution.scala:90)
[2025-05-22T14:28:01.820+0000] {subprocess.py:92} INFO - 	at org.apache.spark.sql.SparkSession.withActive(SparkSession.scala:775)
[2025-05-22T14:28:01.820+0000] {subprocess.py:92} INFO - 	at org.apache.spark.sql.execution.SQLExecution$.withNewExecutionId(SQLExecution.scala:64)
[2025-05-22T14:28:01.821+0000] {subprocess.py:92} INFO - 	at org.apache.spark.sql.DataFrameWriter.runCommand(DataFrameWriter.scala:989)
[2025-05-22T14:28:01.821+0000] {subprocess.py:92} INFO - 	at org.apache.spark.sql.DataFrameWriter.saveToV1Source(DataFrameWriter.scala:438)
[2025-05-22T14:28:01.822+0000] {subprocess.py:92} INFO - 	at org.apache.spark.sql.DataFrameWriter.saveInternal(DataFrameWriter.scala:415)
[2025-05-22T14:28:01.822+0000] {subprocess.py:92} INFO - 	at org.apache.spark.sql.DataFrameWriter.save(DataFrameWriter.scala:293)
[2025-05-22T14:28:01.823+0000] {subprocess.py:92} INFO - 	at org.apache.spark.sql.DataFrameWriter.csv(DataFrameWriter.scala:979)
[2025-05-22T14:28:01.824+0000] {subprocess.py:92} INFO - 	at java.base/jdk.internal.reflect.NativeMethodAccessorImpl.invoke0(Native Method)
[2025-05-22T14:28:01.824+0000] {subprocess.py:92} INFO - 	at java.base/jdk.internal.reflect.NativeMethodAccessorImpl.invoke(NativeMethodAccessorImpl.java:62)
[2025-05-22T14:28:01.827+0000] {subprocess.py:92} INFO - 	at java.base/jdk.internal.reflect.DelegatingMethodAccessorImpl.invoke(DelegatingMethodAccessorImpl.java:43)
[2025-05-22T14:28:01.827+0000] {subprocess.py:92} INFO - 	at java.base/java.lang.reflect.Method.invoke(Method.java:566)
[2025-05-22T14:28:01.828+0000] {subprocess.py:92} INFO - 	at py4j.reflection.MethodInvoker.invoke(MethodInvoker.java:244)
[2025-05-22T14:28:01.828+0000] {subprocess.py:92} INFO - 	at py4j.reflection.ReflectionEngine.invoke(ReflectionEngine.java:357)
[2025-05-22T14:28:01.829+0000] {subprocess.py:92} INFO - 	at py4j.Gateway.invoke(Gateway.java:282)
[2025-05-22T14:28:01.829+0000] {subprocess.py:92} INFO - 	at py4j.commands.AbstractCommand.invokeMethod(AbstractCommand.java:132)
[2025-05-22T14:28:01.829+0000] {subprocess.py:92} INFO - 	at py4j.commands.CallCommand.execute(CallCommand.java:79)
[2025-05-22T14:28:01.830+0000] {subprocess.py:92} INFO - 	at py4j.GatewayConnection.run(GatewayConnection.java:238)
[2025-05-22T14:28:01.830+0000] {subprocess.py:92} INFO - 	at java.base/java.lang.Thread.run(Thread.java:829)
[2025-05-22T14:28:01.831+0000] {subprocess.py:92} INFO - Traceback (most recent call last):
[2025-05-22T14:28:01.833+0000] {subprocess.py:92} INFO -   File "/opt/***/scripts/Extract_Datamart_Data.py", line 31, in <module>
[2025-05-22T14:28:01.833+0000] {subprocess.py:92} INFO -     data_Date.coalesce(1).write.csv(output_dir, header=True, mode="overwrite")
[2025-05-22T14:28:01.834+0000] {subprocess.py:92} INFO -   File "/home/***/.local/lib/python3.7/site-packages/pyspark/sql/readwriter.py", line 1372, in csv
[2025-05-22T14:28:01.834+0000] {subprocess.py:92} INFO -     self._jwrite.csv(path)
[2025-05-22T14:28:01.835+0000] {subprocess.py:92} INFO -   File "/home/***/.local/lib/python3.7/site-packages/py4j/java_gateway.py", line 1305, in __call__
[2025-05-22T14:28:01.835+0000] {subprocess.py:92} INFO -     answer, self.gateway_client, self.target_id, self.name)
[2025-05-22T14:28:01.836+0000] {subprocess.py:92} INFO -   File "/home/***/.local/lib/python3.7/site-packages/pyspark/sql/utils.py", line 111, in deco
[2025-05-22T14:28:01.837+0000] {subprocess.py:92} INFO -     return f(*a, **kw)
[2025-05-22T14:28:01.838+0000] {subprocess.py:92} INFO -   File "/home/***/.local/lib/python3.7/site-packages/py4j/protocol.py", line 328, in get_return_value
[2025-05-22T14:28:01.839+0000] {subprocess.py:92} INFO -     format(target_id, ".", name), value)
[2025-05-22T14:28:01.839+0000] {subprocess.py:92} INFO - py4j.protocol.Py4JJavaError: An error occurred while calling o45.csv.
[2025-05-22T14:28:01.839+0000] {subprocess.py:92} INFO - : org.apache.spark.SparkException: Job aborted.
[2025-05-22T14:28:01.840+0000] {subprocess.py:92} INFO - 	at org.apache.spark.sql.execution.datasources.FileFormatWriter$.write(FileFormatWriter.scala:231)
[2025-05-22T14:28:01.840+0000] {subprocess.py:92} INFO - 	at org.apache.spark.sql.execution.datasources.InsertIntoHadoopFsRelationCommand.run(InsertIntoHadoopFsRelationCommand.scala:188)
[2025-05-22T14:28:01.841+0000] {subprocess.py:92} INFO - 	at org.apache.spark.sql.execution.command.DataWritingCommandExec.sideEffectResult$lzycompute(commands.scala:108)
[2025-05-22T14:28:01.841+0000] {subprocess.py:92} INFO - 	at org.apache.spark.sql.execution.command.DataWritingCommandExec.sideEffectResult(commands.scala:106)
[2025-05-22T14:28:01.842+0000] {subprocess.py:92} INFO - 	at org.apache.spark.sql.execution.command.DataWritingCommandExec.doExecute(commands.scala:131)
[2025-05-22T14:28:01.842+0000] {subprocess.py:92} INFO - 	at org.apache.spark.sql.execution.SparkPlan.$anonfun$execute$1(SparkPlan.scala:180)
[2025-05-22T14:28:01.843+0000] {subprocess.py:92} INFO - 	at org.apache.spark.sql.execution.SparkPlan.$anonfun$executeQuery$1(SparkPlan.scala:218)
[2025-05-22T14:28:01.843+0000] {subprocess.py:92} INFO - 	at org.apache.spark.rdd.RDDOperationScope$.withScope(RDDOperationScope.scala:151)
[2025-05-22T14:28:01.844+0000] {subprocess.py:92} INFO - 	at org.apache.spark.sql.execution.SparkPlan.executeQuery(SparkPlan.scala:215)
[2025-05-22T14:28:01.844+0000] {subprocess.py:92} INFO - 	at org.apache.spark.sql.execution.SparkPlan.execute(SparkPlan.scala:176)
[2025-05-22T14:28:01.845+0000] {subprocess.py:92} INFO - 	at org.apache.spark.sql.execution.QueryExecution.toRdd$lzycompute(QueryExecution.scala:132)
[2025-05-22T14:28:01.845+0000] {subprocess.py:92} INFO - 	at org.apache.spark.sql.execution.QueryExecution.toRdd(QueryExecution.scala:131)
[2025-05-22T14:28:01.846+0000] {subprocess.py:92} INFO - 	at org.apache.spark.sql.DataFrameWriter.$anonfun$runCommand$1(DataFrameWriter.scala:989)
[2025-05-22T14:28:01.846+0000] {subprocess.py:92} INFO - 	at org.apache.spark.sql.execution.SQLExecution$.$anonfun$withNewExecutionId$5(SQLExecution.scala:103)
[2025-05-22T14:28:01.846+0000] {subprocess.py:92} INFO - 	at org.apache.spark.sql.execution.SQLExecution$.withSQLConfPropagated(SQLExecution.scala:163)
[2025-05-22T14:28:01.847+0000] {subprocess.py:92} INFO - 	at org.apache.spark.sql.execution.SQLExecution$.$anonfun$withNewExecutionId$1(SQLExecution.scala:90)
[2025-05-22T14:28:01.847+0000] {subprocess.py:92} INFO - 	at org.apache.spark.sql.SparkSession.withActive(SparkSession.scala:775)
[2025-05-22T14:28:01.848+0000] {subprocess.py:92} INFO - 	at org.apache.spark.sql.execution.SQLExecution$.withNewExecutionId(SQLExecution.scala:64)
[2025-05-22T14:28:01.848+0000] {subprocess.py:92} INFO - 	at org.apache.spark.sql.DataFrameWriter.runCommand(DataFrameWriter.scala:989)
[2025-05-22T14:28:01.850+0000] {subprocess.py:92} INFO - 	at org.apache.spark.sql.DataFrameWriter.saveToV1Source(DataFrameWriter.scala:438)
[2025-05-22T14:28:01.850+0000] {subprocess.py:92} INFO - 	at org.apache.spark.sql.DataFrameWriter.saveInternal(DataFrameWriter.scala:415)
[2025-05-22T14:28:01.850+0000] {subprocess.py:92} INFO - 	at org.apache.spark.sql.DataFrameWriter.save(DataFrameWriter.scala:293)
[2025-05-22T14:28:01.852+0000] {subprocess.py:92} INFO - 	at org.apache.spark.sql.DataFrameWriter.csv(DataFrameWriter.scala:979)
[2025-05-22T14:28:01.853+0000] {subprocess.py:92} INFO - 	at java.base/jdk.internal.reflect.NativeMethodAccessorImpl.invoke0(Native Method)
[2025-05-22T14:28:01.853+0000] {subprocess.py:92} INFO - 	at java.base/jdk.internal.reflect.NativeMethodAccessorImpl.invoke(NativeMethodAccessorImpl.java:62)
[2025-05-22T14:28:01.854+0000] {subprocess.py:92} INFO - 	at java.base/jdk.internal.reflect.DelegatingMethodAccessorImpl.invoke(DelegatingMethodAccessorImpl.java:43)
[2025-05-22T14:28:01.854+0000] {subprocess.py:92} INFO - 	at java.base/java.lang.reflect.Method.invoke(Method.java:566)
[2025-05-22T14:28:01.855+0000] {subprocess.py:92} INFO - 	at py4j.reflection.MethodInvoker.invoke(MethodInvoker.java:244)
[2025-05-22T14:28:01.855+0000] {subprocess.py:92} INFO - 	at py4j.reflection.ReflectionEngine.invoke(ReflectionEngine.java:357)
[2025-05-22T14:28:01.856+0000] {subprocess.py:92} INFO - 	at py4j.Gateway.invoke(Gateway.java:282)
[2025-05-22T14:28:01.856+0000] {subprocess.py:92} INFO - 	at py4j.commands.AbstractCommand.invokeMethod(AbstractCommand.java:132)
[2025-05-22T14:28:01.859+0000] {subprocess.py:92} INFO - 	at py4j.commands.CallCommand.execute(CallCommand.java:79)
[2025-05-22T14:28:01.860+0000] {subprocess.py:92} INFO - 	at py4j.GatewayConnection.run(GatewayConnection.java:238)
[2025-05-22T14:28:01.862+0000] {subprocess.py:92} INFO - 	at java.base/java.lang.Thread.run(Thread.java:829)
[2025-05-22T14:28:01.863+0000] {subprocess.py:92} INFO - Caused by: java.io.FileNotFoundException: File file:/opt/***/data/tmp_date_csv/_temporary/0 does not exist
[2025-05-22T14:28:01.863+0000] {subprocess.py:92} INFO - 	at org.apache.hadoop.fs.RawLocalFileSystem.listStatus(RawLocalFileSystem.java:489)
[2025-05-22T14:28:01.864+0000] {subprocess.py:92} INFO - 	at org.apache.hadoop.fs.FileSystem.listStatus(FileSystem.java:1868)
[2025-05-22T14:28:01.864+0000] {subprocess.py:92} INFO - 	at org.apache.hadoop.fs.FileSystem.listStatus(FileSystem.java:1910)
[2025-05-22T14:28:01.865+0000] {subprocess.py:92} INFO - 	at org.apache.hadoop.fs.ChecksumFileSystem.listStatus(ChecksumFileSystem.java:678)
[2025-05-22T14:28:01.865+0000] {subprocess.py:92} INFO - 	at org.apache.hadoop.fs.FileSystem.listStatus(FileSystem.java:1868)
[2025-05-22T14:28:01.866+0000] {subprocess.py:92} INFO - 	at org.apache.hadoop.fs.FileSystem.listStatus(FileSystem.java:1910)
[2025-05-22T14:28:01.867+0000] {subprocess.py:92} INFO - 	at org.apache.hadoop.mapreduce.lib.output.FileOutputCommitter.getAllCommittedTaskPaths(FileOutputCommitter.java:332)
[2025-05-22T14:28:01.867+0000] {subprocess.py:92} INFO - 	at org.apache.hadoop.mapreduce.lib.output.FileOutputCommitter.commitJobInternal(FileOutputCommitter.java:402)
[2025-05-22T14:28:01.868+0000] {subprocess.py:92} INFO - 	at org.apache.hadoop.mapreduce.lib.output.FileOutputCommitter.commitJob(FileOutputCommitter.java:375)
[2025-05-22T14:28:01.869+0000] {subprocess.py:92} INFO - 	at org.apache.spark.internal.io.HadoopMapReduceCommitProtocol.commitJob(HadoopMapReduceCommitProtocol.scala:182)
[2025-05-22T14:28:01.869+0000] {subprocess.py:92} INFO - 	at org.apache.spark.sql.execution.datasources.FileFormatWriter$.write(FileFormatWriter.scala:220)
[2025-05-22T14:28:01.870+0000] {subprocess.py:92} INFO - 	... 33 more
[2025-05-22T14:28:01.870+0000] {subprocess.py:92} INFO - 
[2025-05-22T14:28:02.311+0000] {subprocess.py:96} INFO - Command exited with return code 1
[2025-05-22T14:28:02.332+0000] {taskinstance.py:1902} ERROR - Task failed with exception
Traceback (most recent call last):
  File "/home/airflow/.local/lib/python3.7/site-packages/airflow/operators/bash.py", line 197, in execute
    f'Bash command failed. The command returned a non-zero exit code {result.exit_code}.'
airflow.exceptions.AirflowException: Bash command failed. The command returned a non-zero exit code 1.
[2025-05-22T14:28:02.340+0000] {taskinstance.py:1412} INFO - Marking task as UP_FOR_RETRY. dag_id=Datamart_Traffict_Accident, task_id=Extract_Data, execution_date=20250522T140000, start_date=20250522T142746, end_date=20250522T142802
[2025-05-22T14:28:02.365+0000] {standard_task_runner.py:97} ERROR - Failed to execute job 9 for task Extract_Data (Bash command failed. The command returned a non-zero exit code 1.; 246)
[2025-05-22T14:28:02.390+0000] {local_task_job.py:156} INFO - Task exited with return code 1
[2025-05-22T14:28:02.471+0000] {local_task_job.py:279} INFO - 0 downstream tasks scheduled from follow-on schedule check
