[2025-05-22T14:45:01.492+0000] {taskinstance.py:1171} INFO - Dependencies all met for <TaskInstance: Scheduler_Traffict_Accident.Extract_Data scheduled__2025-05-22T14:30:00+00:00 [queued]>
[2025-05-22T14:45:01.507+0000] {taskinstance.py:1171} INFO - Dependencies all met for <TaskInstance: Scheduler_Traffict_Accident.Extract_Data scheduled__2025-05-22T14:30:00+00:00 [queued]>
[2025-05-22T14:45:01.508+0000] {taskinstance.py:1368} INFO - 
--------------------------------------------------------------------------------
[2025-05-22T14:45:01.509+0000] {taskinstance.py:1369} INFO - Starting attempt 1 of 2
[2025-05-22T14:45:01.509+0000] {taskinstance.py:1370} INFO - 
--------------------------------------------------------------------------------
[2025-05-22T14:45:01.524+0000] {taskinstance.py:1389} INFO - Executing <Task(BashOperator): Extract_Data> on 2025-05-22 14:30:00+00:00
[2025-05-22T14:45:01.532+0000] {standard_task_runner.py:52} INFO - Started process 929 to run task
[2025-05-22T14:45:01.535+0000] {standard_task_runner.py:79} INFO - Running: ['***', 'tasks', 'run', 'Scheduler_Traffict_Accident', 'Extract_Data', 'scheduled__2025-05-22T14:30:00+00:00', '--job-id', '5', '--raw', '--subdir', 'DAGS_FOLDER/Scheduler_Traffict_Accident.py', '--cfg-path', '/tmp/tmpk71zu5f6', '--error-file', '/tmp/tmp07j3irl2']
[2025-05-22T14:45:01.537+0000] {standard_task_runner.py:80} INFO - Job 5: Subtask Extract_Data
[2025-05-22T14:45:01.609+0000] {task_command.py:371} INFO - Running <TaskInstance: Scheduler_Traffict_Accident.Extract_Data scheduled__2025-05-22T14:30:00+00:00 [running]> on host 0b2a8c3db162
[2025-05-22T14:45:01.705+0000] {taskinstance.py:1583} INFO - Exporting the following env vars:
AIRFLOW_CTX_DAG_OWNER=Hisham
AIRFLOW_CTX_DAG_ID=Scheduler_Traffict_Accident
AIRFLOW_CTX_TASK_ID=Extract_Data
AIRFLOW_CTX_EXECUTION_DATE=2025-05-22T14:30:00+00:00
AIRFLOW_CTX_TRY_NUMBER=1
AIRFLOW_CTX_DAG_RUN_ID=scheduled__2025-05-22T14:30:00+00:00
[2025-05-22T14:45:01.706+0000] {subprocess.py:62} INFO - Tmp dir root location: 
 /tmp
[2025-05-22T14:45:01.708+0000] {subprocess.py:74} INFO - Running command: ['/bin/bash', '-c', 'sudo -u *** python /opt/***/scripts/Extract_Data.py']
[2025-05-22T14:45:01.719+0000] {subprocess.py:85} INFO - Output:
[2025-05-22T14:45:04.115+0000] {subprocess.py:92} INFO - WARNING: An illegal reflective access operation has occurred
[2025-05-22T14:45:04.116+0000] {subprocess.py:92} INFO - WARNING: Illegal reflective access by org.apache.spark.unsafe.Platform (file:/home/***/.local/lib/python3.7/site-packages/pyspark/jars/spark-unsafe_2.12-3.1.2.jar) to constructor java.nio.DirectByteBuffer(long,int)
[2025-05-22T14:45:04.116+0000] {subprocess.py:92} INFO - WARNING: Please consider reporting this to the maintainers of org.apache.spark.unsafe.Platform
[2025-05-22T14:45:04.117+0000] {subprocess.py:92} INFO - WARNING: Use --illegal-access=warn to enable warnings of further illegal reflective access operations
[2025-05-22T14:45:04.117+0000] {subprocess.py:92} INFO - WARNING: All illegal access operations will be denied in a future release
[2025-05-22T14:45:04.447+0000] {subprocess.py:92} INFO - :: loading settings :: url = jar:file:/home/***/.local/lib/python3.7/site-packages/pyspark/jars/ivy-2.4.0.jar!/org/apache/ivy/core/settings/ivysettings.xml
[2025-05-22T14:45:04.607+0000] {subprocess.py:92} INFO - Ivy Default Cache set to: /home/***/.ivy2/cache
[2025-05-22T14:45:04.608+0000] {subprocess.py:92} INFO - The jars for the packages stored in: /home/***/.ivy2/jars
[2025-05-22T14:45:04.616+0000] {subprocess.py:92} INFO - org.postgresql#postgresql added as a dependency
[2025-05-22T14:45:04.619+0000] {subprocess.py:92} INFO - :: resolving dependencies :: org.apache.spark#spark-submit-parent-774f1c97-b76c-4d29-b71d-5192272e2116;1.0
[2025-05-22T14:45:04.619+0000] {subprocess.py:92} INFO - 	confs: [default]
[2025-05-22T14:45:04.831+0000] {subprocess.py:92} INFO - 	found org.postgresql#postgresql;42.6.0 in central
[2025-05-22T14:45:04.875+0000] {subprocess.py:92} INFO - 	found org.checkerframework#checker-qual;3.31.0 in central
[2025-05-22T14:45:04.909+0000] {subprocess.py:92} INFO - :: resolution report :: resolve 281ms :: artifacts dl 10ms
[2025-05-22T14:45:04.914+0000] {subprocess.py:92} INFO - 	:: modules in use:
[2025-05-22T14:45:04.917+0000] {subprocess.py:92} INFO - 	org.checkerframework#checker-qual;3.31.0 from central in [default]
[2025-05-22T14:45:04.918+0000] {subprocess.py:92} INFO - 	org.postgresql#postgresql;42.6.0 from central in [default]
[2025-05-22T14:45:04.919+0000] {subprocess.py:92} INFO - 	---------------------------------------------------------------------
[2025-05-22T14:45:04.920+0000] {subprocess.py:92} INFO - 	|                  |            modules            ||   artifacts   |
[2025-05-22T14:45:04.921+0000] {subprocess.py:92} INFO - 	|       conf       | number| search|dwnlded|evicted|| number|dwnlded|
[2025-05-22T14:45:04.922+0000] {subprocess.py:92} INFO - 	---------------------------------------------------------------------
[2025-05-22T14:45:04.923+0000] {subprocess.py:92} INFO - 	|      default     |   2   |   0   |   0   |   0   ||   2   |   0   |
[2025-05-22T14:45:04.924+0000] {subprocess.py:92} INFO - 	---------------------------------------------------------------------
[2025-05-22T14:45:04.925+0000] {subprocess.py:92} INFO - :: retrieving :: org.apache.spark#spark-submit-parent-774f1c97-b76c-4d29-b71d-5192272e2116
[2025-05-22T14:45:04.927+0000] {subprocess.py:92} INFO - 	confs: [default]
[2025-05-22T14:45:04.935+0000] {subprocess.py:92} INFO - 	0 artifacts copied, 2 already retrieved (0kB/11ms)
[2025-05-22T14:45:05.622+0000] {subprocess.py:92} INFO - 25/05/22 14:45:05 WARN NativeCodeLoader: Unable to load native-hadoop library for your platform... using builtin-java classes where applicable
[2025-05-22T14:45:06.220+0000] {subprocess.py:92} INFO - Using Spark's default log4j profile: org/apache/spark/log4j-defaults.properties
[2025-05-22T14:45:06.221+0000] {subprocess.py:92} INFO - Setting default log level to "WARN".
[2025-05-22T14:45:06.221+0000] {subprocess.py:92} INFO - To adjust logging level use sc.setLogLevel(newLevel). For SparkR, use setLogLevel(newLevel).
[2025-05-22T14:45:09.412+0000] {subprocess.py:92} INFO - Warning: Looks like you're using an outdated `kagglehub` version, please consider updating (latest version: 0.3.12)
[2025-05-22T14:45:10.740+0000] {subprocess.py:92} INFO - Path to dataset files: /home/***/.cache/kagglehub/datasets/oktayrdeki/traffic-accidents/versions/1
[2025-05-22T14:45:10.741+0000] {subprocess.py:92} INFO - Path to dataset files: /opt/***/data
[2025-05-22T14:45:11.249+0000] {subprocess.py:96} INFO - Command exited with return code 0
[2025-05-22T14:45:11.304+0000] {taskinstance.py:1412} INFO - Marking task as SUCCESS. dag_id=Scheduler_Traffict_Accident, task_id=Extract_Data, execution_date=20250522T143000, start_date=20250522T144501, end_date=20250522T144511
[2025-05-22T14:45:11.339+0000] {local_task_job.py:156} INFO - Task exited with return code 0
[2025-05-22T14:45:11.383+0000] {local_task_job.py:279} INFO - 1 downstream tasks scheduled from follow-on schedule check
