[2025-05-22T15:41:04.699+0000] {taskinstance.py:1159} INFO - Dependencies all met for dep_context=non-requeueable deps ti=<TaskInstance: Scheduler_Traffict_Accident.Load_Data manual__2025-05-22T15:17:26.089500+00:00 [queued]>
[2025-05-22T15:41:04.710+0000] {taskinstance.py:1159} INFO - Dependencies all met for dep_context=requeueable deps ti=<TaskInstance: Scheduler_Traffict_Accident.Load_Data manual__2025-05-22T15:17:26.089500+00:00 [queued]>
[2025-05-22T15:41:04.711+0000] {taskinstance.py:1361} INFO - Starting attempt 5 of 6
[2025-05-22T15:41:04.729+0000] {taskinstance.py:1382} INFO - Executing <Task(BashOperator): Load_Data> on 2025-05-22 15:17:26.089500+00:00
[2025-05-22T15:41:04.736+0000] {standard_task_runner.py:57} INFO - Started process 4800 to run task
[2025-05-22T15:41:04.739+0000] {standard_task_runner.py:84} INFO - Running: ['***', 'tasks', 'run', 'Scheduler_Traffict_Accident', 'Load_Data', 'manual__2025-05-22T15:17:26.089500+00:00', '--job-id', '21', '--raw', '--subdir', 'DAGS_FOLDER/Scheduler_Traffict_Accident.py', '--cfg-path', '/tmp/tmpr9ehzidh']
[2025-05-22T15:41:04.742+0000] {standard_task_runner.py:85} INFO - Job 21: Subtask Load_Data
[2025-05-22T15:41:04.797+0000] {task_command.py:416} INFO - Running <TaskInstance: Scheduler_Traffict_Accident.Load_Data manual__2025-05-22T15:17:26.089500+00:00 [running]> on host 68da71f009b0
[2025-05-22T15:41:04.892+0000] {taskinstance.py:1662} INFO - Exporting env vars: AIRFLOW_CTX_DAG_OWNER='Hisham' AIRFLOW_CTX_DAG_ID='Scheduler_Traffict_Accident' AIRFLOW_CTX_TASK_ID='Load_Data' AIRFLOW_CTX_EXECUTION_DATE='2025-05-22T15:17:26.089500+00:00' AIRFLOW_CTX_TRY_NUMBER='5' AIRFLOW_CTX_DAG_RUN_ID='manual__2025-05-22T15:17:26.089500+00:00'
[2025-05-22T15:41:04.893+0000] {subprocess.py:63} INFO - Tmp dir root location: /tmp
[2025-05-22T15:41:04.895+0000] {subprocess.py:75} INFO - Running command: ['/bin/bash', '-c', 'sudo -u *** python /opt/***/scripts/Load_Data.py']
[2025-05-22T15:41:04.907+0000] {subprocess.py:86} INFO - Output:
[2025-05-22T15:41:06.682+0000] {subprocess.py:93} INFO - WARNING: An illegal reflective access operation has occurred
[2025-05-22T15:41:06.684+0000] {subprocess.py:93} INFO - WARNING: Illegal reflective access by org.apache.spark.unsafe.Platform (file:/home/***/.local/lib/python3.11/site-packages/pyspark/jars/spark-unsafe_2.12-3.1.2.jar) to constructor java.nio.DirectByteBuffer(long,int)
[2025-05-22T15:41:06.685+0000] {subprocess.py:93} INFO - WARNING: Please consider reporting this to the maintainers of org.apache.spark.unsafe.Platform
[2025-05-22T15:41:06.685+0000] {subprocess.py:93} INFO - WARNING: Use --illegal-access=warn to enable warnings of further illegal reflective access operations
[2025-05-22T15:41:06.686+0000] {subprocess.py:93} INFO - WARNING: All illegal access operations will be denied in a future release
[2025-05-22T15:41:06.877+0000] {subprocess.py:93} INFO - :: loading settings :: url = jar:file:/home/***/.local/lib/python3.11/site-packages/pyspark/jars/ivy-2.4.0.jar!/org/apache/ivy/core/settings/ivysettings.xml
[2025-05-22T15:41:06.998+0000] {subprocess.py:93} INFO - Ivy Default Cache set to: /home/***/.ivy2/cache
[2025-05-22T15:41:06.998+0000] {subprocess.py:93} INFO - The jars for the packages stored in: /home/***/.ivy2/jars
[2025-05-22T15:41:07.003+0000] {subprocess.py:93} INFO - org.postgresql#postgresql added as a dependency
[2025-05-22T15:41:07.005+0000] {subprocess.py:93} INFO - :: resolving dependencies :: org.apache.spark#spark-submit-parent-9e04b48d-2de7-4917-85d6-36e3a13aee53;1.0
[2025-05-22T15:41:07.006+0000] {subprocess.py:93} INFO - 	confs: [default]
[2025-05-22T15:41:07.105+0000] {subprocess.py:93} INFO - 	found org.postgresql#postgresql;42.6.0 in central
[2025-05-22T15:41:07.125+0000] {subprocess.py:93} INFO - 	found org.checkerframework#checker-qual;3.31.0 in central
[2025-05-22T15:41:07.140+0000] {subprocess.py:93} INFO - :: resolution report :: resolve 131ms :: artifacts dl 4ms
[2025-05-22T15:41:07.141+0000] {subprocess.py:93} INFO - 	:: modules in use:
[2025-05-22T15:41:07.142+0000] {subprocess.py:93} INFO - 	org.checkerframework#checker-qual;3.31.0 from central in [default]
[2025-05-22T15:41:07.142+0000] {subprocess.py:93} INFO - 	org.postgresql#postgresql;42.6.0 from central in [default]
[2025-05-22T15:41:07.144+0000] {subprocess.py:93} INFO - 	---------------------------------------------------------------------
[2025-05-22T15:41:07.144+0000] {subprocess.py:93} INFO - 	|                  |            modules            ||   artifacts   |
[2025-05-22T15:41:07.145+0000] {subprocess.py:93} INFO - 	|       conf       | number| search|dwnlded|evicted|| number|dwnlded|
[2025-05-22T15:41:07.145+0000] {subprocess.py:93} INFO - 	---------------------------------------------------------------------
[2025-05-22T15:41:07.146+0000] {subprocess.py:93} INFO - 	|      default     |   2   |   0   |   0   |   0   ||   2   |   0   |
[2025-05-22T15:41:07.146+0000] {subprocess.py:93} INFO - 	---------------------------------------------------------------------
[2025-05-22T15:41:07.147+0000] {subprocess.py:93} INFO - :: retrieving :: org.apache.spark#spark-submit-parent-9e04b48d-2de7-4917-85d6-36e3a13aee53
[2025-05-22T15:41:07.147+0000] {subprocess.py:93} INFO - 	confs: [default]
[2025-05-22T15:41:07.148+0000] {subprocess.py:93} INFO - 	0 artifacts copied, 2 already retrieved (0kB/5ms)
[2025-05-22T15:41:07.379+0000] {subprocess.py:93} INFO - 25/05/22 15:41:07 WARN NativeCodeLoader: Unable to load native-hadoop library for your platform... using builtin-java classes where applicable
[2025-05-22T15:41:07.659+0000] {subprocess.py:93} INFO - Using Spark's default log4j profile: org/apache/spark/log4j-defaults.properties
[2025-05-22T15:41:07.660+0000] {subprocess.py:93} INFO - Setting default log level to "WARN".
[2025-05-22T15:41:07.660+0000] {subprocess.py:93} INFO - To adjust logging level use sc.setLogLevel(newLevel). For SparkR, use setLogLevel(newLevel).
[2025-05-22T15:41:17.323+0000] {subprocess.py:93} INFO - [Stage 5:=====>                                                    (1 + 9) / 10]                                                                                Traceback (most recent call last):
[2025-05-22T15:41:17.324+0000] {subprocess.py:93} INFO -   File "/opt/***/scripts/Load_Data.py", line 26, in <module>
[2025-05-22T15:41:17.329+0000] {subprocess.py:93} INFO -     data_date.write.jdbc(url=postgres_url, table="date", mode="append", properties=postgres_properties)
[2025-05-22T15:41:17.330+0000] {subprocess.py:93} INFO -   File "/home/***/.local/lib/python3.11/site-packages/pyspark/sql/readwriter.py", line 1445, in jdbc
[2025-05-22T15:41:17.331+0000] {subprocess.py:93} INFO -     self.mode(mode)._jwrite.jdbc(url, table, jprop)
[2025-05-22T15:41:17.332+0000] {subprocess.py:93} INFO -   File "/home/***/.local/lib/python3.11/site-packages/py4j/java_gateway.py", line 1304, in __call__
[2025-05-22T15:41:17.332+0000] {subprocess.py:93} INFO -     return_value = get_return_value(
[2025-05-22T15:41:17.333+0000] {subprocess.py:93} INFO -                    ^^^^^^^^^^^^^^^^^
[2025-05-22T15:41:17.333+0000] {subprocess.py:93} INFO -   File "/home/***/.local/lib/python3.11/site-packages/pyspark/sql/utils.py", line 117, in deco
[2025-05-22T15:41:17.334+0000] {subprocess.py:93} INFO -     raise converted from None
[2025-05-22T15:41:17.335+0000] {subprocess.py:93} INFO - pyspark.sql.utils.AnalysisException: Column "crash_date" not found in schema Some(StructType(StructField(date,DateType,false), StructField(year,IntegerType,true), StructField(month,IntegerType,true), StructField(week,IntegerType,true), StructField(day_of_week,IntegerType,true)))
[2025-05-22T15:41:17.834+0000] {subprocess.py:97} INFO - Command exited with return code 1
[2025-05-22T15:41:17.848+0000] {taskinstance.py:1937} ERROR - Task failed with exception
Traceback (most recent call last):
  File "/home/airflow/.local/lib/python3.11/site-packages/airflow/operators/bash.py", line 210, in execute
    raise AirflowException(
airflow.exceptions.AirflowException: Bash command failed. The command returned a non-zero exit code 1.
[2025-05-22T15:41:17.854+0000] {taskinstance.py:1400} INFO - Marking task as UP_FOR_RETRY. dag_id=Scheduler_Traffict_Accident, task_id=Load_Data, execution_date=20250522T151726, start_date=20250522T154104, end_date=20250522T154117
[2025-05-22T15:41:17.872+0000] {standard_task_runner.py:104} ERROR - Failed to execute job 21 for task Load_Data (Bash command failed. The command returned a non-zero exit code 1.; 4800)
[2025-05-22T15:41:17.892+0000] {local_task_job_runner.py:228} INFO - Task exited with return code 1
[2025-05-22T15:41:17.912+0000] {taskinstance.py:2778} INFO - 0 downstream tasks scheduled from follow-on schedule check
