[2025-05-07T13:11:00.426+0000] {processor.py:153} INFO - Started process (PID=234) to work on /opt/airflow/dags/AirflowCrypto2.py
[2025-05-07T13:11:00.427+0000] {processor.py:640} INFO - Processing file /opt/airflow/dags/AirflowCrypto2.py for tasks to queue
[2025-05-07T13:11:00.428+0000] {logging_mixin.py:115} INFO - [2025-05-07T13:11:00.428+0000] {dagbag.py:508} INFO - Filling up the DagBag from /opt/airflow/dags/AirflowCrypto2.py
[2025-05-07T13:11:00.502+0000] {processor.py:650} INFO - DAG(s) dict_keys(['coin_scrapper2']) retrieved from /opt/airflow/dags/AirflowCrypto2.py
[2025-05-07T13:11:00.606+0000] {logging_mixin.py:115} INFO - [2025-05-07T13:11:00.606+0000] {manager.py:508} INFO - Created Permission View: can edit on DAG:coin_scrapper2
[2025-05-07T13:11:00.616+0000] {logging_mixin.py:115} INFO - [2025-05-07T13:11:00.616+0000] {manager.py:508} INFO - Created Permission View: can read on DAG:coin_scrapper2
[2025-05-07T13:11:00.624+0000] {logging_mixin.py:115} INFO - [2025-05-07T13:11:00.624+0000] {manager.py:508} INFO - Created Permission View: can delete on DAG:coin_scrapper2
[2025-05-07T13:11:00.624+0000] {logging_mixin.py:115} INFO - [2025-05-07T13:11:00.624+0000] {dag.py:2429} INFO - Sync 1 DAGs
[2025-05-07T13:11:00.635+0000] {logging_mixin.py:115} INFO - [2025-05-07T13:11:00.635+0000] {dag.py:2448} INFO - Creating ORM DAG for coin_scrapper2
[2025-05-07T13:11:00.651+0000] {logging_mixin.py:115} INFO - [2025-05-07T13:11:00.651+0000] {dag.py:2981} INFO - Setting next_dagrun for coin_scrapper2 to 2025-05-07T13:05:00+00:00, run_after=2025-05-07T13:10:00+00:00
[2025-05-07T13:11:00.672+0000] {processor.py:161} INFO - Processing /opt/airflow/dags/AirflowCrypto2.py took 0.251 seconds
[2025-05-07T13:11:31.013+0000] {processor.py:153} INFO - Started process (PID=248) to work on /opt/airflow/dags/AirflowCrypto2.py
[2025-05-07T13:11:31.014+0000] {processor.py:640} INFO - Processing file /opt/airflow/dags/AirflowCrypto2.py for tasks to queue
[2025-05-07T13:11:31.016+0000] {logging_mixin.py:115} INFO - [2025-05-07T13:11:31.016+0000] {dagbag.py:508} INFO - Filling up the DagBag from /opt/airflow/dags/AirflowCrypto2.py
[2025-05-07T13:11:31.052+0000] {processor.py:650} INFO - DAG(s) dict_keys(['coin_scrapper2']) retrieved from /opt/airflow/dags/AirflowCrypto2.py
[2025-05-07T13:11:31.084+0000] {logging_mixin.py:115} INFO - [2025-05-07T13:11:31.084+0000] {dag.py:2429} INFO - Sync 1 DAGs
[2025-05-07T13:11:31.113+0000] {logging_mixin.py:115} INFO - [2025-05-07T13:11:31.113+0000] {dag.py:2981} INFO - Setting next_dagrun for coin_scrapper2 to 2025-05-07T13:05:00+00:00, run_after=2025-05-07T13:10:00+00:00
[2025-05-07T13:11:31.129+0000] {processor.py:161} INFO - Processing /opt/airflow/dags/AirflowCrypto2.py took 0.120 seconds
[2025-05-07T13:12:01.491+0000] {processor.py:153} INFO - Started process (PID=264) to work on /opt/airflow/dags/AirflowCrypto2.py
[2025-05-07T13:12:01.492+0000] {processor.py:640} INFO - Processing file /opt/airflow/dags/AirflowCrypto2.py for tasks to queue
[2025-05-07T13:12:01.493+0000] {logging_mixin.py:115} INFO - [2025-05-07T13:12:01.493+0000] {dagbag.py:508} INFO - Filling up the DagBag from /opt/airflow/dags/AirflowCrypto2.py
[2025-05-07T13:12:01.522+0000] {processor.py:650} INFO - DAG(s) dict_keys(['coin_scrapper2']) retrieved from /opt/airflow/dags/AirflowCrypto2.py
[2025-05-07T13:12:01.552+0000] {logging_mixin.py:115} INFO - [2025-05-07T13:12:01.552+0000] {dag.py:2429} INFO - Sync 1 DAGs
[2025-05-07T13:12:01.580+0000] {logging_mixin.py:115} INFO - [2025-05-07T13:12:01.580+0000] {dag.py:2981} INFO - Setting next_dagrun for coin_scrapper2 to 2025-05-07T13:05:00+00:00, run_after=2025-05-07T13:10:00+00:00
[2025-05-07T13:12:01.599+0000] {processor.py:161} INFO - Processing /opt/airflow/dags/AirflowCrypto2.py took 0.111 seconds
[2025-05-07T13:12:32.059+0000] {processor.py:153} INFO - Started process (PID=279) to work on /opt/airflow/dags/AirflowCrypto2.py
[2025-05-07T13:12:32.061+0000] {processor.py:640} INFO - Processing file /opt/airflow/dags/AirflowCrypto2.py for tasks to queue
[2025-05-07T13:12:32.061+0000] {logging_mixin.py:115} INFO - [2025-05-07T13:12:32.061+0000] {dagbag.py:508} INFO - Filling up the DagBag from /opt/airflow/dags/AirflowCrypto2.py
[2025-05-07T13:12:32.080+0000] {processor.py:650} INFO - DAG(s) dict_keys(['coin_scrapper2']) retrieved from /opt/airflow/dags/AirflowCrypto2.py
[2025-05-07T13:12:32.109+0000] {logging_mixin.py:115} INFO - [2025-05-07T13:12:32.109+0000] {dag.py:2429} INFO - Sync 1 DAGs
[2025-05-07T13:12:32.133+0000] {logging_mixin.py:115} INFO - [2025-05-07T13:12:32.133+0000] {dag.py:2981} INFO - Setting next_dagrun for coin_scrapper2 to 2025-05-07T13:05:00+00:00, run_after=2025-05-07T13:10:00+00:00
[2025-05-07T13:12:32.148+0000] {processor.py:161} INFO - Processing /opt/airflow/dags/AirflowCrypto2.py took 0.092 seconds
[2025-05-07T13:13:02.502+0000] {processor.py:153} INFO - Started process (PID=294) to work on /opt/airflow/dags/AirflowCrypto2.py
[2025-05-07T13:13:02.504+0000] {processor.py:640} INFO - Processing file /opt/airflow/dags/AirflowCrypto2.py for tasks to queue
[2025-05-07T13:13:02.505+0000] {logging_mixin.py:115} INFO - [2025-05-07T13:13:02.505+0000] {dagbag.py:508} INFO - Filling up the DagBag from /opt/airflow/dags/AirflowCrypto2.py
[2025-05-07T13:13:02.553+0000] {processor.py:650} INFO - DAG(s) dict_keys(['coin_scrapper2']) retrieved from /opt/airflow/dags/AirflowCrypto2.py
[2025-05-07T13:13:02.587+0000] {logging_mixin.py:115} INFO - [2025-05-07T13:13:02.587+0000] {dag.py:2429} INFO - Sync 1 DAGs
[2025-05-07T13:13:02.635+0000] {logging_mixin.py:115} INFO - [2025-05-07T13:13:02.634+0000] {dag.py:2981} INFO - Setting next_dagrun for coin_scrapper2 to 2025-05-07T13:05:00+00:00, run_after=2025-05-07T13:10:00+00:00
[2025-05-07T13:13:02.670+0000] {processor.py:161} INFO - Processing /opt/airflow/dags/AirflowCrypto2.py took 0.172 seconds
[2025-05-07T13:13:33.167+0000] {processor.py:153} INFO - Started process (PID=309) to work on /opt/airflow/dags/AirflowCrypto2.py
[2025-05-07T13:13:33.171+0000] {processor.py:640} INFO - Processing file /opt/airflow/dags/AirflowCrypto2.py for tasks to queue
[2025-05-07T13:13:33.173+0000] {logging_mixin.py:115} INFO - [2025-05-07T13:13:33.172+0000] {dagbag.py:508} INFO - Filling up the DagBag from /opt/airflow/dags/AirflowCrypto2.py
[2025-05-07T13:13:33.255+0000] {processor.py:650} INFO - DAG(s) dict_keys(['coin_scrapper2']) retrieved from /opt/airflow/dags/AirflowCrypto2.py
[2025-05-07T13:13:33.295+0000] {logging_mixin.py:115} INFO - [2025-05-07T13:13:33.294+0000] {dag.py:2429} INFO - Sync 1 DAGs
[2025-05-07T13:13:33.322+0000] {logging_mixin.py:115} INFO - [2025-05-07T13:13:33.322+0000] {dag.py:2981} INFO - Setting next_dagrun for coin_scrapper2 to 2025-05-07T13:05:00+00:00, run_after=2025-05-07T13:10:00+00:00
[2025-05-07T13:13:33.341+0000] {processor.py:161} INFO - Processing /opt/airflow/dags/AirflowCrypto2.py took 0.179 seconds
[2025-05-07T13:14:03.736+0000] {processor.py:153} INFO - Started process (PID=324) to work on /opt/airflow/dags/AirflowCrypto2.py
[2025-05-07T13:14:03.738+0000] {processor.py:640} INFO - Processing file /opt/airflow/dags/AirflowCrypto2.py for tasks to queue
[2025-05-07T13:14:03.739+0000] {logging_mixin.py:115} INFO - [2025-05-07T13:14:03.739+0000] {dagbag.py:508} INFO - Filling up the DagBag from /opt/airflow/dags/AirflowCrypto2.py
[2025-05-07T13:14:03.772+0000] {processor.py:650} INFO - DAG(s) dict_keys(['coin_scrapper2']) retrieved from /opt/airflow/dags/AirflowCrypto2.py
[2025-05-07T13:14:03.804+0000] {logging_mixin.py:115} INFO - [2025-05-07T13:14:03.804+0000] {dag.py:2429} INFO - Sync 1 DAGs
[2025-05-07T13:14:03.840+0000] {logging_mixin.py:115} INFO - [2025-05-07T13:14:03.840+0000] {dag.py:2981} INFO - Setting next_dagrun for coin_scrapper2 to 2025-05-07T13:05:00+00:00, run_after=2025-05-07T13:10:00+00:00
[2025-05-07T13:14:03.857+0000] {processor.py:161} INFO - Processing /opt/airflow/dags/AirflowCrypto2.py took 0.125 seconds
[2025-05-07T13:14:34.239+0000] {processor.py:153} INFO - Started process (PID=338) to work on /opt/airflow/dags/AirflowCrypto2.py
[2025-05-07T13:14:34.240+0000] {processor.py:640} INFO - Processing file /opt/airflow/dags/AirflowCrypto2.py for tasks to queue
[2025-05-07T13:14:34.241+0000] {logging_mixin.py:115} INFO - [2025-05-07T13:14:34.241+0000] {dagbag.py:508} INFO - Filling up the DagBag from /opt/airflow/dags/AirflowCrypto2.py
[2025-05-07T13:14:34.275+0000] {processor.py:650} INFO - DAG(s) dict_keys(['coin_scrapper2']) retrieved from /opt/airflow/dags/AirflowCrypto2.py
[2025-05-07T13:14:34.305+0000] {logging_mixin.py:115} INFO - [2025-05-07T13:14:34.305+0000] {dag.py:2429} INFO - Sync 1 DAGs
[2025-05-07T13:14:34.329+0000] {logging_mixin.py:115} INFO - [2025-05-07T13:14:34.329+0000] {dag.py:2981} INFO - Setting next_dagrun for coin_scrapper2 to 2025-05-07T13:05:00+00:00, run_after=2025-05-07T13:10:00+00:00
[2025-05-07T13:14:34.346+0000] {processor.py:161} INFO - Processing /opt/airflow/dags/AirflowCrypto2.py took 0.111 seconds
[2025-05-07T13:15:04.893+0000] {processor.py:153} INFO - Started process (PID=354) to work on /opt/airflow/dags/AirflowCrypto2.py
[2025-05-07T13:15:04.895+0000] {processor.py:640} INFO - Processing file /opt/airflow/dags/AirflowCrypto2.py for tasks to queue
[2025-05-07T13:15:04.895+0000] {logging_mixin.py:115} INFO - [2025-05-07T13:15:04.895+0000] {dagbag.py:508} INFO - Filling up the DagBag from /opt/airflow/dags/AirflowCrypto2.py
[2025-05-07T13:15:04.917+0000] {processor.py:650} INFO - DAG(s) dict_keys(['coin_scrapper2']) retrieved from /opt/airflow/dags/AirflowCrypto2.py
[2025-05-07T13:15:04.940+0000] {logging_mixin.py:115} INFO - [2025-05-07T13:15:04.940+0000] {dag.py:2429} INFO - Sync 1 DAGs
[2025-05-07T13:15:04.965+0000] {logging_mixin.py:115} INFO - [2025-05-07T13:15:04.965+0000] {dag.py:2981} INFO - Setting next_dagrun for coin_scrapper2 to 2025-05-07T13:10:00+00:00, run_after=2025-05-07T13:15:00+00:00
[2025-05-07T13:15:04.987+0000] {processor.py:161} INFO - Processing /opt/airflow/dags/AirflowCrypto2.py took 0.096 seconds
[2025-05-07T13:15:35.322+0000] {processor.py:153} INFO - Started process (PID=369) to work on /opt/airflow/dags/AirflowCrypto2.py
[2025-05-07T13:15:35.324+0000] {processor.py:640} INFO - Processing file /opt/airflow/dags/AirflowCrypto2.py for tasks to queue
[2025-05-07T13:15:35.326+0000] {logging_mixin.py:115} INFO - [2025-05-07T13:15:35.325+0000] {dagbag.py:508} INFO - Filling up the DagBag from /opt/airflow/dags/AirflowCrypto2.py
[2025-05-07T13:15:35.373+0000] {processor.py:650} INFO - DAG(s) dict_keys(['coin_scrapper2']) retrieved from /opt/airflow/dags/AirflowCrypto2.py
[2025-05-07T13:15:35.399+0000] {logging_mixin.py:115} INFO - [2025-05-07T13:15:35.399+0000] {dag.py:2429} INFO - Sync 1 DAGs
[2025-05-07T13:15:35.425+0000] {logging_mixin.py:115} INFO - [2025-05-07T13:15:35.425+0000] {dag.py:2981} INFO - Setting next_dagrun for coin_scrapper2 to 2025-05-07T13:10:00+00:00, run_after=2025-05-07T13:15:00+00:00
[2025-05-07T13:15:35.440+0000] {processor.py:161} INFO - Processing /opt/airflow/dags/AirflowCrypto2.py took 0.122 seconds
[2025-05-07T13:16:06.118+0000] {processor.py:153} INFO - Started process (PID=384) to work on /opt/airflow/dags/AirflowCrypto2.py
[2025-05-07T13:16:06.119+0000] {processor.py:640} INFO - Processing file /opt/airflow/dags/AirflowCrypto2.py for tasks to queue
[2025-05-07T13:16:06.120+0000] {logging_mixin.py:115} INFO - [2025-05-07T13:16:06.120+0000] {dagbag.py:508} INFO - Filling up the DagBag from /opt/airflow/dags/AirflowCrypto2.py
[2025-05-07T13:16:06.143+0000] {processor.py:650} INFO - DAG(s) dict_keys(['coin_scrapper2']) retrieved from /opt/airflow/dags/AirflowCrypto2.py
[2025-05-07T13:16:06.176+0000] {logging_mixin.py:115} INFO - [2025-05-07T13:16:06.176+0000] {dag.py:2429} INFO - Sync 1 DAGs
[2025-05-07T13:16:06.210+0000] {logging_mixin.py:115} INFO - [2025-05-07T13:16:06.210+0000] {dag.py:2981} INFO - Setting next_dagrun for coin_scrapper2 to 2025-05-07T13:10:00+00:00, run_after=2025-05-07T13:15:00+00:00
[2025-05-07T13:16:06.224+0000] {processor.py:161} INFO - Processing /opt/airflow/dags/AirflowCrypto2.py took 0.109 seconds
[2025-05-07T13:16:36.552+0000] {processor.py:153} INFO - Started process (PID=399) to work on /opt/airflow/dags/AirflowCrypto2.py
[2025-05-07T13:16:36.554+0000] {processor.py:640} INFO - Processing file /opt/airflow/dags/AirflowCrypto2.py for tasks to queue
[2025-05-07T13:16:36.555+0000] {logging_mixin.py:115} INFO - [2025-05-07T13:16:36.555+0000] {dagbag.py:508} INFO - Filling up the DagBag from /opt/airflow/dags/AirflowCrypto2.py
[2025-05-07T13:16:36.604+0000] {processor.py:650} INFO - DAG(s) dict_keys(['coin_scrapper2']) retrieved from /opt/airflow/dags/AirflowCrypto2.py
[2025-05-07T13:16:36.643+0000] {logging_mixin.py:115} INFO - [2025-05-07T13:16:36.643+0000] {dag.py:2429} INFO - Sync 1 DAGs
[2025-05-07T13:16:36.668+0000] {logging_mixin.py:115} INFO - [2025-05-07T13:16:36.668+0000] {dag.py:2981} INFO - Setting next_dagrun for coin_scrapper2 to 2025-05-07T13:10:00+00:00, run_after=2025-05-07T13:15:00+00:00
[2025-05-07T13:16:36.700+0000] {processor.py:161} INFO - Processing /opt/airflow/dags/AirflowCrypto2.py took 0.153 seconds
[2025-05-07T13:17:07.065+0000] {processor.py:153} INFO - Started process (PID=414) to work on /opt/airflow/dags/AirflowCrypto2.py
[2025-05-07T13:17:07.066+0000] {processor.py:640} INFO - Processing file /opt/airflow/dags/AirflowCrypto2.py for tasks to queue
[2025-05-07T13:17:07.068+0000] {logging_mixin.py:115} INFO - [2025-05-07T13:17:07.068+0000] {dagbag.py:508} INFO - Filling up the DagBag from /opt/airflow/dags/AirflowCrypto2.py
[2025-05-07T13:17:07.104+0000] {processor.py:650} INFO - DAG(s) dict_keys(['coin_scrapper2']) retrieved from /opt/airflow/dags/AirflowCrypto2.py
[2025-05-07T13:17:07.134+0000] {logging_mixin.py:115} INFO - [2025-05-07T13:17:07.134+0000] {dag.py:2429} INFO - Sync 1 DAGs
[2025-05-07T13:17:07.173+0000] {logging_mixin.py:115} INFO - [2025-05-07T13:17:07.173+0000] {dag.py:2981} INFO - Setting next_dagrun for coin_scrapper2 to 2025-05-07T13:10:00+00:00, run_after=2025-05-07T13:15:00+00:00
[2025-05-07T13:17:07.188+0000] {processor.py:161} INFO - Processing /opt/airflow/dags/AirflowCrypto2.py took 0.126 seconds
[2025-05-07T13:17:37.723+0000] {processor.py:153} INFO - Started process (PID=493) to work on /opt/airflow/dags/AirflowCrypto2.py
[2025-05-07T13:17:37.725+0000] {processor.py:640} INFO - Processing file /opt/airflow/dags/AirflowCrypto2.py for tasks to queue
[2025-05-07T13:17:37.726+0000] {logging_mixin.py:115} INFO - [2025-05-07T13:17:37.726+0000] {dagbag.py:508} INFO - Filling up the DagBag from /opt/airflow/dags/AirflowCrypto2.py
[2025-05-07T13:17:37.764+0000] {processor.py:650} INFO - DAG(s) dict_keys(['coin_scrapper2']) retrieved from /opt/airflow/dags/AirflowCrypto2.py
[2025-05-07T13:17:37.793+0000] {logging_mixin.py:115} INFO - [2025-05-07T13:17:37.793+0000] {dag.py:2429} INFO - Sync 1 DAGs
[2025-05-07T13:17:37.818+0000] {logging_mixin.py:115} INFO - [2025-05-07T13:17:37.818+0000] {dag.py:2981} INFO - Setting next_dagrun for coin_scrapper2 to 2025-05-07T13:10:00+00:00, run_after=2025-05-07T13:15:00+00:00
[2025-05-07T13:17:37.832+0000] {processor.py:161} INFO - Processing /opt/airflow/dags/AirflowCrypto2.py took 0.112 seconds
