[2025-05-07T13:11:00.425+0000] {processor.py:153} INFO - Started process (PID=231) to work on /opt/airflow/dags/rmt005crypto.py
[2025-05-07T13:11:00.427+0000] {processor.py:640} INFO - Processing file /opt/airflow/dags/rmt005crypto.py for tasks to queue
[2025-05-07T13:11:00.428+0000] {logging_mixin.py:115} INFO - [2025-05-07T13:11:00.428+0000] {dagbag.py:508} INFO - Filling up the DagBag from /opt/airflow/dags/rmt005crypto.py
[2025-05-07T13:11:00.502+0000] {processor.py:650} INFO - DAG(s) dict_keys(['rmt_005_crypto_etl']) retrieved from /opt/airflow/dags/rmt005crypto.py
[2025-05-07T13:11:00.603+0000] {logging_mixin.py:115} INFO - [2025-05-07T13:11:00.602+0000] {manager.py:508} INFO - Created Permission View: can edit on DAG:rmt_005_crypto_etl
[2025-05-07T13:11:00.614+0000] {logging_mixin.py:115} INFO - [2025-05-07T13:11:00.614+0000] {manager.py:508} INFO - Created Permission View: can read on DAG:rmt_005_crypto_etl
[2025-05-07T13:11:00.623+0000] {logging_mixin.py:115} INFO - [2025-05-07T13:11:00.623+0000] {manager.py:508} INFO - Created Permission View: can delete on DAG:rmt_005_crypto_etl
[2025-05-07T13:11:00.624+0000] {logging_mixin.py:115} INFO - [2025-05-07T13:11:00.624+0000] {dag.py:2429} INFO - Sync 1 DAGs
[2025-05-07T13:11:00.635+0000] {logging_mixin.py:115} INFO - [2025-05-07T13:11:00.635+0000] {dag.py:2448} INFO - Creating ORM DAG for rmt_005_crypto_etl
[2025-05-07T13:11:00.651+0000] {logging_mixin.py:115} INFO - [2025-05-07T13:11:00.651+0000] {dag.py:2981} INFO - Setting next_dagrun for rmt_005_crypto_etl to 2025-05-07T13:05:00+00:00, run_after=2025-05-07T13:10:00+00:00
[2025-05-07T13:11:00.672+0000] {processor.py:161} INFO - Processing /opt/airflow/dags/rmt005crypto.py took 0.254 seconds
[2025-05-07T13:11:31.012+0000] {processor.py:153} INFO - Started process (PID=246) to work on /opt/airflow/dags/rmt005crypto.py
[2025-05-07T13:11:31.014+0000] {processor.py:640} INFO - Processing file /opt/airflow/dags/rmt005crypto.py for tasks to queue
[2025-05-07T13:11:31.016+0000] {logging_mixin.py:115} INFO - [2025-05-07T13:11:31.015+0000] {dagbag.py:508} INFO - Filling up the DagBag from /opt/airflow/dags/rmt005crypto.py
[2025-05-07T13:11:31.052+0000] {processor.py:650} INFO - DAG(s) dict_keys(['rmt_005_crypto_etl']) retrieved from /opt/airflow/dags/rmt005crypto.py
[2025-05-07T13:11:31.082+0000] {logging_mixin.py:115} INFO - [2025-05-07T13:11:31.082+0000] {dag.py:2429} INFO - Sync 1 DAGs
[2025-05-07T13:11:31.108+0000] {logging_mixin.py:115} INFO - [2025-05-07T13:11:31.108+0000] {dag.py:2981} INFO - Setting next_dagrun for rmt_005_crypto_etl to 2025-05-07T13:05:00+00:00, run_after=2025-05-07T13:10:00+00:00
[2025-05-07T13:11:31.123+0000] {processor.py:161} INFO - Processing /opt/airflow/dags/rmt005crypto.py took 0.115 seconds
[2025-05-07T13:12:01.491+0000] {processor.py:153} INFO - Started process (PID=261) to work on /opt/airflow/dags/rmt005crypto.py
[2025-05-07T13:12:01.492+0000] {processor.py:640} INFO - Processing file /opt/airflow/dags/rmt005crypto.py for tasks to queue
[2025-05-07T13:12:01.493+0000] {logging_mixin.py:115} INFO - [2025-05-07T13:12:01.493+0000] {dagbag.py:508} INFO - Filling up the DagBag from /opt/airflow/dags/rmt005crypto.py
[2025-05-07T13:12:01.522+0000] {processor.py:650} INFO - DAG(s) dict_keys(['rmt_005_crypto_etl']) retrieved from /opt/airflow/dags/rmt005crypto.py
[2025-05-07T13:12:01.551+0000] {logging_mixin.py:115} INFO - [2025-05-07T13:12:01.551+0000] {dag.py:2429} INFO - Sync 1 DAGs
[2025-05-07T13:12:01.581+0000] {logging_mixin.py:115} INFO - [2025-05-07T13:12:01.580+0000] {dag.py:2981} INFO - Setting next_dagrun for rmt_005_crypto_etl to 2025-05-07T13:05:00+00:00, run_after=2025-05-07T13:10:00+00:00
[2025-05-07T13:12:01.600+0000] {processor.py:161} INFO - Processing /opt/airflow/dags/rmt005crypto.py took 0.112 seconds
[2025-05-07T13:12:32.059+0000] {processor.py:153} INFO - Started process (PID=276) to work on /opt/airflow/dags/rmt005crypto.py
[2025-05-07T13:12:32.060+0000] {processor.py:640} INFO - Processing file /opt/airflow/dags/rmt005crypto.py for tasks to queue
[2025-05-07T13:12:32.061+0000] {logging_mixin.py:115} INFO - [2025-05-07T13:12:32.061+0000] {dagbag.py:508} INFO - Filling up the DagBag from /opt/airflow/dags/rmt005crypto.py
[2025-05-07T13:12:32.081+0000] {processor.py:650} INFO - DAG(s) dict_keys(['rmt_005_crypto_etl']) retrieved from /opt/airflow/dags/rmt005crypto.py
[2025-05-07T13:12:32.108+0000] {logging_mixin.py:115} INFO - [2025-05-07T13:12:32.108+0000] {dag.py:2429} INFO - Sync 1 DAGs
[2025-05-07T13:12:32.133+0000] {logging_mixin.py:115} INFO - [2025-05-07T13:12:32.132+0000] {dag.py:2981} INFO - Setting next_dagrun for rmt_005_crypto_etl to 2025-05-07T13:05:00+00:00, run_after=2025-05-07T13:10:00+00:00
[2025-05-07T13:12:32.151+0000] {processor.py:161} INFO - Processing /opt/airflow/dags/rmt005crypto.py took 0.095 seconds
[2025-05-07T13:13:02.502+0000] {processor.py:153} INFO - Started process (PID=291) to work on /opt/airflow/dags/rmt005crypto.py
[2025-05-07T13:13:02.504+0000] {processor.py:640} INFO - Processing file /opt/airflow/dags/rmt005crypto.py for tasks to queue
[2025-05-07T13:13:02.505+0000] {logging_mixin.py:115} INFO - [2025-05-07T13:13:02.505+0000] {dagbag.py:508} INFO - Filling up the DagBag from /opt/airflow/dags/rmt005crypto.py
[2025-05-07T13:13:02.553+0000] {processor.py:650} INFO - DAG(s) dict_keys(['rmt_005_crypto_etl']) retrieved from /opt/airflow/dags/rmt005crypto.py
[2025-05-07T13:13:02.587+0000] {logging_mixin.py:115} INFO - [2025-05-07T13:13:02.587+0000] {dag.py:2429} INFO - Sync 1 DAGs
[2025-05-07T13:13:02.635+0000] {logging_mixin.py:115} INFO - [2025-05-07T13:13:02.634+0000] {dag.py:2981} INFO - Setting next_dagrun for rmt_005_crypto_etl to 2025-05-07T13:05:00+00:00, run_after=2025-05-07T13:10:00+00:00
[2025-05-07T13:13:02.673+0000] {processor.py:161} INFO - Processing /opt/airflow/dags/rmt005crypto.py took 0.175 seconds
[2025-05-07T13:13:33.167+0000] {processor.py:153} INFO - Started process (PID=306) to work on /opt/airflow/dags/rmt005crypto.py
[2025-05-07T13:13:33.171+0000] {processor.py:640} INFO - Processing file /opt/airflow/dags/rmt005crypto.py for tasks to queue
[2025-05-07T13:13:33.173+0000] {logging_mixin.py:115} INFO - [2025-05-07T13:13:33.172+0000] {dagbag.py:508} INFO - Filling up the DagBag from /opt/airflow/dags/rmt005crypto.py
[2025-05-07T13:13:33.256+0000] {processor.py:650} INFO - DAG(s) dict_keys(['rmt_005_crypto_etl']) retrieved from /opt/airflow/dags/rmt005crypto.py
[2025-05-07T13:13:33.295+0000] {logging_mixin.py:115} INFO - [2025-05-07T13:13:33.295+0000] {dag.py:2429} INFO - Sync 1 DAGs
[2025-05-07T13:13:33.322+0000] {logging_mixin.py:115} INFO - [2025-05-07T13:13:33.322+0000] {dag.py:2981} INFO - Setting next_dagrun for rmt_005_crypto_etl to 2025-05-07T13:05:00+00:00, run_after=2025-05-07T13:10:00+00:00
[2025-05-07T13:13:33.340+0000] {processor.py:161} INFO - Processing /opt/airflow/dags/rmt005crypto.py took 0.178 seconds
[2025-05-07T13:14:03.737+0000] {processor.py:153} INFO - Started process (PID=321) to work on /opt/airflow/dags/rmt005crypto.py
[2025-05-07T13:14:03.738+0000] {processor.py:640} INFO - Processing file /opt/airflow/dags/rmt005crypto.py for tasks to queue
[2025-05-07T13:14:03.740+0000] {logging_mixin.py:115} INFO - [2025-05-07T13:14:03.740+0000] {dagbag.py:508} INFO - Filling up the DagBag from /opt/airflow/dags/rmt005crypto.py
[2025-05-07T13:14:03.772+0000] {processor.py:650} INFO - DAG(s) dict_keys(['rmt_005_crypto_etl']) retrieved from /opt/airflow/dags/rmt005crypto.py
[2025-05-07T13:14:03.801+0000] {logging_mixin.py:115} INFO - [2025-05-07T13:14:03.801+0000] {dag.py:2429} INFO - Sync 1 DAGs
[2025-05-07T13:14:03.829+0000] {logging_mixin.py:115} INFO - [2025-05-07T13:14:03.829+0000] {dag.py:2981} INFO - Setting next_dagrun for rmt_005_crypto_etl to 2025-05-07T13:05:00+00:00, run_after=2025-05-07T13:10:00+00:00
[2025-05-07T13:14:03.845+0000] {processor.py:161} INFO - Processing /opt/airflow/dags/rmt005crypto.py took 0.112 seconds
[2025-05-07T13:14:34.239+0000] {processor.py:153} INFO - Started process (PID=336) to work on /opt/airflow/dags/rmt005crypto.py
[2025-05-07T13:14:34.240+0000] {processor.py:640} INFO - Processing file /opt/airflow/dags/rmt005crypto.py for tasks to queue
[2025-05-07T13:14:34.241+0000] {logging_mixin.py:115} INFO - [2025-05-07T13:14:34.241+0000] {dagbag.py:508} INFO - Filling up the DagBag from /opt/airflow/dags/rmt005crypto.py
[2025-05-07T13:14:34.275+0000] {processor.py:650} INFO - DAG(s) dict_keys(['rmt_005_crypto_etl']) retrieved from /opt/airflow/dags/rmt005crypto.py
[2025-05-07T13:14:34.305+0000] {logging_mixin.py:115} INFO - [2025-05-07T13:14:34.305+0000] {dag.py:2429} INFO - Sync 1 DAGs
[2025-05-07T13:14:34.330+0000] {logging_mixin.py:115} INFO - [2025-05-07T13:14:34.329+0000] {dag.py:2981} INFO - Setting next_dagrun for rmt_005_crypto_etl to 2025-05-07T13:05:00+00:00, run_after=2025-05-07T13:10:00+00:00
[2025-05-07T13:14:34.345+0000] {processor.py:161} INFO - Processing /opt/airflow/dags/rmt005crypto.py took 0.110 seconds
[2025-05-07T13:15:04.893+0000] {processor.py:153} INFO - Started process (PID=351) to work on /opt/airflow/dags/rmt005crypto.py
[2025-05-07T13:15:04.895+0000] {processor.py:640} INFO - Processing file /opt/airflow/dags/rmt005crypto.py for tasks to queue
[2025-05-07T13:15:04.895+0000] {logging_mixin.py:115} INFO - [2025-05-07T13:15:04.895+0000] {dagbag.py:508} INFO - Filling up the DagBag from /opt/airflow/dags/rmt005crypto.py
[2025-05-07T13:15:04.917+0000] {processor.py:650} INFO - DAG(s) dict_keys(['rmt_005_crypto_etl']) retrieved from /opt/airflow/dags/rmt005crypto.py
[2025-05-07T13:15:04.940+0000] {logging_mixin.py:115} INFO - [2025-05-07T13:15:04.940+0000] {dag.py:2429} INFO - Sync 1 DAGs
[2025-05-07T13:15:04.965+0000] {logging_mixin.py:115} INFO - [2025-05-07T13:15:04.965+0000] {dag.py:2981} INFO - Setting next_dagrun for rmt_005_crypto_etl to 2025-05-07T13:10:00+00:00, run_after=2025-05-07T13:15:00+00:00
[2025-05-07T13:15:04.989+0000] {processor.py:161} INFO - Processing /opt/airflow/dags/rmt005crypto.py took 0.099 seconds
[2025-05-07T13:15:35.322+0000] {processor.py:153} INFO - Started process (PID=366) to work on /opt/airflow/dags/rmt005crypto.py
[2025-05-07T13:15:35.324+0000] {processor.py:640} INFO - Processing file /opt/airflow/dags/rmt005crypto.py for tasks to queue
[2025-05-07T13:15:35.326+0000] {logging_mixin.py:115} INFO - [2025-05-07T13:15:35.325+0000] {dagbag.py:508} INFO - Filling up the DagBag from /opt/airflow/dags/rmt005crypto.py
[2025-05-07T13:15:35.373+0000] {processor.py:650} INFO - DAG(s) dict_keys(['rmt_005_crypto_etl']) retrieved from /opt/airflow/dags/rmt005crypto.py
[2025-05-07T13:15:35.415+0000] {logging_mixin.py:115} INFO - [2025-05-07T13:15:35.415+0000] {dag.py:2429} INFO - Sync 1 DAGs
[2025-05-07T13:15:35.440+0000] {logging_mixin.py:115} INFO - [2025-05-07T13:15:35.440+0000] {dag.py:2981} INFO - Setting next_dagrun for rmt_005_crypto_etl to 2025-05-07T13:10:00+00:00, run_after=2025-05-07T13:15:00+00:00
[2025-05-07T13:15:35.455+0000] {processor.py:161} INFO - Processing /opt/airflow/dags/rmt005crypto.py took 0.137 seconds
[2025-05-07T13:16:06.118+0000] {processor.py:153} INFO - Started process (PID=381) to work on /opt/airflow/dags/rmt005crypto.py
[2025-05-07T13:16:06.119+0000] {processor.py:640} INFO - Processing file /opt/airflow/dags/rmt005crypto.py for tasks to queue
[2025-05-07T13:16:06.120+0000] {logging_mixin.py:115} INFO - [2025-05-07T13:16:06.120+0000] {dagbag.py:508} INFO - Filling up the DagBag from /opt/airflow/dags/rmt005crypto.py
[2025-05-07T13:16:06.143+0000] {processor.py:650} INFO - DAG(s) dict_keys(['rmt_005_crypto_etl']) retrieved from /opt/airflow/dags/rmt005crypto.py
[2025-05-07T13:16:06.176+0000] {logging_mixin.py:115} INFO - [2025-05-07T13:16:06.176+0000] {dag.py:2429} INFO - Sync 1 DAGs
[2025-05-07T13:16:06.210+0000] {logging_mixin.py:115} INFO - [2025-05-07T13:16:06.210+0000] {dag.py:2981} INFO - Setting next_dagrun for rmt_005_crypto_etl to 2025-05-07T13:10:00+00:00, run_after=2025-05-07T13:15:00+00:00
[2025-05-07T13:16:06.224+0000] {processor.py:161} INFO - Processing /opt/airflow/dags/rmt005crypto.py took 0.109 seconds
[2025-05-07T13:16:36.552+0000] {processor.py:153} INFO - Started process (PID=396) to work on /opt/airflow/dags/rmt005crypto.py
[2025-05-07T13:16:36.553+0000] {processor.py:640} INFO - Processing file /opt/airflow/dags/rmt005crypto.py for tasks to queue
[2025-05-07T13:16:36.555+0000] {logging_mixin.py:115} INFO - [2025-05-07T13:16:36.555+0000] {dagbag.py:508} INFO - Filling up the DagBag from /opt/airflow/dags/rmt005crypto.py
[2025-05-07T13:16:36.603+0000] {processor.py:650} INFO - DAG(s) dict_keys(['rmt_005_crypto_etl']) retrieved from /opt/airflow/dags/rmt005crypto.py
[2025-05-07T13:16:36.644+0000] {logging_mixin.py:115} INFO - [2025-05-07T13:16:36.644+0000] {dag.py:2429} INFO - Sync 1 DAGs
[2025-05-07T13:16:36.668+0000] {logging_mixin.py:115} INFO - [2025-05-07T13:16:36.668+0000] {dag.py:2981} INFO - Setting next_dagrun for rmt_005_crypto_etl to 2025-05-07T13:10:00+00:00, run_after=2025-05-07T13:15:00+00:00
[2025-05-07T13:16:36.700+0000] {processor.py:161} INFO - Processing /opt/airflow/dags/rmt005crypto.py took 0.154 seconds
[2025-05-07T13:17:07.065+0000] {processor.py:153} INFO - Started process (PID=411) to work on /opt/airflow/dags/rmt005crypto.py
[2025-05-07T13:17:07.066+0000] {processor.py:640} INFO - Processing file /opt/airflow/dags/rmt005crypto.py for tasks to queue
[2025-05-07T13:17:07.067+0000] {logging_mixin.py:115} INFO - [2025-05-07T13:17:07.067+0000] {dagbag.py:508} INFO - Filling up the DagBag from /opt/airflow/dags/rmt005crypto.py
[2025-05-07T13:17:07.105+0000] {processor.py:650} INFO - DAG(s) dict_keys(['rmt_005_crypto_etl']) retrieved from /opt/airflow/dags/rmt005crypto.py
[2025-05-07T13:17:07.133+0000] {logging_mixin.py:115} INFO - [2025-05-07T13:17:07.133+0000] {dag.py:2429} INFO - Sync 1 DAGs
[2025-05-07T13:17:07.170+0000] {logging_mixin.py:115} INFO - [2025-05-07T13:17:07.170+0000] {dag.py:2981} INFO - Setting next_dagrun for rmt_005_crypto_etl to 2025-05-07T13:10:00+00:00, run_after=2025-05-07T13:15:00+00:00
[2025-05-07T13:17:07.186+0000] {processor.py:161} INFO - Processing /opt/airflow/dags/rmt005crypto.py took 0.125 seconds
[2025-05-07T13:17:37.723+0000] {processor.py:153} INFO - Started process (PID=490) to work on /opt/airflow/dags/rmt005crypto.py
[2025-05-07T13:17:37.725+0000] {processor.py:640} INFO - Processing file /opt/airflow/dags/rmt005crypto.py for tasks to queue
[2025-05-07T13:17:37.726+0000] {logging_mixin.py:115} INFO - [2025-05-07T13:17:37.726+0000] {dagbag.py:508} INFO - Filling up the DagBag from /opt/airflow/dags/rmt005crypto.py
[2025-05-07T13:17:37.766+0000] {processor.py:650} INFO - DAG(s) dict_keys(['rmt_005_crypto_etl']) retrieved from /opt/airflow/dags/rmt005crypto.py
[2025-05-07T13:17:37.793+0000] {logging_mixin.py:115} INFO - [2025-05-07T13:17:37.793+0000] {dag.py:2429} INFO - Sync 1 DAGs
[2025-05-07T13:17:37.817+0000] {logging_mixin.py:115} INFO - [2025-05-07T13:17:37.817+0000] {dag.py:2981} INFO - Setting next_dagrun for rmt_005_crypto_etl to 2025-05-07T13:10:00+00:00, run_after=2025-05-07T13:15:00+00:00
[2025-05-07T13:17:37.831+0000] {processor.py:161} INFO - Processing /opt/airflow/dags/rmt005crypto.py took 0.111 seconds
