[2025-05-22T18:16:40.512+0000] {taskinstance.py:1159} INFO - Dependencies all met for dep_context=non-requeueable deps ti=<TaskInstance: Scheduler_Traffict_Accident.Extract_Datamart_Data scheduled__2025-05-22T18:00:00+00:00 [queued]>
[2025-05-22T18:16:40.521+0000] {taskinstance.py:1159} INFO - Dependencies all met for dep_context=requeueable deps ti=<TaskInstance: Scheduler_Traffict_Accident.Extract_Datamart_Data scheduled__2025-05-22T18:00:00+00:00 [queued]>
[2025-05-22T18:16:40.522+0000] {taskinstance.py:1361} INFO - Starting attempt 1 of 2
[2025-05-22T18:16:40.536+0000] {taskinstance.py:1382} INFO - Executing <Task(BashOperator): Extract_Datamart_Data> on 2025-05-22 18:00:00+00:00
[2025-05-22T18:16:40.541+0000] {standard_task_runner.py:57} INFO - Started process 6145 to run task
[2025-05-22T18:16:40.544+0000] {standard_task_runner.py:84} INFO - Running: ['***', 'tasks', 'run', 'Scheduler_Traffict_Accident', 'Extract_Datamart_Data', 'scheduled__2025-05-22T18:00:00+00:00', '--job-id', '23', '--raw', '--subdir', 'DAGS_FOLDER/Scheduler_Traffict_Accident.py', '--cfg-path', '/tmp/tmp9tiu23p6']
[2025-05-22T18:16:40.547+0000] {standard_task_runner.py:85} INFO - Job 23: Subtask Extract_Datamart_Data
[2025-05-22T18:16:40.603+0000] {task_command.py:416} INFO - Running <TaskInstance: Scheduler_Traffict_Accident.Extract_Datamart_Data scheduled__2025-05-22T18:00:00+00:00 [running]> on host 2d3af573cb97
[2025-05-22T18:16:40.675+0000] {taskinstance.py:1662} INFO - Exporting env vars: AIRFLOW_CTX_DAG_OWNER='Hisham' AIRFLOW_CTX_DAG_ID='Scheduler_Traffict_Accident' AIRFLOW_CTX_TASK_ID='Extract_Datamart_Data' AIRFLOW_CTX_EXECUTION_DATE='2025-05-22T18:00:00+00:00' AIRFLOW_CTX_TRY_NUMBER='1' AIRFLOW_CTX_DAG_RUN_ID='scheduled__2025-05-22T18:00:00+00:00'
[2025-05-22T18:16:40.677+0000] {subprocess.py:63} INFO - Tmp dir root location: /tmp
[2025-05-22T18:16:40.678+0000] {subprocess.py:75} INFO - Running command: ['/bin/bash', '-c', 'sudo -u *** python /opt/***/scripts/Extract_Datamart_Data.py']
[2025-05-22T18:16:40.688+0000] {subprocess.py:86} INFO - Output:
[2025-05-22T18:16:42.127+0000] {subprocess.py:93} INFO - WARNING: An illegal reflective access operation has occurred
[2025-05-22T18:16:42.128+0000] {subprocess.py:93} INFO - WARNING: Illegal reflective access by org.apache.spark.unsafe.Platform (file:/home/***/.local/lib/python3.11/site-packages/pyspark/jars/spark-unsafe_2.12-3.1.2.jar) to constructor java.nio.DirectByteBuffer(long,int)
[2025-05-22T18:16:42.129+0000] {subprocess.py:93} INFO - WARNING: Please consider reporting this to the maintainers of org.apache.spark.unsafe.Platform
[2025-05-22T18:16:42.129+0000] {subprocess.py:93} INFO - WARNING: Use --illegal-access=warn to enable warnings of further illegal reflective access operations
[2025-05-22T18:16:42.130+0000] {subprocess.py:93} INFO - WARNING: All illegal access operations will be denied in a future release
[2025-05-22T18:16:42.286+0000] {subprocess.py:93} INFO - :: loading settings :: url = jar:file:/home/***/.local/lib/python3.11/site-packages/pyspark/jars/ivy-2.4.0.jar!/org/apache/ivy/core/settings/ivysettings.xml
[2025-05-22T18:16:42.353+0000] {subprocess.py:93} INFO - Ivy Default Cache set to: /home/***/.ivy2/cache
[2025-05-22T18:16:42.354+0000] {subprocess.py:93} INFO - The jars for the packages stored in: /home/***/.ivy2/jars
[2025-05-22T18:16:42.357+0000] {subprocess.py:93} INFO - org.postgresql#postgresql added as a dependency
[2025-05-22T18:16:42.358+0000] {subprocess.py:93} INFO - :: resolving dependencies :: org.apache.spark#spark-submit-parent-58eb3353-d394-4b30-939d-91c19892b371;1.0
[2025-05-22T18:16:42.359+0000] {subprocess.py:93} INFO - 	confs: [default]
[2025-05-22T18:16:42.444+0000] {subprocess.py:93} INFO - 	found org.postgresql#postgresql;42.6.0 in central
[2025-05-22T18:16:42.466+0000] {subprocess.py:93} INFO - 	found org.checkerframework#checker-qual;3.31.0 in central
[2025-05-22T18:16:42.480+0000] {subprocess.py:93} INFO - :: resolution report :: resolve 116ms :: artifacts dl 6ms
[2025-05-22T18:16:42.481+0000] {subprocess.py:93} INFO - 	:: modules in use:
[2025-05-22T18:16:42.482+0000] {subprocess.py:93} INFO - 	org.checkerframework#checker-qual;3.31.0 from central in [default]
[2025-05-22T18:16:42.482+0000] {subprocess.py:93} INFO - 	org.postgresql#postgresql;42.6.0 from central in [default]
[2025-05-22T18:16:42.483+0000] {subprocess.py:93} INFO - 	---------------------------------------------------------------------
[2025-05-22T18:16:42.483+0000] {subprocess.py:93} INFO - 	|                  |            modules            ||   artifacts   |
[2025-05-22T18:16:42.484+0000] {subprocess.py:93} INFO - 	|       conf       | number| search|dwnlded|evicted|| number|dwnlded|
[2025-05-22T18:16:42.485+0000] {subprocess.py:93} INFO - 	---------------------------------------------------------------------
[2025-05-22T18:16:42.485+0000] {subprocess.py:93} INFO - 	|      default     |   2   |   0   |   0   |   0   ||   2   |   0   |
[2025-05-22T18:16:42.486+0000] {subprocess.py:93} INFO - 	---------------------------------------------------------------------
[2025-05-22T18:16:42.486+0000] {subprocess.py:93} INFO - :: retrieving :: org.apache.spark#spark-submit-parent-58eb3353-d394-4b30-939d-91c19892b371
[2025-05-22T18:16:42.487+0000] {subprocess.py:93} INFO - 	confs: [default]
[2025-05-22T18:16:42.487+0000] {subprocess.py:93} INFO - 	0 artifacts copied, 2 already retrieved (0kB/4ms)
[2025-05-22T18:16:42.642+0000] {subprocess.py:93} INFO - 25/05/22 18:16:42 WARN NativeCodeLoader: Unable to load native-hadoop library for your platform... using builtin-java classes where applicable
[2025-05-22T18:16:42.858+0000] {subprocess.py:93} INFO - Using Spark's default log4j profile: org/apache/spark/log4j-defaults.properties
[2025-05-22T18:16:42.859+0000] {subprocess.py:93} INFO - Setting default log level to "WARN".
[2025-05-22T18:16:42.859+0000] {subprocess.py:93} INFO - To adjust logging level use sc.setLogLevel(newLevel). For SparkR, use setLogLevel(newLevel).
[2025-05-22T18:16:59.613+0000] {subprocess.py:93} INFO - [Stage 0:>                                                          (0 + 1) / 1]                                                                                [Stage 1:>                                                          (0 + 1) / 1]                                                                                [Stage 2:>                                                          (0 + 1) / 1]                                                                                Saved: /opt/***/data/roadway.csv
[2025-05-22T18:16:59.614+0000] {subprocess.py:93} INFO - Saved: /opt/***/data/crash.csv
[2025-05-22T18:17:00.068+0000] {subprocess.py:97} INFO - Command exited with return code 0
[2025-05-22T18:17:00.098+0000] {taskinstance.py:1400} INFO - Marking task as SUCCESS. dag_id=Scheduler_Traffict_Accident, task_id=Extract_Datamart_Data, execution_date=20250522T180000, start_date=20250522T181640, end_date=20250522T181700
[2025-05-22T18:17:00.148+0000] {local_task_job_runner.py:228} INFO - Task exited with return code 0
[2025-05-22T18:17:00.178+0000] {taskinstance.py:2778} INFO - 1 downstream tasks scheduled from follow-on schedule check
