[2025-05-22T15:45:01.361+0000] {taskinstance.py:1159} INFO - Dependencies all met for dep_context=non-requeueable deps ti=<TaskInstance: Scheduler_Traffict_Accident.Extract_Data scheduled__2025-05-22T15:30:00+00:00 [queued]>
[2025-05-22T15:45:01.371+0000] {taskinstance.py:1159} INFO - Dependencies all met for dep_context=requeueable deps ti=<TaskInstance: Scheduler_Traffict_Accident.Extract_Data scheduled__2025-05-22T15:30:00+00:00 [queued]>
[2025-05-22T15:45:01.372+0000] {taskinstance.py:1361} INFO - Starting attempt 1 of 2
[2025-05-22T15:45:01.385+0000] {taskinstance.py:1382} INFO - Executing <Task(BashOperator): Extract_Data> on 2025-05-22 15:30:00+00:00
[2025-05-22T15:45:01.392+0000] {standard_task_runner.py:57} INFO - Started process 6084 to run task
[2025-05-22T15:45:01.396+0000] {standard_task_runner.py:84} INFO - Running: ['***', 'tasks', 'run', 'Scheduler_Traffict_Accident', 'Extract_Data', 'scheduled__2025-05-22T15:30:00+00:00', '--job-id', '26', '--raw', '--subdir', 'DAGS_FOLDER/Scheduler_Traffict_Accident.py', '--cfg-path', '/tmp/tmpn3jyubr7']
[2025-05-22T15:45:01.401+0000] {standard_task_runner.py:85} INFO - Job 26: Subtask Extract_Data
[2025-05-22T15:45:01.469+0000] {task_command.py:416} INFO - Running <TaskInstance: Scheduler_Traffict_Accident.Extract_Data scheduled__2025-05-22T15:30:00+00:00 [running]> on host 68da71f009b0
[2025-05-22T15:45:01.567+0000] {taskinstance.py:1662} INFO - Exporting env vars: AIRFLOW_CTX_DAG_OWNER='Hisham' AIRFLOW_CTX_DAG_ID='Scheduler_Traffict_Accident' AIRFLOW_CTX_TASK_ID='Extract_Data' AIRFLOW_CTX_EXECUTION_DATE='2025-05-22T15:30:00+00:00' AIRFLOW_CTX_TRY_NUMBER='1' AIRFLOW_CTX_DAG_RUN_ID='scheduled__2025-05-22T15:30:00+00:00'
[2025-05-22T15:45:01.569+0000] {subprocess.py:63} INFO - Tmp dir root location: /tmp
[2025-05-22T15:45:01.571+0000] {subprocess.py:75} INFO - Running command: ['/bin/bash', '-c', 'sudo -u *** python /opt/***/scripts/Extract_Data.py']
[2025-05-22T15:45:01.582+0000] {subprocess.py:86} INFO - Output:
[2025-05-22T15:45:03.773+0000] {subprocess.py:93} INFO - WARNING: An illegal reflective access operation has occurred
[2025-05-22T15:45:03.774+0000] {subprocess.py:93} INFO - WARNING: Illegal reflective access by org.apache.spark.unsafe.Platform (file:/home/***/.local/lib/python3.11/site-packages/pyspark/jars/spark-unsafe_2.12-3.1.2.jar) to constructor java.nio.DirectByteBuffer(long,int)
[2025-05-22T15:45:03.775+0000] {subprocess.py:93} INFO - WARNING: Please consider reporting this to the maintainers of org.apache.spark.unsafe.Platform
[2025-05-22T15:45:03.776+0000] {subprocess.py:93} INFO - WARNING: Use --illegal-access=warn to enable warnings of further illegal reflective access operations
[2025-05-22T15:45:03.776+0000] {subprocess.py:93} INFO - WARNING: All illegal access operations will be denied in a future release
[2025-05-22T15:45:03.925+0000] {subprocess.py:93} INFO - :: loading settings :: url = jar:file:/home/***/.local/lib/python3.11/site-packages/pyspark/jars/ivy-2.4.0.jar!/org/apache/ivy/core/settings/ivysettings.xml
[2025-05-22T15:45:04.011+0000] {subprocess.py:93} INFO - Ivy Default Cache set to: /home/***/.ivy2/cache
[2025-05-22T15:45:04.012+0000] {subprocess.py:93} INFO - The jars for the packages stored in: /home/***/.ivy2/jars
[2025-05-22T15:45:04.015+0000] {subprocess.py:93} INFO - org.postgresql#postgresql added as a dependency
[2025-05-22T15:45:04.017+0000] {subprocess.py:93} INFO - :: resolving dependencies :: org.apache.spark#spark-submit-parent-86992f5a-b58e-4b92-8333-253ca6a66dd0;1.0
[2025-05-22T15:45:04.018+0000] {subprocess.py:93} INFO - 	confs: [default]
[2025-05-22T15:45:04.120+0000] {subprocess.py:93} INFO - 	found org.postgresql#postgresql;42.6.0 in central
[2025-05-22T15:45:04.142+0000] {subprocess.py:93} INFO - 	found org.checkerframework#checker-qual;3.31.0 in central
[2025-05-22T15:45:04.160+0000] {subprocess.py:93} INFO - :: resolution report :: resolve 137ms :: artifacts dl 6ms
[2025-05-22T15:45:04.161+0000] {subprocess.py:93} INFO - 	:: modules in use:
[2025-05-22T15:45:04.162+0000] {subprocess.py:93} INFO - 	org.checkerframework#checker-qual;3.31.0 from central in [default]
[2025-05-22T15:45:04.162+0000] {subprocess.py:93} INFO - 	org.postgresql#postgresql;42.6.0 from central in [default]
[2025-05-22T15:45:04.163+0000] {subprocess.py:93} INFO - 	---------------------------------------------------------------------
[2025-05-22T15:45:04.163+0000] {subprocess.py:93} INFO - 	|                  |            modules            ||   artifacts   |
[2025-05-22T15:45:04.164+0000] {subprocess.py:93} INFO - 	|       conf       | number| search|dwnlded|evicted|| number|dwnlded|
[2025-05-22T15:45:04.164+0000] {subprocess.py:93} INFO - 	---------------------------------------------------------------------
[2025-05-22T15:45:04.165+0000] {subprocess.py:93} INFO - 	|      default     |   2   |   0   |   0   |   0   ||   2   |   0   |
[2025-05-22T15:45:04.165+0000] {subprocess.py:93} INFO - 	---------------------------------------------------------------------
[2025-05-22T15:45:04.166+0000] {subprocess.py:93} INFO - :: retrieving :: org.apache.spark#spark-submit-parent-86992f5a-b58e-4b92-8333-253ca6a66dd0
[2025-05-22T15:45:04.167+0000] {subprocess.py:93} INFO - 	confs: [default]
[2025-05-22T15:45:04.173+0000] {subprocess.py:93} INFO - 	0 artifacts copied, 2 already retrieved (0kB/7ms)
[2025-05-22T15:45:04.360+0000] {subprocess.py:93} INFO - 25/05/22 15:45:04 WARN NativeCodeLoader: Unable to load native-hadoop library for your platform... using builtin-java classes where applicable
[2025-05-22T15:45:04.642+0000] {subprocess.py:93} INFO - Using Spark's default log4j profile: org/apache/spark/log4j-defaults.properties
[2025-05-22T15:45:04.642+0000] {subprocess.py:93} INFO - Setting default log level to "WARN".
[2025-05-22T15:45:04.643+0000] {subprocess.py:93} INFO - To adjust logging level use sc.setLogLevel(newLevel). For SparkR, use setLogLevel(newLevel).
[2025-05-22T15:45:08.814+0000] {subprocess.py:93} INFO - Path to dataset files: /home/***/.cache/kagglehub/datasets/oktayrdeki/traffic-accidents/versions/1
[2025-05-22T15:45:08.815+0000] {subprocess.py:93} INFO - Path to dataset files: /opt/***/data
[2025-05-22T15:45:09.356+0000] {subprocess.py:97} INFO - Command exited with return code 0
[2025-05-22T15:45:09.391+0000] {taskinstance.py:1400} INFO - Marking task as SUCCESS. dag_id=Scheduler_Traffict_Accident, task_id=Extract_Data, execution_date=20250522T153000, start_date=20250522T154501, end_date=20250522T154509
[2025-05-22T15:45:09.448+0000] {local_task_job_runner.py:228} INFO - Task exited with return code 0
[2025-05-22T15:45:09.480+0000] {taskinstance.py:2778} INFO - 1 downstream tasks scheduled from follow-on schedule check
[2025-05-22T15:48:38.757+0000] {taskinstance.py:1159} INFO - Dependencies all met for dep_context=non-requeueable deps ti=<TaskInstance: Scheduler_Traffict_Accident.Extract_Data scheduled__2025-05-22T15:30:00+00:00 [queued]>
[2025-05-22T15:48:38.768+0000] {taskinstance.py:1159} INFO - Dependencies all met for dep_context=requeueable deps ti=<TaskInstance: Scheduler_Traffict_Accident.Extract_Data scheduled__2025-05-22T15:30:00+00:00 [queued]>
[2025-05-22T15:48:38.769+0000] {taskinstance.py:1361} INFO - Starting attempt 1 of 2
[2025-05-22T15:48:38.785+0000] {taskinstance.py:1382} INFO - Executing <Task(BashOperator): Extract_Data> on 2025-05-22 15:30:00+00:00
[2025-05-22T15:48:38.793+0000] {standard_task_runner.py:57} INFO - Started process 234 to run task
[2025-05-22T15:48:38.802+0000] {standard_task_runner.py:84} INFO - Running: ['***', 'tasks', 'run', 'Scheduler_Traffict_Accident', 'Extract_Data', 'scheduled__2025-05-22T15:30:00+00:00', '--job-id', '2', '--raw', '--subdir', 'DAGS_FOLDER/Scheduler_Traffict_Accident.py', '--cfg-path', '/tmp/tmpyh5uqy98']
[2025-05-22T15:48:38.806+0000] {standard_task_runner.py:85} INFO - Job 2: Subtask Extract_Data
[2025-05-22T15:48:38.879+0000] {task_command.py:416} INFO - Running <TaskInstance: Scheduler_Traffict_Accident.Extract_Data scheduled__2025-05-22T15:30:00+00:00 [running]> on host 9f09ddb0eae9
[2025-05-22T15:48:38.986+0000] {taskinstance.py:1662} INFO - Exporting env vars: AIRFLOW_CTX_DAG_OWNER='Hisham' AIRFLOW_CTX_DAG_ID='Scheduler_Traffict_Accident' AIRFLOW_CTX_TASK_ID='Extract_Data' AIRFLOW_CTX_EXECUTION_DATE='2025-05-22T15:30:00+00:00' AIRFLOW_CTX_TRY_NUMBER='1' AIRFLOW_CTX_DAG_RUN_ID='scheduled__2025-05-22T15:30:00+00:00'
[2025-05-22T15:48:38.987+0000] {subprocess.py:63} INFO - Tmp dir root location: /tmp
[2025-05-22T15:48:38.989+0000] {subprocess.py:75} INFO - Running command: ['/bin/bash', '-c', 'sudo -u *** python /opt/***/scripts/Extract_Data.py']
[2025-05-22T15:48:39.003+0000] {subprocess.py:86} INFO - Output:
[2025-05-22T15:48:41.376+0000] {subprocess.py:93} INFO - WARNING: An illegal reflective access operation has occurred
[2025-05-22T15:48:41.377+0000] {subprocess.py:93} INFO - WARNING: Illegal reflective access by org.apache.spark.unsafe.Platform (file:/home/***/.local/lib/python3.11/site-packages/pyspark/jars/spark-unsafe_2.12-3.1.2.jar) to constructor java.nio.DirectByteBuffer(long,int)
[2025-05-22T15:48:41.378+0000] {subprocess.py:93} INFO - WARNING: Please consider reporting this to the maintainers of org.apache.spark.unsafe.Platform
[2025-05-22T15:48:41.378+0000] {subprocess.py:93} INFO - WARNING: Use --illegal-access=warn to enable warnings of further illegal reflective access operations
[2025-05-22T15:48:41.379+0000] {subprocess.py:93} INFO - WARNING: All illegal access operations will be denied in a future release
[2025-05-22T15:48:41.539+0000] {subprocess.py:93} INFO - :: loading settings :: url = jar:file:/home/***/.local/lib/python3.11/site-packages/pyspark/jars/ivy-2.4.0.jar!/org/apache/ivy/core/settings/ivysettings.xml
[2025-05-22T15:48:41.636+0000] {subprocess.py:93} INFO - Ivy Default Cache set to: /home/***/.ivy2/cache
[2025-05-22T15:48:41.638+0000] {subprocess.py:93} INFO - The jars for the packages stored in: /home/***/.ivy2/jars
[2025-05-22T15:48:41.643+0000] {subprocess.py:93} INFO - org.postgresql#postgresql added as a dependency
[2025-05-22T15:48:41.645+0000] {subprocess.py:93} INFO - :: resolving dependencies :: org.apache.spark#spark-submit-parent-4d05fc7d-fa62-4a51-aa01-9398efe8f663;1.0
[2025-05-22T15:48:41.645+0000] {subprocess.py:93} INFO - 	confs: [default]
[2025-05-22T15:48:44.143+0000] {subprocess.py:93} INFO - 	found org.postgresql#postgresql;42.6.0 in central
[2025-05-22T15:48:45.383+0000] {subprocess.py:93} INFO - 	found org.checkerframework#checker-qual;3.31.0 in central
[2025-05-22T15:48:45.397+0000] {subprocess.py:93} INFO - downloading https://repo1.maven.org/maven2/org/postgresql/postgresql/42.6.0/postgresql-42.6.0.jar ...
[2025-05-22T15:48:46.811+0000] {subprocess.py:93} INFO - downloading https://repo1.maven.org/maven2/org/checkerframework/checker-qual/3.31.0/checker-qual-3.31.0.jar ...
[2025-05-22T15:48:47.072+0000] {subprocess.py:93} INFO - 	[SUCCESSFUL ] org.checkerframework#checker-qual;3.31.0!checker-qual.jar (260ms)
[2025-05-22T15:48:47.073+0000] {subprocess.py:93} INFO - :: resolution report :: resolve 3751ms :: artifacts dl 1677ms
[2025-05-22T15:48:47.074+0000] {subprocess.py:93} INFO - 	:: modules in use:
[2025-05-22T15:48:47.074+0000] {subprocess.py:93} INFO - 	org.checkerframework#checker-qual;3.31.0 from central in [default]
[2025-05-22T15:48:47.075+0000] {subprocess.py:93} INFO - 	org.postgresql#postgresql;42.6.0 from central in [default]
[2025-05-22T15:48:47.076+0000] {subprocess.py:93} INFO - 	---------------------------------------------------------------------
[2025-05-22T15:48:47.076+0000] {subprocess.py:93} INFO - 	|                  |            modules            ||   artifacts   |
[2025-05-22T15:48:47.077+0000] {subprocess.py:93} INFO - 	|       conf       | number| search|dwnlded|evicted|| number|dwnlded|
[2025-05-22T15:48:47.078+0000] {subprocess.py:93} INFO - 	---------------------------------------------------------------------
[2025-05-22T15:48:47.079+0000] {subprocess.py:93} INFO - 	|      default     |   2   |   2   |   2   |   0   ||   2   |   1   |
[2025-05-22T15:48:47.079+0000] {subprocess.py:93} INFO - 	---------------------------------------------------------------------
[2025-05-22T15:48:47.080+0000] {subprocess.py:93} INFO - 
[2025-05-22T15:48:47.080+0000] {subprocess.py:93} INFO - :: problems summary ::
[2025-05-22T15:48:47.081+0000] {subprocess.py:93} INFO - :::: WARNINGS
[2025-05-22T15:48:47.082+0000] {subprocess.py:93} INFO - 		[FAILED     ] org.postgresql#postgresql;42.6.0!postgresql.jar: Downloaded file size doesn't match expected Content Length for https://repo1.maven.org/maven2/org/postgresql/postgresql/42.6.0/postgresql-42.6.0.jar. Please retry. (1412ms)
[2025-05-22T15:48:47.083+0000] {subprocess.py:93} INFO - 
[2025-05-22T15:48:47.083+0000] {subprocess.py:93} INFO - 		[FAILED     ] org.postgresql#postgresql;42.6.0!postgresql.jar: Downloaded file size doesn't match expected Content Length for https://repo1.maven.org/maven2/org/postgresql/postgresql/42.6.0/postgresql-42.6.0.jar. Please retry. (1412ms)
[2025-05-22T15:48:47.084+0000] {subprocess.py:93} INFO - 
[2025-05-22T15:48:47.084+0000] {subprocess.py:93} INFO - 	==== central: tried
[2025-05-22T15:48:47.085+0000] {subprocess.py:93} INFO - 
[2025-05-22T15:48:47.085+0000] {subprocess.py:93} INFO - 	  https://repo1.maven.org/maven2/org/postgresql/postgresql/42.6.0/postgresql-42.6.0.jar
[2025-05-22T15:48:47.086+0000] {subprocess.py:93} INFO - 
[2025-05-22T15:48:47.087+0000] {subprocess.py:93} INFO - 		::::::::::::::::::::::::::::::::::::::::::::::
[2025-05-22T15:48:47.087+0000] {subprocess.py:93} INFO - 
[2025-05-22T15:48:47.087+0000] {subprocess.py:93} INFO - 		::              FAILED DOWNLOADS            ::
[2025-05-22T15:48:47.088+0000] {subprocess.py:93} INFO - 
[2025-05-22T15:48:47.088+0000] {subprocess.py:93} INFO - 		:: ^ see resolution messages for details  ^ ::
[2025-05-22T15:48:47.089+0000] {subprocess.py:93} INFO - 
[2025-05-22T15:48:47.090+0000] {subprocess.py:93} INFO - 		::::::::::::::::::::::::::::::::::::::::::::::
[2025-05-22T15:48:47.090+0000] {subprocess.py:93} INFO - 
[2025-05-22T15:48:47.091+0000] {subprocess.py:93} INFO - 		:: org.postgresql#postgresql;42.6.0!postgresql.jar
[2025-05-22T15:48:47.091+0000] {subprocess.py:93} INFO - 
[2025-05-22T15:48:47.092+0000] {subprocess.py:93} INFO - 		::::::::::::::::::::::::::::::::::::::::::::::
[2025-05-22T15:48:47.092+0000] {subprocess.py:93} INFO - 
[2025-05-22T15:48:47.093+0000] {subprocess.py:93} INFO - 
[2025-05-22T15:48:47.093+0000] {subprocess.py:93} INFO - 
[2025-05-22T15:48:47.093+0000] {subprocess.py:93} INFO - :: USE VERBOSE OR DEBUG MESSAGE LEVEL FOR MORE DETAILS
[2025-05-22T15:48:47.095+0000] {subprocess.py:93} INFO - Exception in thread "main" java.lang.RuntimeException: [download failed: org.postgresql#postgresql;42.6.0!postgresql.jar]
[2025-05-22T15:48:47.095+0000] {subprocess.py:93} INFO - 	at org.apache.spark.deploy.SparkSubmitUtils$.resolveMavenCoordinates(SparkSubmit.scala:1429)
[2025-05-22T15:48:47.095+0000] {subprocess.py:93} INFO - 	at org.apache.spark.deploy.DependencyUtils$.resolveMavenDependencies(DependencyUtils.scala:54)
[2025-05-22T15:48:47.096+0000] {subprocess.py:93} INFO - 	at org.apache.spark.deploy.SparkSubmit.prepareSubmitEnvironment(SparkSubmit.scala:308)
[2025-05-22T15:48:47.096+0000] {subprocess.py:93} INFO - 	at org.apache.spark.deploy.SparkSubmit.org$apache$spark$deploy$SparkSubmit$$runMain(SparkSubmit.scala:894)
[2025-05-22T15:48:47.096+0000] {subprocess.py:93} INFO - 	at org.apache.spark.deploy.SparkSubmit.doRunMain$1(SparkSubmit.scala:180)
[2025-05-22T15:48:47.096+0000] {subprocess.py:93} INFO - 	at org.apache.spark.deploy.SparkSubmit.submit(SparkSubmit.scala:203)
[2025-05-22T15:48:47.097+0000] {subprocess.py:93} INFO - 	at org.apache.spark.deploy.SparkSubmit.doSubmit(SparkSubmit.scala:90)
[2025-05-22T15:48:47.097+0000] {subprocess.py:93} INFO - 	at org.apache.spark.deploy.SparkSubmit$$anon$2.doSubmit(SparkSubmit.scala:1039)
[2025-05-22T15:48:47.098+0000] {subprocess.py:93} INFO - 	at org.apache.spark.deploy.SparkSubmit$.main(SparkSubmit.scala:1048)
[2025-05-22T15:48:47.098+0000] {subprocess.py:93} INFO - 	at org.apache.spark.deploy.SparkSubmit.main(SparkSubmit.scala)
[2025-05-22T15:48:47.143+0000] {subprocess.py:93} INFO - Traceback (most recent call last):
[2025-05-22T15:48:47.144+0000] {subprocess.py:93} INFO -   File "/opt/***/scripts/Extract_Data.py", line 10, in <module>
[2025-05-22T15:48:47.146+0000] {subprocess.py:93} INFO -     .getOrCreate()
[2025-05-22T15:48:47.147+0000] {subprocess.py:93} INFO -      ^^^^^^^^^^^^^
[2025-05-22T15:48:47.147+0000] {subprocess.py:93} INFO -   File "/home/***/.local/lib/python3.11/site-packages/pyspark/sql/session.py", line 228, in getOrCreate
[2025-05-22T15:48:47.148+0000] {subprocess.py:93} INFO -     sc = SparkContext.getOrCreate(sparkConf)
[2025-05-22T15:48:47.148+0000] {subprocess.py:93} INFO -          ^^^^^^^^^^^^^^^^^^^^^^^^^^^^^^^^^^^
[2025-05-22T15:48:47.149+0000] {subprocess.py:93} INFO -   File "/home/***/.local/lib/python3.11/site-packages/pyspark/context.py", line 384, in getOrCreate
[2025-05-22T15:48:47.149+0000] {subprocess.py:93} INFO -     SparkContext(conf=conf or SparkConf())
[2025-05-22T15:48:47.150+0000] {subprocess.py:93} INFO -   File "/home/***/.local/lib/python3.11/site-packages/pyspark/context.py", line 144, in __init__
[2025-05-22T15:48:47.150+0000] {subprocess.py:93} INFO -     SparkContext._ensure_initialized(self, gateway=gateway, conf=conf)
[2025-05-22T15:48:47.151+0000] {subprocess.py:93} INFO -   File "/home/***/.local/lib/python3.11/site-packages/pyspark/context.py", line 331, in _ensure_initialized
[2025-05-22T15:48:47.151+0000] {subprocess.py:93} INFO -     SparkContext._gateway = gateway or launch_gateway(conf)
[2025-05-22T15:48:47.151+0000] {subprocess.py:93} INFO -                                        ^^^^^^^^^^^^^^^^^^^^
[2025-05-22T15:48:47.152+0000] {subprocess.py:93} INFO -   File "/home/***/.local/lib/python3.11/site-packages/pyspark/java_gateway.py", line 108, in launch_gateway
[2025-05-22T15:48:47.152+0000] {subprocess.py:93} INFO -     raise Exception("Java gateway process exited before sending its port number")
[2025-05-22T15:48:47.153+0000] {subprocess.py:93} INFO - Exception: Java gateway process exited before sending its port number
[2025-05-22T15:48:47.342+0000] {subprocess.py:97} INFO - Command exited with return code 1
[2025-05-22T15:48:47.356+0000] {taskinstance.py:1937} ERROR - Task failed with exception
Traceback (most recent call last):
  File "/home/airflow/.local/lib/python3.11/site-packages/airflow/operators/bash.py", line 210, in execute
    raise AirflowException(
airflow.exceptions.AirflowException: Bash command failed. The command returned a non-zero exit code 1.
[2025-05-22T15:48:47.361+0000] {taskinstance.py:1400} INFO - Marking task as UP_FOR_RETRY. dag_id=Scheduler_Traffict_Accident, task_id=Extract_Data, execution_date=20250522T153000, start_date=20250522T154838, end_date=20250522T154847
[2025-05-22T15:48:47.382+0000] {standard_task_runner.py:104} ERROR - Failed to execute job 2 for task Extract_Data (Bash command failed. The command returned a non-zero exit code 1.; 234)
[2025-05-22T15:48:47.400+0000] {local_task_job_runner.py:228} INFO - Task exited with return code 1
[2025-05-22T15:48:47.424+0000] {taskinstance.py:2778} INFO - 0 downstream tasks scheduled from follow-on schedule check
[2025-05-22T15:59:42.797+0000] {taskinstance.py:1159} INFO - Dependencies all met for dep_context=non-requeueable deps ti=<TaskInstance: Scheduler_Traffict_Accident.Extract_Data scheduled__2025-05-22T15:30:00+00:00 [queued]>
[2025-05-22T15:59:42.813+0000] {taskinstance.py:1159} INFO - Dependencies all met for dep_context=requeueable deps ti=<TaskInstance: Scheduler_Traffict_Accident.Extract_Data scheduled__2025-05-22T15:30:00+00:00 [queued]>
[2025-05-22T15:59:42.814+0000] {taskinstance.py:1361} INFO - Starting attempt 1 of 2
[2025-05-22T15:59:42.838+0000] {taskinstance.py:1382} INFO - Executing <Task(BashOperator): Extract_Data> on 2025-05-22 15:30:00+00:00
[2025-05-22T15:59:42.847+0000] {standard_task_runner.py:57} INFO - Started process 244 to run task
[2025-05-22T15:59:42.852+0000] {standard_task_runner.py:84} INFO - Running: ['***', 'tasks', 'run', 'Scheduler_Traffict_Accident', 'Extract_Data', 'scheduled__2025-05-22T15:30:00+00:00', '--job-id', '2', '--raw', '--subdir', 'DAGS_FOLDER/Scheduler_Traffict_Accident.py', '--cfg-path', '/tmp/tmpeblm4mnd']
[2025-05-22T15:59:42.862+0000] {standard_task_runner.py:85} INFO - Job 2: Subtask Extract_Data
[2025-05-22T15:59:42.939+0000] {task_command.py:416} INFO - Running <TaskInstance: Scheduler_Traffict_Accident.Extract_Data scheduled__2025-05-22T15:30:00+00:00 [running]> on host 1f18d06af689
[2025-05-22T15:59:43.050+0000] {taskinstance.py:1662} INFO - Exporting env vars: AIRFLOW_CTX_DAG_OWNER='Hisham' AIRFLOW_CTX_DAG_ID='Scheduler_Traffict_Accident' AIRFLOW_CTX_TASK_ID='Extract_Data' AIRFLOW_CTX_EXECUTION_DATE='2025-05-22T15:30:00+00:00' AIRFLOW_CTX_TRY_NUMBER='1' AIRFLOW_CTX_DAG_RUN_ID='scheduled__2025-05-22T15:30:00+00:00'
[2025-05-22T15:59:43.052+0000] {subprocess.py:63} INFO - Tmp dir root location: /tmp
[2025-05-22T15:59:43.055+0000] {subprocess.py:75} INFO - Running command: ['/bin/bash', '-c', 'sudo -u *** python /opt/***/scripts/Extract_Data.py']
[2025-05-22T15:59:43.070+0000] {subprocess.py:86} INFO - Output:
[2025-05-22T15:59:45.532+0000] {subprocess.py:93} INFO - WARNING: An illegal reflective access operation has occurred
[2025-05-22T15:59:45.533+0000] {subprocess.py:93} INFO - WARNING: Illegal reflective access by org.apache.spark.unsafe.Platform (file:/home/***/.local/lib/python3.11/site-packages/pyspark/jars/spark-unsafe_2.12-3.1.2.jar) to constructor java.nio.DirectByteBuffer(long,int)
[2025-05-22T15:59:45.534+0000] {subprocess.py:93} INFO - WARNING: Please consider reporting this to the maintainers of org.apache.spark.unsafe.Platform
[2025-05-22T15:59:45.535+0000] {subprocess.py:93} INFO - WARNING: Use --illegal-access=warn to enable warnings of further illegal reflective access operations
[2025-05-22T15:59:45.535+0000] {subprocess.py:93} INFO - WARNING: All illegal access operations will be denied in a future release
[2025-05-22T15:59:45.712+0000] {subprocess.py:93} INFO - :: loading settings :: url = jar:file:/home/***/.local/lib/python3.11/site-packages/pyspark/jars/ivy-2.4.0.jar!/org/apache/ivy/core/settings/ivysettings.xml
[2025-05-22T15:59:45.802+0000] {subprocess.py:93} INFO - Ivy Default Cache set to: /home/***/.ivy2/cache
[2025-05-22T15:59:45.803+0000] {subprocess.py:93} INFO - The jars for the packages stored in: /home/***/.ivy2/jars
[2025-05-22T15:59:45.806+0000] {subprocess.py:93} INFO - org.postgresql#postgresql added as a dependency
[2025-05-22T15:59:45.808+0000] {subprocess.py:93} INFO - :: resolving dependencies :: org.apache.spark#spark-submit-parent-e73b1002-0575-47e1-9625-e15bc7be471b;1.0
[2025-05-22T15:59:45.808+0000] {subprocess.py:93} INFO - 	confs: [default]
[2025-05-22T15:59:48.078+0000] {subprocess.py:93} INFO - 	found org.postgresql#postgresql;42.6.0 in central
[2025-05-22T15:59:49.188+0000] {subprocess.py:93} INFO - 	found org.checkerframework#checker-qual;3.31.0 in central
[2025-05-22T15:59:49.200+0000] {subprocess.py:93} INFO - downloading https://repo1.maven.org/maven2/org/postgresql/postgresql/42.6.0/postgresql-42.6.0.jar ...
[2025-05-22T15:59:50.368+0000] {subprocess.py:93} INFO - 	[SUCCESSFUL ] org.postgresql#postgresql;42.6.0!postgresql.jar (1168ms)
[2025-05-22T15:59:50.371+0000] {subprocess.py:93} INFO - downloading https://repo1.maven.org/maven2/org/checkerframework/checker-qual/3.31.0/checker-qual-3.31.0.jar ...
[2025-05-22T15:59:50.591+0000] {subprocess.py:93} INFO - 	[SUCCESSFUL ] org.checkerframework#checker-qual;3.31.0!checker-qual.jar (220ms)
[2025-05-22T15:59:50.591+0000] {subprocess.py:93} INFO - :: resolution report :: resolve 3392ms :: artifacts dl 1392ms
[2025-05-22T15:59:50.592+0000] {subprocess.py:93} INFO - 	:: modules in use:
[2025-05-22T15:59:50.592+0000] {subprocess.py:93} INFO - 	org.checkerframework#checker-qual;3.31.0 from central in [default]
[2025-05-22T15:59:50.593+0000] {subprocess.py:93} INFO - 	org.postgresql#postgresql;42.6.0 from central in [default]
[2025-05-22T15:59:50.593+0000] {subprocess.py:93} INFO - 	---------------------------------------------------------------------
[2025-05-22T15:59:50.594+0000] {subprocess.py:93} INFO - 	|                  |            modules            ||   artifacts   |
[2025-05-22T15:59:50.594+0000] {subprocess.py:93} INFO - 	|       conf       | number| search|dwnlded|evicted|| number|dwnlded|
[2025-05-22T15:59:50.595+0000] {subprocess.py:93} INFO - 	---------------------------------------------------------------------
[2025-05-22T15:59:50.596+0000] {subprocess.py:93} INFO - 	|      default     |   2   |   2   |   2   |   0   ||   2   |   2   |
[2025-05-22T15:59:50.596+0000] {subprocess.py:93} INFO - 	---------------------------------------------------------------------
[2025-05-22T15:59:50.597+0000] {subprocess.py:93} INFO - :: retrieving :: org.apache.spark#spark-submit-parent-e73b1002-0575-47e1-9625-e15bc7be471b
[2025-05-22T15:59:50.598+0000] {subprocess.py:93} INFO - 	confs: [default]
[2025-05-22T15:59:50.605+0000] {subprocess.py:93} INFO - 	2 artifacts copied, 0 already retrieved (1274kB/10ms)
[2025-05-22T15:59:50.794+0000] {subprocess.py:93} INFO - 25/05/22 15:59:50 WARN NativeCodeLoader: Unable to load native-hadoop library for your platform... using builtin-java classes where applicable
[2025-05-22T15:59:51.040+0000] {subprocess.py:93} INFO - Using Spark's default log4j profile: org/apache/spark/log4j-defaults.properties
[2025-05-22T15:59:51.041+0000] {subprocess.py:93} INFO - Setting default log level to "WARN".
[2025-05-22T15:59:51.042+0000] {subprocess.py:93} INFO - To adjust logging level use sc.setLogLevel(newLevel). For SparkR, use setLogLevel(newLevel).
[2025-05-22T15:59:55.092+0000] {subprocess.py:93} INFO - Downloading from https://www.kaggle.com/api/v1/datasets/download/oktayrdeki/traffic-accidents?dataset_version_number=1...
[2025-05-22T15:59:56.793+0000] {subprocess.py:93} INFO -   0%|          | 0.00/4.64M [00:00<?, ?B/s] 22%|██▏       | 1.00M/4.64M [00:01<00:04, 886kB/s] 43%|████▎     | 2.00M/4.64M [00:01<00:01, 1.76MB/s] 65%|██████▍   | 3.00M/4.64M [00:01<00:00, 2.65MB/s]100%|██████████| 4.64M/4.64M [00:01<00:00, 4.34MB/s]100%|██████████| 4.64M/4.64M [00:01<00:00, 2.89MB/s]
[2025-05-22T15:59:56.796+0000] {subprocess.py:93} INFO - Extracting files...
[2025-05-22T15:59:58.077+0000] {subprocess.py:93} INFO - Path to dataset files: /home/***/.cache/kagglehub/datasets/oktayrdeki/traffic-accidents/versions/1
[2025-05-22T15:59:58.077+0000] {subprocess.py:93} INFO - Path to dataset files: /opt/***/data
[2025-05-22T15:59:58.623+0000] {subprocess.py:97} INFO - Command exited with return code 0
[2025-05-22T15:59:58.655+0000] {taskinstance.py:1400} INFO - Marking task as SUCCESS. dag_id=Scheduler_Traffict_Accident, task_id=Extract_Data, execution_date=20250522T153000, start_date=20250522T155942, end_date=20250522T155958
[2025-05-22T15:59:58.704+0000] {local_task_job_runner.py:228} INFO - Task exited with return code 0
[2025-05-22T15:59:58.734+0000] {taskinstance.py:2778} INFO - 1 downstream tasks scheduled from follow-on schedule check
