[2025-05-14T16:30:03.603+0000] {taskinstance.py:1171} INFO - Dependencies all met for <TaskInstance: Sales_Performance_ETL.Transform_Data scheduled__2025-05-14T16:25:00+00:00 [queued]>
[2025-05-14T16:30:03.613+0000] {taskinstance.py:1171} INFO - Dependencies all met for <TaskInstance: Sales_Performance_ETL.Transform_Data scheduled__2025-05-14T16:25:00+00:00 [queued]>
[2025-05-14T16:30:03.614+0000] {taskinstance.py:1368} INFO - 
--------------------------------------------------------------------------------
[2025-05-14T16:30:03.616+0000] {taskinstance.py:1369} INFO - Starting attempt 1 of 2
[2025-05-14T16:30:03.617+0000] {taskinstance.py:1370} INFO - 
--------------------------------------------------------------------------------
[2025-05-14T16:30:03.637+0000] {taskinstance.py:1389} INFO - Executing <Task(BashOperator): Transform_Data> on 2025-05-14 16:25:00+00:00
[2025-05-14T16:30:03.643+0000] {standard_task_runner.py:52} INFO - Started process 34512 to run task
[2025-05-14T16:30:03.646+0000] {standard_task_runner.py:79} INFO - Running: ['***', 'tasks', 'run', 'Sales_Performance_ETL', 'Transform_Data', 'scheduled__2025-05-14T16:25:00+00:00', '--job-id', '151', '--raw', '--subdir', 'DAGS_FOLDER/P2M3_Hisham_Audiputra_Suharto_DAG.py', '--cfg-path', '/tmp/tmpbv_flaer', '--error-file', '/tmp/tmpwt5bjbyr']
[2025-05-14T16:30:03.648+0000] {standard_task_runner.py:80} INFO - Job 151: Subtask Transform_Data
[2025-05-14T16:30:03.723+0000] {task_command.py:371} INFO - Running <TaskInstance: Sales_Performance_ETL.Transform_Data scheduled__2025-05-14T16:25:00+00:00 [running]> on host 2ca7303636ab
[2025-05-14T16:30:03.813+0000] {taskinstance.py:1583} INFO - Exporting the following env vars:
AIRFLOW_CTX_DAG_OWNER=Hisham
AIRFLOW_CTX_DAG_ID=Sales_Performance_ETL
AIRFLOW_CTX_TASK_ID=Transform_Data
AIRFLOW_CTX_EXECUTION_DATE=2025-05-14T16:25:00+00:00
AIRFLOW_CTX_TRY_NUMBER=1
AIRFLOW_CTX_DAG_RUN_ID=scheduled__2025-05-14T16:25:00+00:00
[2025-05-14T16:30:03.816+0000] {subprocess.py:62} INFO - Tmp dir root location: 
 /tmp
[2025-05-14T16:30:03.818+0000] {subprocess.py:74} INFO - Running command: ['/bin/bash', '-c', 'sudo -u *** python /opt/***/scripts/Transform_Data.py']
[2025-05-14T16:30:03.830+0000] {subprocess.py:85} INFO - Output:
[2025-05-14T16:30:05.372+0000] {subprocess.py:92} INFO - WARNING: An illegal reflective access operation has occurred
[2025-05-14T16:30:05.373+0000] {subprocess.py:92} INFO - WARNING: Illegal reflective access by org.apache.spark.unsafe.Platform (file:/home/***/.local/lib/python3.7/site-packages/pyspark/jars/spark-unsafe_2.12-3.1.2.jar) to constructor java.nio.DirectByteBuffer(long,int)
[2025-05-14T16:30:05.374+0000] {subprocess.py:92} INFO - WARNING: Please consider reporting this to the maintainers of org.apache.spark.unsafe.Platform
[2025-05-14T16:30:05.374+0000] {subprocess.py:92} INFO - WARNING: Use --illegal-access=warn to enable warnings of further illegal reflective access operations
[2025-05-14T16:30:05.374+0000] {subprocess.py:92} INFO - WARNING: All illegal access operations will be denied in a future release
[2025-05-14T16:30:05.505+0000] {subprocess.py:92} INFO - :: loading settings :: url = jar:file:/home/***/.local/lib/python3.7/site-packages/pyspark/jars/ivy-2.4.0.jar!/org/apache/ivy/core/settings/ivysettings.xml
[2025-05-14T16:30:05.594+0000] {subprocess.py:92} INFO - Ivy Default Cache set to: /home/***/.ivy2/cache
[2025-05-14T16:30:05.595+0000] {subprocess.py:92} INFO - The jars for the packages stored in: /home/***/.ivy2/jars
[2025-05-14T16:30:05.598+0000] {subprocess.py:92} INFO - org.postgresql#postgresql added as a dependency
[2025-05-14T16:30:05.599+0000] {subprocess.py:92} INFO - :: resolving dependencies :: org.apache.spark#spark-submit-parent-c281547b-ad01-46cd-9089-dd5a041a018e;1.0
[2025-05-14T16:30:05.600+0000] {subprocess.py:92} INFO - 	confs: [default]
[2025-05-14T16:30:05.682+0000] {subprocess.py:92} INFO - 	found org.postgresql#postgresql;42.6.0 in central
[2025-05-14T16:30:05.705+0000] {subprocess.py:92} INFO - 	found org.checkerframework#checker-qual;3.31.0 in central
[2025-05-14T16:30:05.716+0000] {subprocess.py:92} INFO - :: resolution report :: resolve 114ms :: artifacts dl 3ms
[2025-05-14T16:30:05.717+0000] {subprocess.py:92} INFO - 	:: modules in use:
[2025-05-14T16:30:05.718+0000] {subprocess.py:92} INFO - 	org.checkerframework#checker-qual;3.31.0 from central in [default]
[2025-05-14T16:30:05.718+0000] {subprocess.py:92} INFO - 	org.postgresql#postgresql;42.6.0 from central in [default]
[2025-05-14T16:30:05.719+0000] {subprocess.py:92} INFO - 	---------------------------------------------------------------------
[2025-05-14T16:30:05.720+0000] {subprocess.py:92} INFO - 	|                  |            modules            ||   artifacts   |
[2025-05-14T16:30:05.720+0000] {subprocess.py:92} INFO - 	|       conf       | number| search|dwnlded|evicted|| number|dwnlded|
[2025-05-14T16:30:05.721+0000] {subprocess.py:92} INFO - 	---------------------------------------------------------------------
[2025-05-14T16:30:05.721+0000] {subprocess.py:92} INFO - 	|      default     |   2   |   0   |   0   |   0   ||   2   |   0   |
[2025-05-14T16:30:05.722+0000] {subprocess.py:92} INFO - 	---------------------------------------------------------------------
[2025-05-14T16:30:05.722+0000] {subprocess.py:92} INFO - :: retrieving :: org.apache.spark#spark-submit-parent-c281547b-ad01-46cd-9089-dd5a041a018e
[2025-05-14T16:30:05.723+0000] {subprocess.py:92} INFO - 	confs: [default]
[2025-05-14T16:30:05.724+0000] {subprocess.py:92} INFO - 	0 artifacts copied, 2 already retrieved (0kB/5ms)
[2025-05-14T16:30:05.883+0000] {subprocess.py:92} INFO - 25/05/14 16:30:05 WARN NativeCodeLoader: Unable to load native-hadoop library for your platform... using builtin-java classes where applicable
[2025-05-14T16:30:06.118+0000] {subprocess.py:92} INFO - Using Spark's default log4j profile: org/apache/spark/log4j-defaults.properties
[2025-05-14T16:30:06.119+0000] {subprocess.py:92} INFO - Setting default log level to "WARN".
[2025-05-14T16:30:06.120+0000] {subprocess.py:92} INFO - To adjust logging level use sc.setLogLevel(newLevel). For SparkR, use setLogLevel(newLevel).
[2025-05-14T16:30:11.345+0000] {subprocess.py:92} INFO - 25/05/14 16:30:11 WARN WindowExec: No Partition Defined for Window operation! Moving all data to a single partition, this can cause serious performance degradation.
[2025-05-14T16:30:13.376+0000] {subprocess.py:92} INFO - [Stage 3:>                                                          (0 + 1) / 1]                                                                                Saved: /opt/***/data/Supplement_Sales_Weekly_Expanded_Clean.csv
[2025-05-14T16:30:13.806+0000] {subprocess.py:96} INFO - Command exited with return code 0
[2025-05-14T16:30:13.838+0000] {taskinstance.py:1412} INFO - Marking task as SUCCESS. dag_id=Sales_Performance_ETL, task_id=Transform_Data, execution_date=20250514T162500, start_date=20250514T163003, end_date=20250514T163013
[2025-05-14T16:30:13.879+0000] {local_task_job.py:156} INFO - Task exited with return code 0
[2025-05-14T16:30:13.926+0000] {local_task_job.py:279} INFO - 1 downstream tasks scheduled from follow-on schedule check
