[2025-05-23T07:30:08.421+0000] {taskinstance.py:1159} INFO - Dependencies all met for dep_context=non-requeueable deps ti=<TaskInstance: Scheduler_Traffict_Accident.Transform_Data scheduled__2025-05-23T07:15:00+00:00 [queued]>
[2025-05-23T07:30:08.432+0000] {taskinstance.py:1159} INFO - Dependencies all met for dep_context=requeueable deps ti=<TaskInstance: Scheduler_Traffict_Accident.Transform_Data scheduled__2025-05-23T07:15:00+00:00 [queued]>
[2025-05-23T07:30:08.433+0000] {taskinstance.py:1361} INFO - Starting attempt 1 of 2
[2025-05-23T07:30:08.454+0000] {taskinstance.py:1382} INFO - Executing <Task(BashOperator): Transform_Data> on 2025-05-23 07:15:00+00:00
[2025-05-23T07:30:08.461+0000] {standard_task_runner.py:57} INFO - Started process 16077 to run task
[2025-05-23T07:30:08.464+0000] {standard_task_runner.py:84} INFO - Running: ['***', 'tasks', 'run', 'Scheduler_Traffict_Accident', 'Transform_Data', 'scheduled__2025-05-23T07:15:00+00:00', '--job-id', '57', '--raw', '--subdir', 'DAGS_FOLDER/Scheduler_Traffict_Accident.py', '--cfg-path', '/tmp/tmpq8z2ow57']
[2025-05-23T07:30:08.468+0000] {standard_task_runner.py:85} INFO - Job 57: Subtask Transform_Data
[2025-05-23T07:30:08.521+0000] {task_command.py:416} INFO - Running <TaskInstance: Scheduler_Traffict_Accident.Transform_Data scheduled__2025-05-23T07:15:00+00:00 [running]> on host 2d3af573cb97
[2025-05-23T07:30:08.625+0000] {taskinstance.py:1662} INFO - Exporting env vars: AIRFLOW_CTX_DAG_OWNER='Hisham' AIRFLOW_CTX_DAG_ID='Scheduler_Traffict_Accident' AIRFLOW_CTX_TASK_ID='Transform_Data' AIRFLOW_CTX_EXECUTION_DATE='2025-05-23T07:15:00+00:00' AIRFLOW_CTX_TRY_NUMBER='1' AIRFLOW_CTX_DAG_RUN_ID='scheduled__2025-05-23T07:15:00+00:00'
[2025-05-23T07:30:08.627+0000] {subprocess.py:63} INFO - Tmp dir root location: /tmp
[2025-05-23T07:30:08.628+0000] {subprocess.py:75} INFO - Running command: ['/bin/bash', '-c', 'sudo -u *** python /opt/***/scripts/Transform_Data.py']
[2025-05-23T07:30:08.639+0000] {subprocess.py:86} INFO - Output:
[2025-05-23T07:30:10.153+0000] {subprocess.py:93} INFO - WARNING: An illegal reflective access operation has occurred
[2025-05-23T07:30:10.154+0000] {subprocess.py:93} INFO - WARNING: Illegal reflective access by org.apache.spark.unsafe.Platform (file:/home/***/.local/lib/python3.11/site-packages/pyspark/jars/spark-unsafe_2.12-3.1.2.jar) to constructor java.nio.DirectByteBuffer(long,int)
[2025-05-23T07:30:10.156+0000] {subprocess.py:93} INFO - WARNING: Please consider reporting this to the maintainers of org.apache.spark.unsafe.Platform
[2025-05-23T07:30:10.156+0000] {subprocess.py:93} INFO - WARNING: Use --illegal-access=warn to enable warnings of further illegal reflective access operations
[2025-05-23T07:30:10.157+0000] {subprocess.py:93} INFO - WARNING: All illegal access operations will be denied in a future release
[2025-05-23T07:30:10.304+0000] {subprocess.py:93} INFO - :: loading settings :: url = jar:file:/home/***/.local/lib/python3.11/site-packages/pyspark/jars/ivy-2.4.0.jar!/org/apache/ivy/core/settings/ivysettings.xml
[2025-05-23T07:30:10.379+0000] {subprocess.py:93} INFO - Ivy Default Cache set to: /home/***/.ivy2/cache
[2025-05-23T07:30:10.380+0000] {subprocess.py:93} INFO - The jars for the packages stored in: /home/***/.ivy2/jars
[2025-05-23T07:30:10.383+0000] {subprocess.py:93} INFO - org.postgresql#postgresql added as a dependency
[2025-05-23T07:30:10.384+0000] {subprocess.py:93} INFO - :: resolving dependencies :: org.apache.spark#spark-submit-parent-1a297cb7-52ec-48ae-b7e9-602e495d6914;1.0
[2025-05-23T07:30:10.385+0000] {subprocess.py:93} INFO - 	confs: [default]
[2025-05-23T07:30:10.479+0000] {subprocess.py:93} INFO - 	found org.postgresql#postgresql;42.6.0 in central
[2025-05-23T07:30:10.500+0000] {subprocess.py:93} INFO - 	found org.checkerframework#checker-qual;3.31.0 in central
[2025-05-23T07:30:10.514+0000] {subprocess.py:93} INFO - :: resolution report :: resolve 125ms :: artifacts dl 4ms
[2025-05-23T07:30:10.516+0000] {subprocess.py:93} INFO - 	:: modules in use:
[2025-05-23T07:30:10.517+0000] {subprocess.py:93} INFO - 	org.checkerframework#checker-qual;3.31.0 from central in [default]
[2025-05-23T07:30:10.518+0000] {subprocess.py:93} INFO - 	org.postgresql#postgresql;42.6.0 from central in [default]
[2025-05-23T07:30:10.519+0000] {subprocess.py:93} INFO - 	---------------------------------------------------------------------
[2025-05-23T07:30:10.519+0000] {subprocess.py:93} INFO - 	|                  |            modules            ||   artifacts   |
[2025-05-23T07:30:10.521+0000] {subprocess.py:93} INFO - 	|       conf       | number| search|dwnlded|evicted|| number|dwnlded|
[2025-05-23T07:30:10.522+0000] {subprocess.py:93} INFO - 	---------------------------------------------------------------------
[2025-05-23T07:30:10.522+0000] {subprocess.py:93} INFO - 	|      default     |   2   |   0   |   0   |   0   ||   2   |   0   |
[2025-05-23T07:30:10.523+0000] {subprocess.py:93} INFO - 	---------------------------------------------------------------------
[2025-05-23T07:30:10.523+0000] {subprocess.py:93} INFO - :: retrieving :: org.apache.spark#spark-submit-parent-1a297cb7-52ec-48ae-b7e9-602e495d6914
[2025-05-23T07:30:10.524+0000] {subprocess.py:93} INFO - 	confs: [default]
[2025-05-23T07:30:10.525+0000] {subprocess.py:93} INFO - 	0 artifacts copied, 2 already retrieved (0kB/5ms)
[2025-05-23T07:30:10.700+0000] {subprocess.py:93} INFO - 25/05/23 07:30:10 WARN NativeCodeLoader: Unable to load native-hadoop library for your platform... using builtin-java classes where applicable
[2025-05-23T07:30:10.932+0000] {subprocess.py:93} INFO - Using Spark's default log4j profile: org/apache/spark/log4j-defaults.properties
[2025-05-23T07:30:10.933+0000] {subprocess.py:93} INFO - Setting default log level to "WARN".
[2025-05-23T07:30:10.933+0000] {subprocess.py:93} INFO - To adjust logging level use sc.setLogLevel(newLevel). For SparkR, use setLogLevel(newLevel).
[2025-05-23T07:30:17.376+0000] {subprocess.py:93} INFO - [Stage 1:====>                                                    (1 + 12) / 13]                                                                                25/05/23 07:30:17 WARN WindowExec: No Partition Defined for Window operation! Moving all data to a single partition, this can cause serious performance degradation.
[2025-05-23T07:30:28.063+0000] {subprocess.py:93} INFO - [Stage 4:>                (0 + 13) / 13][Stage 5:>                 (0 + 7) / 13][Stage 4:=>               (1 + 12) / 13][Stage 5:>                 (0 + 9) / 13][Stage 4:=>               (1 + 12) / 13][Stage 5:===========>      (8 + 5) / 13][Stage 5:========================================>                 (9 + 4) / 13][Stage 8:>                                                          (0 + 1) / 1]                                                                                [Stage 15:>                                                         (0 + 1) / 1]                                                                                Saved: /opt/***/data/Clean_Crash_Data.csv
[2025-05-23T07:30:28.064+0000] {subprocess.py:93} INFO - Saved: /opt/***/data/Clean_Crash_Date_Data.csv
[2025-05-23T07:30:28.065+0000] {subprocess.py:93} INFO - Saved: /opt/***/data/Clean_Road_Data.csv
[2025-05-23T07:30:28.607+0000] {subprocess.py:97} INFO - Command exited with return code 0
[2025-05-23T07:30:28.633+0000] {taskinstance.py:1400} INFO - Marking task as SUCCESS. dag_id=Scheduler_Traffict_Accident, task_id=Transform_Data, execution_date=20250523T071500, start_date=20250523T073008, end_date=20250523T073028
[2025-05-23T07:30:28.652+0000] {local_task_job_runner.py:228} INFO - Task exited with return code 0
[2025-05-23T07:30:28.678+0000] {taskinstance.py:2778} INFO - 1 downstream tasks scheduled from follow-on schedule check
