[2025-05-22T15:40:15.993+0000] {taskinstance.py:1159} INFO - Dependencies all met for dep_context=non-requeueable deps ti=<TaskInstance: Scheduler_Traffict_Accident.Extract_Data manual__2025-05-22T15:17:26.089500+00:00 [queued]>
[2025-05-22T15:40:16.004+0000] {taskinstance.py:1159} INFO - Dependencies all met for dep_context=requeueable deps ti=<TaskInstance: Scheduler_Traffict_Accident.Extract_Data manual__2025-05-22T15:17:26.089500+00:00 [queued]>
[2025-05-22T15:40:16.005+0000] {taskinstance.py:1361} INFO - Starting attempt 3 of 4
[2025-05-22T15:40:16.022+0000] {taskinstance.py:1382} INFO - Executing <Task(BashOperator): Extract_Data> on 2025-05-22 15:17:26.089500+00:00
[2025-05-22T15:40:16.030+0000] {standard_task_runner.py:57} INFO - Started process 4157 to run task
[2025-05-22T15:40:16.033+0000] {standard_task_runner.py:84} INFO - Running: ['***', 'tasks', 'run', 'Scheduler_Traffict_Accident', 'Extract_Data', 'manual__2025-05-22T15:17:26.089500+00:00', '--job-id', '18', '--raw', '--subdir', 'DAGS_FOLDER/Scheduler_Traffict_Accident.py', '--cfg-path', '/tmp/tmpscsew20j']
[2025-05-22T15:40:16.037+0000] {standard_task_runner.py:85} INFO - Job 18: Subtask Extract_Data
[2025-05-22T15:40:16.096+0000] {task_command.py:416} INFO - Running <TaskInstance: Scheduler_Traffict_Accident.Extract_Data manual__2025-05-22T15:17:26.089500+00:00 [running]> on host 68da71f009b0
[2025-05-22T15:40:16.186+0000] {taskinstance.py:1662} INFO - Exporting env vars: AIRFLOW_CTX_DAG_OWNER='Hisham' AIRFLOW_CTX_DAG_ID='Scheduler_Traffict_Accident' AIRFLOW_CTX_TASK_ID='Extract_Data' AIRFLOW_CTX_EXECUTION_DATE='2025-05-22T15:17:26.089500+00:00' AIRFLOW_CTX_TRY_NUMBER='3' AIRFLOW_CTX_DAG_RUN_ID='manual__2025-05-22T15:17:26.089500+00:00'
[2025-05-22T15:40:16.188+0000] {subprocess.py:63} INFO - Tmp dir root location: /tmp
[2025-05-22T15:40:16.189+0000] {subprocess.py:75} INFO - Running command: ['/bin/bash', '-c', 'sudo -u *** python /opt/***/scripts/Extract_Data.py']
[2025-05-22T15:40:16.202+0000] {subprocess.py:86} INFO - Output:
[2025-05-22T15:40:18.551+0000] {subprocess.py:93} INFO - WARNING: An illegal reflective access operation has occurred
[2025-05-22T15:40:18.553+0000] {subprocess.py:93} INFO - WARNING: Illegal reflective access by org.apache.spark.unsafe.Platform (file:/home/***/.local/lib/python3.11/site-packages/pyspark/jars/spark-unsafe_2.12-3.1.2.jar) to constructor java.nio.DirectByteBuffer(long,int)
[2025-05-22T15:40:18.554+0000] {subprocess.py:93} INFO - WARNING: Please consider reporting this to the maintainers of org.apache.spark.unsafe.Platform
[2025-05-22T15:40:18.555+0000] {subprocess.py:93} INFO - WARNING: Use --illegal-access=warn to enable warnings of further illegal reflective access operations
[2025-05-22T15:40:18.556+0000] {subprocess.py:93} INFO - WARNING: All illegal access operations will be denied in a future release
[2025-05-22T15:40:18.741+0000] {subprocess.py:93} INFO - :: loading settings :: url = jar:file:/home/***/.local/lib/python3.11/site-packages/pyspark/jars/ivy-2.4.0.jar!/org/apache/ivy/core/settings/ivysettings.xml
[2025-05-22T15:40:18.840+0000] {subprocess.py:93} INFO - Ivy Default Cache set to: /home/***/.ivy2/cache
[2025-05-22T15:40:18.841+0000] {subprocess.py:93} INFO - The jars for the packages stored in: /home/***/.ivy2/jars
[2025-05-22T15:40:18.845+0000] {subprocess.py:93} INFO - org.postgresql#postgresql added as a dependency
[2025-05-22T15:40:18.846+0000] {subprocess.py:93} INFO - :: resolving dependencies :: org.apache.spark#spark-submit-parent-2ac85905-2efa-4128-9919-8450c832a012;1.0
[2025-05-22T15:40:18.847+0000] {subprocess.py:93} INFO - 	confs: [default]
[2025-05-22T15:40:18.959+0000] {subprocess.py:93} INFO - 	found org.postgresql#postgresql;42.6.0 in central
[2025-05-22T15:40:18.983+0000] {subprocess.py:93} INFO - 	found org.checkerframework#checker-qual;3.31.0 in central
[2025-05-22T15:40:18.998+0000] {subprocess.py:93} INFO - :: resolution report :: resolve 149ms :: artifacts dl 3ms
[2025-05-22T15:40:18.999+0000] {subprocess.py:93} INFO - 	:: modules in use:
[2025-05-22T15:40:19.000+0000] {subprocess.py:93} INFO - 	org.checkerframework#checker-qual;3.31.0 from central in [default]
[2025-05-22T15:40:19.000+0000] {subprocess.py:93} INFO - 	org.postgresql#postgresql;42.6.0 from central in [default]
[2025-05-22T15:40:19.001+0000] {subprocess.py:93} INFO - 	---------------------------------------------------------------------
[2025-05-22T15:40:19.002+0000] {subprocess.py:93} INFO - 	|                  |            modules            ||   artifacts   |
[2025-05-22T15:40:19.003+0000] {subprocess.py:93} INFO - 	|       conf       | number| search|dwnlded|evicted|| number|dwnlded|
[2025-05-22T15:40:19.004+0000] {subprocess.py:93} INFO - 	---------------------------------------------------------------------
[2025-05-22T15:40:19.005+0000] {subprocess.py:93} INFO - 	|      default     |   2   |   0   |   0   |   0   ||   2   |   0   |
[2025-05-22T15:40:19.006+0000] {subprocess.py:93} INFO - 	---------------------------------------------------------------------
[2025-05-22T15:40:19.007+0000] {subprocess.py:93} INFO - :: retrieving :: org.apache.spark#spark-submit-parent-2ac85905-2efa-4128-9919-8450c832a012
[2025-05-22T15:40:19.008+0000] {subprocess.py:93} INFO - 	confs: [default]
[2025-05-22T15:40:19.009+0000] {subprocess.py:93} INFO - 	0 artifacts copied, 2 already retrieved (0kB/5ms)
[2025-05-22T15:40:19.202+0000] {subprocess.py:93} INFO - 25/05/22 15:40:19 WARN NativeCodeLoader: Unable to load native-hadoop library for your platform... using builtin-java classes where applicable
[2025-05-22T15:40:19.470+0000] {subprocess.py:93} INFO - Using Spark's default log4j profile: org/apache/spark/log4j-defaults.properties
[2025-05-22T15:40:19.471+0000] {subprocess.py:93} INFO - Setting default log level to "WARN".
[2025-05-22T15:40:19.471+0000] {subprocess.py:93} INFO - To adjust logging level use sc.setLogLevel(newLevel). For SparkR, use setLogLevel(newLevel).
[2025-05-22T15:40:24.088+0000] {subprocess.py:93} INFO - Path to dataset files: /home/***/.cache/kagglehub/datasets/oktayrdeki/traffic-accidents/versions/1
[2025-05-22T15:40:24.090+0000] {subprocess.py:93} INFO - Path to dataset files: /opt/***/data
[2025-05-22T15:40:24.719+0000] {subprocess.py:97} INFO - Command exited with return code 0
[2025-05-22T15:40:24.771+0000] {taskinstance.py:1400} INFO - Marking task as SUCCESS. dag_id=Scheduler_Traffict_Accident, task_id=Extract_Data, execution_date=20250522T151726, start_date=20250522T154015, end_date=20250522T154024
[2025-05-22T15:40:24.887+0000] {local_task_job_runner.py:228} INFO - Task exited with return code 0
[2025-05-22T15:40:24.940+0000] {taskinstance.py:2778} INFO - 1 downstream tasks scheduled from follow-on schedule check
