[2025-05-22T15:33:11.099+0000] {taskinstance.py:1159} INFO - Dependencies all met for dep_context=non-requeueable deps ti=<TaskInstance: Scheduler_Traffict_Accident.Extract_Data manual__2025-05-22T15:17:26.089500+00:00 [queued]>
[2025-05-22T15:33:11.115+0000] {taskinstance.py:1159} INFO - Dependencies all met for dep_context=requeueable deps ti=<TaskInstance: Scheduler_Traffict_Accident.Extract_Data manual__2025-05-22T15:17:26.089500+00:00 [queued]>
[2025-05-22T15:33:11.116+0000] {taskinstance.py:1361} INFO - Starting attempt 2 of 3
[2025-05-22T15:33:11.141+0000] {taskinstance.py:1382} INFO - Executing <Task(BashOperator): Extract_Data> on 2025-05-22 15:17:26.089500+00:00
[2025-05-22T15:33:11.150+0000] {standard_task_runner.py:57} INFO - Started process 3075 to run task
[2025-05-22T15:33:11.155+0000] {standard_task_runner.py:84} INFO - Running: ['***', 'tasks', 'run', 'Scheduler_Traffict_Accident', 'Extract_Data', 'manual__2025-05-22T15:17:26.089500+00:00', '--job-id', '14', '--raw', '--subdir', 'DAGS_FOLDER/Scheduler_Traffict_Accident.py', '--cfg-path', '/tmp/tmp5fbm2qis']
[2025-05-22T15:33:11.163+0000] {standard_task_runner.py:85} INFO - Job 14: Subtask Extract_Data
[2025-05-22T15:33:11.246+0000] {task_command.py:416} INFO - Running <TaskInstance: Scheduler_Traffict_Accident.Extract_Data manual__2025-05-22T15:17:26.089500+00:00 [running]> on host 68da71f009b0
[2025-05-22T15:33:11.359+0000] {taskinstance.py:1662} INFO - Exporting env vars: AIRFLOW_CTX_DAG_OWNER='Hisham' AIRFLOW_CTX_DAG_ID='Scheduler_Traffict_Accident' AIRFLOW_CTX_TASK_ID='Extract_Data' AIRFLOW_CTX_EXECUTION_DATE='2025-05-22T15:17:26.089500+00:00' AIRFLOW_CTX_TRY_NUMBER='2' AIRFLOW_CTX_DAG_RUN_ID='manual__2025-05-22T15:17:26.089500+00:00'
[2025-05-22T15:33:11.364+0000] {subprocess.py:63} INFO - Tmp dir root location: /tmp
[2025-05-22T15:33:11.368+0000] {subprocess.py:75} INFO - Running command: ['/bin/bash', '-c', 'sudo -u *** python /opt/***/scripts/Extract_Data.py']
[2025-05-22T15:33:11.388+0000] {subprocess.py:86} INFO - Output:
[2025-05-22T15:33:13.586+0000] {subprocess.py:93} INFO - WARNING: An illegal reflective access operation has occurred
[2025-05-22T15:33:13.587+0000] {subprocess.py:93} INFO - WARNING: Illegal reflective access by org.apache.spark.unsafe.Platform (file:/home/***/.local/lib/python3.11/site-packages/pyspark/jars/spark-unsafe_2.12-3.1.2.jar) to constructor java.nio.DirectByteBuffer(long,int)
[2025-05-22T15:33:13.588+0000] {subprocess.py:93} INFO - WARNING: Please consider reporting this to the maintainers of org.apache.spark.unsafe.Platform
[2025-05-22T15:33:13.590+0000] {subprocess.py:93} INFO - WARNING: Use --illegal-access=warn to enable warnings of further illegal reflective access operations
[2025-05-22T15:33:13.591+0000] {subprocess.py:93} INFO - WARNING: All illegal access operations will be denied in a future release
[2025-05-22T15:33:13.771+0000] {subprocess.py:93} INFO - :: loading settings :: url = jar:file:/home/***/.local/lib/python3.11/site-packages/pyspark/jars/ivy-2.4.0.jar!/org/apache/ivy/core/settings/ivysettings.xml
[2025-05-22T15:33:13.857+0000] {subprocess.py:93} INFO - Ivy Default Cache set to: /home/***/.ivy2/cache
[2025-05-22T15:33:13.858+0000] {subprocess.py:93} INFO - The jars for the packages stored in: /home/***/.ivy2/jars
[2025-05-22T15:33:13.861+0000] {subprocess.py:93} INFO - org.postgresql#postgresql added as a dependency
[2025-05-22T15:33:13.862+0000] {subprocess.py:93} INFO - :: resolving dependencies :: org.apache.spark#spark-submit-parent-50f3a0de-91df-458d-92a5-134c9ae13c8b;1.0
[2025-05-22T15:33:13.863+0000] {subprocess.py:93} INFO - 	confs: [default]
[2025-05-22T15:33:13.980+0000] {subprocess.py:93} INFO - 	found org.postgresql#postgresql;42.6.0 in central
[2025-05-22T15:33:14.007+0000] {subprocess.py:93} INFO - 	found org.checkerframework#checker-qual;3.31.0 in central
[2025-05-22T15:33:14.022+0000] {subprocess.py:93} INFO - :: resolution report :: resolve 155ms :: artifacts dl 5ms
[2025-05-22T15:33:14.023+0000] {subprocess.py:93} INFO - 	:: modules in use:
[2025-05-22T15:33:14.024+0000] {subprocess.py:93} INFO - 	org.checkerframework#checker-qual;3.31.0 from central in [default]
[2025-05-22T15:33:14.025+0000] {subprocess.py:93} INFO - 	org.postgresql#postgresql;42.6.0 from central in [default]
[2025-05-22T15:33:14.026+0000] {subprocess.py:93} INFO - 	---------------------------------------------------------------------
[2025-05-22T15:33:14.027+0000] {subprocess.py:93} INFO - 	|                  |            modules            ||   artifacts   |
[2025-05-22T15:33:14.027+0000] {subprocess.py:93} INFO - 	|       conf       | number| search|dwnlded|evicted|| number|dwnlded|
[2025-05-22T15:33:14.027+0000] {subprocess.py:93} INFO - 	---------------------------------------------------------------------
[2025-05-22T15:33:14.028+0000] {subprocess.py:93} INFO - 	|      default     |   2   |   0   |   0   |   0   ||   2   |   0   |
[2025-05-22T15:33:14.028+0000] {subprocess.py:93} INFO - 	---------------------------------------------------------------------
[2025-05-22T15:33:14.029+0000] {subprocess.py:93} INFO - :: retrieving :: org.apache.spark#spark-submit-parent-50f3a0de-91df-458d-92a5-134c9ae13c8b
[2025-05-22T15:33:14.029+0000] {subprocess.py:93} INFO - 	confs: [default]
[2025-05-22T15:33:14.032+0000] {subprocess.py:93} INFO - 	0 artifacts copied, 2 already retrieved (0kB/5ms)
[2025-05-22T15:33:14.226+0000] {subprocess.py:93} INFO - 25/05/22 15:33:14 WARN NativeCodeLoader: Unable to load native-hadoop library for your platform... using builtin-java classes where applicable
[2025-05-22T15:33:14.476+0000] {subprocess.py:93} INFO - Using Spark's default log4j profile: org/apache/spark/log4j-defaults.properties
[2025-05-22T15:33:14.477+0000] {subprocess.py:93} INFO - Setting default log level to "WARN".
[2025-05-22T15:33:14.478+0000] {subprocess.py:93} INFO - To adjust logging level use sc.setLogLevel(newLevel). For SparkR, use setLogLevel(newLevel).
[2025-05-22T15:33:18.945+0000] {subprocess.py:93} INFO - Path to dataset files: /home/***/.cache/kagglehub/datasets/oktayrdeki/traffic-accidents/versions/1
[2025-05-22T15:33:18.946+0000] {subprocess.py:93} INFO - Path to dataset files: /opt/***/data
[2025-05-22T15:33:19.513+0000] {subprocess.py:97} INFO - Command exited with return code 0
[2025-05-22T15:33:19.539+0000] {taskinstance.py:1400} INFO - Marking task as SUCCESS. dag_id=Scheduler_Traffict_Accident, task_id=Extract_Data, execution_date=20250522T151726, start_date=20250522T153311, end_date=20250522T153319
[2025-05-22T15:33:19.575+0000] {local_task_job_runner.py:228} INFO - Task exited with return code 0
[2025-05-22T15:33:19.607+0000] {taskinstance.py:2778} INFO - 1 downstream tasks scheduled from follow-on schedule check
