[2025-05-22T15:17:27.086+0000] {taskinstance.py:1159} INFO - Dependencies all met for dep_context=non-requeueable deps ti=<TaskInstance: Scheduler_Traffict_Accident.Extract_Data manual__2025-05-22T15:17:26.089500+00:00 [queued]>
[2025-05-22T15:17:27.103+0000] {taskinstance.py:1159} INFO - Dependencies all met for dep_context=requeueable deps ti=<TaskInstance: Scheduler_Traffict_Accident.Extract_Data manual__2025-05-22T15:17:26.089500+00:00 [queued]>
[2025-05-22T15:17:27.104+0000] {taskinstance.py:1361} INFO - Starting attempt 1 of 2
[2025-05-22T15:17:27.121+0000] {taskinstance.py:1382} INFO - Executing <Task(BashOperator): Extract_Data> on 2025-05-22 15:17:26.089500+00:00
[2025-05-22T15:17:27.128+0000] {standard_task_runner.py:57} INFO - Started process 235 to run task
[2025-05-22T15:17:27.140+0000] {standard_task_runner.py:84} INFO - Running: ['***', 'tasks', 'run', 'Scheduler_Traffict_Accident', 'Extract_Data', 'manual__2025-05-22T15:17:26.089500+00:00', '--job-id', '3', '--raw', '--subdir', 'DAGS_FOLDER/Scheduler_Traffict_Accident.py', '--cfg-path', '/tmp/tmppzs06l2e']
[2025-05-22T15:17:27.159+0000] {standard_task_runner.py:85} INFO - Job 3: Subtask Extract_Data
[2025-05-22T15:17:27.280+0000] {task_command.py:416} INFO - Running <TaskInstance: Scheduler_Traffict_Accident.Extract_Data manual__2025-05-22T15:17:26.089500+00:00 [running]> on host 68da71f009b0
[2025-05-22T15:17:27.394+0000] {taskinstance.py:1662} INFO - Exporting env vars: AIRFLOW_CTX_DAG_OWNER='Hisham' AIRFLOW_CTX_DAG_ID='Scheduler_Traffict_Accident' AIRFLOW_CTX_TASK_ID='Extract_Data' AIRFLOW_CTX_EXECUTION_DATE='2025-05-22T15:17:26.089500+00:00' AIRFLOW_CTX_TRY_NUMBER='1' AIRFLOW_CTX_DAG_RUN_ID='manual__2025-05-22T15:17:26.089500+00:00'
[2025-05-22T15:17:27.398+0000] {subprocess.py:63} INFO - Tmp dir root location: /tmp
[2025-05-22T15:17:27.402+0000] {subprocess.py:75} INFO - Running command: ['/bin/bash', '-c', 'sudo -u *** python /opt/***/scripts/Extract_Data.py']
[2025-05-22T15:17:27.414+0000] {subprocess.py:86} INFO - Output:
[2025-05-22T15:17:30.630+0000] {subprocess.py:93} INFO - WARNING: An illegal reflective access operation has occurred
[2025-05-22T15:17:30.632+0000] {subprocess.py:93} INFO - WARNING: Illegal reflective access by org.apache.spark.unsafe.Platform (file:/home/***/.local/lib/python3.11/site-packages/pyspark/jars/spark-unsafe_2.12-3.1.2.jar) to constructor java.nio.DirectByteBuffer(long,int)
[2025-05-22T15:17:30.632+0000] {subprocess.py:93} INFO - WARNING: Please consider reporting this to the maintainers of org.apache.spark.unsafe.Platform
[2025-05-22T15:17:30.633+0000] {subprocess.py:93} INFO - WARNING: Use --illegal-access=warn to enable warnings of further illegal reflective access operations
[2025-05-22T15:17:30.633+0000] {subprocess.py:93} INFO - WARNING: All illegal access operations will be denied in a future release
[2025-05-22T15:17:30.846+0000] {subprocess.py:93} INFO - :: loading settings :: url = jar:file:/home/***/.local/lib/python3.11/site-packages/pyspark/jars/ivy-2.4.0.jar!/org/apache/ivy/core/settings/ivysettings.xml
[2025-05-22T15:17:30.981+0000] {subprocess.py:93} INFO - Ivy Default Cache set to: /home/***/.ivy2/cache
[2025-05-22T15:17:30.982+0000] {subprocess.py:93} INFO - The jars for the packages stored in: /home/***/.ivy2/jars
[2025-05-22T15:17:30.989+0000] {subprocess.py:93} INFO - org.postgresql#postgresql added as a dependency
[2025-05-22T15:17:30.991+0000] {subprocess.py:93} INFO - :: resolving dependencies :: org.apache.spark#spark-submit-parent-603fad16-b832-4009-96df-0ce5d7dd9ef1;1.0
[2025-05-22T15:17:30.991+0000] {subprocess.py:93} INFO - 	confs: [default]
[2025-05-22T15:17:33.412+0000] {subprocess.py:93} INFO - 	found org.postgresql#postgresql;42.6.0 in central
[2025-05-22T15:17:34.557+0000] {subprocess.py:93} INFO - 	found org.checkerframework#checker-qual;3.31.0 in central
[2025-05-22T15:17:34.566+0000] {subprocess.py:93} INFO - downloading https://repo1.maven.org/maven2/org/postgresql/postgresql/42.6.0/postgresql-42.6.0.jar ...
[2025-05-22T15:17:35.868+0000] {subprocess.py:93} INFO - 	[SUCCESSFUL ] org.postgresql#postgresql;42.6.0!postgresql.jar (1302ms)
[2025-05-22T15:17:35.869+0000] {subprocess.py:93} INFO - downloading https://repo1.maven.org/maven2/org/checkerframework/checker-qual/3.31.0/checker-qual-3.31.0.jar ...
[2025-05-22T15:17:36.101+0000] {subprocess.py:93} INFO - 	[SUCCESSFUL ] org.checkerframework#checker-qual;3.31.0!checker-qual.jar (232ms)
[2025-05-22T15:17:36.103+0000] {subprocess.py:93} INFO - :: resolution report :: resolve 3574ms :: artifacts dl 1538ms
[2025-05-22T15:17:36.104+0000] {subprocess.py:93} INFO - 	:: modules in use:
[2025-05-22T15:17:36.106+0000] {subprocess.py:93} INFO - 	org.checkerframework#checker-qual;3.31.0 from central in [default]
[2025-05-22T15:17:36.107+0000] {subprocess.py:93} INFO - 	org.postgresql#postgresql;42.6.0 from central in [default]
[2025-05-22T15:17:36.108+0000] {subprocess.py:93} INFO - 	---------------------------------------------------------------------
[2025-05-22T15:17:36.109+0000] {subprocess.py:93} INFO - 	|                  |            modules            ||   artifacts   |
[2025-05-22T15:17:36.109+0000] {subprocess.py:93} INFO - 	|       conf       | number| search|dwnlded|evicted|| number|dwnlded|
[2025-05-22T15:17:36.110+0000] {subprocess.py:93} INFO - 	---------------------------------------------------------------------
[2025-05-22T15:17:36.112+0000] {subprocess.py:93} INFO - 	|      default     |   2   |   2   |   2   |   0   ||   2   |   2   |
[2025-05-22T15:17:36.113+0000] {subprocess.py:93} INFO - 	---------------------------------------------------------------------
[2025-05-22T15:17:36.114+0000] {subprocess.py:93} INFO - :: retrieving :: org.apache.spark#spark-submit-parent-603fad16-b832-4009-96df-0ce5d7dd9ef1
[2025-05-22T15:17:36.115+0000] {subprocess.py:93} INFO - 	confs: [default]
[2025-05-22T15:17:36.121+0000] {subprocess.py:93} INFO - 	2 artifacts copied, 0 already retrieved (1274kB/10ms)
[2025-05-22T15:17:36.318+0000] {subprocess.py:93} INFO - 25/05/22 15:17:36 WARN NativeCodeLoader: Unable to load native-hadoop library for your platform... using builtin-java classes where applicable
[2025-05-22T15:17:36.574+0000] {subprocess.py:93} INFO - Using Spark's default log4j profile: org/apache/spark/log4j-defaults.properties
[2025-05-22T15:17:36.575+0000] {subprocess.py:93} INFO - Setting default log level to "WARN".
[2025-05-22T15:17:36.576+0000] {subprocess.py:93} INFO - To adjust logging level use sc.setLogLevel(newLevel). For SparkR, use setLogLevel(newLevel).
[2025-05-22T15:17:41.263+0000] {subprocess.py:93} INFO - Downloading from https://www.kaggle.com/api/v1/datasets/download/oktayrdeki/traffic-accidents?dataset_version_number=1...
[2025-05-22T15:17:42.842+0000] {subprocess.py:93} INFO -   0%|          | 0.00/4.64M [00:00<?, ?B/s] 22%|██▏       | 1.00M/4.64M [00:01<00:04, 913kB/s] 43%|████▎     | 2.00M/4.64M [00:01<00:01, 1.81MB/s] 65%|██████▍   | 3.00M/4.64M [00:01<00:00, 2.88MB/s]100%|██████████| 4.64M/4.64M [00:01<00:00, 4.86MB/s]100%|██████████| 4.64M/4.64M [00:01<00:00, 3.11MB/s]
[2025-05-22T15:17:42.847+0000] {subprocess.py:93} INFO - Extracting files...
[2025-05-22T15:17:44.212+0000] {subprocess.py:93} INFO - Path to dataset files: /home/***/.cache/kagglehub/datasets/oktayrdeki/traffic-accidents/versions/1
[2025-05-22T15:17:44.213+0000] {subprocess.py:93} INFO - Path to dataset files: /opt/***/data
[2025-05-22T15:17:44.796+0000] {subprocess.py:97} INFO - Command exited with return code 0
[2025-05-22T15:17:44.829+0000] {taskinstance.py:1400} INFO - Marking task as SUCCESS. dag_id=Scheduler_Traffict_Accident, task_id=Extract_Data, execution_date=20250522T151726, start_date=20250522T151727, end_date=20250522T151744
[2025-05-22T15:17:44.888+0000] {local_task_job_runner.py:228} INFO - Task exited with return code 0
[2025-05-22T15:17:44.923+0000] {taskinstance.py:2778} INFO - 1 downstream tasks scheduled from follow-on schedule check
