[2025-05-22T18:02:48.489+0000] {taskinstance.py:1159} INFO - Dependencies all met for dep_context=non-requeueable deps ti=<TaskInstance: Scheduler_Traffict_Accident.Load_Datamart_Data scheduled__2025-05-22T17:45:00+00:00 [queued]>
[2025-05-22T18:02:48.495+0000] {taskinstance.py:1159} INFO - Dependencies all met for dep_context=requeueable deps ti=<TaskInstance: Scheduler_Traffict_Accident.Load_Datamart_Data scheduled__2025-05-22T17:45:00+00:00 [queued]>
[2025-05-22T18:02:48.496+0000] {taskinstance.py:1361} INFO - Starting attempt 1 of 2
[2025-05-22T18:02:48.509+0000] {taskinstance.py:1382} INFO - Executing <Task(BashOperator): Load_Datamart_Data> on 2025-05-22 17:45:00+00:00
[2025-05-22T18:02:48.514+0000] {standard_task_runner.py:57} INFO - Started process 4514 to run task
[2025-05-22T18:02:48.517+0000] {standard_task_runner.py:84} INFO - Running: ['***', 'tasks', 'run', 'Scheduler_Traffict_Accident', 'Load_Datamart_Data', 'scheduled__2025-05-22T17:45:00+00:00', '--job-id', '18', '--raw', '--subdir', 'DAGS_FOLDER/Scheduler_Traffict_Accident.py', '--cfg-path', '/tmp/tmp3njicdx1']
[2025-05-22T18:02:48.520+0000] {standard_task_runner.py:85} INFO - Job 18: Subtask Load_Datamart_Data
[2025-05-22T18:02:48.563+0000] {task_command.py:416} INFO - Running <TaskInstance: Scheduler_Traffict_Accident.Load_Datamart_Data scheduled__2025-05-22T17:45:00+00:00 [running]> on host 2d3af573cb97
[2025-05-22T18:02:48.632+0000] {taskinstance.py:1662} INFO - Exporting env vars: AIRFLOW_CTX_DAG_OWNER='Hisham' AIRFLOW_CTX_DAG_ID='Scheduler_Traffict_Accident' AIRFLOW_CTX_TASK_ID='Load_Datamart_Data' AIRFLOW_CTX_EXECUTION_DATE='2025-05-22T17:45:00+00:00' AIRFLOW_CTX_TRY_NUMBER='1' AIRFLOW_CTX_DAG_RUN_ID='scheduled__2025-05-22T17:45:00+00:00'
[2025-05-22T18:02:48.634+0000] {subprocess.py:63} INFO - Tmp dir root location: /tmp
[2025-05-22T18:02:48.635+0000] {subprocess.py:75} INFO - Running command: ['/bin/bash', '-c', 'sudo -u *** python /opt/***/scripts/Load_Datamart_Data.py']
[2025-05-22T18:02:48.644+0000] {subprocess.py:86} INFO - Output:
[2025-05-22T18:02:50.039+0000] {subprocess.py:93} INFO - WARNING: An illegal reflective access operation has occurred
[2025-05-22T18:02:50.041+0000] {subprocess.py:93} INFO - WARNING: Illegal reflective access by org.apache.spark.unsafe.Platform (file:/home/***/.local/lib/python3.11/site-packages/pyspark/jars/spark-unsafe_2.12-3.1.2.jar) to constructor java.nio.DirectByteBuffer(long,int)
[2025-05-22T18:02:50.041+0000] {subprocess.py:93} INFO - WARNING: Please consider reporting this to the maintainers of org.apache.spark.unsafe.Platform
[2025-05-22T18:02:50.042+0000] {subprocess.py:93} INFO - WARNING: Use --illegal-access=warn to enable warnings of further illegal reflective access operations
[2025-05-22T18:02:50.043+0000] {subprocess.py:93} INFO - WARNING: All illegal access operations will be denied in a future release
[2025-05-22T18:02:50.170+0000] {subprocess.py:93} INFO - :: loading settings :: url = jar:file:/home/***/.local/lib/python3.11/site-packages/pyspark/jars/ivy-2.4.0.jar!/org/apache/ivy/core/settings/ivysettings.xml
[2025-05-22T18:02:50.231+0000] {subprocess.py:93} INFO - Ivy Default Cache set to: /home/***/.ivy2/cache
[2025-05-22T18:02:50.232+0000] {subprocess.py:93} INFO - The jars for the packages stored in: /home/***/.ivy2/jars
[2025-05-22T18:02:50.235+0000] {subprocess.py:93} INFO - org.postgresql#postgresql added as a dependency
[2025-05-22T18:02:50.236+0000] {subprocess.py:93} INFO - :: resolving dependencies :: org.apache.spark#spark-submit-parent-590e1af5-de9f-46b5-b2f0-675fb96955e4;1.0
[2025-05-22T18:02:50.237+0000] {subprocess.py:93} INFO - 	confs: [default]
[2025-05-22T18:02:50.319+0000] {subprocess.py:93} INFO - 	found org.postgresql#postgresql;42.6.0 in central
[2025-05-22T18:02:50.339+0000] {subprocess.py:93} INFO - 	found org.checkerframework#checker-qual;3.31.0 in central
[2025-05-22T18:02:50.353+0000] {subprocess.py:93} INFO - :: resolution report :: resolve 113ms :: artifacts dl 4ms
[2025-05-22T18:02:50.356+0000] {subprocess.py:93} INFO - 	:: modules in use:
[2025-05-22T18:02:50.357+0000] {subprocess.py:93} INFO - 	org.checkerframework#checker-qual;3.31.0 from central in [default]
[2025-05-22T18:02:50.358+0000] {subprocess.py:93} INFO - 	org.postgresql#postgresql;42.6.0 from central in [default]
[2025-05-22T18:02:50.359+0000] {subprocess.py:93} INFO - 	---------------------------------------------------------------------
[2025-05-22T18:02:50.360+0000] {subprocess.py:93} INFO - 	|                  |            modules            ||   artifacts   |
[2025-05-22T18:02:50.360+0000] {subprocess.py:93} INFO - 	|       conf       | number| search|dwnlded|evicted|| number|dwnlded|
[2025-05-22T18:02:50.361+0000] {subprocess.py:93} INFO - 	---------------------------------------------------------------------
[2025-05-22T18:02:50.362+0000] {subprocess.py:93} INFO - 	|      default     |   2   |   0   |   0   |   0   ||   2   |   0   |
[2025-05-22T18:02:50.362+0000] {subprocess.py:93} INFO - 	---------------------------------------------------------------------
[2025-05-22T18:02:50.363+0000] {subprocess.py:93} INFO - :: retrieving :: org.apache.spark#spark-submit-parent-590e1af5-de9f-46b5-b2f0-675fb96955e4
[2025-05-22T18:02:50.364+0000] {subprocess.py:93} INFO - 	confs: [default]
[2025-05-22T18:02:50.365+0000] {subprocess.py:93} INFO - 	0 artifacts copied, 2 already retrieved (0kB/4ms)
[2025-05-22T18:02:50.513+0000] {subprocess.py:93} INFO - 25/05/22 18:02:50 WARN NativeCodeLoader: Unable to load native-hadoop library for your platform... using builtin-java classes where applicable
[2025-05-22T18:02:50.722+0000] {subprocess.py:93} INFO - Using Spark's default log4j profile: org/apache/spark/log4j-defaults.properties
[2025-05-22T18:02:50.723+0000] {subprocess.py:93} INFO - Setting default log level to "WARN".
[2025-05-22T18:02:50.724+0000] {subprocess.py:93} INFO - To adjust logging level use sc.setLogLevel(newLevel). For SparkR, use setLogLevel(newLevel).
[2025-05-22T18:02:58.474+0000] {subprocess.py:93} INFO - [Stage 4:>                                                          (0 + 1) / 1]                                                                                Saved: /opt/***/data/crash_time.csv
[2025-05-22T18:02:58.475+0000] {subprocess.py:93} INFO - Saved: /opt/***/data/crash_factors.csv
[2025-05-22T18:02:58.938+0000] {subprocess.py:97} INFO - Command exited with return code 0
[2025-05-22T18:02:58.962+0000] {taskinstance.py:1400} INFO - Marking task as SUCCESS. dag_id=Scheduler_Traffict_Accident, task_id=Load_Datamart_Data, execution_date=20250522T174500, start_date=20250522T180248, end_date=20250522T180258
[2025-05-22T18:02:59.005+0000] {local_task_job_runner.py:228} INFO - Task exited with return code 0
[2025-05-22T18:02:59.019+0000] {taskinstance.py:2778} INFO - 0 downstream tasks scheduled from follow-on schedule check
