[2025-05-21T15:51:24.973+0000] {taskinstance.py:1171} INFO - Dependencies all met for <TaskInstance: Datamart_Traffict_Accident.Extract_Data manual__2025-05-21T15:51:23.766092+00:00 [queued]>
[2025-05-21T15:51:24.983+0000] {taskinstance.py:1171} INFO - Dependencies all met for <TaskInstance: Datamart_Traffict_Accident.Extract_Data manual__2025-05-21T15:51:23.766092+00:00 [queued]>
[2025-05-21T15:51:24.984+0000] {taskinstance.py:1368} INFO - 
--------------------------------------------------------------------------------
[2025-05-21T15:51:24.987+0000] {taskinstance.py:1369} INFO - Starting attempt 1 of 2
[2025-05-21T15:51:24.988+0000] {taskinstance.py:1370} INFO - 
--------------------------------------------------------------------------------
[2025-05-21T15:51:25.003+0000] {taskinstance.py:1389} INFO - Executing <Task(BashOperator): Extract_Data> on 2025-05-21 15:51:23.766092+00:00
[2025-05-21T15:51:25.008+0000] {standard_task_runner.py:52} INFO - Started process 245 to run task
[2025-05-21T15:51:25.011+0000] {standard_task_runner.py:79} INFO - Running: ['***', 'tasks', 'run', 'Datamart_Traffict_Accident', 'Extract_Data', 'manual__2025-05-21T15:51:23.766092+00:00', '--job-id', '3', '--raw', '--subdir', 'DAGS_FOLDER/Datamart_Traffict_Accident.py', '--cfg-path', '/tmp/tmp1vgz0h9r', '--error-file', '/tmp/tmpgb1lz6pd']
[2025-05-21T15:51:25.012+0000] {standard_task_runner.py:80} INFO - Job 3: Subtask Extract_Data
[2025-05-21T15:51:25.079+0000] {task_command.py:371} INFO - Running <TaskInstance: Datamart_Traffict_Accident.Extract_Data manual__2025-05-21T15:51:23.766092+00:00 [running]> on host 2262c451ca30
[2025-05-21T15:51:25.150+0000] {taskinstance.py:1583} INFO - Exporting the following env vars:
AIRFLOW_CTX_DAG_OWNER=Hisham
AIRFLOW_CTX_DAG_ID=Datamart_Traffict_Accident
AIRFLOW_CTX_TASK_ID=Extract_Data
AIRFLOW_CTX_EXECUTION_DATE=2025-05-21T15:51:23.766092+00:00
AIRFLOW_CTX_TRY_NUMBER=1
AIRFLOW_CTX_DAG_RUN_ID=manual__2025-05-21T15:51:23.766092+00:00
[2025-05-21T15:51:25.151+0000] {subprocess.py:62} INFO - Tmp dir root location: 
 /tmp
[2025-05-21T15:51:25.152+0000] {subprocess.py:74} INFO - Running command: ['/bin/bash', '-c', 'sudo -u *** python /opt/***/scripts/Extract_Datamart_Data.py']
[2025-05-21T15:51:25.160+0000] {subprocess.py:85} INFO - Output:
[2025-05-21T15:51:27.475+0000] {subprocess.py:92} INFO - WARNING: An illegal reflective access operation has occurred
[2025-05-21T15:51:27.475+0000] {subprocess.py:92} INFO - WARNING: Illegal reflective access by org.apache.spark.unsafe.Platform (file:/home/***/.local/lib/python3.7/site-packages/pyspark/jars/spark-unsafe_2.12-3.1.2.jar) to constructor java.nio.DirectByteBuffer(long,int)
[2025-05-21T15:51:27.476+0000] {subprocess.py:92} INFO - WARNING: Please consider reporting this to the maintainers of org.apache.spark.unsafe.Platform
[2025-05-21T15:51:27.476+0000] {subprocess.py:92} INFO - WARNING: Use --illegal-access=warn to enable warnings of further illegal reflective access operations
[2025-05-21T15:51:27.477+0000] {subprocess.py:92} INFO - WARNING: All illegal access operations will be denied in a future release
[2025-05-21T15:51:27.678+0000] {subprocess.py:92} INFO - :: loading settings :: url = jar:file:/home/***/.local/lib/python3.7/site-packages/pyspark/jars/ivy-2.4.0.jar!/org/apache/ivy/core/settings/ivysettings.xml
[2025-05-21T15:51:27.782+0000] {subprocess.py:92} INFO - Ivy Default Cache set to: /home/***/.ivy2/cache
[2025-05-21T15:51:27.783+0000] {subprocess.py:92} INFO - The jars for the packages stored in: /home/***/.ivy2/jars
[2025-05-21T15:51:27.788+0000] {subprocess.py:92} INFO - org.postgresql#postgresql added as a dependency
[2025-05-21T15:51:27.789+0000] {subprocess.py:92} INFO - :: resolving dependencies :: org.apache.spark#spark-submit-parent-cb14eb2a-4f4d-44f3-80c5-53f6562a2791;1.0
[2025-05-21T15:51:27.789+0000] {subprocess.py:92} INFO - 	confs: [default]
[2025-05-21T15:51:30.116+0000] {subprocess.py:92} INFO - 	found org.postgresql#postgresql;42.6.0 in central
[2025-05-21T15:51:31.260+0000] {subprocess.py:92} INFO - 	found org.checkerframework#checker-qual;3.31.0 in central
[2025-05-21T15:51:31.272+0000] {subprocess.py:92} INFO - downloading https://repo1.maven.org/maven2/org/postgresql/postgresql/42.6.0/postgresql-42.6.0.jar ...
[2025-05-21T15:51:32.559+0000] {subprocess.py:92} INFO - 	[SUCCESSFUL ] org.postgresql#postgresql;42.6.0!postgresql.jar (1288ms)
[2025-05-21T15:51:32.562+0000] {subprocess.py:92} INFO - downloading https://repo1.maven.org/maven2/org/checkerframework/checker-qual/3.31.0/checker-qual-3.31.0.jar ...
[2025-05-21T15:51:32.866+0000] {subprocess.py:92} INFO - 	[SUCCESSFUL ] org.checkerframework#checker-qual;3.31.0!checker-qual.jar (304ms)
[2025-05-21T15:51:32.867+0000] {subprocess.py:92} INFO - :: resolution report :: resolve 3482ms :: artifacts dl 1596ms
[2025-05-21T15:51:32.867+0000] {subprocess.py:92} INFO - 	:: modules in use:
[2025-05-21T15:51:32.868+0000] {subprocess.py:92} INFO - 	org.checkerframework#checker-qual;3.31.0 from central in [default]
[2025-05-21T15:51:32.869+0000] {subprocess.py:92} INFO - 	org.postgresql#postgresql;42.6.0 from central in [default]
[2025-05-21T15:51:32.870+0000] {subprocess.py:92} INFO - 	---------------------------------------------------------------------
[2025-05-21T15:51:32.871+0000] {subprocess.py:92} INFO - 	|                  |            modules            ||   artifacts   |
[2025-05-21T15:51:32.872+0000] {subprocess.py:92} INFO - 	|       conf       | number| search|dwnlded|evicted|| number|dwnlded|
[2025-05-21T15:51:32.872+0000] {subprocess.py:92} INFO - 	---------------------------------------------------------------------
[2025-05-21T15:51:32.873+0000] {subprocess.py:92} INFO - 	|      default     |   2   |   2   |   2   |   0   ||   2   |   2   |
[2025-05-21T15:51:32.874+0000] {subprocess.py:92} INFO - 	---------------------------------------------------------------------
[2025-05-21T15:51:32.875+0000] {subprocess.py:92} INFO - :: retrieving :: org.apache.spark#spark-submit-parent-cb14eb2a-4f4d-44f3-80c5-53f6562a2791
[2025-05-21T15:51:32.876+0000] {subprocess.py:92} INFO - 	confs: [default]
[2025-05-21T15:51:32.884+0000] {subprocess.py:92} INFO - 	2 artifacts copied, 0 already retrieved (1274kB/10ms)
[2025-05-21T15:51:33.120+0000] {subprocess.py:92} INFO - 25/05/21 15:51:33 WARN NativeCodeLoader: Unable to load native-hadoop library for your platform... using builtin-java classes where applicable
[2025-05-21T15:51:33.370+0000] {subprocess.py:92} INFO - Using Spark's default log4j profile: org/apache/spark/log4j-defaults.properties
[2025-05-21T15:51:33.372+0000] {subprocess.py:92} INFO - Setting default log level to "WARN".
[2025-05-21T15:51:33.379+0000] {subprocess.py:92} INFO - To adjust logging level use sc.setLogLevel(newLevel). For SparkR, use setLogLevel(newLevel).
[2025-05-21T15:51:51.439+0000] {subprocess.py:92} INFO - [Stage 0:>                                                          (0 + 1) / 1]                                                                                [Stage 1:>                                                          (0 + 1) / 1]                                                                                [Stage 2:>                                                          (0 + 1) / 1]                                                                                Saved: /opt/***/data/roadway.csv
[2025-05-21T15:51:51.440+0000] {subprocess.py:92} INFO - Saved: /opt/***/data/crash.csv
[2025-05-21T15:51:51.898+0000] {subprocess.py:96} INFO - Command exited with return code 0
[2025-05-21T15:51:51.932+0000] {taskinstance.py:1412} INFO - Marking task as SUCCESS. dag_id=Datamart_Traffict_Accident, task_id=Extract_Data, execution_date=20250521T155123, start_date=20250521T155124, end_date=20250521T155151
[2025-05-21T15:51:51.953+0000] {local_task_job.py:156} INFO - Task exited with return code 0
[2025-05-21T15:51:52.000+0000] {local_task_job.py:279} INFO - 1 downstream tasks scheduled from follow-on schedule check
